[2026-05-08 09:30:08] GAME CREATED
[2026-05-08 09:30:10] PLAYER JOINED: Gruppe 1 as red
[2026-05-08 09:30:14] PLAYER JOINED: The bandits as blue
[2026-05-08 09:31:13] PLAYER START: Gruppe 1 (red)
[2026-05-08 09:31:13] PLAYER START: The bandits (blue)
[2026-05-08 09:31:13] GAME START — turn order ['red', 'blue']
[2026-05-08 09:31:15] SCORE Gruppe 1 (red): Final=0.0, Time=0.0, Moves(0)=0.0, Pins(0)=0.0, Dist=0.0, Win Bonus=0.0
[2026-05-08 09:31:15] SCORE The bandits (blue): Final=0.0, Time=0.0, Moves(0)=0.0, Pins(0)=0.0, Dist=0.0, Win Bonus=0.0
[2026-05-08 09:31:15] TURN TIMEOUT: Player with colour red exceeded 2s at move 0. Turn skipped.
[2026-05-08 09:31:17] MOVE 1: The bandits (blue) 3->16 [0.01ms]
[2026-05-08 09:31:17] SCORE Gruppe 1 (red): Final=0.0, Time=0.0, Moves(0)=0.0, Pins(0)=0.0, Dist=0.0, Win Bonus=0.0
[2026-05-08 09:31:17] SCORE The bandits (blue): Final=282.9, Time=98.9, Moves(1)=0.0, Pins(0)=0.0, Dist=184.0, Win Bonus=0.0
[2026-05-08 09:31:18] PLAYER START: Gruppe 1 (red)
[2026-05-08 09:31:18] PLAYER START: The bandits (blue)
[2026-05-08 09:31:19] SCORE Gruppe 1 (red): Final=0.0, Time=0.0, Moves(0)=0.0, Pins(0)=0.0, Dist=0.0, Win Bonus=0.0
[2026-05-08 09:31:19] SCORE The bandits (blue): Final=282.9, Time=98.9, Moves(1)=0.0, Pins(0)=0.0, Dist=184.0, Win Bonus=0.0
[2026-05-08 09:31:19] TURN TIMEOUT: Player with colour red exceeded 2s at move 1. Turn skipped.
[2026-05-08 09:31:19] MOVE 2: The bandits (blue) 0->14 [0.00ms]
[2026-05-08 09:31:19] SCORE Gruppe 1 (red): Final=0.0, Time=0.0, Moves(0)=0.0, Pins(0)=0.0, Dist=0.0, Win Bonus=0.0
[2026-05-08 09:31:19] SCORE The bandits (blue): Final=290.5, Time=98.5, Moves(2)=0.0, Pins(0)=0.0, Dist=192.0, Win Bonus=0.0
[2026-05-08 09:31:21] MOVE 3: Gruppe 1 (red) 115->102 [0.01ms]
[2026-05-08 09:31:21] SCORE Gruppe 1 (red): Final=282.3, Time=98.3, Moves(1)=0.0, Pins(0)=0.0, Dist=184.0, Win Bonus=0.0
[2026-05-08 09:31:21] SCORE The bandits (blue): Final=290.5, Time=98.5, Moves(2)=0.0, Pins(0)=0.0, Dist=192.0, Win Bonus=0.0
[2026-05-08 09:31:22] MOVE 4: The bandits (blue) 4->15 [0.00ms]
[2026-05-08 09:31:22] SCORE Gruppe 1 (red): Final=282.3, Time=98.3, Moves(1)=0.0, Pins(0)=0.0, Dist=184.0, Win Bonus=0.0
[2026-05-08 09:31:22] SCORE The bandits (blue): Final=293.4, Time=97.4, Moves(3)=0.0, Pins(0)=0.0, Dist=196.0, Win Bonus=0.0
[2026-05-08 09:31:24] MOVE 5: Gruppe 1 (red) 120->104 [0.01ms]
[2026-05-08 09:31:24] SCORE Gruppe 1 (red): Final=288.7, Time=96.7, Moves(2)=0.0, Pins(0)=0.0, Dist=192.0, Win Bonus=0.0
[2026-05-08 09:31:24] SCORE The bandits (blue): Final=293.4, Time=97.4, Moves(3)=0.0, Pins(0)=0.0, Dist=196.0, Win Bonus=0.0
[2026-05-08 09:31:25] MOVE 6: The bandits (blue) 5->18 [0.01ms]
[2026-05-08 09:31:25] SCORE Gruppe 1 (red): Final=288.7, Time=96.7, Moves(2)=0.0, Pins(0)=0.0, Dist=192.0, Win Bonus=0.0
[2026-05-08 09:31:25] SCORE The bandits (blue): Final=296.0, Time=96.0, Moves(4)=0.0, Pins(0)=0.0, Dist=200.0, Win Bonus=0.0
[2026-05-08 09:31:26] MOVE 7: Gruppe 1 (red) 116->101 [0.01ms]
[2026-05-08 09:31:26] SCORE Gruppe 1 (red): Final=291.7, Time=95.7, Moves(3)=0.0, Pins(0)=0.0, Dist=196.0, Win Bonus=0.0
[2026-05-08 09:31:26] SCORE The bandits (blue): Final=296.0, Time=96.0, Moves(4)=0.0, Pins(0)=0.0, Dist=200.0, Win Bonus=0.0
[2026-05-08 09:31:28] MOVE 8: The bandits (blue) 8->28 [0.01ms]
[2026-05-08 09:31:28] SCORE Gruppe 1 (red): Final=291.7, Time=95.7, Moves(3)=0.0, Pins(0)=0.0, Dist=196.0, Win Bonus=0.0
[2026-05-08 09:31:28] SCORE The bandits (blue): Final=298.2, Time=94.2, Moves(5)=0.0, Pins(0)=0.0, Dist=204.0, Win Bonus=0.0
[2026-05-08 09:31:29] MOVE 9: Gruppe 1 (red) 112->92 [0.01ms]
[2026-05-08 09:31:29] SCORE Gruppe 1 (red): Final=294.2, Time=94.2, Moves(4)=0.0, Pins(0)=0.0, Dist=200.0, Win Bonus=0.0
[2026-05-08 09:31:29] SCORE The bandits (blue): Final=298.2, Time=94.2, Moves(5)=0.0, Pins(0)=0.0, Dist=204.0, Win Bonus=0.0
[2026-05-08 09:31:30] MOVE 10: The bandits (blue) 6->26 [0.01ms]
[2026-05-08 09:31:30] SCORE Gruppe 1 (red): Final=294.2, Time=94.2, Moves(4)=0.0, Pins(0)=0.0, Dist=200.0, Win Bonus=0.0
[2026-05-08 09:31:30] SCORE The bandits (blue): Final=301.1, Time=93.1, Moves(6)=0.0, Pins(0)=0.0, Dist=208.0, Win Bonus=0.0
[2026-05-08 09:31:32] MOVE 11: Gruppe 1 (red) 111->89 [0.01ms]
[2026-05-08 09:31:32] SCORE Gruppe 1 (red): Final=296.8, Time=92.8, Moves(5)=0.0, Pins(0)=0.0, Dist=204.0, Win Bonus=0.0
[2026-05-08 09:31:32] SCORE The bandits (blue): Final=301.1, Time=93.1, Moves(6)=0.0, Pins(0)=0.0, Dist=208.0, Win Bonus=0.0
[2026-05-08 09:31:33] MOVE 12: The bandits (blue) 7->27 [0.01ms]
[2026-05-08 09:31:33] SCORE Gruppe 1 (red): Final=296.8, Time=92.8, Moves(5)=0.0, Pins(0)=0.0, Dist=204.0, Win Bonus=0.0
[2026-05-08 09:31:33] SCORE The bandits (blue): Final=303.6, Time=91.6, Moves(7)=0.0, Pins(0)=0.0, Dist=212.0, Win Bonus=0.0
[2026-05-08 09:31:34] MOVE 13: Gruppe 1 (red) 113->91 [0.01ms]
[2026-05-08 09:31:34] SCORE Gruppe 1 (red): Final=299.7, Time=91.7, Moves(6)=0.0, Pins(0)=0.0, Dist=208.0, Win Bonus=0.0
[2026-05-08 09:31:34] SCORE The bandits (blue): Final=303.6, Time=91.6, Moves(7)=0.0, Pins(0)=0.0, Dist=212.0, Win Bonus=0.0
[2026-05-08 09:31:35] MOVE 14: The bandits (blue) 1->4 [0.01ms]
[2026-05-08 09:31:35] SCORE Gruppe 1 (red): Final=299.7, Time=91.7, Moves(6)=0.0, Pins(0)=0.0, Dist=208.0, Win Bonus=0.0
[2026-05-08 09:31:35] SCORE The bandits (blue): Final=305.2, Time=91.2, Moves(8)=0.0, Pins(0)=0.0, Dist=214.0, Win Bonus=0.0
[2026-05-08 09:31:36] MOVE 15: Gruppe 1 (red) 117->106 [0.01ms]
[2026-05-08 09:31:36] SCORE Gruppe 1 (red): Final=302.1, Time=90.1, Moves(7)=0.0, Pins(0)=0.0, Dist=212.0, Win Bonus=0.0
[2026-05-08 09:31:36] SCORE The bandits (blue): Final=305.2, Time=91.2, Moves(8)=0.0, Pins(0)=0.0, Dist=214.0, Win Bonus=0.0
[2026-05-08 09:31:37] MOVE 16: The bandits (blue) 2->29 [0.01ms]
[2026-05-08 09:31:37] SCORE Gruppe 1 (red): Final=302.1, Time=90.1, Moves(7)=0.0, Pins(0)=0.0, Dist=212.0, Win Bonus=0.0
[2026-05-08 09:31:37] SCORE The bandits (blue): Final=312.4, Time=90.4, Moves(9)=0.0, Pins(0)=0.0, Dist=222.0, Win Bonus=0.0
[2026-05-08 09:31:39] MOVE 17: Gruppe 1 (red) 114->94 [0.01ms]
[2026-05-08 09:31:39] SCORE Gruppe 1 (red): Final=304.5, Time=88.5, Moves(8)=0.0, Pins(0)=0.0, Dist=216.0, Win Bonus=0.0
[2026-05-08 09:31:39] SCORE The bandits (blue): Final=312.4, Time=90.4, Moves(9)=0.0, Pins(0)=0.0, Dist=222.0, Win Bonus=0.0
[2026-05-08 09:31:39] MOVE 18: The bandits (blue) 9->31 [0.01ms]
[2026-05-08 09:31:39] SCORE Gruppe 1 (red): Final=304.5, Time=88.5, Moves(8)=0.0, Pins(0)=0.0, Dist=216.0, Win Bonus=0.0
[2026-05-08 09:31:39] SCORE The bandits (blue): Final=315.8, Time=89.8, Moves(10)=0.0, Pins(0)=0.0, Dist=226.0, Win Bonus=0.0
[2026-05-08 09:31:40] MOVE 19: Gruppe 1 (red) 101->82 [0.01ms]
[2026-05-08 09:31:40] SCORE Gruppe 1 (red): Final=307.6, Time=87.6, Moves(9)=0.0, Pins(0)=0.0, Dist=220.0, Win Bonus=0.0
[2026-05-08 09:31:40] SCORE The bandits (blue): Final=315.8, Time=89.8, Moves(10)=0.0, Pins(0)=0.0, Dist=226.0, Win Bonus=0.0
[2026-05-08 09:31:41] MOVE 20: The bandits (blue) 29->40 [0.01ms]
[2026-05-08 09:31:41] SCORE Gruppe 1 (red): Final=307.6, Time=87.6, Moves(9)=0.0, Pins(0)=0.0, Dist=220.0, Win Bonus=0.0
[2026-05-08 09:31:41] SCORE The bandits (blue): Final=316.9, Time=88.9, Moves(11)=0.0, Pins(0)=0.0, Dist=228.0, Win Bonus=0.0
[2026-05-08 09:31:42] MOVE 21: Gruppe 1 (red) 104->83 [0.01ms]
[2026-05-08 09:31:42] SCORE Gruppe 1 (red): Final=310.3, Time=86.3, Moves(10)=0.0, Pins(0)=0.0, Dist=224.0, Win Bonus=0.0
[2026-05-08 09:31:42] SCORE The bandits (blue): Final=316.9, Time=88.9, Moves(11)=0.0, Pins(0)=0.0, Dist=228.0, Win Bonus=0.0
[2026-05-08 09:31:43] MOVE 22: The bandits (blue) 4->7 [0.01ms]
[2026-05-08 09:31:43] SCORE Gruppe 1 (red): Final=310.3, Time=86.3, Moves(10)=0.0, Pins(0)=0.0, Dist=224.0, Win Bonus=0.0
[2026-05-08 09:31:43] SCORE The bandits (blue): Final=318.1, Time=88.1, Moves(12)=0.0, Pins(0)=0.0, Dist=230.0, Win Bonus=0.0
[2026-05-08 09:31:44] MOVE 23: Gruppe 1 (red) 91->72 [0.01ms]
[2026-05-08 09:31:44] SCORE Gruppe 1 (red): Final=313.4, Time=85.4, Moves(11)=0.0, Pins(0)=0.0, Dist=228.0, Win Bonus=0.0
[2026-05-08 09:31:44] SCORE The bandits (blue): Final=318.1, Time=88.1, Moves(12)=0.0, Pins(0)=0.0, Dist=230.0, Win Bonus=0.0
[2026-05-08 09:31:44] MOVE 24: The bandits (blue) 7->50 [0.01ms]
[2026-05-08 09:31:44] SCORE Gruppe 1 (red): Final=313.4, Time=85.4, Moves(11)=0.0, Pins(0)=0.0, Dist=228.0, Win Bonus=0.0
[2026-05-08 09:31:44] SCORE The bandits (blue): Final=325.8, Time=87.8, Moves(13)=0.0, Pins(0)=0.0, Dist=238.0, Win Bonus=0.0
[2026-05-08 09:31:46] MOVE 25: Gruppe 1 (red) 83->62 [0.01ms]
[2026-05-08 09:31:46] SCORE Gruppe 1 (red): Final=316.1, Time=84.1, Moves(12)=0.0, Pins(0)=0.0, Dist=232.0, Win Bonus=0.0
[2026-05-08 09:31:46] SCORE The bandits (blue): Final=325.8, Time=87.8, Moves(13)=0.0, Pins(0)=0.0, Dist=238.0, Win Bonus=0.0
[2026-05-08 09:31:46] MOVE 26: The bandits (blue) 14->60 [0.01ms]
[2026-05-08 09:31:46] SCORE Gruppe 1 (red): Final=316.1, Time=84.1, Moves(12)=0.0, Pins(0)=0.0, Dist=232.0, Win Bonus=0.0
[2026-05-08 09:31:46] SCORE The bandits (blue): Final=333.3, Time=87.3, Moves(14)=0.0, Pins(0)=0.0, Dist=246.0, Win Bonus=0.0
[2026-05-08 09:31:47] MOVE 27: Gruppe 1 (red) 94->53 [0.01ms]
[2026-05-08 09:31:47] SCORE Gruppe 1 (red): Final=322.9, Time=82.9, Moves(13)=0.0, Pins(0)=0.0, Dist=240.0, Win Bonus=0.0
[2026-05-08 09:31:47] SCORE The bandits (blue): Final=333.3, Time=87.3, Moves(14)=0.0, Pins(0)=0.0, Dist=246.0, Win Bonus=0.0
[2026-05-08 09:31:48] MOVE 28: The bandits (blue) 15->59 [0.01ms]
[2026-05-08 09:31:48] SCORE Gruppe 1 (red): Final=322.9, Time=82.9, Moves(13)=0.0, Pins(0)=0.0, Dist=240.0, Win Bonus=0.0
[2026-05-08 09:31:48] SCORE The bandits (blue): Final=340.8, Time=86.8, Moves(15)=0.0, Pins(0)=0.0, Dist=254.0, Win Bonus=0.0
[2026-05-08 09:31:51] SCORE Gruppe 1 (red): Final=322.9, Time=82.9, Moves(13)=0.0, Pins(0)=0.0, Dist=240.0, Win Bonus=0.0
[2026-05-08 09:31:51] SCORE The bandits (blue): Final=340.8, Time=86.8, Moves(15)=0.0, Pins(0)=0.0, Dist=254.0, Win Bonus=0.0
[2026-05-08 09:31:51] TURN TIMEOUT: Player with colour red exceeded 2s at move 28. Turn skipped.
[2026-05-08 09:31:51] MOVE 29: The bandits (blue) 28->69 [0.01ms]
[2026-05-08 09:31:52] SCORE Gruppe 1 (red): Final=322.9, Time=82.9, Moves(13)=0.0, Pins(0)=0.0, Dist=240.0, Win Bonus=0.0
[2026-05-08 09:31:52] SCORE The bandits (blue): Final=347.8, Time=85.8, Moves(16)=0.0, Pins(0)=0.0, Dist=262.0, Win Bonus=0.0
[2026-05-08 09:31:53] MOVE 30: Gruppe 1 (red) 82->15 [0.01ms]
[2026-05-08 09:31:53] SCORE Gruppe 1 (red): Final=333.6, Time=81.6, Moves(14)=0.0, Pins(0)=0.0, Dist=252.0, Win Bonus=0.0
[2026-05-08 09:31:53] SCORE The bandits (blue): Final=347.8, Time=85.8, Moves(16)=0.0, Pins(0)=0.0, Dist=262.0, Win Bonus=0.0
[2026-05-08 09:31:54] MOVE 31: The bandits (blue) 26->51 [0.01ms]
[2026-05-08 09:31:54] SCORE Gruppe 1 (red): Final=333.6, Time=81.6, Moves(14)=0.0, Pins(0)=0.0, Dist=252.0, Win Bonus=0.0
[2026-05-08 09:31:54] SCORE The bandits (blue): Final=351.0, Time=85.0, Moves(17)=0.0, Pins(0)=0.0, Dist=266.0, Win Bonus=0.0
[2026-05-08 09:31:55] MOVE 32: Gruppe 1 (red) 102->77 [0.01ms]
[2026-05-08 09:31:55] SCORE Gruppe 1 (red): Final=336.5, Time=80.5, Moves(15)=0.0, Pins(0)=0.0, Dist=256.0, Win Bonus=0.0
[2026-05-08 09:31:55] SCORE The bandits (blue): Final=351.0, Time=85.0, Moves(17)=0.0, Pins(0)=0.0, Dist=266.0, Win Bonus=0.0
[2026-05-08 09:31:56] MOVE 33: The bandits (blue) 31->42 [0.00ms]
[2026-05-08 09:31:56] SCORE Gruppe 1 (red): Final=336.5, Time=80.5, Moves(15)=0.0, Pins(0)=0.0, Dist=256.0, Win Bonus=0.0
[2026-05-08 09:31:56] SCORE The bandits (blue): Final=351.9, Time=83.9, Moves(18)=0.0, Pins(0)=0.0, Dist=268.0, Win Bonus=0.0
[2026-05-08 09:31:57] MOVE 34: Gruppe 1 (red) 72->9 [0.01ms]
[2026-05-08 09:31:57] SCORE Gruppe 1 (red): Final=447.3, Time=79.3, Moves(16)=0.0, Pins(1)=100.0, Dist=268.0, Win Bonus=0.0
[2026-05-08 09:31:57] SCORE The bandits (blue): Final=351.9, Time=83.9, Moves(18)=0.0, Pins(0)=0.0, Dist=268.0, Win Bonus=0.0
[2026-05-08 09:31:58] MOVE 35: The bandits (blue) 16->41 [0.00ms]
[2026-05-08 09:31:58] SCORE Gruppe 1 (red): Final=447.3, Time=79.3, Moves(16)=0.0, Pins(1)=100.0, Dist=268.0, Win Bonus=0.0
[2026-05-08 09:31:58] SCORE The bandits (blue): Final=355.1, Time=83.1, Moves(19)=0.0, Pins(0)=0.0, Dist=272.0, Win Bonus=0.0
[2026-05-08 09:31:59] MOVE 36: Gruppe 1 (red) 53->30 [0.00ms]
[2026-05-08 09:31:59] SCORE Gruppe 1 (red): Final=449.9, Time=77.9, Moves(17)=0.0, Pins(1)=100.0, Dist=272.0, Win Bonus=0.0
[2026-05-08 09:31:59] SCORE The bandits (blue): Final=355.1, Time=83.1, Moves(19)=0.0, Pins(0)=0.0, Dist=272.0, Win Bonus=0.0
[2026-05-08 09:32:00] MOVE 37: The bandits (blue) 27->39 [0.01ms]
[2026-05-08 09:32:00] SCORE Gruppe 1 (red): Final=449.9, Time=77.9, Moves(17)=0.0, Pins(1)=100.0, Dist=272.0, Win Bonus=0.0
[2026-05-08 09:32:00] SCORE The bandits (blue): Final=356.1, Time=82.1, Moves(20)=0.0, Pins(0)=0.0, Dist=274.0, Win Bonus=0.0
[2026-05-08 09:32:01] MOVE 38: Gruppe 1 (red) 89->66 [0.00ms]
[2026-05-08 09:32:01] SCORE Gruppe 1 (red): Final=453.1, Time=77.1, Moves(18)=0.0, Pins(1)=100.0, Dist=276.0, Win Bonus=0.0
[2026-05-08 09:32:01] SCORE The bandits (blue): Final=356.1, Time=82.1, Moves(20)=0.0, Pins(0)=0.0, Dist=274.0, Win Bonus=0.0
[2026-05-08 09:32:02] MOVE 39: The bandits (blue) 69->80 [0.01ms]
[2026-05-08 09:32:02] SCORE Gruppe 1 (red): Final=453.1, Time=77.1, Moves(18)=0.0, Pins(1)=100.0, Dist=276.0, Win Bonus=0.0
[2026-05-08 09:32:02] SCORE The bandits (blue): Final=357.2, Time=81.2, Moves(21)=0.0, Pins(0)=0.0, Dist=276.0, Win Bonus=0.0
[2026-05-08 09:32:03] MOVE 40: Gruppe 1 (red) 92->6 [0.01ms]
[2026-05-08 09:32:03] SCORE Gruppe 1 (red): Final=567.8, Time=75.8, Moves(19)=0.0, Pins(2)=200.0, Dist=292.0, Win Bonus=0.0
[2026-05-08 09:32:03] SCORE The bandits (blue): Final=357.2, Time=81.2, Moves(21)=0.0, Pins(0)=0.0, Dist=276.0, Win Bonus=0.0
[2026-05-08 09:32:04] MOVE 41: The bandits (blue) 50->70 [0.00ms]
[2026-05-08 09:32:04] SCORE Gruppe 1 (red): Final=567.8, Time=75.8, Moves(19)=0.0, Pins(2)=200.0, Dist=292.0, Win Bonus=0.0
[2026-05-08 09:32:04] SCORE The bandits (blue): Final=360.5, Time=80.5, Moves(22)=0.0, Pins(0)=0.0, Dist=280.0, Win Bonus=0.0
[2026-05-08 09:32:05] MOVE 42: Gruppe 1 (red) 77->56 [0.00ms]
[2026-05-08 09:32:05] SCORE Gruppe 1 (red): Final=571.0, Time=75.0, Moves(20)=0.0, Pins(2)=200.0, Dist=296.0, Win Bonus=0.0
[2026-05-08 09:32:05] SCORE The bandits (blue): Final=360.5, Time=80.5, Moves(22)=0.0, Pins(0)=0.0, Dist=280.0, Win Bonus=0.0
[2026-05-08 09:32:05] MOVE 43: The bandits (blue) 51->92 [0.01ms]
[2026-05-08 09:32:05] SCORE Gruppe 1 (red): Final=571.0, Time=75.0, Moves(20)=0.0, Pins(2)=200.0, Dist=296.0, Win Bonus=0.0
[2026-05-08 09:32:05] SCORE The bandits (blue): Final=367.9, Time=79.9, Moves(23)=0.0, Pins(0)=0.0, Dist=288.0, Win Bonus=0.0
[2026-05-08 09:32:06] MOVE 44: Gruppe 1 (red) 15->7 [0.00ms]
[2026-05-08 09:32:06] SCORE Gruppe 1 (red): Final=672.0, Time=74.0, Moves(21)=0.0, Pins(3)=300.0, Dist=298.0, Win Bonus=0.0
[2026-05-08 09:32:06] SCORE The bandits (blue): Final=367.9, Time=79.9, Moves(23)=0.0, Pins(0)=0.0, Dist=288.0, Win Bonus=0.0
[2026-05-08 09:32:07] MOVE 45: The bandits (blue) 92->105 [0.01ms]
[2026-05-08 09:32:07] SCORE Gruppe 1 (red): Final=672.0, Time=74.0, Moves(21)=0.0, Pins(3)=300.0, Dist=298.0, Win Bonus=0.0
[2026-05-08 09:32:07] SCORE The bandits (blue): Final=369.4, Time=79.4, Moves(24)=0.0, Pins(0)=0.0, Dist=290.0, Win Bonus=0.0
[2026-05-08 09:32:08] MOVE 46: Gruppe 1 (red) 66->46 [0.01ms]
[2026-05-08 09:32:08] SCORE Gruppe 1 (red): Final=673.1, Time=73.1, Moves(22)=0.0, Pins(3)=300.0, Dist=300.0, Win Bonus=0.0
[2026-05-08 09:32:08] SCORE The bandits (blue): Final=369.4, Time=79.4, Moves(24)=0.0, Pins(0)=0.0, Dist=290.0, Win Bonus=0.0
[2026-05-08 09:32:08] MOVE 47: The bandits (blue) 59->69 [0.00ms]
[2026-05-08 09:32:08] SCORE Gruppe 1 (red): Final=673.1, Time=73.1, Moves(22)=0.0, Pins(3)=300.0, Dist=300.0, Win Bonus=0.0
[2026-05-08 09:32:08] SCORE The bandits (blue): Final=370.9, Time=78.9, Moves(25)=0.0, Pins(0)=0.0, Dist=292.0, Win Bonus=0.0
[2026-05-08 09:32:09] MOVE 48: Gruppe 1 (red) 118->115 [0.01ms]
[2026-05-08 09:32:09] SCORE Gruppe 1 (red): Final=674.0, Time=72.0, Moves(23)=0.0, Pins(3)=300.0, Dist=302.0, Win Bonus=0.0
[2026-05-08 09:32:09] SCORE The bandits (blue): Final=370.9, Time=78.9, Moves(25)=0.0, Pins(0)=0.0, Dist=292.0, Win Bonus=0.0
[2026-05-08 09:32:10] MOVE 49: The bandits (blue) 69->114 [0.00ms]
[2026-05-08 09:32:10] SCORE Gruppe 1 (red): Final=674.0, Time=72.0, Moves(23)=0.0, Pins(3)=300.0, Dist=302.0, Win Bonus=0.0
[2026-05-08 09:32:10] SCORE The bandits (blue): Final=477.9, Time=77.9, Moves(26)=0.0, Pins(1)=100.0, Dist=300.0, Win Bonus=0.0
[2026-05-08 09:32:12] MOVE 50: Gruppe 1 (red) 115->111 [0.01ms]
[2026-05-08 09:32:12] SCORE Gruppe 1 (red): Final=674.3, Time=70.3, Moves(24)=0.0, Pins(3)=300.0, Dist=304.0, Win Bonus=0.0
[2026-05-08 09:32:12] SCORE The bandits (blue): Final=477.9, Time=77.9, Moves(26)=0.0, Pins(1)=100.0, Dist=300.0, Win Bonus=0.0
[2026-05-08 09:32:14] SCORE Gruppe 1 (red): Final=674.3, Time=70.3, Moves(24)=0.0, Pins(3)=300.0, Dist=304.0, Win Bonus=0.0
[2026-05-08 09:32:14] SCORE The bandits (blue): Final=477.9, Time=77.9, Moves(26)=0.0, Pins(1)=100.0, Dist=300.0, Win Bonus=0.0
[2026-05-08 09:32:14] GAME TIME LIMIT REACHED.
[2026-05-08 09:32:14] SCORE Gruppe 1 (red): Final=674.3, Time=70.3, Moves(24)=0.0, Pins(3)=300.0, Dist=304.0, Win Bonus=0.0
[2026-05-08 09:32:14] SCORE The bandits (blue): Final=477.9, Time=77.9, Moves(26)=0.0, Pins(1)=100.0, Dist=300.0, Win Bonus=0.0
[2026-05-08 09:32:14] GAME TIME LIMIT REACHED.
[2026-05-08 09:32:14] SCORE Gruppe 1 (red): Final=674.3, Time=70.3, Moves(24)=0.0, Pins(3)=300.0, Dist=304.0, Win Bonus=0.0
[2026-05-08 09:32:14] SCORE The bandits (blue): Final=477.9, Time=77.9, Moves(26)=0.0, Pins(1)=100.0, Dist=300.0, Win Bonus=0.0
[2026-05-08 09:32:14] GAME TIME LIMIT REACHED.
