[2026-05-08 09:44:03] GAME CREATED
[2026-05-08 09:44:05] PLAYER JOINED: Gruppe 1 as yellow
[2026-05-08 09:44:14] PLAYER JOINED: CybSec as purple
[2026-05-08 09:44:16] PLAYER START: Gruppe 1 (yellow)
[2026-05-08 09:44:16] PLAYER START: CybSec (purple)
[2026-05-08 09:44:16] GAME START — turn order ['yellow', 'purple']
[2026-05-08 09:44:18] SCORE Gruppe 1 (yellow): Final=0.0, Time=0.0, Moves(0)=0.0, Pins(0)=0.0, Dist=0.0, Win Bonus=0.0
[2026-05-08 09:44:18] SCORE CybSec (purple): Final=0.0, Time=0.0, Moves(0)=0.0, Pins(0)=0.0, Dist=0.0, Win Bonus=0.0
[2026-05-08 09:44:18] TURN TIMEOUT: Player with colour yellow exceeded 2s at move 0. Turn skipped.
[2026-05-08 09:44:18] MOVE 1: CybSec (purple) 108->106 [0.01ms]
[2026-05-08 09:44:18] SCORE Gruppe 1 (yellow): Final=0.0, Time=0.0, Moves(0)=0.0, Pins(0)=0.0, Dist=0.0, Win Bonus=0.0
[2026-05-08 09:44:18] SCORE CybSec (purple): Final=283.6, Time=99.6, Moves(1)=0.0, Pins(0)=0.0, Dist=184.0, Win Bonus=0.0
[2026-05-08 09:44:20] PLAYER START: Gruppe 1 (yellow)
[2026-05-08 09:44:20] PLAYER START: CybSec (purple)
[2026-05-08 09:44:20] SCORE Gruppe 1 (yellow): Final=0.0, Time=0.0, Moves(0)=0.0, Pins(0)=0.0, Dist=0.0, Win Bonus=0.0
[2026-05-08 09:44:20] SCORE CybSec (purple): Final=283.6, Time=99.6, Moves(1)=0.0, Pins(0)=0.0, Dist=184.0, Win Bonus=0.0
[2026-05-08 09:44:20] TURN TIMEOUT: Player with colour yellow exceeded 2s at move 1. Turn skipped.
[2026-05-08 09:44:21] MOVE 2: CybSec (purple) 110->83 [0.02ms]
[2026-05-08 09:44:21] SCORE Gruppe 1 (yellow): Final=0.0, Time=0.0, Moves(0)=0.0, Pins(0)=0.0, Dist=0.0, Win Bonus=0.0
[2026-05-08 09:44:21] SCORE CybSec (purple): Final=291.3, Time=99.3, Moves(2)=0.0, Pins(0)=0.0, Dist=192.0, Win Bonus=0.0
[2026-05-08 09:44:22] MOVE 3: Gruppe 1 (yellow) 24->26 [0.01ms]
[2026-05-08 09:44:22] SCORE Gruppe 1 (yellow): Final=283.1, Time=99.1, Moves(1)=0.0, Pins(0)=0.0, Dist=184.0, Win Bonus=0.0
[2026-05-08 09:44:22] SCORE CybSec (purple): Final=291.3, Time=99.3, Moves(2)=0.0, Pins(0)=0.0, Dist=192.0, Win Bonus=0.0
[2026-05-08 09:44:22] MOVE 4: CybSec (purple) 95->72 [0.01ms]
[2026-05-08 09:44:22] SCORE Gruppe 1 (yellow): Final=283.1, Time=99.1, Moves(1)=0.0, Pins(0)=0.0, Dist=184.0, Win Bonus=0.0
[2026-05-08 09:44:22] SCORE CybSec (purple): Final=294.6, Time=98.6, Moves(3)=0.0, Pins(0)=0.0, Dist=196.0, Win Bonus=0.0
[2026-05-08 09:44:23] MOVE 5: Gruppe 1 (yellow) 35->14 [0.01ms]
[2026-05-08 09:44:23] SCORE Gruppe 1 (yellow): Final=286.1, Time=98.1, Moves(2)=0.0, Pins(0)=0.0, Dist=188.0, Win Bonus=0.0
[2026-05-08 09:44:23] SCORE CybSec (purple): Final=294.6, Time=98.6, Moves(3)=0.0, Pins(0)=0.0, Dist=196.0, Win Bonus=0.0
[2026-05-08 09:44:24] MOVE 6: CybSec (purple) 96->71 [0.01ms]
[2026-05-08 09:44:24] SCORE Gruppe 1 (yellow): Final=286.1, Time=98.1, Moves(2)=0.0, Pins(0)=0.0, Dist=188.0, Win Bonus=0.0
[2026-05-08 09:44:24] SCORE CybSec (purple): Final=302.1, Time=98.1, Moves(4)=0.0, Pins(0)=0.0, Dist=204.0, Win Bonus=0.0
[2026-05-08 09:44:24] MOVE 7: Gruppe 1 (yellow) 10->56 [0.02ms]
[2026-05-08 09:44:24] SCORE Gruppe 1 (yellow): Final=293.7, Time=97.7, Moves(3)=0.0, Pins(0)=0.0, Dist=196.0, Win Bonus=0.0
[2026-05-08 09:44:24] SCORE CybSec (purple): Final=302.1, Time=98.1, Moves(4)=0.0, Pins(0)=0.0, Dist=204.0, Win Bonus=0.0
[2026-05-08 09:44:25] MOVE 8: CybSec (purple) 84->61 [0.01ms]
[2026-05-08 09:44:25] SCORE Gruppe 1 (yellow): Final=293.7, Time=97.7, Moves(3)=0.0, Pins(0)=0.0, Dist=196.0, Win Bonus=0.0
[2026-05-08 09:44:25] SCORE CybSec (purple): Final=309.5, Time=97.5, Moves(5)=0.0, Pins(0)=0.0, Dist=212.0, Win Bonus=0.0
[2026-05-08 09:44:25] MOVE 9: Gruppe 1 (yellow) 12->37 [0.01ms]
[2026-05-08 09:44:25] SCORE Gruppe 1 (yellow): Final=297.3, Time=97.3, Moves(4)=0.0, Pins(0)=0.0, Dist=200.0, Win Bonus=0.0
[2026-05-08 09:44:25] SCORE CybSec (purple): Final=309.5, Time=97.5, Moves(5)=0.0, Pins(0)=0.0, Dist=212.0, Win Bonus=0.0
[2026-05-08 09:44:26] MOVE 10: CybSec (purple) 83->60 [0.01ms]
[2026-05-08 09:44:26] SCORE Gruppe 1 (yellow): Final=297.3, Time=97.3, Moves(4)=0.0, Pins(0)=0.0, Dist=200.0, Win Bonus=0.0
[2026-05-08 09:44:26] SCORE CybSec (purple): Final=317.0, Time=97.0, Moves(6)=0.0, Pins(0)=0.0, Dist=220.0, Win Bonus=0.0
[2026-05-08 09:44:26] MOVE 11: Gruppe 1 (yellow) 25->27 [0.01ms]
[2026-05-08 09:44:26] SCORE Gruppe 1 (yellow): Final=301.0, Time=97.0, Moves(5)=0.0, Pins(0)=0.0, Dist=204.0, Win Bonus=0.0
[2026-05-08 09:44:26] SCORE CybSec (purple): Final=317.0, Time=97.0, Moves(6)=0.0, Pins(0)=0.0, Dist=220.0, Win Bonus=0.0
[2026-05-08 09:44:27] MOVE 12: CybSec (purple) 72->50 [0.01ms]
[2026-05-08 09:44:27] SCORE Gruppe 1 (yellow): Final=301.0, Time=97.0, Moves(5)=0.0, Pins(0)=0.0, Dist=204.0, Win Bonus=0.0
[2026-05-08 09:44:27] SCORE CybSec (purple): Final=324.4, Time=96.4, Moves(7)=0.0, Pins(0)=0.0, Dist=228.0, Win Bonus=0.0
[2026-05-08 09:44:27] MOVE 13: Gruppe 1 (yellow) 36->15 [0.01ms]
[2026-05-08 09:44:27] SCORE Gruppe 1 (yellow): Final=304.6, Time=96.6, Moves(6)=0.0, Pins(0)=0.0, Dist=208.0, Win Bonus=0.0
[2026-05-08 09:44:27] SCORE CybSec (purple): Final=324.4, Time=96.4, Moves(7)=0.0, Pins(0)=0.0, Dist=228.0, Win Bonus=0.0
[2026-05-08 09:44:28] MOVE 14: CybSec (purple) 71->49 [0.01ms]
[2026-05-08 09:44:28] SCORE Gruppe 1 (yellow): Final=304.6, Time=96.6, Moves(6)=0.0, Pins(0)=0.0, Dist=208.0, Win Bonus=0.0
[2026-05-08 09:44:28] SCORE CybSec (purple): Final=331.8, Time=95.8, Moves(8)=0.0, Pins(0)=0.0, Dist=236.0, Win Bonus=0.0
[2026-05-08 09:44:28] MOVE 15: Gruppe 1 (yellow) 13->59 [0.01ms]
[2026-05-08 09:44:28] SCORE Gruppe 1 (yellow): Final=312.2, Time=96.2, Moves(7)=0.0, Pins(0)=0.0, Dist=216.0, Win Bonus=0.0
[2026-05-08 09:44:28] SCORE CybSec (purple): Final=331.8, Time=95.8, Moves(8)=0.0, Pins(0)=0.0, Dist=236.0, Win Bonus=0.0
[2026-05-08 09:44:28] MOVE 16: CybSec (purple) 50->25 [0.01ms]
[2026-05-08 09:44:28] SCORE Gruppe 1 (yellow): Final=312.2, Time=96.2, Moves(7)=0.0, Pins(0)=0.0, Dist=216.0, Win Bonus=0.0
[2026-05-08 09:44:28] SCORE CybSec (purple): Final=439.3, Time=95.3, Moves(9)=0.0, Pins(1)=100.0, Dist=244.0, Win Bonus=0.0
[2026-05-08 09:44:29] MOVE 17: Gruppe 1 (yellow) 46->66 [0.01ms]
[2026-05-08 09:44:29] SCORE Gruppe 1 (yellow): Final=315.7, Time=95.7, Moves(8)=0.0, Pins(0)=0.0, Dist=220.0, Win Bonus=0.0
[2026-05-08 09:44:29] SCORE CybSec (purple): Final=439.3, Time=95.3, Moves(9)=0.0, Pins(1)=100.0, Dist=244.0, Win Bonus=0.0
[2026-05-08 09:44:29] MOVE 18: CybSec (purple) 60->58 [0.01ms]
[2026-05-08 09:44:29] SCORE Gruppe 1 (yellow): Final=315.7, Time=95.7, Moves(8)=0.0, Pins(0)=0.0, Dist=220.0, Win Bonus=0.0
[2026-05-08 09:44:29] SCORE CybSec (purple): Final=443.0, Time=95.0, Moves(10)=0.0, Pins(1)=100.0, Dist=248.0, Win Bonus=0.0
[2026-05-08 09:44:30] MOVE 19: Gruppe 1 (yellow) 26->67 [0.01ms]
[2026-05-08 09:44:30] SCORE Gruppe 1 (yellow): Final=319.1, Time=95.1, Moves(9)=0.0, Pins(0)=0.0, Dist=224.0, Win Bonus=0.0
[2026-05-08 09:44:30] SCORE CybSec (purple): Final=443.0, Time=95.0, Moves(10)=0.0, Pins(1)=100.0, Dist=248.0, Win Bonus=0.0
[2026-05-08 09:44:30] MOVE 20: CybSec (purple) 85->64 [0.01ms]
[2026-05-08 09:44:30] SCORE Gruppe 1 (yellow): Final=319.1, Time=95.1, Moves(9)=0.0, Pins(0)=0.0, Dist=224.0, Win Bonus=0.0
[2026-05-08 09:44:30] SCORE CybSec (purple): Final=446.7, Time=94.7, Moves(11)=0.0, Pins(1)=100.0, Dist=252.0, Win Bonus=0.0
[2026-05-08 09:44:31] MOVE 21: Gruppe 1 (yellow) 66->50 [0.01ms]
[2026-05-08 09:44:31] SCORE Gruppe 1 (yellow): Final=322.5, Time=94.5, Moves(10)=0.0, Pins(0)=0.0, Dist=228.0, Win Bonus=0.0
[2026-05-08 09:44:31] SCORE CybSec (purple): Final=446.7, Time=94.7, Moves(11)=0.0, Pins(1)=100.0, Dist=252.0, Win Bonus=0.0
[2026-05-08 09:44:31] MOVE 22: CybSec (purple) 74->73 [0.01ms]
[2026-05-08 09:44:31] SCORE Gruppe 1 (yellow): Final=322.5, Time=94.5, Moves(10)=0.0, Pins(0)=0.0, Dist=228.0, Win Bonus=0.0
[2026-05-08 09:44:31] SCORE CybSec (purple): Final=448.3, Time=94.3, Moves(12)=0.0, Pins(1)=100.0, Dist=254.0, Win Bonus=0.0
[2026-05-08 09:44:32] MOVE 23: Gruppe 1 (yellow) 14->62 [0.01ms]
[2026-05-08 09:44:32] SCORE Gruppe 1 (yellow): Final=333.9, Time=93.9, Moves(11)=0.0, Pins(0)=0.0, Dist=240.0, Win Bonus=0.0
[2026-05-08 09:44:32] SCORE CybSec (purple): Final=448.3, Time=94.3, Moves(12)=0.0, Pins(1)=100.0, Dist=254.0, Win Bonus=0.0
[2026-05-08 09:44:32] MOVE 24: CybSec (purple) 107->105 [0.01ms]
[2026-05-08 09:44:32] SCORE Gruppe 1 (yellow): Final=333.9, Time=93.9, Moves(11)=0.0, Pins(0)=0.0, Dist=240.0, Win Bonus=0.0
[2026-05-08 09:44:32] SCORE CybSec (purple): Final=451.8, Time=93.8, Moves(13)=0.0, Pins(1)=100.0, Dist=258.0, Win Bonus=0.0
[2026-05-08 09:44:33] MOVE 25: Gruppe 1 (yellow) 11->12 [0.01ms]
[2026-05-08 09:44:33] SCORE Gruppe 1 (yellow): Final=335.0, Time=93.0, Moves(12)=0.0, Pins(0)=0.0, Dist=242.0, Win Bonus=0.0
[2026-05-08 09:44:33] SCORE CybSec (purple): Final=451.8, Time=93.8, Moves(13)=0.0, Pins(1)=100.0, Dist=258.0, Win Bonus=0.0
[2026-05-08 09:44:34] MOVE 26: CybSec (purple) 58->14 [0.01ms]
[2026-05-08 09:44:34] SCORE Gruppe 1 (yellow): Final=335.0, Time=93.0, Moves(12)=0.0, Pins(0)=0.0, Dist=242.0, Win Bonus=0.0
[2026-05-08 09:44:34] SCORE CybSec (purple): Final=455.3, Time=93.3, Moves(14)=0.0, Pins(1)=100.0, Dist=262.0, Win Bonus=0.0
[2026-05-08 09:44:34] MOVE 27: Gruppe 1 (yellow) 12->13 [0.01ms]
[2026-05-08 09:44:34] SCORE Gruppe 1 (yellow): Final=336.7, Time=92.7, Moves(13)=0.0, Pins(0)=0.0, Dist=244.0, Win Bonus=0.0
[2026-05-08 09:44:34] SCORE CybSec (purple): Final=455.3, Time=93.3, Moves(14)=0.0, Pins(1)=100.0, Dist=262.0, Win Bonus=0.0
[2026-05-08 09:44:35] MOVE 28: CybSec (purple) 106->104 [0.01ms]
[2026-05-08 09:44:35] SCORE Gruppe 1 (yellow): Final=336.7, Time=92.7, Moves(13)=0.0, Pins(0)=0.0, Dist=244.0, Win Bonus=0.0
[2026-05-08 09:44:35] SCORE CybSec (purple): Final=458.7, Time=92.7, Moves(15)=0.0, Pins(1)=100.0, Dist=266.0, Win Bonus=0.0
[2026-05-08 09:44:35] MOVE 29: Gruppe 1 (yellow) 13->38 [0.01ms]
[2026-05-08 09:44:35] SCORE Gruppe 1 (yellow): Final=340.3, Time=92.3, Moves(14)=0.0, Pins(0)=0.0, Dist=248.0, Win Bonus=0.0
[2026-05-08 09:44:35] SCORE CybSec (purple): Final=458.7, Time=92.7, Moves(15)=0.0, Pins(1)=100.0, Dist=266.0, Win Bonus=0.0
[2026-05-08 09:44:36] MOVE 30: CybSec (purple) 49->24 [0.01ms]
[2026-05-08 09:44:36] SCORE Gruppe 1 (yellow): Final=340.3, Time=92.3, Moves(14)=0.0, Pins(0)=0.0, Dist=248.0, Win Bonus=0.0
[2026-05-08 09:44:36] SCORE CybSec (purple): Final=564.1, Time=92.1, Moves(16)=0.0, Pins(2)=200.0, Dist=272.0, Win Bonus=0.0
[2026-05-08 09:44:36] MOVE 31: Gruppe 1 (yellow) 37->60 [0.01ms]
[2026-05-08 09:44:36] SCORE Gruppe 1 (yellow): Final=348.0, Time=92.0, Moves(15)=0.0, Pins(0)=0.0, Dist=256.0, Win Bonus=0.0
[2026-05-08 09:44:36] SCORE CybSec (purple): Final=564.1, Time=92.1, Moves(16)=0.0, Pins(2)=200.0, Dist=272.0, Win Bonus=0.0
[2026-05-08 09:44:36] MOVE 32: CybSec (purple) 14->35 [0.01ms]
[2026-05-08 09:44:36] SCORE Gruppe 1 (yellow): Final=348.0, Time=92.0, Moves(15)=0.0, Pins(0)=0.0, Dist=256.0, Win Bonus=0.0
[2026-05-08 09:44:36] SCORE CybSec (purple): Final=665.6, Time=91.6, Moves(17)=0.0, Pins(3)=300.0, Dist=274.0, Win Bonus=0.0
[2026-05-08 09:44:37] MOVE 33: Gruppe 1 (yellow) 23->68 [0.01ms]
[2026-05-08 09:44:37] SCORE Gruppe 1 (yellow): Final=359.6, Time=91.6, Moves(16)=0.0, Pins(0)=0.0, Dist=268.0, Win Bonus=0.0
[2026-05-08 09:44:37] SCORE CybSec (purple): Final=665.6, Time=91.6, Moves(17)=0.0, Pins(3)=300.0, Dist=274.0, Win Bonus=0.0
[2026-05-08 09:44:37] MOVE 34: CybSec (purple) 109->96 [0.00ms]
[2026-05-08 09:44:37] SCORE Gruppe 1 (yellow): Final=359.6, Time=91.6, Moves(16)=0.0, Pins(0)=0.0, Dist=268.0, Win Bonus=0.0
[2026-05-08 09:44:37] SCORE CybSec (purple): Final=667.4, Time=91.4, Moves(18)=0.0, Pins(3)=300.0, Dist=276.0, Win Bonus=0.0
[2026-05-08 09:44:38] MOVE 35: Gruppe 1 (yellow) 50->74 [0.01ms]
[2026-05-08 09:44:38] SCORE Gruppe 1 (yellow): Final=470.9, Time=90.9, Moves(17)=0.0, Pins(1)=100.0, Dist=280.0, Win Bonus=0.0
[2026-05-08 09:44:38] SCORE CybSec (purple): Final=667.4, Time=91.4, Moves(18)=0.0, Pins(3)=300.0, Dist=276.0, Win Bonus=0.0
[2026-05-08 09:44:38] MOVE 36: CybSec (purple) 97->95 [0.01ms]
[2026-05-08 09:44:38] SCORE Gruppe 1 (yellow): Final=470.9, Time=90.9, Moves(17)=0.0, Pins(1)=100.0, Dist=280.0, Win Bonus=0.0
[2026-05-08 09:44:38] SCORE CybSec (purple): Final=671.2, Time=91.2, Moves(19)=0.0, Pins(3)=300.0, Dist=280.0, Win Bonus=0.0
[2026-05-08 09:44:39] MOVE 37: Gruppe 1 (yellow) 67->53 [0.01ms]
[2026-05-08 09:44:39] SCORE Gruppe 1 (yellow): Final=478.2, Time=90.2, Moves(18)=0.0, Pins(1)=100.0, Dist=288.0, Win Bonus=0.0
[2026-05-08 09:44:39] SCORE CybSec (purple): Final=671.2, Time=91.2, Moves(19)=0.0, Pins(3)=300.0, Dist=280.0, Win Bonus=0.0
[2026-05-08 09:44:39] MOVE 38: CybSec (purple) 95->83 [0.01ms]
[2026-05-08 09:44:39] SCORE Gruppe 1 (yellow): Final=478.2, Time=90.2, Moves(18)=0.0, Pins(1)=100.0, Dist=288.0, Win Bonus=0.0
[2026-05-08 09:44:39] SCORE CybSec (purple): Final=673.0, Time=91.0, Moves(20)=0.0, Pins(3)=300.0, Dist=282.0, Win Bonus=0.0
[2026-05-08 09:44:40] MOVE 39: Gruppe 1 (yellow) 68->97 [0.01ms]
[2026-05-08 09:44:40] SCORE Gruppe 1 (yellow): Final=589.3, Time=89.3, Moves(19)=0.0, Pins(2)=200.0, Dist=300.0, Win Bonus=0.0
[2026-05-08 09:44:40] SCORE CybSec (purple): Final=673.0, Time=91.0, Moves(20)=0.0, Pins(3)=300.0, Dist=282.0, Win Bonus=0.0
[2026-05-08 09:44:40] MOVE 40: CybSec (purple) 105->103 [0.01ms]
[2026-05-08 09:44:40] SCORE Gruppe 1 (yellow): Final=589.3, Time=89.3, Moves(19)=0.0, Pins(2)=200.0, Dist=300.0, Win Bonus=0.0
[2026-05-08 09:44:40] SCORE CybSec (purple): Final=676.7, Time=90.7, Moves(21)=0.0, Pins(3)=300.0, Dist=286.0, Win Bonus=0.0
[2026-05-08 09:44:41] MOVE 41: Gruppe 1 (yellow) 27->28 [0.01ms]
[2026-05-08 09:44:41] SCORE Gruppe 1 (yellow): Final=590.7, Time=88.7, Moves(20)=0.0, Pins(2)=200.0, Dist=302.0, Win Bonus=0.0
[2026-05-08 09:44:41] SCORE CybSec (purple): Final=676.7, Time=90.7, Moves(21)=0.0, Pins(3)=300.0, Dist=286.0, Win Bonus=0.0
[2026-05-08 09:44:41] MOVE 42: CybSec (purple) 104->102 [0.01ms]
[2026-05-08 09:44:41] SCORE Gruppe 1 (yellow): Final=590.7, Time=88.7, Moves(20)=0.0, Pins(2)=200.0, Dist=302.0, Win Bonus=0.0
[2026-05-08 09:44:41] SCORE CybSec (purple): Final=680.5, Time=90.5, Moves(22)=0.0, Pins(3)=300.0, Dist=290.0, Win Bonus=0.0
[2026-05-08 09:44:42] MOVE 43: Gruppe 1 (yellow) 15->40 [0.01ms]
[2026-05-08 09:44:42] SCORE Gruppe 1 (yellow): Final=594.0, Time=88.0, Moves(21)=0.0, Pins(2)=200.0, Dist=306.0, Win Bonus=0.0
[2026-05-08 09:44:42] SCORE CybSec (purple): Final=680.5, Time=90.5, Moves(22)=0.0, Pins(3)=300.0, Dist=290.0, Win Bonus=0.0
[2026-05-08 09:44:42] MOVE 44: CybSec (purple) 64->54 [0.01ms]
[2026-05-08 09:44:42] SCORE Gruppe 1 (yellow): Final=594.0, Time=88.0, Moves(21)=0.0, Pins(2)=200.0, Dist=306.0, Win Bonus=0.0
[2026-05-08 09:44:42] SCORE CybSec (purple): Final=682.1, Time=90.1, Moves(23)=0.0, Pins(3)=300.0, Dist=292.0, Win Bonus=0.0
[2026-05-08 09:44:42] MOVE 45: Gruppe 1 (yellow) 62->110 [0.01ms]
[2026-05-08 09:44:42] SCORE Gruppe 1 (yellow): Final=699.5, Time=87.5, Moves(22)=0.0, Pins(3)=300.0, Dist=312.0, Win Bonus=0.0
[2026-05-08 09:44:42] SCORE CybSec (purple): Final=682.1, Time=90.1, Moves(23)=0.0, Pins(3)=300.0, Dist=292.0, Win Bonus=0.0
[2026-05-08 09:44:43] MOVE 46: CybSec (purple) 96->95 [0.01ms]
[2026-05-08 09:44:43] SCORE Gruppe 1 (yellow): Final=699.5, Time=87.5, Moves(22)=0.0, Pins(3)=300.0, Dist=312.0, Win Bonus=0.0
[2026-05-08 09:44:43] SCORE CybSec (purple): Final=683.9, Time=89.9, Moves(24)=0.0, Pins(3)=300.0, Dist=294.0, Win Bonus=0.0
[2026-05-08 09:44:43] MOVE 47: Gruppe 1 (yellow) 60->85 [0.01ms]
[2026-05-08 09:44:43] SCORE Gruppe 1 (yellow): Final=808.8, Time=86.8, Moves(23)=0.0, Pins(4)=400.0, Dist=322.0, Win Bonus=0.0
[2026-05-08 09:44:43] SCORE CybSec (purple): Final=683.9, Time=89.9, Moves(24)=0.0, Pins(3)=300.0, Dist=294.0, Win Bonus=0.0
[2026-05-08 09:44:44] MOVE 48: CybSec (purple) 83->58 [0.01ms]
[2026-05-08 09:44:44] SCORE Gruppe 1 (yellow): Final=808.8, Time=86.8, Moves(23)=0.0, Pins(4)=400.0, Dist=322.0, Win Bonus=0.0
[2026-05-08 09:44:44] SCORE CybSec (purple): Final=695.7, Time=89.7, Moves(25)=0.0, Pins(3)=300.0, Dist=306.0, Win Bonus=0.0
[2026-05-08 09:44:44] MOVE 49: Gruppe 1 (yellow) 28->71 [0.01ms]
[2026-05-08 09:44:44] SCORE Gruppe 1 (yellow): Final=816.1, Time=86.1, Moves(24)=0.0, Pins(4)=400.0, Dist=330.0, Win Bonus=0.0
[2026-05-08 09:44:44] SCORE CybSec (purple): Final=695.7, Time=89.7, Moves(25)=0.0, Pins(3)=300.0, Dist=306.0, Win Bonus=0.0
[2026-05-08 09:44:45] MOVE 50: CybSec (purple) 54->52 [0.01ms]
[2026-05-08 09:44:45] SCORE Gruppe 1 (yellow): Final=816.1, Time=86.1, Moves(24)=0.0, Pins(4)=400.0, Dist=330.0, Win Bonus=0.0
[2026-05-08 09:44:45] SCORE CybSec (purple): Final=699.3, Time=89.3, Moves(26)=0.0, Pins(3)=300.0, Dist=310.0, Win Bonus=0.0
[2026-05-08 09:44:45] MOVE 51: Gruppe 1 (yellow) 53->63 [0.01ms]
[2026-05-08 09:44:45] SCORE Gruppe 1 (yellow): Final=817.6, Time=85.6, Moves(25)=0.0, Pins(4)=400.0, Dist=332.0, Win Bonus=0.0
[2026-05-08 09:44:45] SCORE CybSec (purple): Final=699.3, Time=89.3, Moves(26)=0.0, Pins(3)=300.0, Dist=310.0, Win Bonus=0.0
[2026-05-08 09:44:45] MOVE 52: CybSec (purple) 73->28 [0.00ms]
[2026-05-08 09:44:45] SCORE Gruppe 1 (yellow): Final=817.6, Time=85.6, Moves(25)=0.0, Pins(4)=400.0, Dist=332.0, Win Bonus=0.0
[2026-05-08 09:44:45] SCORE CybSec (purple): Final=711.2, Time=89.2, Moves(27)=0.0, Pins(3)=300.0, Dist=322.0, Win Bonus=0.0
[2026-05-08 09:44:46] MOVE 53: Gruppe 1 (yellow) 71->73 [0.01ms]
[2026-05-08 09:44:46] SCORE Gruppe 1 (yellow): Final=820.6, Time=84.6, Moves(26)=0.0, Pins(4)=400.0, Dist=336.0, Win Bonus=0.0
[2026-05-08 09:44:46] SCORE CybSec (purple): Final=711.2, Time=89.2, Moves(27)=0.0, Pins(3)=300.0, Dist=322.0, Win Bonus=0.0
[2026-05-08 09:44:46] MOVE 54: CybSec (purple) 58->12 [0.01ms]
[2026-05-08 09:44:46] SCORE Gruppe 1 (yellow): Final=820.6, Time=84.6, Moves(26)=0.0, Pins(4)=400.0, Dist=336.0, Win Bonus=0.0
[2026-05-08 09:44:46] SCORE CybSec (purple): Final=817.0, Time=89.0, Moves(28)=0.0, Pins(4)=400.0, Dist=328.0, Win Bonus=0.0
[2026-05-08 09:44:47] MOVE 55: Gruppe 1 (yellow) 63->107 [0.01ms]
[2026-05-08 09:44:47] SCORE Gruppe 1 (yellow): Final=923.9, Time=83.9, Moves(27)=0.0, Pins(5)=500.0, Dist=340.0, Win Bonus=0.0
[2026-05-08 09:44:47] SCORE CybSec (purple): Final=817.0, Time=89.0, Moves(28)=0.0, Pins(4)=400.0, Dist=328.0, Win Bonus=0.0
[2026-05-08 09:44:47] MOVE 56: CybSec (purple) 103->90 [0.01ms]
[2026-05-08 09:44:47] SCORE Gruppe 1 (yellow): Final=923.9, Time=83.9, Moves(27)=0.0, Pins(5)=500.0, Dist=340.0, Win Bonus=0.0
[2026-05-08 09:44:47] SCORE CybSec (purple): Final=818.8, Time=88.8, Moves(29)=0.0, Pins(4)=400.0, Dist=330.0, Win Bonus=0.0
[2026-05-08 09:44:48] MOVE 57: Gruppe 1 (yellow) 73->84 [0.01ms]
[2026-05-08 09:44:48] SCORE Gruppe 1 (yellow): Final=1025.2, Time=83.2, Moves(28)=0.0, Pins(6)=600.0, Dist=342.0, Win Bonus=0.0
[2026-05-08 09:44:48] SCORE CybSec (purple): Final=818.8, Time=88.8, Moves(29)=0.0, Pins(4)=400.0, Dist=330.0, Win Bonus=0.0
[2026-05-08 09:44:48] MOVE 58: CybSec (purple) 95->83 [0.01ms]
[2026-05-08 09:44:48] SCORE Gruppe 1 (yellow): Final=1025.2, Time=83.2, Moves(28)=0.0, Pins(6)=600.0, Dist=342.0, Win Bonus=0.0
[2026-05-08 09:44:48] SCORE CybSec (purple): Final=820.6, Time=88.6, Moves(30)=0.0, Pins(4)=400.0, Dist=332.0, Win Bonus=0.0
[2026-05-08 09:44:49] MOVE 59: Gruppe 1 (yellow) 38->39 [0.01ms]
[2026-05-08 09:44:49] SCORE Gruppe 1 (yellow): Final=1026.4, Time=82.4, Moves(29)=0.0, Pins(6)=600.0, Dist=344.0, Win Bonus=0.0
[2026-05-08 09:44:49] SCORE CybSec (purple): Final=820.6, Time=88.6, Moves(30)=0.0, Pins(4)=400.0, Dist=332.0, Win Bonus=0.0
[2026-05-08 09:44:49] MOVE 60: CybSec (purple) 28->27 [0.01ms]
[2026-05-08 09:44:49] SCORE Gruppe 1 (yellow): Final=1026.4, Time=82.4, Moves(29)=0.0, Pins(6)=600.0, Dist=344.0, Win Bonus=0.0
[2026-05-08 09:44:49] SCORE CybSec (purple): Final=822.5, Time=88.5, Moves(31)=0.0, Pins(4)=400.0, Dist=334.0, Win Bonus=0.0
[2026-05-08 09:44:50] MOVE 61: Gruppe 1 (yellow) 39->62 [0.01ms]
[2026-05-08 09:44:50] SCORE Gruppe 1 (yellow): Final=1033.4, Time=81.4, Moves(30)=0.0, Pins(6)=600.0, Dist=352.0, Win Bonus=0.0
[2026-05-08 09:44:50] SCORE CybSec (purple): Final=822.5, Time=88.5, Moves(31)=0.0, Pins(4)=400.0, Dist=334.0, Win Bonus=0.0
[2026-05-08 09:44:50] MOVE 62: CybSec (purple) 27->14 [0.01ms]
[2026-05-08 09:44:50] SCORE Gruppe 1 (yellow): Final=1033.4, Time=81.4, Moves(30)=0.0, Pins(6)=600.0, Dist=352.0, Win Bonus=0.0
[2026-05-08 09:44:50] SCORE CybSec (purple): Final=824.2, Time=88.2, Moves(32)=0.0, Pins(4)=400.0, Dist=336.0, Win Bonus=0.0
[2026-05-08 09:44:51] MOVE 63: Gruppe 1 (yellow) 62->72 [0.01ms]
[2026-05-08 09:44:51] SCORE Gruppe 1 (yellow): Final=1034.8, Time=80.8, Moves(31)=0.0, Pins(6)=600.0, Dist=354.0, Win Bonus=0.0
[2026-05-08 09:44:51] SCORE CybSec (purple): Final=824.2, Time=88.2, Moves(32)=0.0, Pins(4)=400.0, Dist=336.0, Win Bonus=0.0
[2026-05-08 09:44:51] MOVE 64: CybSec (purple) 83->58 [0.01ms]
[2026-05-08 09:44:51] SCORE Gruppe 1 (yellow): Final=1034.8, Time=80.8, Moves(31)=0.0, Pins(6)=600.0, Dist=354.0, Win Bonus=0.0
[2026-05-08 09:44:51] SCORE CybSec (purple): Final=836.0, Time=88.0, Moves(33)=0.0, Pins(4)=400.0, Dist=348.0, Win Bonus=0.0
[2026-05-08 09:44:52] MOVE 65: Gruppe 1 (yellow) 72->83 [0.01ms]
[2026-05-08 09:44:52] SCORE Gruppe 1 (yellow): Final=1036.1, Time=80.1, Moves(32)=0.0, Pins(6)=600.0, Dist=356.0, Win Bonus=0.0
[2026-05-08 09:44:52] SCORE CybSec (purple): Final=836.0, Time=88.0, Moves(33)=0.0, Pins(4)=400.0, Dist=348.0, Win Bonus=0.0
[2026-05-08 09:44:52] MOVE 66: CybSec (purple) 14->13 [0.01ms]
[2026-05-08 09:44:52] SCORE Gruppe 1 (yellow): Final=1036.1, Time=80.1, Moves(32)=0.0, Pins(6)=600.0, Dist=356.0, Win Bonus=0.0
[2026-05-08 09:44:52] SCORE CybSec (purple): Final=937.7, Time=87.7, Moves(34)=0.0, Pins(5)=500.0, Dist=350.0, Win Bonus=0.0
[2026-05-08 09:44:53] MOVE 67: Gruppe 1 (yellow) 83->95 [0.01ms]
[2026-05-08 09:44:53] SCORE Gruppe 1 (yellow): Final=1137.4, Time=79.4, Moves(33)=0.0, Pins(7)=700.0, Dist=358.0, Win Bonus=0.0
[2026-05-08 09:44:53] SCORE CybSec (purple): Final=937.7, Time=87.7, Moves(34)=0.0, Pins(5)=500.0, Dist=350.0, Win Bonus=0.0
[2026-05-08 09:44:53] MOVE 68: CybSec (purple) 90->89 [0.01ms]
[2026-05-08 09:44:53] SCORE Gruppe 1 (yellow): Final=1137.4, Time=79.4, Moves(33)=0.0, Pins(7)=700.0, Dist=358.0, Win Bonus=0.0
[2026-05-08 09:44:53] SCORE CybSec (purple): Final=939.6, Time=87.5, Moves(35)=0.0, Pins(5)=500.0, Dist=352.0, Win Bonus=0.0
[2026-05-08 09:44:54] MOVE 69: Gruppe 1 (yellow) 56->57 [0.01ms]
[2026-05-08 09:44:54] SCORE Gruppe 1 (yellow): Final=1138.7, Time=78.7, Moves(34)=0.0, Pins(7)=700.0, Dist=360.0, Win Bonus=0.0
[2026-05-08 09:44:54] SCORE CybSec (purple): Final=939.6, Time=87.5, Moves(35)=0.0, Pins(5)=500.0, Dist=352.0, Win Bonus=0.0
[2026-05-08 09:44:54] MOVE 70: CybSec (purple) 58->56 [0.01ms]
[2026-05-08 09:44:54] SCORE Gruppe 1 (yellow): Final=1138.7, Time=78.7, Moves(34)=0.0, Pins(7)=700.0, Dist=360.0, Win Bonus=0.0
[2026-05-08 09:44:54] SCORE CybSec (purple): Final=943.4, Time=87.3, Moves(36)=0.1, Pins(5)=500.0, Dist=356.0, Win Bonus=0.0
[2026-05-08 09:44:55] MOVE 71: Gruppe 1 (yellow) 57->58 [0.01ms]
[2026-05-08 09:44:55] SCORE Gruppe 1 (yellow): Final=1139.9, Time=77.9, Moves(35)=0.0, Pins(7)=700.0, Dist=362.0, Win Bonus=0.0
[2026-05-08 09:44:55] SCORE CybSec (purple): Final=943.4, Time=87.3, Moves(36)=0.1, Pins(5)=500.0, Dist=356.0, Win Bonus=0.0
[2026-05-08 09:44:55] MOVE 72: CybSec (purple) 56->46 [0.01ms]
[2026-05-08 09:44:55] SCORE Gruppe 1 (yellow): Final=1139.9, Time=77.9, Moves(35)=0.0, Pins(7)=700.0, Dist=362.0, Win Bonus=0.0
[2026-05-08 09:44:55] SCORE CybSec (purple): Final=1045.1, Time=87.0, Moves(37)=0.1, Pins(6)=600.0, Dist=358.0, Win Bonus=0.0
[2026-05-08 09:44:56] MOVE 73: Gruppe 1 (yellow) 58->62 [0.01ms]
[2026-05-08 09:44:56] SCORE Gruppe 1 (yellow): Final=1147.4, Time=77.3, Moves(36)=0.1, Pins(7)=700.0, Dist=370.0, Win Bonus=0.0
[2026-05-08 09:44:56] SCORE CybSec (purple): Final=1045.1, Time=87.0, Moves(37)=0.1, Pins(6)=600.0, Dist=358.0, Win Bonus=0.0
[2026-05-08 09:44:56] MOVE 74: CybSec (purple) 102->77 [0.01ms]
[2026-05-08 09:44:56] SCORE Gruppe 1 (yellow): Final=1147.4, Time=77.3, Moves(36)=0.1, Pins(7)=700.0, Dist=370.0, Win Bonus=0.0
[2026-05-08 09:44:56] SCORE CybSec (purple): Final=1048.9, Time=86.7, Moves(38)=0.2, Pins(6)=600.0, Dist=362.0, Win Bonus=0.0
[2026-05-08 09:44:57] MOVE 75: Gruppe 1 (yellow) 62->72 [0.01ms]
[2026-05-08 09:44:57] SCORE Gruppe 1 (yellow): Final=1148.7, Time=76.6, Moves(37)=0.1, Pins(7)=700.0, Dist=372.0, Win Bonus=0.0
[2026-05-08 09:44:57] SCORE CybSec (purple): Final=1048.9, Time=86.7, Moves(38)=0.2, Pins(6)=600.0, Dist=362.0, Win Bonus=0.0
[2026-05-08 09:44:57] MOVE 76: CybSec (purple) 89->66 [0.01ms]
[2026-05-08 09:44:57] SCORE Gruppe 1 (yellow): Final=1148.7, Time=76.6, Moves(37)=0.1, Pins(7)=700.0, Dist=372.0, Win Bonus=0.0
[2026-05-08 09:44:57] SCORE CybSec (purple): Final=1052.8, Time=86.4, Moves(39)=0.3, Pins(6)=600.0, Dist=366.0, Win Bonus=0.0
[2026-05-08 09:44:58] MOVE 77: Gruppe 1 (yellow) 40->51 [0.00ms]
[2026-05-08 09:44:58] SCORE Gruppe 1 (yellow): Final=1150.2, Time=76.0, Moves(38)=0.2, Pins(7)=700.0, Dist=374.0, Win Bonus=0.0
[2026-05-08 09:44:58] SCORE CybSec (purple): Final=1052.8, Time=86.4, Moves(39)=0.3, Pins(6)=600.0, Dist=366.0, Win Bonus=0.0
[2026-05-08 09:44:58] MOVE 78: CybSec (purple) 77->56 [0.01ms]
[2026-05-08 09:44:58] SCORE Gruppe 1 (yellow): Final=1150.2, Time=76.0, Moves(38)=0.2, Pins(7)=700.0, Dist=374.0, Win Bonus=0.0
[2026-05-08 09:44:58] SCORE CybSec (purple): Final=1056.6, Time=86.1, Moves(40)=0.5, Pins(6)=600.0, Dist=370.0, Win Bonus=0.0
[2026-05-08 09:44:59] MOVE 79: Gruppe 1 (yellow) 51->96 [0.01ms]
[2026-05-08 09:44:59] SCORE Gruppe 1 (yellow): Final=1259.7, Time=75.4, Moves(39)=0.3, Pins(8)=800.0, Dist=384.0, Win Bonus=0.0
[2026-05-08 09:44:59] SCORE CybSec (purple): Final=1056.6, Time=86.1, Moves(40)=0.5, Pins(6)=600.0, Dist=370.0, Win Bonus=0.0
[2026-05-08 09:44:59] MOVE 80: CybSec (purple) 52->41 [0.01ms]
[2026-05-08 09:44:59] SCORE Gruppe 1 (yellow): Final=1259.7, Time=75.4, Moves(39)=0.3, Pins(8)=800.0, Dist=384.0, Win Bonus=0.0
[2026-05-08 09:44:59] SCORE CybSec (purple): Final=1058.4, Time=85.8, Moves(41)=0.6, Pins(6)=600.0, Dist=372.0, Win Bonus=0.0
[2026-05-08 09:45:00] MOVE 81: Gruppe 1 (yellow) 84->109 [0.01ms]
[2026-05-08 09:45:00] SCORE Gruppe 1 (yellow): Final=1259.2, Time=74.7, Moves(40)=0.5, Pins(8)=800.0, Dist=384.0, Win Bonus=0.0
[2026-05-08 09:45:00] SCORE CybSec (purple): Final=1058.4, Time=85.8, Moves(41)=0.6, Pins(6)=600.0, Dist=372.0, Win Bonus=0.0
[2026-05-08 09:45:00] MOVE 82: CybSec (purple) 41->40 [0.01ms]
[2026-05-08 09:45:00] SCORE Gruppe 1 (yellow): Final=1259.2, Time=74.7, Moves(40)=0.5, Pins(8)=800.0, Dist=384.0, Win Bonus=0.0
[2026-05-08 09:45:00] SCORE CybSec (purple): Final=1060.3, Time=85.5, Moves(42)=0.8, Pins(6)=600.0, Dist=374.0, Win Bonus=0.0
[2026-05-08 09:45:01] MOVE 83: Gruppe 1 (yellow) 72->83 [0.01ms]
[2026-05-08 09:45:01] SCORE Gruppe 1 (yellow): Final=1260.7, Time=74.1, Moves(41)=0.6, Pins(8)=800.0, Dist=386.0, Win Bonus=0.0
[2026-05-08 09:45:01] SCORE CybSec (purple): Final=1060.3, Time=85.5, Moves(42)=0.8, Pins(6)=600.0, Dist=374.0, Win Bonus=0.0
[2026-05-08 09:45:01] MOVE 84: CybSec (purple) 40->28 [0.01ms]
[2026-05-08 09:45:01] SCORE Gruppe 1 (yellow): Final=1260.7, Time=74.1, Moves(41)=0.6, Pins(8)=800.0, Dist=386.0, Win Bonus=0.0
[2026-05-08 09:45:01] SCORE CybSec (purple): Final=1062.1, Time=85.2, Moves(43)=0.9, Pins(6)=600.0, Dist=376.0, Win Bonus=0.0
[2026-05-08 09:45:02] MOVE 85: Gruppe 1 (yellow) 83->108 [0.01ms]
[2026-05-08 09:45:02] SCORE Gruppe 1 (yellow): Final=1362.1, Time=73.4, Moves(42)=0.8, Pins(9)=900.0, Dist=388.0, Win Bonus=0.0
[2026-05-08 09:45:02] SCORE CybSec (purple): Final=1062.1, Time=85.2, Moves(43)=0.9, Pins(6)=600.0, Dist=376.0, Win Bonus=0.0
[2026-05-08 09:45:02] MOVE 86: CybSec (purple) 61->60 [0.01ms]
[2026-05-08 09:45:02] SCORE Gruppe 1 (yellow): Final=1362.1, Time=73.4, Moves(42)=0.8, Pins(9)=900.0, Dist=388.0, Win Bonus=0.0
[2026-05-08 09:45:02] SCORE CybSec (purple): Final=1063.9, Time=84.9, Moves(44)=1.0, Pins(6)=600.0, Dist=378.0, Win Bonus=0.0
[2026-05-08 09:45:03] MOVE 87: Gruppe 1 (yellow) 59->61 [0.00ms]
[2026-05-08 09:45:03] SCORE Gruppe 1 (yellow): Final=1365.6, Time=72.7, Moves(43)=0.9, Pins(9)=900.0, Dist=392.0, Win Bonus=0.0
[2026-05-08 09:45:03] SCORE CybSec (purple): Final=1063.9, Time=84.9, Moves(44)=1.0, Pins(6)=600.0, Dist=378.0, Win Bonus=0.0
[2026-05-08 09:45:03] MOVE 88: CybSec (purple) 60->50 [0.01ms]
[2026-05-08 09:45:03] SCORE Gruppe 1 (yellow): Final=1365.6, Time=72.7, Moves(43)=0.9, Pins(9)=900.0, Dist=392.0, Win Bonus=0.0
[2026-05-08 09:45:03] SCORE CybSec (purple): Final=1065.7, Time=84.7, Moves(45)=1.0, Pins(6)=600.0, Dist=380.0, Win Bonus=0.0
[2026-05-08 09:45:03] MOVE 89: Gruppe 1 (yellow) 61->62 [0.01ms]
[2026-05-08 09:45:03] SCORE Gruppe 1 (yellow): Final=1367.1, Time=72.1, Moves(44)=1.0, Pins(9)=900.0, Dist=394.0, Win Bonus=0.0
[2026-05-08 09:45:03] SCORE CybSec (purple): Final=1065.7, Time=84.7, Moves(45)=1.0, Pins(6)=600.0, Dist=380.0, Win Bonus=0.0
[2026-05-08 09:45:04] MOVE 90: CybSec (purple) 50->49 [0.01ms]
[2026-05-08 09:45:04] SCORE Gruppe 1 (yellow): Final=1367.1, Time=72.1, Moves(44)=1.0, Pins(9)=900.0, Dist=394.0, Win Bonus=0.0
[2026-05-08 09:45:04] SCORE CybSec (purple): Final=1067.4, Time=84.4, Moves(46)=1.0, Pins(6)=600.0, Dist=382.0, Win Bonus=0.0
[2026-05-08 09:45:04] MOVE 91: Gruppe 1 (yellow) 62->72 [0.00ms]
[2026-05-08 09:45:04] SCORE Gruppe 1 (yellow): Final=1368.6, Time=71.6, Moves(45)=1.0, Pins(9)=900.0, Dist=396.0, Win Bonus=0.0
[2026-05-08 09:45:04] SCORE CybSec (purple): Final=1067.4, Time=84.4, Moves(46)=1.0, Pins(6)=600.0, Dist=382.0, Win Bonus=0.0
[2026-05-08 09:45:04] MOVE 92: CybSec (purple) 49->38 [0.01ms]
[2026-05-08 09:45:04] SCORE Gruppe 1 (yellow): Final=1368.6, Time=71.6, Moves(45)=1.0, Pins(9)=900.0, Dist=396.0, Win Bonus=0.0
[2026-05-08 09:45:04] SCORE CybSec (purple): Final=1069.3, Time=84.3, Moves(47)=1.0, Pins(6)=600.0, Dist=384.0, Win Bonus=0.0
[2026-05-08 09:45:05] MOVE 93: Gruppe 1 (yellow) 72->83 [0.01ms]
[2026-05-08 09:45:05] SCORE Gruppe 1 (yellow): Final=1369.6, Time=70.6, Moves(46)=1.0, Pins(9)=900.0, Dist=398.0, Win Bonus=0.0
[2026-05-08 09:45:05] SCORE CybSec (purple): Final=1069.3, Time=84.3, Moves(47)=1.0, Pins(6)=600.0, Dist=384.0, Win Bonus=0.0
[2026-05-08 09:45:06] MOVE 94: CybSec (purple) 28->27 [0.01ms]
[2026-05-08 09:45:06] SCORE Gruppe 1 (yellow): Final=1369.6, Time=70.6, Moves(46)=1.0, Pins(9)=900.0, Dist=398.0, Win Bonus=0.0
[2026-05-08 09:45:06] SCORE CybSec (purple): Final=1070.8, Time=83.8, Moves(48)=1.0, Pins(6)=600.0, Dist=386.0, Win Bonus=0.0
[2026-05-08 09:45:06] MOVE 95: Gruppe 1 (yellow) 83->84 [0.01ms]
[2026-05-08 09:45:06] SCORE Gruppe 1 (yellow): Final=2471.0, Time=70.0, Moves(47)=1.0, Pins(10)=1000.0, Dist=400.0, Win Bonus=1000.0
[2026-05-08 09:45:06] SCORE CybSec (purple): Final=1070.8, Time=83.8, Moves(48)=1.0, Pins(6)=600.0, Dist=386.0, Win Bonus=0.0
