[2026-05-11 10:50:23] GAME CREATED
[2026-05-11 10:50:28] PLAYER JOINED: A as yellow
[2026-05-11 10:50:39] PLAYER JOINED: D as purple
[2026-05-11 10:50:39] PLAYER START: A (yellow)
[2026-05-11 10:50:39] PLAYER START: D (purple)
[2026-05-11 10:50:39] GAME START — turn order ['yellow', 'purple']
[2026-05-11 10:50:40] PLAYER START: A (yellow)
[2026-05-11 10:50:40] PLAYER START: D (purple)
[2026-05-11 10:50:41] SCORE A (yellow): Final=0.0, Time=0.0, Moves(0)=0.0, Pins(0)=0.0, Dist=0.0, Win Bonus=0.0
[2026-05-11 10:50:41] SCORE D (purple): Final=0.0, Time=0.0, Moves(0)=0.0, Pins(0)=0.0, Dist=0.0, Win Bonus=0.0
[2026-05-11 10:50:41] TURN TIMEOUT: Player with colour yellow exceeded 2s at move 0. Turn skipped.
[2026-05-11 10:50:42] MOVE 1: D (purple) 95->94 [0.01ms]
[2026-05-11 10:50:42] SCORE A (yellow): Final=0.0, Time=0.0, Moves(0)=0.0, Pins(0)=0.0, Dist=0.0, Win Bonus=0.0
[2026-05-11 10:50:42] SCORE D (purple): Final=281.0, Time=99.0, Moves(1)=0.0, Pins(0)=0.0, Dist=182.0, Win Bonus=0.0
[2026-05-11 10:50:45] SCORE A (yellow): Final=0.0, Time=0.0, Moves(0)=0.0, Pins(0)=0.0, Dist=0.0, Win Bonus=0.0
[2026-05-11 10:50:45] SCORE D (purple): Final=281.0, Time=99.0, Moves(1)=0.0, Pins(0)=0.0, Dist=182.0, Win Bonus=0.0
[2026-05-11 10:50:45] TURN TIMEOUT: Player with colour yellow exceeded 2s at move 1. Turn skipped.
[2026-05-11 10:50:47] SCORE A (yellow): Final=0.0, Time=0.0, Moves(0)=0.0, Pins(0)=0.0, Dist=0.0, Win Bonus=0.0
[2026-05-11 10:50:47] SCORE D (purple): Final=281.0, Time=99.0, Moves(1)=0.0, Pins(0)=0.0, Dist=182.0, Win Bonus=0.0
[2026-05-11 10:50:47] TURN TIMEOUT: Player with colour purple exceeded 2s at move 1. Turn skipped.
[2026-05-11 10:50:49] SCORE A (yellow): Final=0.0, Time=0.0, Moves(0)=0.0, Pins(0)=0.0, Dist=0.0, Win Bonus=0.0
[2026-05-11 10:50:49] SCORE D (purple): Final=281.0, Time=99.0, Moves(1)=0.0, Pins(0)=0.0, Dist=182.0, Win Bonus=0.0
[2026-05-11 10:50:49] TURN TIMEOUT: Player with colour yellow exceeded 2s at move 1. Turn skipped.
[2026-05-11 10:50:50] MOVE 2: D (purple) 94->83 [0.01ms]
[2026-05-11 10:50:50] SCORE A (yellow): Final=0.0, Time=0.0, Moves(0)=0.0, Pins(0)=0.0, Dist=0.0, Win Bonus=0.0
[2026-05-11 10:50:50] SCORE D (purple): Final=280.0, Time=98.0, Moves(2)=0.0, Pins(0)=0.0, Dist=182.0, Win Bonus=0.0
[2026-05-11 10:50:51] MOVE 3: A (yellow) 25->37 [0.00ms]
[2026-05-11 10:50:51] SCORE A (yellow): Final=280.6, Time=98.6, Moves(1)=0.0, Pins(0)=0.0, Dist=182.0, Win Bonus=0.0
[2026-05-11 10:50:51] SCORE D (purple): Final=280.0, Time=98.0, Moves(2)=0.0, Pins(0)=0.0, Dist=182.0, Win Bonus=0.0
[2026-05-11 10:50:52] MOVE 4: D (purple) 83->82 [0.00ms]
[2026-05-11 10:50:52] SCORE A (yellow): Final=280.6, Time=98.6, Moves(1)=0.0, Pins(0)=0.0, Dist=182.0, Win Bonus=0.0
[2026-05-11 10:50:52] SCORE D (purple): Final=280.9, Time=96.9, Moves(3)=0.0, Pins(0)=0.0, Dist=184.0, Win Bonus=0.0
[2026-05-11 10:50:54] SCORE A (yellow): Final=280.6, Time=98.6, Moves(1)=0.0, Pins(0)=0.0, Dist=182.0, Win Bonus=0.0
[2026-05-11 10:50:54] SCORE D (purple): Final=280.9, Time=96.9, Moves(3)=0.0, Pins(0)=0.0, Dist=184.0, Win Bonus=0.0
[2026-05-11 10:50:54] TURN TIMEOUT: Player with colour yellow exceeded 2s at move 4. Turn skipped.
[2026-05-11 10:50:55] MOVE 5: D (purple) 82->81 [0.00ms]
[2026-05-11 10:50:55] SCORE A (yellow): Final=280.6, Time=98.6, Moves(1)=0.0, Pins(0)=0.0, Dist=182.0, Win Bonus=0.0
[2026-05-11 10:50:55] SCORE D (purple): Final=281.9, Time=95.9, Moves(4)=0.0, Pins(0)=0.0, Dist=186.0, Win Bonus=0.0
[2026-05-11 10:50:57] MOVE 6: A (yellow) 46->25 [0.00ms]
[2026-05-11 10:50:57] SCORE A (yellow): Final=279.1, Time=97.1, Moves(2)=0.0, Pins(0)=0.0, Dist=182.0, Win Bonus=0.0
[2026-05-11 10:50:57] SCORE D (purple): Final=281.9, Time=95.9, Moves(4)=0.0, Pins(0)=0.0, Dist=186.0, Win Bonus=0.0
[2026-05-11 10:50:58] MOVE 7: D (purple) 74->64 [0.00ms]
[2026-05-11 10:50:58] SCORE A (yellow): Final=279.1, Time=97.1, Moves(2)=0.0, Pins(0)=0.0, Dist=182.0, Win Bonus=0.0
[2026-05-11 10:50:58] SCORE D (purple): Final=282.8, Time=94.8, Moves(5)=0.0, Pins(0)=0.0, Dist=188.0, Win Bonus=0.0
[2026-05-11 10:50:59] MOVE 8: A (yellow) 35->46 [0.01ms]
[2026-05-11 10:50:59] SCORE A (yellow): Final=279.7, Time=95.7, Moves(3)=0.0, Pins(0)=0.0, Dist=184.0, Win Bonus=0.0
[2026-05-11 10:50:59] SCORE D (purple): Final=282.8, Time=94.8, Moves(5)=0.0, Pins(0)=0.0, Dist=188.0, Win Bonus=0.0
[2026-05-11 10:51:00] MOVE 9: D (purple) 85->74 [0.00ms]
[2026-05-11 10:51:00] SCORE A (yellow): Final=279.7, Time=95.7, Moves(3)=0.0, Pins(0)=0.0, Dist=184.0, Win Bonus=0.0
[2026-05-11 10:51:00] SCORE D (purple): Final=283.7, Time=93.7, Moves(6)=0.0, Pins(0)=0.0, Dist=190.0, Win Bonus=0.0
[2026-05-11 10:51:02] SCORE A (yellow): Final=279.7, Time=95.7, Moves(3)=0.0, Pins(0)=0.0, Dist=184.0, Win Bonus=0.0
[2026-05-11 10:51:02] SCORE D (purple): Final=283.7, Time=93.7, Moves(6)=0.0, Pins(0)=0.0, Dist=190.0, Win Bonus=0.0
[2026-05-11 10:51:02] TURN TIMEOUT: Player with colour yellow exceeded 2s at move 9. Turn skipped.
[2026-05-11 10:51:04] SCORE A (yellow): Final=279.7, Time=95.7, Moves(3)=0.0, Pins(0)=0.0, Dist=184.0, Win Bonus=0.0
[2026-05-11 10:51:04] SCORE D (purple): Final=283.7, Time=93.7, Moves(6)=0.0, Pins(0)=0.0, Dist=190.0, Win Bonus=0.0
[2026-05-11 10:51:04] TURN TIMEOUT: Player with colour purple exceeded 2s at move 9. Turn skipped.
[2026-05-11 10:51:06] MOVE 10: A (yellow) 25->26 [0.00ms]
[2026-05-11 10:51:06] SCORE A (yellow): Final=280.2, Time=94.2, Moves(4)=0.0, Pins(0)=0.0, Dist=186.0, Win Bonus=0.0
[2026-05-11 10:51:06] SCORE D (purple): Final=283.7, Time=93.7, Moves(6)=0.0, Pins(0)=0.0, Dist=190.0, Win Bonus=0.0
[2026-05-11 10:51:08] SCORE A (yellow): Final=280.2, Time=94.2, Moves(4)=0.0, Pins(0)=0.0, Dist=186.0, Win Bonus=0.0
[2026-05-11 10:51:08] SCORE D (purple): Final=283.7, Time=93.7, Moves(6)=0.0, Pins(0)=0.0, Dist=190.0, Win Bonus=0.0
[2026-05-11 10:51:08] TURN TIMEOUT: Player with colour purple exceeded 2s at move 10. Turn skipped.
[2026-05-11 10:51:10] SCORE A (yellow): Final=280.2, Time=94.2, Moves(4)=0.0, Pins(0)=0.0, Dist=186.0, Win Bonus=0.0
[2026-05-11 10:51:10] SCORE D (purple): Final=283.7, Time=93.7, Moves(6)=0.0, Pins(0)=0.0, Dist=190.0, Win Bonus=0.0
[2026-05-11 10:51:10] TURN TIMEOUT: Player with colour yellow exceeded 2s at move 10. Turn skipped.
[2026-05-11 10:51:12] SCORE A (yellow): Final=280.2, Time=94.2, Moves(4)=0.0, Pins(0)=0.0, Dist=186.0, Win Bonus=0.0
[2026-05-11 10:51:12] SCORE D (purple): Final=283.7, Time=93.7, Moves(6)=0.0, Pins(0)=0.0, Dist=190.0, Win Bonus=0.0
[2026-05-11 10:51:12] TURN TIMEOUT: Player with colour purple exceeded 2s at move 10. Turn skipped.
[2026-05-11 10:51:13] MOVE 11: A (yellow) 26->38 [0.00ms]
[2026-05-11 10:51:13] SCORE A (yellow): Final=281.2, Time=93.2, Moves(5)=0.0, Pins(0)=0.0, Dist=188.0, Win Bonus=0.0
[2026-05-11 10:51:13] SCORE D (purple): Final=283.7, Time=93.7, Moves(6)=0.0, Pins(0)=0.0, Dist=190.0, Win Bonus=0.0
[2026-05-11 10:51:15] SCORE A (yellow): Final=281.2, Time=93.2, Moves(5)=0.0, Pins(0)=0.0, Dist=188.0, Win Bonus=0.0
[2026-05-11 10:51:15] SCORE D (purple): Final=283.7, Time=93.7, Moves(6)=0.0, Pins(0)=0.0, Dist=190.0, Win Bonus=0.0
[2026-05-11 10:51:15] TURN TIMEOUT: Player with colour purple exceeded 2s at move 11. Turn skipped.
[2026-05-11 10:51:16] MOVE 12: A (yellow) 13->14 [0.00ms]
[2026-05-11 10:51:16] SCORE A (yellow): Final=282.2, Time=92.2, Moves(6)=0.0, Pins(0)=0.0, Dist=190.0, Win Bonus=0.0
[2026-05-11 10:51:16] SCORE D (purple): Final=283.7, Time=93.7, Moves(6)=0.0, Pins(0)=0.0, Dist=190.0, Win Bonus=0.0
[2026-05-11 10:51:17] MOVE 13: D (purple) 81->92 [0.00ms]
[2026-05-11 10:51:17] SCORE A (yellow): Final=282.2, Time=92.2, Moves(6)=0.0, Pins(0)=0.0, Dist=190.0, Win Bonus=0.0
[2026-05-11 10:51:17] SCORE D (purple): Final=282.2, Time=92.2, Moves(7)=0.0, Pins(0)=0.0, Dist=190.0, Win Bonus=0.0
[2026-05-11 10:51:18] MOVE 14: A (yellow) 24->25 [0.00ms]
[2026-05-11 10:51:18] SCORE A (yellow): Final=283.1, Time=91.1, Moves(7)=0.0, Pins(0)=0.0, Dist=192.0, Win Bonus=0.0
[2026-05-11 10:51:18] SCORE D (purple): Final=282.2, Time=92.2, Moves(7)=0.0, Pins(0)=0.0, Dist=190.0, Win Bonus=0.0
[2026-05-11 10:51:20] MOVE 15: D (purple) 107->95 [0.01ms]
[2026-05-11 10:51:20] SCORE A (yellow): Final=283.1, Time=91.1, Moves(7)=0.0, Pins(0)=0.0, Dist=192.0, Win Bonus=0.0
[2026-05-11 10:51:20] SCORE D (purple): Final=280.8, Time=90.8, Moves(8)=0.0, Pins(0)=0.0, Dist=190.0, Win Bonus=0.0
[2026-05-11 10:51:21] MOVE 16: A (yellow) 36->15 [0.00ms]
[2026-05-11 10:51:21] SCORE A (yellow): Final=286.0, Time=90.0, Moves(8)=0.0, Pins(0)=0.0, Dist=196.0, Win Bonus=0.0
[2026-05-11 10:51:21] SCORE D (purple): Final=280.8, Time=90.8, Moves(8)=0.0, Pins(0)=0.0, Dist=190.0, Win Bonus=0.0
[2026-05-11 10:51:22] MOVE 17: D (purple) 96->85 [0.00ms]
[2026-05-11 10:51:22] SCORE A (yellow): Final=286.0, Time=90.0, Moves(8)=0.0, Pins(0)=0.0, Dist=196.0, Win Bonus=0.0
[2026-05-11 10:51:22] SCORE D (purple): Final=279.3, Time=89.3, Moves(9)=0.0, Pins(0)=0.0, Dist=190.0, Win Bonus=0.0
[2026-05-11 10:51:24] MOVE 18: A (yellow) 23->24 [0.00ms]
[2026-05-11 10:51:24] SCORE A (yellow): Final=286.9, Time=88.9, Moves(9)=0.0, Pins(0)=0.0, Dist=198.0, Win Bonus=0.0
[2026-05-11 10:51:24] SCORE D (purple): Final=279.3, Time=89.3, Moves(9)=0.0, Pins(0)=0.0, Dist=190.0, Win Bonus=0.0
[2026-05-11 10:51:26] SCORE A (yellow): Final=286.9, Time=88.9, Moves(9)=0.0, Pins(0)=0.0, Dist=198.0, Win Bonus=0.0
[2026-05-11 10:51:26] SCORE D (purple): Final=279.3, Time=89.3, Moves(9)=0.0, Pins(0)=0.0, Dist=190.0, Win Bonus=0.0
[2026-05-11 10:51:26] TURN TIMEOUT: Player with colour purple exceeded 2s at move 18. Turn skipped.
[2026-05-11 10:51:28] SCORE A (yellow): Final=286.9, Time=88.9, Moves(9)=0.0, Pins(0)=0.0, Dist=198.0, Win Bonus=0.0
[2026-05-11 10:51:28] SCORE D (purple): Final=279.3, Time=89.3, Moves(9)=0.0, Pins(0)=0.0, Dist=190.0, Win Bonus=0.0
[2026-05-11 10:51:28] TURN TIMEOUT: Player with colour yellow exceeded 2s at move 18. Turn skipped.
[2026-05-11 10:51:29] MOVE 19: D (purple) 84->73 [0.00ms]
[2026-05-11 10:51:29] SCORE A (yellow): Final=286.9, Time=88.9, Moves(9)=0.0, Pins(0)=0.0, Dist=198.0, Win Bonus=0.0
[2026-05-11 10:51:29] SCORE D (purple): Final=280.0, Time=88.0, Moves(10)=0.0, Pins(0)=0.0, Dist=192.0, Win Bonus=0.0
[2026-05-11 10:51:30] MOVE 20: A (yellow) 24->49 [0.00ms]
[2026-05-11 10:51:30] SCORE A (yellow): Final=293.8, Time=87.8, Moves(10)=0.0, Pins(0)=0.0, Dist=206.0, Win Bonus=0.0
[2026-05-11 10:51:30] SCORE D (purple): Final=280.0, Time=88.0, Moves(10)=0.0, Pins(0)=0.0, Dist=192.0, Win Bonus=0.0
[2026-05-11 10:51:32] MOVE 21: D (purple) 92->105 [0.00ms]
[2026-05-11 10:51:32] SCORE A (yellow): Final=293.8, Time=87.8, Moves(10)=0.0, Pins(0)=0.0, Dist=206.0, Win Bonus=0.0
[2026-05-11 10:51:32] SCORE D (purple): Final=276.6, Time=86.6, Moves(11)=0.0, Pins(0)=0.0, Dist=190.0, Win Bonus=0.0
[2026-05-11 10:51:33] MOVE 22: A (yellow) 25->48 [0.00ms]
[2026-05-11 10:51:33] SCORE A (yellow): Final=296.6, Time=86.6, Moves(11)=0.0, Pins(0)=0.0, Dist=210.0, Win Bonus=0.0
[2026-05-11 10:51:33] SCORE D (purple): Final=276.6, Time=86.6, Moves(11)=0.0, Pins(0)=0.0, Dist=190.0, Win Bonus=0.0
[2026-05-11 10:51:34] MOVE 23: D (purple) 85->84 [0.01ms]
[2026-05-11 10:51:34] SCORE A (yellow): Final=296.6, Time=86.6, Moves(11)=0.0, Pins(0)=0.0, Dist=210.0, Win Bonus=0.0
[2026-05-11 10:51:34] SCORE D (purple): Final=277.1, Time=85.1, Moves(12)=0.0, Pins(0)=0.0, Dist=192.0, Win Bonus=0.0
[2026-05-11 10:51:36] SCORE A (yellow): Final=296.6, Time=86.6, Moves(11)=0.0, Pins(0)=0.0, Dist=210.0, Win Bonus=0.0
[2026-05-11 10:51:36] SCORE D (purple): Final=277.1, Time=85.1, Moves(12)=0.0, Pins(0)=0.0, Dist=192.0, Win Bonus=0.0
[2026-05-11 10:51:36] TURN TIMEOUT: Player with colour yellow exceeded 2s at move 23. Turn skipped.
[2026-05-11 10:51:38] SCORE A (yellow): Final=296.6, Time=86.6, Moves(11)=0.0, Pins(0)=0.0, Dist=210.0, Win Bonus=0.0
[2026-05-11 10:51:38] SCORE D (purple): Final=277.1, Time=85.1, Moves(12)=0.0, Pins(0)=0.0, Dist=192.0, Win Bonus=0.0
[2026-05-11 10:51:38] TURN TIMEOUT: Player with colour purple exceeded 2s at move 23. Turn skipped.
[2026-05-11 10:51:39] MOVE 24: A (yellow) 12->24 [0.00ms]
[2026-05-11 10:51:39] SCORE A (yellow): Final=295.6, Time=85.6, Moves(12)=0.0, Pins(0)=0.0, Dist=210.0, Win Bonus=0.0
[2026-05-11 10:51:39] SCORE D (purple): Final=277.1, Time=85.1, Moves(12)=0.0, Pins(0)=0.0, Dist=192.0, Win Bonus=0.0
[2026-05-11 10:51:41] MOVE 25: D (purple) 73->94 [0.00ms]
[2026-05-11 10:51:41] SCORE A (yellow): Final=295.6, Time=85.6, Moves(12)=0.0, Pins(0)=0.0, Dist=210.0, Win Bonus=0.0
[2026-05-11 10:51:41] SCORE D (purple): Final=275.7, Time=83.7, Moves(13)=0.0, Pins(0)=0.0, Dist=192.0, Win Bonus=0.0
[2026-05-11 10:51:43] SCORE A (yellow): Final=295.6, Time=85.6, Moves(12)=0.0, Pins(0)=0.0, Dist=210.0, Win Bonus=0.0
[2026-05-11 10:51:43] SCORE D (purple): Final=275.7, Time=83.7, Moves(13)=0.0, Pins(0)=0.0, Dist=192.0, Win Bonus=0.0
[2026-05-11 10:51:43] TURN TIMEOUT: Player with colour yellow exceeded 2s at move 25. Turn skipped.
[2026-05-11 10:51:44] MOVE 26: D (purple) 64->85 [0.00ms]
[2026-05-11 10:51:44] SCORE A (yellow): Final=295.6, Time=85.6, Moves(12)=0.0, Pins(0)=0.0, Dist=210.0, Win Bonus=0.0
[2026-05-11 10:51:44] SCORE D (purple): Final=270.7, Time=82.7, Moves(14)=0.0, Pins(0)=0.0, Dist=188.0, Win Bonus=0.0
[2026-05-11 10:51:46] SCORE A (yellow): Final=295.6, Time=85.6, Moves(12)=0.0, Pins(0)=0.0, Dist=210.0, Win Bonus=0.0
[2026-05-11 10:51:46] SCORE D (purple): Final=270.7, Time=82.7, Moves(14)=0.0, Pins(0)=0.0, Dist=188.0, Win Bonus=0.0
[2026-05-11 10:51:46] TURN TIMEOUT: Player with colour yellow exceeded 2s at move 26. Turn skipped.
[2026-05-11 10:51:48] SCORE A (yellow): Final=295.6, Time=85.6, Moves(12)=0.0, Pins(0)=0.0, Dist=210.0, Win Bonus=0.0
[2026-05-11 10:51:48] SCORE D (purple): Final=270.7, Time=82.7, Moves(14)=0.0, Pins(0)=0.0, Dist=188.0, Win Bonus=0.0
[2026-05-11 10:51:48] TURN TIMEOUT: Player with colour purple exceeded 2s at move 26. Turn skipped.
[2026-05-11 10:51:50] SCORE A (yellow): Final=295.6, Time=85.6, Moves(12)=0.0, Pins(0)=0.0, Dist=210.0, Win Bonus=0.0
[2026-05-11 10:51:50] SCORE D (purple): Final=270.7, Time=82.7, Moves(14)=0.0, Pins(0)=0.0, Dist=188.0, Win Bonus=0.0
[2026-05-11 10:51:50] TURN TIMEOUT: Player with colour yellow exceeded 2s at move 26. Turn skipped.
[2026-05-11 10:51:52] SCORE A (yellow): Final=295.6, Time=85.6, Moves(12)=0.0, Pins(0)=0.0, Dist=210.0, Win Bonus=0.0
[2026-05-11 10:51:52] SCORE D (purple): Final=270.7, Time=82.7, Moves(14)=0.0, Pins(0)=0.0, Dist=188.0, Win Bonus=0.0
[2026-05-11 10:51:52] TURN TIMEOUT: Player with colour purple exceeded 2s at move 26. Turn skipped.
[2026-05-11 10:51:54] SCORE A (yellow): Final=295.6, Time=85.6, Moves(12)=0.0, Pins(0)=0.0, Dist=210.0, Win Bonus=0.0
[2026-05-11 10:51:54] SCORE D (purple): Final=270.7, Time=82.7, Moves(14)=0.0, Pins(0)=0.0, Dist=188.0, Win Bonus=0.0
[2026-05-11 10:51:54] TURN TIMEOUT: Player with colour yellow exceeded 2s at move 26. Turn skipped.
[2026-05-11 10:51:55] MOVE 27: D (purple) 94->96 [0.00ms]
[2026-05-11 10:51:55] SCORE A (yellow): Final=295.6, Time=85.6, Moves(12)=0.0, Pins(0)=0.0, Dist=210.0, Win Bonus=0.0
[2026-05-11 10:51:55] SCORE D (purple): Final=265.7, Time=81.7, Moves(15)=0.0, Pins(0)=0.0, Dist=184.0, Win Bonus=0.0
[2026-05-11 10:51:57] SCORE A (yellow): Final=295.6, Time=85.6, Moves(12)=0.0, Pins(0)=0.0, Dist=210.0, Win Bonus=0.0
[2026-05-11 10:51:57] SCORE D (purple): Final=265.7, Time=81.7, Moves(15)=0.0, Pins(0)=0.0, Dist=184.0, Win Bonus=0.0
[2026-05-11 10:51:57] TURN TIMEOUT: Player with colour yellow exceeded 2s at move 27. Turn skipped.
[2026-05-11 10:51:58] MOVE 28: D (purple) 109->107 [0.00ms]
[2026-05-11 10:51:58] SCORE A (yellow): Final=295.6, Time=85.6, Moves(12)=0.0, Pins(0)=0.0, Dist=210.0, Win Bonus=0.0
[2026-05-11 10:51:58] SCORE D (purple): Final=268.7, Time=80.7, Moves(16)=0.0, Pins(0)=0.0, Dist=188.0, Win Bonus=0.0
[2026-05-11 10:52:00] MOVE 29: A (yellow) 11->12 [0.00ms]
[2026-05-11 10:52:00] SCORE A (yellow): Final=296.1, Time=84.1, Moves(13)=0.0, Pins(0)=0.0, Dist=212.0, Win Bonus=0.0
[2026-05-11 10:52:00] SCORE D (purple): Final=268.7, Time=80.7, Moves(16)=0.0, Pins(0)=0.0, Dist=188.0, Win Bonus=0.0
[2026-05-11 10:52:01] MOVE 30: D (purple) 95->83 [0.00ms]
[2026-05-11 10:52:01] SCORE A (yellow): Final=296.1, Time=84.1, Moves(13)=0.0, Pins(0)=0.0, Dist=212.0, Win Bonus=0.0
[2026-05-11 10:52:01] SCORE D (purple): Final=269.6, Time=79.6, Moves(17)=0.0, Pins(0)=0.0, Dist=190.0, Win Bonus=0.0
[2026-05-11 10:52:02] MOVE 31: A (yellow) 24->25 [0.00ms]
[2026-05-11 10:52:02] SCORE A (yellow): Final=297.0, Time=83.0, Moves(14)=0.0, Pins(0)=0.0, Dist=214.0, Win Bonus=0.0
[2026-05-11 10:52:02] SCORE D (purple): Final=269.6, Time=79.6, Moves(17)=0.0, Pins(0)=0.0, Dist=190.0, Win Bonus=0.0
[2026-05-11 10:52:03] MOVE 32: D (purple) 96->95 [0.00ms]
[2026-05-11 10:52:03] SCORE A (yellow): Final=297.0, Time=83.0, Moves(14)=0.0, Pins(0)=0.0, Dist=214.0, Win Bonus=0.0
[2026-05-11 10:52:03] SCORE D (purple): Final=270.1, Time=78.1, Moves(18)=0.0, Pins(0)=0.0, Dist=192.0, Win Bonus=0.0
[2026-05-11 10:52:05] SCORE A (yellow): Final=297.0, Time=83.0, Moves(14)=0.0, Pins(0)=0.0, Dist=214.0, Win Bonus=0.0
[2026-05-11 10:52:05] SCORE D (purple): Final=270.1, Time=78.1, Moves(18)=0.0, Pins(0)=0.0, Dist=192.0, Win Bonus=0.0
[2026-05-11 10:52:05] TURN TIMEOUT: Player with colour yellow exceeded 2s at move 32. Turn skipped.
[2026-05-11 10:52:07] SCORE A (yellow): Final=297.0, Time=83.0, Moves(14)=0.0, Pins(0)=0.0, Dist=214.0, Win Bonus=0.0
[2026-05-11 10:52:07] SCORE D (purple): Final=270.1, Time=78.1, Moves(18)=0.0, Pins(0)=0.0, Dist=192.0, Win Bonus=0.0
[2026-05-11 10:52:07] TURN TIMEOUT: Player with colour purple exceeded 2s at move 32. Turn skipped.
[2026-05-11 10:52:08] MOVE 33: A (yellow) 46->35 [0.00ms]
[2026-05-11 10:52:08] SCORE A (yellow): Final=294.0, Time=82.0, Moves(15)=0.0, Pins(0)=0.0, Dist=212.0, Win Bonus=0.0
[2026-05-11 10:52:08] SCORE D (purple): Final=270.1, Time=78.1, Moves(18)=0.0, Pins(0)=0.0, Dist=192.0, Win Bonus=0.0
[2026-05-11 10:52:10] MOVE 34: D (purple) 85->64 [0.00ms]
[2026-05-11 10:52:10] SCORE A (yellow): Final=294.0, Time=82.0, Moves(15)=0.0, Pins(0)=0.0, Dist=212.0, Win Bonus=0.0
[2026-05-11 10:52:10] SCORE D (purple): Final=272.6, Time=76.6, Moves(19)=0.0, Pins(0)=0.0, Dist=196.0, Win Bonus=0.0
[2026-05-11 10:52:12] SCORE A (yellow): Final=294.0, Time=82.0, Moves(15)=0.0, Pins(0)=0.0, Dist=212.0, Win Bonus=0.0
[2026-05-11 10:52:12] SCORE D (purple): Final=272.6, Time=76.6, Moves(19)=0.0, Pins(0)=0.0, Dist=196.0, Win Bonus=0.0
[2026-05-11 10:52:12] TURN TIMEOUT: Player with colour yellow exceeded 2s at move 34. Turn skipped.
[2026-05-11 10:52:13] MOVE 35: D (purple) 64->54 [0.00ms]
[2026-05-11 10:52:13] SCORE A (yellow): Final=294.0, Time=82.0, Moves(15)=0.0, Pins(0)=0.0, Dist=212.0, Win Bonus=0.0
[2026-05-11 10:52:13] SCORE D (purple): Final=273.6, Time=75.6, Moves(20)=0.0, Pins(0)=0.0, Dist=198.0, Win Bonus=0.0
[2026-05-11 10:52:14] MOVE 36: A (yellow) 35->23 [0.00ms]
[2026-05-11 10:52:14] SCORE A (yellow): Final=291.0, Time=81.0, Moves(16)=0.0, Pins(0)=0.0, Dist=210.0, Win Bonus=0.0
[2026-05-11 10:52:14] SCORE D (purple): Final=273.6, Time=75.6, Moves(20)=0.0, Pins(0)=0.0, Dist=198.0, Win Bonus=0.0
[2026-05-11 10:52:16] SCORE A (yellow): Final=291.0, Time=81.0, Moves(16)=0.0, Pins(0)=0.0, Dist=210.0, Win Bonus=0.0
[2026-05-11 10:52:16] SCORE D (purple): Final=273.6, Time=75.6, Moves(20)=0.0, Pins(0)=0.0, Dist=198.0, Win Bonus=0.0
[2026-05-11 10:52:16] TURN TIMEOUT: Player with colour purple exceeded 2s at move 36. Turn skipped.
[2026-05-11 10:52:18] SCORE A (yellow): Final=291.0, Time=81.0, Moves(16)=0.0, Pins(0)=0.0, Dist=210.0, Win Bonus=0.0
[2026-05-11 10:52:18] SCORE D (purple): Final=273.6, Time=75.6, Moves(20)=0.0, Pins(0)=0.0, Dist=198.0, Win Bonus=0.0
[2026-05-11 10:52:18] TURN TIMEOUT: Player with colour yellow exceeded 2s at move 36. Turn skipped.
[2026-05-11 10:52:19] MOVE 37: D (purple) 110->109 [0.00ms]
[2026-05-11 10:52:19] SCORE A (yellow): Final=291.0, Time=81.0, Moves(16)=0.0, Pins(0)=0.0, Dist=210.0, Win Bonus=0.0
[2026-05-11 10:52:19] SCORE D (purple): Final=274.6, Time=74.6, Moves(21)=0.0, Pins(0)=0.0, Dist=200.0, Win Bonus=0.0
[2026-05-11 10:52:21] SCORE A (yellow): Final=291.0, Time=81.0, Moves(16)=0.0, Pins(0)=0.0, Dist=210.0, Win Bonus=0.0
[2026-05-11 10:52:21] SCORE D (purple): Final=274.6, Time=74.6, Moves(21)=0.0, Pins(0)=0.0, Dist=200.0, Win Bonus=0.0
[2026-05-11 10:52:21] TURN TIMEOUT: Player with colour yellow exceeded 2s at move 37. Turn skipped.
[2026-05-11 10:52:22] MOVE 38: D (purple) 109->96 [0.00ms]
[2026-05-11 10:52:22] SCORE A (yellow): Final=291.0, Time=81.0, Moves(16)=0.0, Pins(0)=0.0, Dist=210.0, Win Bonus=0.0
[2026-05-11 10:52:22] SCORE D (purple): Final=275.6, Time=73.6, Moves(22)=0.0, Pins(0)=0.0, Dist=202.0, Win Bonus=0.0
[2026-05-11 10:52:23] MOVE 39: A (yellow) 38->36 [0.00ms]
[2026-05-11 10:52:23] SCORE A (yellow): Final=285.5, Time=79.5, Moves(17)=0.0, Pins(0)=0.0, Dist=206.0, Win Bonus=0.0
[2026-05-11 10:52:23] SCORE D (purple): Final=275.6, Time=73.6, Moves(22)=0.0, Pins(0)=0.0, Dist=202.0, Win Bonus=0.0
[2026-05-11 10:52:25] MOVE 40: D (purple) 54->53 [0.00ms]
[2026-05-11 10:52:25] SCORE A (yellow): Final=285.5, Time=79.5, Moves(17)=0.0, Pins(0)=0.0, Dist=206.0, Win Bonus=0.0
[2026-05-11 10:52:25] SCORE D (purple): Final=276.6, Time=72.6, Moves(23)=0.0, Pins(0)=0.0, Dist=204.0, Win Bonus=0.0
[2026-05-11 10:52:26] MOVE 41: A (yellow) 48->58 [0.00ms]
[2026-05-11 10:52:26] SCORE A (yellow): Final=286.4, Time=78.4, Moves(18)=0.0, Pins(0)=0.0, Dist=208.0, Win Bonus=0.0
[2026-05-11 10:52:26] SCORE D (purple): Final=276.6, Time=72.6, Moves(23)=0.0, Pins(0)=0.0, Dist=204.0, Win Bonus=0.0
[2026-05-11 10:52:28] SCORE A (yellow): Final=286.4, Time=78.4, Moves(18)=0.0, Pins(0)=0.0, Dist=208.0, Win Bonus=0.0
[2026-05-11 10:52:28] SCORE D (purple): Final=276.6, Time=72.6, Moves(23)=0.0, Pins(0)=0.0, Dist=204.0, Win Bonus=0.0
[2026-05-11 10:52:28] TURN TIMEOUT: Player with colour purple exceeded 2s at move 41. Turn skipped.
[2026-05-11 10:52:29] MOVE 42: A (yellow) 58->59 [0.00ms]
[2026-05-11 10:52:29] SCORE A (yellow): Final=287.4, Time=77.4, Moves(19)=0.0, Pins(0)=0.0, Dist=210.0, Win Bonus=0.0
[2026-05-11 10:52:29] SCORE D (purple): Final=276.6, Time=72.6, Moves(23)=0.0, Pins(0)=0.0, Dist=204.0, Win Bonus=0.0
[2026-05-11 10:52:30] MOVE 43: D (purple) 108->104 [0.00ms]
[2026-05-11 10:52:30] SCORE A (yellow): Final=287.4, Time=77.4, Moves(19)=0.0, Pins(0)=0.0, Dist=210.0, Win Bonus=0.0
[2026-05-11 10:52:30] SCORE D (purple): Final=283.1, Time=71.1, Moves(24)=0.0, Pins(0)=0.0, Dist=212.0, Win Bonus=0.0
[2026-05-11 10:52:31] MOVE 44: A (yellow) 25->13 [0.00ms]
[2026-05-11 10:52:31] SCORE A (yellow): Final=286.4, Time=76.4, Moves(20)=0.0, Pins(0)=0.0, Dist=210.0, Win Bonus=0.0
[2026-05-11 10:52:31] SCORE D (purple): Final=283.1, Time=71.1, Moves(24)=0.0, Pins(0)=0.0, Dist=212.0, Win Bonus=0.0
[2026-05-11 10:52:32] MOVE 45: D (purple) 97->110 [0.00ms]
[2026-05-11 10:52:32] SCORE A (yellow): Final=286.4, Time=76.4, Moves(20)=0.0, Pins(0)=0.0, Dist=210.0, Win Bonus=0.0
[2026-05-11 10:52:32] SCORE D (purple): Final=280.0, Time=70.0, Moves(25)=0.0, Pins(0)=0.0, Dist=210.0, Win Bonus=0.0
[2026-05-11 10:52:33] MOVE 46: A (yellow) 15->6 [0.00ms]
[2026-05-11 10:52:33] SCORE A (yellow): Final=283.4, Time=75.4, Moves(21)=0.0, Pins(0)=0.0, Dist=208.0, Win Bonus=0.0
[2026-05-11 10:52:33] SCORE D (purple): Final=280.0, Time=70.0, Moves(25)=0.0, Pins(0)=0.0, Dist=210.0, Win Bonus=0.0
[2026-05-11 10:52:35] SCORE A (yellow): Final=283.4, Time=75.4, Moves(21)=0.0, Pins(0)=0.0, Dist=208.0, Win Bonus=0.0
[2026-05-11 10:52:35] SCORE D (purple): Final=280.0, Time=70.0, Moves(25)=0.0, Pins(0)=0.0, Dist=210.0, Win Bonus=0.0
[2026-05-11 10:52:35] TURN TIMEOUT: Player with colour purple exceeded 2s at move 46. Turn skipped.
[2026-05-11 10:52:37] SCORE A (yellow): Final=283.4, Time=75.4, Moves(21)=0.0, Pins(0)=0.0, Dist=208.0, Win Bonus=0.0
[2026-05-11 10:52:37] SCORE D (purple): Final=280.0, Time=70.0, Moves(25)=0.0, Pins(0)=0.0, Dist=210.0, Win Bonus=0.0
[2026-05-11 10:52:37] TURN TIMEOUT: Player with colour yellow exceeded 2s at move 46. Turn skipped.
[2026-05-11 10:52:39] SCORE A (yellow): Final=283.4, Time=75.4, Moves(21)=0.0, Pins(0)=0.0, Dist=208.0, Win Bonus=0.0
[2026-05-11 10:52:39] SCORE D (purple): Final=280.0, Time=70.0, Moves(25)=0.0, Pins(0)=0.0, Dist=210.0, Win Bonus=0.0
[2026-05-11 10:52:39] TURN TIMEOUT: Player with colour purple exceeded 2s at move 46. Turn skipped.
[2026-05-11 10:52:40] SCORE A (yellow): Final=283.4, Time=75.4, Moves(21)=0.0, Pins(0)=0.0, Dist=208.0, Win Bonus=0.0
[2026-05-11 10:52:40] SCORE D (purple): Final=280.0, Time=70.0, Moves(25)=0.0, Pins(0)=0.0, Dist=210.0, Win Bonus=0.0
[2026-05-11 10:52:40] GAME TIME LIMIT REACHED.
[2026-05-11 10:52:41] SCORE A (yellow): Final=283.4, Time=75.4, Moves(21)=0.0, Pins(0)=0.0, Dist=208.0, Win Bonus=0.0
[2026-05-11 10:52:41] SCORE D (purple): Final=280.0, Time=70.0, Moves(25)=0.0, Pins(0)=0.0, Dist=210.0, Win Bonus=0.0
[2026-05-11 10:52:41] GAME TIME LIMIT REACHED.
[2026-05-11 10:52:42] SCORE A (yellow): Final=283.4, Time=75.4, Moves(21)=0.0, Pins(0)=0.0, Dist=208.0, Win Bonus=0.0
[2026-05-11 10:52:42] SCORE D (purple): Final=280.0, Time=70.0, Moves(25)=0.0, Pins(0)=0.0, Dist=210.0, Win Bonus=0.0
[2026-05-11 10:52:42] GAME TIME LIMIT REACHED.
