[2026-05-08 09:30:08] GAME CREATED
[2026-05-08 09:30:11] PLAYER JOINED: Robert as lawn green
[2026-05-08 09:30:13] PLAYER JOINED: Group7 as gray0
[2026-05-08 09:30:30] PLAYER JOINED: jat as yellow
[2026-05-08 09:34:10] PLAYER JOINED: CybSec as purple
[2026-05-08 09:34:17] PLAYER START: Robert (lawn green)
[2026-05-08 09:34:17] PLAYER START: Group7 (gray0)
[2026-05-08 09:34:17] PLAYER START: jat (yellow)
[2026-05-08 09:34:17] PLAYER START: CybSec (purple)
[2026-05-08 09:34:17] GAME START — turn order ['lawn green', 'yellow', 'gray0', 'purple']
[2026-05-08 09:34:18] MOVE 1: Robert (lawn green) 20->18 [0.01ms]
[2026-05-08 09:34:18] SCORE Robert (lawn green): Final=283.3, Time=99.3, Moves(1)=0.0, Pins(0)=0.0, Dist=184.0, Win Bonus=0.0
[2026-05-08 09:34:18] SCORE Group7 (gray0): Final=0.0, Time=0.0, Moves(0)=0.0, Pins(0)=0.0, Dist=0.0, Win Bonus=0.0
[2026-05-08 09:34:18] SCORE jat (yellow): Final=0.0, Time=0.0, Moves(0)=0.0, Pins(0)=0.0, Dist=0.0, Win Bonus=0.0
[2026-05-08 09:34:18] SCORE CybSec (purple): Final=0.0, Time=0.0, Moves(0)=0.0, Pins(0)=0.0, Dist=0.0, Win Bonus=0.0
[2026-05-08 09:34:20] SCORE Robert (lawn green): Final=283.3, Time=99.3, Moves(1)=0.0, Pins(0)=0.0, Dist=184.0, Win Bonus=0.0
[2026-05-08 09:34:20] SCORE Group7 (gray0): Final=0.0, Time=0.0, Moves(0)=0.0, Pins(0)=0.0, Dist=0.0, Win Bonus=0.0
[2026-05-08 09:34:20] SCORE jat (yellow): Final=0.0, Time=0.0, Moves(0)=0.0, Pins(0)=0.0, Dist=0.0, Win Bonus=0.0
[2026-05-08 09:34:20] SCORE CybSec (purple): Final=0.0, Time=0.0, Moves(0)=0.0, Pins(0)=0.0, Dist=0.0, Win Bonus=0.0
[2026-05-08 09:34:20] TURN TIMEOUT: Player with colour yellow exceeded 2s at move 1. Turn skipped.
[2026-05-08 09:34:21] PLAYER START: Robert (lawn green)
[2026-05-08 09:34:21] PLAYER START: Group7 (gray0)
[2026-05-08 09:34:21] PLAYER START: jat (yellow)
[2026-05-08 09:34:21] PLAYER START: CybSec (purple)
[2026-05-08 09:34:22] SCORE Robert (lawn green): Final=283.3, Time=99.3, Moves(1)=0.0, Pins(0)=0.0, Dist=184.0, Win Bonus=0.0
[2026-05-08 09:34:22] SCORE Group7 (gray0): Final=0.0, Time=0.0, Moves(0)=0.0, Pins(0)=0.0, Dist=0.0, Win Bonus=0.0
[2026-05-08 09:34:22] SCORE jat (yellow): Final=0.0, Time=0.0, Moves(0)=0.0, Pins(0)=0.0, Dist=0.0, Win Bonus=0.0
[2026-05-08 09:34:22] SCORE CybSec (purple): Final=0.0, Time=0.0, Moves(0)=0.0, Pins(0)=0.0, Dist=0.0, Win Bonus=0.0
[2026-05-08 09:34:22] TURN TIMEOUT: Player with colour gray0 exceeded 2s at move 1. Turn skipped.
[2026-05-08 09:34:24] MOVE 2: CybSec (purple) 74->73 [0.01ms]
[2026-05-08 09:34:24] SCORE Robert (lawn green): Final=283.3, Time=99.3, Moves(1)=0.0, Pins(0)=0.0, Dist=184.0, Win Bonus=0.0
[2026-05-08 09:34:24] SCORE Group7 (gray0): Final=0.0, Time=0.0, Moves(0)=0.0, Pins(0)=0.0, Dist=0.0, Win Bonus=0.0
[2026-05-08 09:34:24] SCORE jat (yellow): Final=0.0, Time=0.0, Moves(0)=0.0, Pins(0)=0.0, Dist=0.0, Win Bonus=0.0
[2026-05-08 09:34:24] SCORE CybSec (purple): Final=280.5, Time=98.5, Moves(1)=0.0, Pins(0)=0.0, Dist=182.0, Win Bonus=0.0
[2026-05-08 09:34:24] MOVE 3: Robert (lawn green) 22->43 [0.01ms]
[2026-05-08 09:34:24] SCORE Robert (lawn green): Final=290.7, Time=98.7, Moves(2)=0.0, Pins(0)=0.0, Dist=192.0, Win Bonus=0.0
[2026-05-08 09:34:24] SCORE Group7 (gray0): Final=0.0, Time=0.0, Moves(0)=0.0, Pins(0)=0.0, Dist=0.0, Win Bonus=0.0
[2026-05-08 09:34:24] SCORE jat (yellow): Final=0.0, Time=0.0, Moves(0)=0.0, Pins(0)=0.0, Dist=0.0, Win Bonus=0.0
[2026-05-08 09:34:24] SCORE CybSec (purple): Final=280.5, Time=98.5, Moves(1)=0.0, Pins(0)=0.0, Dist=182.0, Win Bonus=0.0
[2026-05-08 09:34:26] SCORE Robert (lawn green): Final=290.7, Time=98.7, Moves(2)=0.0, Pins(0)=0.0, Dist=192.0, Win Bonus=0.0
[2026-05-08 09:34:26] SCORE Group7 (gray0): Final=0.0, Time=0.0, Moves(0)=0.0, Pins(0)=0.0, Dist=0.0, Win Bonus=0.0
[2026-05-08 09:34:26] SCORE jat (yellow): Final=0.0, Time=0.0, Moves(0)=0.0, Pins(0)=0.0, Dist=0.0, Win Bonus=0.0
[2026-05-08 09:34:26] SCORE CybSec (purple): Final=280.5, Time=98.5, Moves(1)=0.0, Pins(0)=0.0, Dist=182.0, Win Bonus=0.0
[2026-05-08 09:34:26] TURN TIMEOUT: Player with colour yellow exceeded 2s at move 3. Turn skipped.
[2026-05-08 09:34:28] SCORE Robert (lawn green): Final=290.7, Time=98.7, Moves(2)=0.0, Pins(0)=0.0, Dist=192.0, Win Bonus=0.0
[2026-05-08 09:34:28] SCORE Group7 (gray0): Final=0.0, Time=0.0, Moves(0)=0.0, Pins(0)=0.0, Dist=0.0, Win Bonus=0.0
[2026-05-08 09:34:28] SCORE jat (yellow): Final=0.0, Time=0.0, Moves(0)=0.0, Pins(0)=0.0, Dist=0.0, Win Bonus=0.0
[2026-05-08 09:34:28] SCORE CybSec (purple): Final=280.5, Time=98.5, Moves(1)=0.0, Pins(0)=0.0, Dist=182.0, Win Bonus=0.0
[2026-05-08 09:34:28] TURN TIMEOUT: Player with colour gray0 exceeded 2s at move 3. Turn skipped.
[2026-05-08 09:34:29] MOVE 4: CybSec (purple) 97->72 [0.01ms]
[2026-05-08 09:34:29] SCORE Robert (lawn green): Final=290.7, Time=98.7, Moves(2)=0.0, Pins(0)=0.0, Dist=192.0, Win Bonus=0.0
[2026-05-08 09:34:29] SCORE Group7 (gray0): Final=0.0, Time=0.0, Moves(0)=0.0, Pins(0)=0.0, Dist=0.0, Win Bonus=0.0
[2026-05-08 09:34:29] SCORE jat (yellow): Final=0.0, Time=0.0, Moves(0)=0.0, Pins(0)=0.0, Dist=0.0, Win Bonus=0.0
[2026-05-08 09:34:29] SCORE CybSec (purple): Final=288.2, Time=98.2, Moves(2)=0.0, Pins(0)=0.0, Dist=190.0, Win Bonus=0.0
[2026-05-08 09:34:30] MOVE 5: Robert (lawn green) 45->62 [0.01ms]
[2026-05-08 09:34:30] SCORE Robert (lawn green): Final=297.3, Time=97.3, Moves(3)=0.0, Pins(0)=0.0, Dist=200.0, Win Bonus=0.0
[2026-05-08 09:34:30] SCORE Group7 (gray0): Final=0.0, Time=0.0, Moves(0)=0.0, Pins(0)=0.0, Dist=0.0, Win Bonus=0.0
[2026-05-08 09:34:30] SCORE jat (yellow): Final=0.0, Time=0.0, Moves(0)=0.0, Pins(0)=0.0, Dist=0.0, Win Bonus=0.0
[2026-05-08 09:34:30] SCORE CybSec (purple): Final=288.2, Time=98.2, Moves(2)=0.0, Pins(0)=0.0, Dist=190.0, Win Bonus=0.0
[2026-05-08 09:34:32] PLAYER START: Robert (lawn green)
[2026-05-08 09:34:32] PLAYER START: Group7 (gray0)
[2026-05-08 09:34:32] PLAYER START: jat (yellow)
[2026-05-08 09:34:32] PLAYER START: CybSec (purple)
[2026-05-08 09:34:32] SCORE Robert (lawn green): Final=297.3, Time=97.3, Moves(3)=0.0, Pins(0)=0.0, Dist=200.0, Win Bonus=0.0
[2026-05-08 09:34:32] SCORE Group7 (gray0): Final=0.0, Time=0.0, Moves(0)=0.0, Pins(0)=0.0, Dist=0.0, Win Bonus=0.0
[2026-05-08 09:34:32] SCORE jat (yellow): Final=0.0, Time=0.0, Moves(0)=0.0, Pins(0)=0.0, Dist=0.0, Win Bonus=0.0
[2026-05-08 09:34:32] SCORE CybSec (purple): Final=288.2, Time=98.2, Moves(2)=0.0, Pins(0)=0.0, Dist=190.0, Win Bonus=0.0
[2026-05-08 09:34:32] TURN TIMEOUT: Player with colour yellow exceeded 2s at move 5. Turn skipped.
[2026-05-08 09:34:34] MOVE 6: Group7 (gray0) 75->77 [0.01ms]
[2026-05-08 09:34:34] SCORE Robert (lawn green): Final=297.3, Time=97.3, Moves(3)=0.0, Pins(0)=0.0, Dist=200.0, Win Bonus=0.0
[2026-05-08 09:34:34] SCORE Group7 (gray0): Final=282.3, Time=98.3, Moves(1)=0.0, Pins(0)=0.0, Dist=184.0, Win Bonus=0.0
[2026-05-08 09:34:34] SCORE jat (yellow): Final=0.0, Time=0.0, Moves(0)=0.0, Pins(0)=0.0, Dist=0.0, Win Bonus=0.0
[2026-05-08 09:34:34] SCORE CybSec (purple): Final=288.2, Time=98.2, Moves(2)=0.0, Pins(0)=0.0, Dist=190.0, Win Bonus=0.0
[2026-05-08 09:34:34] MOVE 7: CybSec (purple) 84->61 [0.01ms]
[2026-05-08 09:34:34] SCORE Robert (lawn green): Final=297.3, Time=97.3, Moves(3)=0.0, Pins(0)=0.0, Dist=200.0, Win Bonus=0.0
[2026-05-08 09:34:34] SCORE Group7 (gray0): Final=282.3, Time=98.3, Moves(1)=0.0, Pins(0)=0.0, Dist=184.0, Win Bonus=0.0
[2026-05-08 09:34:34] SCORE jat (yellow): Final=0.0, Time=0.0, Moves(0)=0.0, Pins(0)=0.0, Dist=0.0, Win Bonus=0.0
[2026-05-08 09:34:34] SCORE CybSec (purple): Final=295.9, Time=97.9, Moves(3)=0.0, Pins(0)=0.0, Dist=198.0, Win Bonus=0.0
[2026-05-08 09:34:36] MOVE 8: Robert (lawn green) 32->51 [0.01ms]
[2026-05-08 09:34:36] SCORE Robert (lawn green): Final=303.9, Time=95.9, Moves(4)=0.0, Pins(0)=0.0, Dist=208.0, Win Bonus=0.0
[2026-05-08 09:34:36] SCORE Group7 (gray0): Final=282.3, Time=98.3, Moves(1)=0.0, Pins(0)=0.0, Dist=184.0, Win Bonus=0.0
[2026-05-08 09:34:36] SCORE jat (yellow): Final=0.0, Time=0.0, Moves(0)=0.0, Pins(0)=0.0, Dist=0.0, Win Bonus=0.0
[2026-05-08 09:34:36] SCORE CybSec (purple): Final=295.9, Time=97.9, Moves(3)=0.0, Pins(0)=0.0, Dist=198.0, Win Bonus=0.0
[2026-05-08 09:34:38] SCORE Robert (lawn green): Final=303.9, Time=95.9, Moves(4)=0.0, Pins(0)=0.0, Dist=208.0, Win Bonus=0.0
[2026-05-08 09:34:38] SCORE Group7 (gray0): Final=282.3, Time=98.3, Moves(1)=0.0, Pins(0)=0.0, Dist=184.0, Win Bonus=0.0
[2026-05-08 09:34:38] SCORE jat (yellow): Final=0.0, Time=0.0, Moves(0)=0.0, Pins(0)=0.0, Dist=0.0, Win Bonus=0.0
[2026-05-08 09:34:38] SCORE CybSec (purple): Final=295.9, Time=97.9, Moves(3)=0.0, Pins(0)=0.0, Dist=198.0, Win Bonus=0.0
[2026-05-08 09:34:38] TURN TIMEOUT: Player with colour yellow exceeded 2s at move 8. Turn skipped.
[2026-05-08 09:34:39] MOVE 9: Group7 (gray0) 98->56 [0.01ms]
[2026-05-08 09:34:39] SCORE Robert (lawn green): Final=303.9, Time=95.9, Moves(4)=0.0, Pins(0)=0.0, Dist=208.0, Win Bonus=0.0
[2026-05-08 09:34:39] SCORE Group7 (gray0): Final=288.7, Time=96.7, Moves(2)=0.0, Pins(0)=0.0, Dist=192.0, Win Bonus=0.0
[2026-05-08 09:34:39] SCORE jat (yellow): Final=0.0, Time=0.0, Moves(0)=0.0, Pins(0)=0.0, Dist=0.0, Win Bonus=0.0
[2026-05-08 09:34:39] SCORE CybSec (purple): Final=295.9, Time=97.9, Moves(3)=0.0, Pins(0)=0.0, Dist=198.0, Win Bonus=0.0
[2026-05-08 09:34:40] MOVE 10: CybSec (purple) 72->50 [0.01ms]
[2026-05-08 09:34:40] SCORE Robert (lawn green): Final=303.9, Time=95.9, Moves(4)=0.0, Pins(0)=0.0, Dist=208.0, Win Bonus=0.0
[2026-05-08 09:34:40] SCORE Group7 (gray0): Final=288.7, Time=96.7, Moves(2)=0.0, Pins(0)=0.0, Dist=192.0, Win Bonus=0.0
[2026-05-08 09:34:40] SCORE jat (yellow): Final=0.0, Time=0.0, Moves(0)=0.0, Pins(0)=0.0, Dist=0.0, Win Bonus=0.0
[2026-05-08 09:34:40] SCORE CybSec (purple): Final=303.8, Time=97.8, Moves(4)=0.0, Pins(0)=0.0, Dist=206.0, Win Bonus=0.0
[2026-05-08 09:34:41] MOVE 11: Robert (lawn green) 34->53 [0.01ms]
[2026-05-08 09:34:41] SCORE Robert (lawn green): Final=310.3, Time=94.3, Moves(5)=0.0, Pins(0)=0.0, Dist=216.0, Win Bonus=0.0
[2026-05-08 09:34:41] SCORE Group7 (gray0): Final=288.7, Time=96.7, Moves(2)=0.0, Pins(0)=0.0, Dist=192.0, Win Bonus=0.0
[2026-05-08 09:34:41] SCORE jat (yellow): Final=0.0, Time=0.0, Moves(0)=0.0, Pins(0)=0.0, Dist=0.0, Win Bonus=0.0
[2026-05-08 09:34:41] SCORE CybSec (purple): Final=303.8, Time=97.8, Moves(4)=0.0, Pins(0)=0.0, Dist=206.0, Win Bonus=0.0
[2026-05-08 09:34:43] SCORE Robert (lawn green): Final=310.3, Time=94.3, Moves(5)=0.0, Pins(0)=0.0, Dist=216.0, Win Bonus=0.0
[2026-05-08 09:34:43] SCORE Group7 (gray0): Final=288.7, Time=96.7, Moves(2)=0.0, Pins(0)=0.0, Dist=192.0, Win Bonus=0.0
[2026-05-08 09:34:43] SCORE jat (yellow): Final=0.0, Time=0.0, Moves(0)=0.0, Pins(0)=0.0, Dist=0.0, Win Bonus=0.0
[2026-05-08 09:34:43] SCORE CybSec (purple): Final=303.8, Time=97.8, Moves(4)=0.0, Pins(0)=0.0, Dist=206.0, Win Bonus=0.0
[2026-05-08 09:34:43] TURN TIMEOUT: Player with colour yellow exceeded 2s at move 11. Turn skipped.
[2026-05-08 09:34:46] SCORE Robert (lawn green): Final=310.3, Time=94.3, Moves(5)=0.0, Pins(0)=0.0, Dist=216.0, Win Bonus=0.0
[2026-05-08 09:34:46] SCORE Group7 (gray0): Final=288.7, Time=96.7, Moves(2)=0.0, Pins(0)=0.0, Dist=192.0, Win Bonus=0.0
[2026-05-08 09:34:46] SCORE jat (yellow): Final=0.0, Time=0.0, Moves(0)=0.0, Pins(0)=0.0, Dist=0.0, Win Bonus=0.0
[2026-05-08 09:34:46] SCORE CybSec (purple): Final=303.8, Time=97.8, Moves(4)=0.0, Pins(0)=0.0, Dist=206.0, Win Bonus=0.0
[2026-05-08 09:34:46] TURN TIMEOUT: Player with colour gray0 exceeded 2s at move 11. Turn skipped.
[2026-05-08 09:34:46] MOVE 12: CybSec (purple) 95->94 [0.01ms]
[2026-05-08 09:34:46] SCORE Robert (lawn green): Final=310.3, Time=94.3, Moves(5)=0.0, Pins(0)=0.0, Dist=216.0, Win Bonus=0.0
[2026-05-08 09:34:46] SCORE Group7 (gray0): Final=288.7, Time=96.7, Moves(2)=0.0, Pins(0)=0.0, Dist=192.0, Win Bonus=0.0
[2026-05-08 09:34:46] SCORE jat (yellow): Final=0.0, Time=0.0, Moves(0)=0.0, Pins(0)=0.0, Dist=0.0, Win Bonus=0.0
[2026-05-08 09:34:46] SCORE CybSec (purple): Final=305.5, Time=97.5, Moves(5)=0.0, Pins(0)=0.0, Dist=208.0, Win Bonus=0.0
[2026-05-08 09:34:48] MOVE 13: Robert (lawn green) 33->70 [0.01ms]
[2026-05-08 09:34:48] SCORE Robert (lawn green): Final=320.8, Time=92.8, Moves(6)=0.0, Pins(0)=0.0, Dist=228.0, Win Bonus=0.0
[2026-05-08 09:34:48] SCORE Group7 (gray0): Final=288.7, Time=96.7, Moves(2)=0.0, Pins(0)=0.0, Dist=192.0, Win Bonus=0.0
[2026-05-08 09:34:48] SCORE jat (yellow): Final=0.0, Time=0.0, Moves(0)=0.0, Pins(0)=0.0, Dist=0.0, Win Bonus=0.0
[2026-05-08 09:34:48] SCORE CybSec (purple): Final=305.5, Time=97.5, Moves(5)=0.0, Pins(0)=0.0, Dist=208.0, Win Bonus=0.0
[2026-05-08 09:34:50] SCORE Robert (lawn green): Final=320.8, Time=92.8, Moves(6)=0.0, Pins(0)=0.0, Dist=228.0, Win Bonus=0.0
[2026-05-08 09:34:50] SCORE Group7 (gray0): Final=288.7, Time=96.7, Moves(2)=0.0, Pins(0)=0.0, Dist=192.0, Win Bonus=0.0
[2026-05-08 09:34:50] SCORE jat (yellow): Final=0.0, Time=0.0, Moves(0)=0.0, Pins(0)=0.0, Dist=0.0, Win Bonus=0.0
[2026-05-08 09:34:50] SCORE CybSec (purple): Final=305.5, Time=97.5, Moves(5)=0.0, Pins(0)=0.0, Dist=208.0, Win Bonus=0.0
[2026-05-08 09:34:50] TURN TIMEOUT: Player with colour yellow exceeded 2s at move 13. Turn skipped.
[2026-05-08 09:34:52] SCORE Robert (lawn green): Final=320.8, Time=92.8, Moves(6)=0.0, Pins(0)=0.0, Dist=228.0, Win Bonus=0.0
[2026-05-08 09:34:52] SCORE Group7 (gray0): Final=288.7, Time=96.7, Moves(2)=0.0, Pins(0)=0.0, Dist=192.0, Win Bonus=0.0
[2026-05-08 09:34:52] SCORE jat (yellow): Final=0.0, Time=0.0, Moves(0)=0.0, Pins(0)=0.0, Dist=0.0, Win Bonus=0.0
[2026-05-08 09:34:52] SCORE CybSec (purple): Final=305.5, Time=97.5, Moves(5)=0.0, Pins(0)=0.0, Dist=208.0, Win Bonus=0.0
[2026-05-08 09:34:52] TURN TIMEOUT: Player with colour gray0 exceeded 2s at move 13. Turn skipped.
[2026-05-08 09:34:52] MOVE 14: CybSec (purple) 109->42 [0.01ms]
[2026-05-08 09:34:52] SCORE Robert (lawn green): Final=320.8, Time=92.8, Moves(6)=0.0, Pins(0)=0.0, Dist=228.0, Win Bonus=0.0
[2026-05-08 09:34:52] SCORE Group7 (gray0): Final=288.7, Time=96.7, Moves(2)=0.0, Pins(0)=0.0, Dist=192.0, Win Bonus=0.0
[2026-05-08 09:34:52] SCORE jat (yellow): Final=0.0, Time=0.0, Moves(0)=0.0, Pins(0)=0.0, Dist=0.0, Win Bonus=0.0
[2026-05-08 09:34:52] SCORE CybSec (purple): Final=317.0, Time=97.0, Moves(6)=0.0, Pins(0)=0.0, Dist=220.0, Win Bonus=0.0
[2026-05-08 09:34:54] MOVE 15: Robert (lawn green) 53->69 [0.01ms]
[2026-05-08 09:34:54] SCORE Robert (lawn green): Final=327.5, Time=91.5, Moves(7)=0.0, Pins(0)=0.0, Dist=236.0, Win Bonus=0.0
[2026-05-08 09:34:54] SCORE Group7 (gray0): Final=288.7, Time=96.7, Moves(2)=0.0, Pins(0)=0.0, Dist=192.0, Win Bonus=0.0
[2026-05-08 09:34:54] SCORE jat (yellow): Final=0.0, Time=0.0, Moves(0)=0.0, Pins(0)=0.0, Dist=0.0, Win Bonus=0.0
[2026-05-08 09:34:54] SCORE CybSec (purple): Final=317.0, Time=97.0, Moves(6)=0.0, Pins(0)=0.0, Dist=220.0, Win Bonus=0.0
[2026-05-08 09:34:56] SCORE Robert (lawn green): Final=327.5, Time=91.5, Moves(7)=0.0, Pins(0)=0.0, Dist=236.0, Win Bonus=0.0
[2026-05-08 09:34:56] SCORE Group7 (gray0): Final=288.7, Time=96.7, Moves(2)=0.0, Pins(0)=0.0, Dist=192.0, Win Bonus=0.0
[2026-05-08 09:34:56] SCORE jat (yellow): Final=0.0, Time=0.0, Moves(0)=0.0, Pins(0)=0.0, Dist=0.0, Win Bonus=0.0
[2026-05-08 09:34:56] SCORE CybSec (purple): Final=317.0, Time=97.0, Moves(6)=0.0, Pins(0)=0.0, Dist=220.0, Win Bonus=0.0
[2026-05-08 09:34:56] TURN TIMEOUT: Player with colour yellow exceeded 2s at move 15. Turn skipped.
[2026-05-08 09:34:58] SCORE Robert (lawn green): Final=327.5, Time=91.5, Moves(7)=0.0, Pins(0)=0.0, Dist=236.0, Win Bonus=0.0
[2026-05-08 09:34:58] SCORE Group7 (gray0): Final=288.7, Time=96.7, Moves(2)=0.0, Pins(0)=0.0, Dist=192.0, Win Bonus=0.0
[2026-05-08 09:34:58] SCORE jat (yellow): Final=0.0, Time=0.0, Moves(0)=0.0, Pins(0)=0.0, Dist=0.0, Win Bonus=0.0
[2026-05-08 09:34:58] SCORE CybSec (purple): Final=317.0, Time=97.0, Moves(6)=0.0, Pins(0)=0.0, Dist=220.0, Win Bonus=0.0
[2026-05-08 09:34:58] TURN TIMEOUT: Player with colour gray0 exceeded 2s at move 15. Turn skipped.
[2026-05-08 09:34:58] MOVE 16: CybSec (purple) 107->82 [0.01ms]
[2026-05-08 09:34:58] SCORE Robert (lawn green): Final=327.5, Time=91.5, Moves(7)=0.0, Pins(0)=0.0, Dist=236.0, Win Bonus=0.0
[2026-05-08 09:34:58] SCORE Group7 (gray0): Final=288.7, Time=96.7, Moves(2)=0.0, Pins(0)=0.0, Dist=192.0, Win Bonus=0.0
[2026-05-08 09:34:58] SCORE jat (yellow): Final=0.0, Time=0.0, Moves(0)=0.0, Pins(0)=0.0, Dist=0.0, Win Bonus=0.0
[2026-05-08 09:34:58] SCORE CybSec (purple): Final=320.6, Time=96.6, Moves(7)=0.0, Pins(0)=0.0, Dist=224.0, Win Bonus=0.0
[2026-05-08 09:35:00] MOVE 17: Robert (lawn green) 55->71 [0.01ms]
[2026-05-08 09:35:00] SCORE Robert (lawn green): Final=333.8, Time=89.8, Moves(8)=0.0, Pins(0)=0.0, Dist=244.0, Win Bonus=0.0
[2026-05-08 09:35:00] SCORE Group7 (gray0): Final=288.7, Time=96.7, Moves(2)=0.0, Pins(0)=0.0, Dist=192.0, Win Bonus=0.0
[2026-05-08 09:35:00] SCORE jat (yellow): Final=0.0, Time=0.0, Moves(0)=0.0, Pins(0)=0.0, Dist=0.0, Win Bonus=0.0
[2026-05-08 09:35:00] SCORE CybSec (purple): Final=320.6, Time=96.6, Moves(7)=0.0, Pins(0)=0.0, Dist=224.0, Win Bonus=0.0
[2026-05-08 09:35:02] SCORE Robert (lawn green): Final=333.8, Time=89.8, Moves(8)=0.0, Pins(0)=0.0, Dist=244.0, Win Bonus=0.0
[2026-05-08 09:35:02] SCORE Group7 (gray0): Final=288.7, Time=96.7, Moves(2)=0.0, Pins(0)=0.0, Dist=192.0, Win Bonus=0.0
[2026-05-08 09:35:02] SCORE jat (yellow): Final=0.0, Time=0.0, Moves(0)=0.0, Pins(0)=0.0, Dist=0.0, Win Bonus=0.0
[2026-05-08 09:35:02] SCORE CybSec (purple): Final=320.6, Time=96.6, Moves(7)=0.0, Pins(0)=0.0, Dist=224.0, Win Bonus=0.0
[2026-05-08 09:35:02] TURN TIMEOUT: Player with colour yellow exceeded 2s at move 17. Turn skipped.
[2026-05-08 09:35:04] SCORE Robert (lawn green): Final=333.8, Time=89.8, Moves(8)=0.0, Pins(0)=0.0, Dist=244.0, Win Bonus=0.0
[2026-05-08 09:35:04] SCORE Group7 (gray0): Final=288.7, Time=96.7, Moves(2)=0.0, Pins(0)=0.0, Dist=192.0, Win Bonus=0.0
[2026-05-08 09:35:04] SCORE jat (yellow): Final=0.0, Time=0.0, Moves(0)=0.0, Pins(0)=0.0, Dist=0.0, Win Bonus=0.0
[2026-05-08 09:35:04] SCORE CybSec (purple): Final=320.6, Time=96.6, Moves(7)=0.0, Pins(0)=0.0, Dist=224.0, Win Bonus=0.0
[2026-05-08 09:35:04] TURN TIMEOUT: Player with colour gray0 exceeded 2s at move 17. Turn skipped.
[2026-05-08 09:35:05] MOVE 18: CybSec (purple) 61->59 [0.01ms]
[2026-05-08 09:35:05] SCORE Robert (lawn green): Final=333.8, Time=89.8, Moves(8)=0.0, Pins(0)=0.0, Dist=244.0, Win Bonus=0.0
[2026-05-08 09:35:05] SCORE Group7 (gray0): Final=288.7, Time=96.7, Moves(2)=0.0, Pins(0)=0.0, Dist=192.0, Win Bonus=0.0
[2026-05-08 09:35:05] SCORE jat (yellow): Final=0.0, Time=0.0, Moves(0)=0.0, Pins(0)=0.0, Dist=0.0, Win Bonus=0.0
[2026-05-08 09:35:05] SCORE CybSec (purple): Final=324.3, Time=96.3, Moves(8)=0.0, Pins(0)=0.0, Dist=228.0, Win Bonus=0.0
[2026-05-08 09:35:06] MOVE 19: Robert (lawn green) 43->58 [0.01ms]
[2026-05-08 09:35:06] SCORE Robert (lawn green): Final=344.7, Time=88.7, Moves(9)=0.0, Pins(0)=0.0, Dist=256.0, Win Bonus=0.0
[2026-05-08 09:35:06] SCORE Group7 (gray0): Final=288.7, Time=96.7, Moves(2)=0.0, Pins(0)=0.0, Dist=192.0, Win Bonus=0.0
[2026-05-08 09:35:06] SCORE jat (yellow): Final=0.0, Time=0.0, Moves(0)=0.0, Pins(0)=0.0, Dist=0.0, Win Bonus=0.0
[2026-05-08 09:35:06] SCORE CybSec (purple): Final=324.3, Time=96.3, Moves(8)=0.0, Pins(0)=0.0, Dist=228.0, Win Bonus=0.0
[2026-05-08 09:35:08] SCORE Robert (lawn green): Final=344.7, Time=88.7, Moves(9)=0.0, Pins(0)=0.0, Dist=256.0, Win Bonus=0.0
[2026-05-08 09:35:08] SCORE Group7 (gray0): Final=288.7, Time=96.7, Moves(2)=0.0, Pins(0)=0.0, Dist=192.0, Win Bonus=0.0
[2026-05-08 09:35:08] SCORE jat (yellow): Final=0.0, Time=0.0, Moves(0)=0.0, Pins(0)=0.0, Dist=0.0, Win Bonus=0.0
[2026-05-08 09:35:08] SCORE CybSec (purple): Final=324.3, Time=96.3, Moves(8)=0.0, Pins(0)=0.0, Dist=228.0, Win Bonus=0.0
[2026-05-08 09:35:08] TURN TIMEOUT: Player with colour yellow exceeded 2s at move 19. Turn skipped.
[2026-05-08 09:35:10] SCORE Robert (lawn green): Final=344.7, Time=88.7, Moves(9)=0.0, Pins(0)=0.0, Dist=256.0, Win Bonus=0.0
[2026-05-08 09:35:10] SCORE Group7 (gray0): Final=288.7, Time=96.7, Moves(2)=0.0, Pins(0)=0.0, Dist=192.0, Win Bonus=0.0
[2026-05-08 09:35:10] SCORE jat (yellow): Final=0.0, Time=0.0, Moves(0)=0.0, Pins(0)=0.0, Dist=0.0, Win Bonus=0.0
[2026-05-08 09:35:10] SCORE CybSec (purple): Final=324.3, Time=96.3, Moves(8)=0.0, Pins(0)=0.0, Dist=228.0, Win Bonus=0.0
[2026-05-08 09:35:10] TURN TIMEOUT: Player with colour gray0 exceeded 2s at move 19. Turn skipped.
[2026-05-08 09:35:10] MOVE 20: CybSec (purple) 82->40 [0.01ms]
[2026-05-08 09:35:11] SCORE Robert (lawn green): Final=344.7, Time=88.7, Moves(9)=0.0, Pins(0)=0.0, Dist=256.0, Win Bonus=0.0
[2026-05-08 09:35:11] SCORE Group7 (gray0): Final=288.7, Time=96.7, Moves(2)=0.0, Pins(0)=0.0, Dist=192.0, Win Bonus=0.0
[2026-05-08 09:35:11] SCORE jat (yellow): Final=0.0, Time=0.0, Moves(0)=0.0, Pins(0)=0.0, Dist=0.0, Win Bonus=0.0
[2026-05-08 09:35:11] SCORE CybSec (purple): Final=332.0, Time=96.0, Moves(9)=0.0, Pins(0)=0.0, Dist=236.0, Win Bonus=0.0
[2026-05-08 09:35:12] MOVE 21: Robert (lawn green) 51->67 [0.01ms]
[2026-05-08 09:35:12] SCORE Robert (lawn green): Final=351.4, Time=87.4, Moves(10)=0.0, Pins(0)=0.0, Dist=264.0, Win Bonus=0.0
[2026-05-08 09:35:12] SCORE Group7 (gray0): Final=288.7, Time=96.7, Moves(2)=0.0, Pins(0)=0.0, Dist=192.0, Win Bonus=0.0
[2026-05-08 09:35:12] SCORE jat (yellow): Final=0.0, Time=0.0, Moves(0)=0.0, Pins(0)=0.0, Dist=0.0, Win Bonus=0.0
[2026-05-08 09:35:12] SCORE CybSec (purple): Final=332.0, Time=96.0, Moves(9)=0.0, Pins(0)=0.0, Dist=236.0, Win Bonus=0.0
[2026-05-08 09:35:14] SCORE Robert (lawn green): Final=351.4, Time=87.4, Moves(10)=0.0, Pins(0)=0.0, Dist=264.0, Win Bonus=0.0
[2026-05-08 09:35:14] SCORE Group7 (gray0): Final=288.7, Time=96.7, Moves(2)=0.0, Pins(0)=0.0, Dist=192.0, Win Bonus=0.0
[2026-05-08 09:35:14] SCORE jat (yellow): Final=0.0, Time=0.0, Moves(0)=0.0, Pins(0)=0.0, Dist=0.0, Win Bonus=0.0
[2026-05-08 09:35:14] SCORE CybSec (purple): Final=332.0, Time=96.0, Moves(9)=0.0, Pins(0)=0.0, Dist=236.0, Win Bonus=0.0
[2026-05-08 09:35:14] TURN TIMEOUT: Player with colour yellow exceeded 2s at move 21. Turn skipped.
[2026-05-08 09:35:16] SCORE Robert (lawn green): Final=351.4, Time=87.4, Moves(10)=0.0, Pins(0)=0.0, Dist=264.0, Win Bonus=0.0
[2026-05-08 09:35:16] SCORE Group7 (gray0): Final=288.7, Time=96.7, Moves(2)=0.0, Pins(0)=0.0, Dist=192.0, Win Bonus=0.0
[2026-05-08 09:35:16] SCORE jat (yellow): Final=0.0, Time=0.0, Moves(0)=0.0, Pins(0)=0.0, Dist=0.0, Win Bonus=0.0
[2026-05-08 09:35:16] SCORE CybSec (purple): Final=332.0, Time=96.0, Moves(9)=0.0, Pins(0)=0.0, Dist=236.0, Win Bonus=0.0
[2026-05-08 09:35:16] TURN TIMEOUT: Player with colour gray0 exceeded 2s at move 21. Turn skipped.
[2026-05-08 09:35:17] MOVE 22: CybSec (purple) 96->84 [0.01ms]
[2026-05-08 09:35:17] SCORE Robert (lawn green): Final=351.4, Time=87.4, Moves(10)=0.0, Pins(0)=0.0, Dist=264.0, Win Bonus=0.0
[2026-05-08 09:35:17] SCORE Group7 (gray0): Final=288.7, Time=96.7, Moves(2)=0.0, Pins(0)=0.0, Dist=192.0, Win Bonus=0.0
[2026-05-08 09:35:17] SCORE jat (yellow): Final=0.0, Time=0.0, Moves(0)=0.0, Pins(0)=0.0, Dist=0.0, Win Bonus=0.0
[2026-05-08 09:35:17] SCORE CybSec (purple): Final=333.4, Time=95.4, Moves(10)=0.0, Pins(0)=0.0, Dist=238.0, Win Bonus=0.0
[2026-05-08 09:35:17] SCORE Robert (lawn green): Final=351.4, Time=87.4, Moves(10)=0.0, Pins(0)=0.0, Dist=264.0, Win Bonus=0.0
[2026-05-08 09:35:17] SCORE Group7 (gray0): Final=288.7, Time=96.7, Moves(2)=0.0, Pins(0)=0.0, Dist=192.0, Win Bonus=0.0
[2026-05-08 09:35:17] SCORE jat (yellow): Final=0.0, Time=0.0, Moves(0)=0.0, Pins(0)=0.0, Dist=0.0, Win Bonus=0.0
[2026-05-08 09:35:17] SCORE CybSec (purple): Final=333.4, Time=95.4, Moves(10)=0.0, Pins(0)=0.0, Dist=238.0, Win Bonus=0.0
[2026-05-08 09:35:17] GAME TIME LIMIT REACHED.
[2026-05-08 09:35:17] SCORE Robert (lawn green): Final=351.4, Time=87.4, Moves(10)=0.0, Pins(0)=0.0, Dist=264.0, Win Bonus=0.0
[2026-05-08 09:35:17] SCORE Group7 (gray0): Final=288.7, Time=96.7, Moves(2)=0.0, Pins(0)=0.0, Dist=192.0, Win Bonus=0.0
[2026-05-08 09:35:17] SCORE jat (yellow): Final=0.0, Time=0.0, Moves(0)=0.0, Pins(0)=0.0, Dist=0.0, Win Bonus=0.0
[2026-05-08 09:35:17] SCORE CybSec (purple): Final=333.4, Time=95.4, Moves(10)=0.0, Pins(0)=0.0, Dist=238.0, Win Bonus=0.0
[2026-05-08 09:35:17] GAME TIME LIMIT REACHED.
[2026-05-08 09:35:17] SCORE Robert (lawn green): Final=351.4, Time=87.4, Moves(10)=0.0, Pins(0)=0.0, Dist=264.0, Win Bonus=0.0
[2026-05-08 09:35:17] SCORE Group7 (gray0): Final=288.7, Time=96.7, Moves(2)=0.0, Pins(0)=0.0, Dist=192.0, Win Bonus=0.0
[2026-05-08 09:35:17] SCORE jat (yellow): Final=0.0, Time=0.0, Moves(0)=0.0, Pins(0)=0.0, Dist=0.0, Win Bonus=0.0
[2026-05-08 09:35:17] SCORE CybSec (purple): Final=333.4, Time=95.4, Moves(10)=0.0, Pins(0)=0.0, Dist=238.0, Win Bonus=0.0
[2026-05-08 09:35:17] GAME TIME LIMIT REACHED.
