[2026-05-11 10:58:54] GAME CREATED
[2026-05-11 10:59:15] PLAYER JOINED: D as yellow
[2026-05-11 10:59:38] PLAYER JOINED: E as purple
[2026-05-11 10:59:38] PLAYER START: D (yellow)
[2026-05-11 10:59:38] PLAYER START: E (purple)
[2026-05-11 10:59:38] GAME START — turn order ['yellow', 'purple']
[2026-05-11 10:59:38] PLAYER START: D (yellow)
[2026-05-11 10:59:38] PLAYER START: E (purple)
[2026-05-11 10:59:39] MOVE 1: D (yellow) 36->37 [0.00ms]
[2026-05-11 10:59:39] SCORE D (yellow): Final=280.6, Time=98.6, Moves(1)=0.0, Pins(0)=0.0, Dist=182.0, Win Bonus=0.0
[2026-05-11 10:59:39] SCORE E (purple): Final=0.0, Time=0.0, Moves(0)=0.0, Pins(0)=0.0, Dist=0.0, Win Bonus=0.0
[2026-05-11 10:59:40] MOVE 2: E (purple) 84->83 [0.01ms]
[2026-05-11 10:59:40] SCORE D (yellow): Final=280.6, Time=98.6, Moves(1)=0.0, Pins(0)=0.0, Dist=182.0, Win Bonus=0.0
[2026-05-11 10:59:40] SCORE E (purple): Final=280.8, Time=98.8, Moves(1)=0.0, Pins(0)=0.0, Dist=182.0, Win Bonus=0.0
[2026-05-11 10:59:42] MOVE 3: D (yellow) 35->56 [0.00ms]
[2026-05-11 10:59:42] SCORE D (yellow): Final=283.3, Time=97.3, Moves(2)=0.0, Pins(0)=0.0, Dist=186.0, Win Bonus=0.0
[2026-05-11 10:59:42] SCORE E (purple): Final=280.8, Time=98.8, Moves(1)=0.0, Pins(0)=0.0, Dist=182.0, Win Bonus=0.0
[2026-05-11 10:59:44] SCORE D (yellow): Final=283.3, Time=97.3, Moves(2)=0.0, Pins(0)=0.0, Dist=186.0, Win Bonus=0.0
[2026-05-11 10:59:44] SCORE E (purple): Final=280.8, Time=98.8, Moves(1)=0.0, Pins(0)=0.0, Dist=182.0, Win Bonus=0.0
[2026-05-11 10:59:44] TURN TIMEOUT: Player with colour purple exceeded 2s at move 3. Turn skipped.
[2026-05-11 10:59:45] MOVE 4: D (yellow) 25->36 [0.00ms]
[2026-05-11 10:59:45] SCORE D (yellow): Final=282.3, Time=96.3, Moves(3)=0.0, Pins(0)=0.0, Dist=186.0, Win Bonus=0.0
[2026-05-11 10:59:45] SCORE E (purple): Final=280.8, Time=98.8, Moves(1)=0.0, Pins(0)=0.0, Dist=182.0, Win Bonus=0.0
[2026-05-11 10:59:47] SCORE D (yellow): Final=282.3, Time=96.3, Moves(3)=0.0, Pins(0)=0.0, Dist=186.0, Win Bonus=0.0
[2026-05-11 10:59:47] SCORE E (purple): Final=280.8, Time=98.8, Moves(1)=0.0, Pins(0)=0.0, Dist=182.0, Win Bonus=0.0
[2026-05-11 10:59:47] TURN TIMEOUT: Player with colour purple exceeded 2s at move 4. Turn skipped.
[2026-05-11 10:59:48] MOVE 5: D (yellow) 12->14 [0.00ms]
[2026-05-11 10:59:48] SCORE D (yellow): Final=285.3, Time=95.3, Moves(4)=0.0, Pins(0)=0.0, Dist=190.0, Win Bonus=0.0
[2026-05-11 10:59:48] SCORE E (purple): Final=280.8, Time=98.8, Moves(1)=0.0, Pins(0)=0.0, Dist=182.0, Win Bonus=0.0
[2026-05-11 10:59:49] MOVE 6: E (purple) 108->106 [0.00ms]
[2026-05-11 10:59:49] SCORE D (yellow): Final=285.3, Time=95.3, Moves(4)=0.0, Pins(0)=0.0, Dist=190.0, Win Bonus=0.0
[2026-05-11 10:59:49] SCORE E (purple): Final=283.6, Time=97.6, Moves(2)=0.0, Pins(0)=0.0, Dist=186.0, Win Bonus=0.0
[2026-05-11 10:59:51] SCORE D (yellow): Final=285.3, Time=95.3, Moves(4)=0.0, Pins(0)=0.0, Dist=190.0, Win Bonus=0.0
[2026-05-11 10:59:51] SCORE E (purple): Final=283.6, Time=97.6, Moves(2)=0.0, Pins(0)=0.0, Dist=186.0, Win Bonus=0.0
[2026-05-11 10:59:51] TURN TIMEOUT: Player with colour yellow exceeded 2s at move 6. Turn skipped.
[2026-05-11 10:59:52] MOVE 7: E (purple) 85->64 [0.00ms]
[2026-05-11 10:59:52] SCORE D (yellow): Final=285.3, Time=95.3, Moves(4)=0.0, Pins(0)=0.0, Dist=190.0, Win Bonus=0.0
[2026-05-11 10:59:52] SCORE E (purple): Final=286.6, Time=96.6, Moves(3)=0.0, Pins(0)=0.0, Dist=190.0, Win Bonus=0.0
[2026-05-11 10:59:54] SCORE D (yellow): Final=285.3, Time=95.3, Moves(4)=0.0, Pins(0)=0.0, Dist=190.0, Win Bonus=0.0
[2026-05-11 10:59:54] SCORE E (purple): Final=286.6, Time=96.6, Moves(3)=0.0, Pins(0)=0.0, Dist=190.0, Win Bonus=0.0
[2026-05-11 10:59:54] TURN TIMEOUT: Player with colour yellow exceeded 2s at move 7. Turn skipped.
[2026-05-11 10:59:56] SCORE D (yellow): Final=285.3, Time=95.3, Moves(4)=0.0, Pins(0)=0.0, Dist=190.0, Win Bonus=0.0
[2026-05-11 10:59:56] SCORE E (purple): Final=286.6, Time=96.6, Moves(3)=0.0, Pins(0)=0.0, Dist=190.0, Win Bonus=0.0
[2026-05-11 10:59:56] TURN TIMEOUT: Player with colour purple exceeded 2s at move 7. Turn skipped.
[2026-05-11 10:59:57] MOVE 8: D (yellow) 24->35 [0.00ms]
[2026-05-11 10:59:57] SCORE D (yellow): Final=284.0, Time=94.0, Moves(5)=0.0, Pins(0)=0.0, Dist=190.0, Win Bonus=0.0
[2026-05-11 10:59:57] SCORE E (purple): Final=286.6, Time=96.6, Moves(3)=0.0, Pins(0)=0.0, Dist=190.0, Win Bonus=0.0
[2026-05-11 10:59:59] MOVE 9: E (purple) 106->114 [0.00ms]
[2026-05-11 10:59:59] SCORE D (yellow): Final=284.0, Time=94.0, Moves(5)=0.0, Pins(0)=0.0, Dist=190.0, Win Bonus=0.0
[2026-05-11 10:59:59] SCORE E (purple): Final=285.4, Time=95.4, Moves(4)=0.0, Pins(0)=0.0, Dist=190.0, Win Bonus=0.0
[2026-05-11 11:00:00] MOVE 10: D (yellow) 37->48 [0.00ms]
[2026-05-11 11:00:00] SCORE D (yellow): Final=284.7, Time=92.7, Moves(6)=0.0, Pins(0)=0.0, Dist=192.0, Win Bonus=0.0
[2026-05-11 11:00:00] SCORE E (purple): Final=285.4, Time=95.4, Moves(4)=0.0, Pins(0)=0.0, Dist=190.0, Win Bonus=0.0
[2026-05-11 11:00:01] MOVE 11: E (purple) 114->105 [0.00ms]
[2026-05-11 11:00:01] SCORE D (yellow): Final=284.7, Time=92.7, Moves(6)=0.0, Pins(0)=0.0, Dist=192.0, Win Bonus=0.0
[2026-05-11 11:00:01] SCORE E (purple): Final=286.2, Time=94.2, Moves(5)=0.0, Pins(0)=0.0, Dist=192.0, Win Bonus=0.0
[2026-05-11 11:00:02] MOVE 12: D (yellow) 46->66 [0.00ms]
[2026-05-11 11:00:02] SCORE D (yellow): Final=287.4, Time=91.4, Moves(7)=0.0, Pins(0)=0.0, Dist=196.0, Win Bonus=0.0
[2026-05-11 11:00:02] SCORE E (purple): Final=286.2, Time=94.2, Moves(5)=0.0, Pins(0)=0.0, Dist=192.0, Win Bonus=0.0
[2026-05-11 11:00:04] SCORE D (yellow): Final=287.4, Time=91.4, Moves(7)=0.0, Pins(0)=0.0, Dist=196.0, Win Bonus=0.0
[2026-05-11 11:00:04] SCORE E (purple): Final=286.2, Time=94.2, Moves(5)=0.0, Pins(0)=0.0, Dist=192.0, Win Bonus=0.0
[2026-05-11 11:00:04] TURN TIMEOUT: Player with colour purple exceeded 2s at move 12. Turn skipped.
[2026-05-11 11:00:06] SCORE D (yellow): Final=287.4, Time=91.4, Moves(7)=0.0, Pins(0)=0.0, Dist=196.0, Win Bonus=0.0
[2026-05-11 11:00:06] SCORE E (purple): Final=286.2, Time=94.2, Moves(5)=0.0, Pins(0)=0.0, Dist=192.0, Win Bonus=0.0
[2026-05-11 11:00:06] TURN TIMEOUT: Player with colour yellow exceeded 2s at move 12. Turn skipped.
[2026-05-11 11:00:08] MOVE 13: E (purple) 96->94 [0.00ms]
[2026-05-11 11:00:08] SCORE D (yellow): Final=287.4, Time=91.4, Moves(7)=0.0, Pins(0)=0.0, Dist=196.0, Win Bonus=0.0
[2026-05-11 11:00:08] SCORE E (purple): Final=289.0, Time=93.0, Moves(6)=0.0, Pins(0)=0.0, Dist=196.0, Win Bonus=0.0
[2026-05-11 11:00:10] SCORE D (yellow): Final=287.4, Time=91.4, Moves(7)=0.0, Pins(0)=0.0, Dist=196.0, Win Bonus=0.0
[2026-05-11 11:00:10] SCORE E (purple): Final=289.0, Time=93.0, Moves(6)=0.0, Pins(0)=0.0, Dist=196.0, Win Bonus=0.0
[2026-05-11 11:00:10] TURN TIMEOUT: Player with colour yellow exceeded 2s at move 13. Turn skipped.
[2026-05-11 11:00:11] MOVE 14: E (purple) 94->55 [0.00ms]
[2026-05-11 11:00:11] SCORE D (yellow): Final=287.4, Time=91.4, Moves(7)=0.0, Pins(0)=0.0, Dist=196.0, Win Bonus=0.0
[2026-05-11 11:00:11] SCORE E (purple): Final=288.0, Time=92.0, Moves(7)=0.0, Pins(0)=0.0, Dist=196.0, Win Bonus=0.0
[2026-05-11 11:00:13] SCORE D (yellow): Final=287.4, Time=91.4, Moves(7)=0.0, Pins(0)=0.0, Dist=196.0, Win Bonus=0.0
[2026-05-11 11:00:13] SCORE E (purple): Final=288.0, Time=92.0, Moves(7)=0.0, Pins(0)=0.0, Dist=196.0, Win Bonus=0.0
[2026-05-11 11:00:13] TURN TIMEOUT: Player with colour yellow exceeded 2s at move 14. Turn skipped.
[2026-05-11 11:00:15] SCORE D (yellow): Final=287.4, Time=91.4, Moves(7)=0.0, Pins(0)=0.0, Dist=196.0, Win Bonus=0.0
[2026-05-11 11:00:15] SCORE E (purple): Final=288.0, Time=92.0, Moves(7)=0.0, Pins(0)=0.0, Dist=196.0, Win Bonus=0.0
[2026-05-11 11:00:15] TURN TIMEOUT: Player with colour purple exceeded 2s at move 14. Turn skipped.
[2026-05-11 11:00:16] MOVE 15: D (yellow) 36->46 [0.00ms]
[2026-05-11 11:00:16] SCORE D (yellow): Final=286.1, Time=90.1, Moves(8)=0.0, Pins(0)=0.0, Dist=196.0, Win Bonus=0.0
[2026-05-11 11:00:16] SCORE E (purple): Final=288.0, Time=92.0, Moves(7)=0.0, Pins(0)=0.0, Dist=196.0, Win Bonus=0.0
[2026-05-11 11:00:17] MOVE 16: E (purple) 83->94 [0.00ms]
[2026-05-11 11:00:17] SCORE D (yellow): Final=286.1, Time=90.1, Moves(8)=0.0, Pins(0)=0.0, Dist=196.0, Win Bonus=0.0
[2026-05-11 11:00:17] SCORE E (purple): Final=286.7, Time=90.7, Moves(8)=0.0, Pins(0)=0.0, Dist=196.0, Win Bonus=0.0
[2026-05-11 11:00:19] MOVE 17: D (yellow) 48->37 [0.00ms]
[2026-05-11 11:00:19] SCORE D (yellow): Final=282.9, Time=88.9, Moves(9)=0.0, Pins(0)=0.0, Dist=194.0, Win Bonus=0.0
[2026-05-11 11:00:19] SCORE E (purple): Final=286.7, Time=90.7, Moves(8)=0.0, Pins(0)=0.0, Dist=196.0, Win Bonus=0.0
[2026-05-11 11:00:20] MOVE 18: E (purple) 74->85 [0.00ms]
[2026-05-11 11:00:20] SCORE D (yellow): Final=282.9, Time=88.9, Moves(9)=0.0, Pins(0)=0.0, Dist=194.0, Win Bonus=0.0
[2026-05-11 11:00:20] SCORE E (purple): Final=283.4, Time=89.4, Moves(9)=0.0, Pins(0)=0.0, Dist=194.0, Win Bonus=0.0
[2026-05-11 11:00:22] SCORE D (yellow): Final=282.9, Time=88.9, Moves(9)=0.0, Pins(0)=0.0, Dist=194.0, Win Bonus=0.0
[2026-05-11 11:00:22] SCORE E (purple): Final=283.4, Time=89.4, Moves(9)=0.0, Pins(0)=0.0, Dist=194.0, Win Bonus=0.0
[2026-05-11 11:00:22] TURN TIMEOUT: Player with colour yellow exceeded 2s at move 18. Turn skipped.
[2026-05-11 11:00:24] SCORE D (yellow): Final=282.9, Time=88.9, Moves(9)=0.0, Pins(0)=0.0, Dist=194.0, Win Bonus=0.0
[2026-05-11 11:00:24] SCORE E (purple): Final=283.4, Time=89.4, Moves(9)=0.0, Pins(0)=0.0, Dist=194.0, Win Bonus=0.0
[2026-05-11 11:00:24] TURN TIMEOUT: Player with colour purple exceeded 2s at move 18. Turn skipped.
[2026-05-11 11:00:25] MOVE 19: D (yellow) 35->24 [0.00ms]
[2026-05-11 11:00:25] SCORE D (yellow): Final=281.7, Time=87.7, Moves(10)=0.0, Pins(0)=0.0, Dist=194.0, Win Bonus=0.0
[2026-05-11 11:00:25] SCORE E (purple): Final=283.4, Time=89.4, Moves(9)=0.0, Pins(0)=0.0, Dist=194.0, Win Bonus=0.0
[2026-05-11 11:00:26] MOVE 20: E (purple) 95->84 [0.00ms]
[2026-05-11 11:00:26] SCORE D (yellow): Final=281.7, Time=87.7, Moves(10)=0.0, Pins(0)=0.0, Dist=194.0, Win Bonus=0.0
[2026-05-11 11:00:26] SCORE E (purple): Final=282.1, Time=88.1, Moves(10)=0.0, Pins(0)=0.0, Dist=194.0, Win Bonus=0.0
[2026-05-11 11:00:28] SCORE D (yellow): Final=281.7, Time=87.7, Moves(10)=0.0, Pins(0)=0.0, Dist=194.0, Win Bonus=0.0
[2026-05-11 11:00:28] SCORE E (purple): Final=282.1, Time=88.1, Moves(10)=0.0, Pins(0)=0.0, Dist=194.0, Win Bonus=0.0
[2026-05-11 11:00:28] TURN TIMEOUT: Player with colour yellow exceeded 2s at move 20. Turn skipped.
[2026-05-11 11:00:31] SCORE D (yellow): Final=281.7, Time=87.7, Moves(10)=0.0, Pins(0)=0.0, Dist=194.0, Win Bonus=0.0
[2026-05-11 11:00:31] SCORE E (purple): Final=282.1, Time=88.1, Moves(10)=0.0, Pins(0)=0.0, Dist=194.0, Win Bonus=0.0
[2026-05-11 11:00:31] TURN TIMEOUT: Player with colour purple exceeded 2s at move 20. Turn skipped.
[2026-05-11 11:00:33] SCORE D (yellow): Final=281.7, Time=87.7, Moves(10)=0.0, Pins(0)=0.0, Dist=194.0, Win Bonus=0.0
[2026-05-11 11:00:33] SCORE E (purple): Final=282.1, Time=88.1, Moves(10)=0.0, Pins(0)=0.0, Dist=194.0, Win Bonus=0.0
[2026-05-11 11:00:33] TURN TIMEOUT: Player with colour yellow exceeded 2s at move 20. Turn skipped.
[2026-05-11 11:00:34] MOVE 21: E (purple) 97->54 [0.00ms]
[2026-05-11 11:00:34] SCORE D (yellow): Final=281.7, Time=87.7, Moves(10)=0.0, Pins(0)=0.0, Dist=194.0, Win Bonus=0.0
[2026-05-11 11:00:34] SCORE E (purple): Final=289.1, Time=87.1, Moves(11)=0.0, Pins(0)=0.0, Dist=202.0, Win Bonus=0.0
[2026-05-11 11:00:36] SCORE D (yellow): Final=281.7, Time=87.7, Moves(10)=0.0, Pins(0)=0.0, Dist=194.0, Win Bonus=0.0
[2026-05-11 11:00:36] SCORE E (purple): Final=289.1, Time=87.1, Moves(11)=0.0, Pins(0)=0.0, Dist=202.0, Win Bonus=0.0
[2026-05-11 11:00:36] TURN TIMEOUT: Player with colour yellow exceeded 2s at move 21. Turn skipped.
[2026-05-11 11:00:37] MOVE 22: E (purple) 54->74 [0.00ms]
[2026-05-11 11:00:37] SCORE D (yellow): Final=281.7, Time=87.7, Moves(10)=0.0, Pins(0)=0.0, Dist=194.0, Win Bonus=0.0
[2026-05-11 11:00:37] SCORE E (purple): Final=284.1, Time=86.1, Moves(12)=0.0, Pins(0)=0.0, Dist=198.0, Win Bonus=0.0
[2026-05-11 11:00:38] MOVE 23: D (yellow) 14->35 [0.00ms]
[2026-05-11 11:00:38] SCORE D (yellow): Final=276.6, Time=86.6, Moves(11)=0.0, Pins(0)=0.0, Dist=190.0, Win Bonus=0.0
[2026-05-11 11:00:38] SCORE E (purple): Final=284.1, Time=86.1, Moves(12)=0.0, Pins(0)=0.0, Dist=198.0, Win Bonus=0.0
[2026-05-11 11:00:39] MOVE 24: E (purple) 110->104 [0.00ms]
[2026-05-11 11:00:39] SCORE D (yellow): Final=276.6, Time=86.6, Moves(11)=0.0, Pins(0)=0.0, Dist=190.0, Win Bonus=0.0
[2026-05-11 11:00:39] SCORE E (purple): Final=294.7, Time=84.7, Moves(13)=0.0, Pins(0)=0.0, Dist=210.0, Win Bonus=0.0
[2026-05-11 11:00:40] MOVE 25: D (yellow) 35->36 [0.00ms]
[2026-05-11 11:00:40] SCORE D (yellow): Final=277.5, Time=85.5, Moves(12)=0.0, Pins(0)=0.0, Dist=192.0, Win Bonus=0.0
[2026-05-11 11:00:40] SCORE E (purple): Final=294.7, Time=84.7, Moves(13)=0.0, Pins(0)=0.0, Dist=210.0, Win Bonus=0.0
[2026-05-11 11:00:42] SCORE D (yellow): Final=277.5, Time=85.5, Moves(12)=0.0, Pins(0)=0.0, Dist=192.0, Win Bonus=0.0
[2026-05-11 11:00:42] SCORE E (purple): Final=294.7, Time=84.7, Moves(13)=0.0, Pins(0)=0.0, Dist=210.0, Win Bonus=0.0
[2026-05-11 11:00:42] TURN TIMEOUT: Player with colour purple exceeded 2s at move 25. Turn skipped.
[2026-05-11 11:00:43] MOVE 26: D (yellow) 56->12 [0.00ms]
[2026-05-11 11:00:43] SCORE D (yellow): Final=272.5, Time=84.5, Moves(13)=0.0, Pins(0)=0.0, Dist=188.0, Win Bonus=0.0
[2026-05-11 11:00:43] SCORE E (purple): Final=294.7, Time=84.7, Moves(13)=0.0, Pins(0)=0.0, Dist=210.0, Win Bonus=0.0
[2026-05-11 11:00:45] SCORE D (yellow): Final=272.5, Time=84.5, Moves(13)=0.0, Pins(0)=0.0, Dist=188.0, Win Bonus=0.0
[2026-05-11 11:00:45] SCORE E (purple): Final=294.7, Time=84.7, Moves(13)=0.0, Pins(0)=0.0, Dist=210.0, Win Bonus=0.0
[2026-05-11 11:00:45] TURN TIMEOUT: Player with colour purple exceeded 2s at move 26. Turn skipped.
[2026-05-11 11:00:46] MOVE 27: D (yellow) 36->47 [0.00ms]
[2026-05-11 11:00:46] SCORE D (yellow): Final=273.5, Time=83.5, Moves(14)=0.0, Pins(0)=0.0, Dist=190.0, Win Bonus=0.0
[2026-05-11 11:00:46] SCORE E (purple): Final=294.7, Time=84.7, Moves(13)=0.0, Pins(0)=0.0, Dist=210.0, Win Bonus=0.0
[2026-05-11 11:00:48] MOVE 28: E (purple) 84->83 [0.00ms]
[2026-05-11 11:00:48] SCORE D (yellow): Final=273.5, Time=83.5, Moves(14)=0.0, Pins(0)=0.0, Dist=190.0, Win Bonus=0.0
[2026-05-11 11:00:48] SCORE E (purple): Final=295.2, Time=83.2, Moves(14)=0.0, Pins(0)=0.0, Dist=212.0, Win Bonus=0.0
[2026-05-11 11:00:50] SCORE D (yellow): Final=273.5, Time=83.5, Moves(14)=0.0, Pins(0)=0.0, Dist=190.0, Win Bonus=0.0
[2026-05-11 11:00:50] SCORE E (purple): Final=295.2, Time=83.2, Moves(14)=0.0, Pins(0)=0.0, Dist=212.0, Win Bonus=0.0
[2026-05-11 11:00:50] TURN TIMEOUT: Player with colour yellow exceeded 2s at move 28. Turn skipped.
[2026-05-11 11:00:52] SCORE D (yellow): Final=273.5, Time=83.5, Moves(14)=0.0, Pins(0)=0.0, Dist=190.0, Win Bonus=0.0
[2026-05-11 11:00:52] SCORE E (purple): Final=295.2, Time=83.2, Moves(14)=0.0, Pins(0)=0.0, Dist=212.0, Win Bonus=0.0
[2026-05-11 11:00:52] TURN TIMEOUT: Player with colour purple exceeded 2s at move 28. Turn skipped.
[2026-05-11 11:00:54] SCORE D (yellow): Final=273.5, Time=83.5, Moves(14)=0.0, Pins(0)=0.0, Dist=190.0, Win Bonus=0.0
[2026-05-11 11:00:54] SCORE E (purple): Final=295.2, Time=83.2, Moves(14)=0.0, Pins(0)=0.0, Dist=212.0, Win Bonus=0.0
[2026-05-11 11:00:54] TURN TIMEOUT: Player with colour yellow exceeded 2s at move 28. Turn skipped.
[2026-05-11 11:00:55] MOVE 29: E (purple) 105->92 [0.00ms]
[2026-05-11 11:00:55] SCORE D (yellow): Final=273.5, Time=83.5, Moves(14)=0.0, Pins(0)=0.0, Dist=190.0, Win Bonus=0.0
[2026-05-11 11:00:55] SCORE E (purple): Final=296.2, Time=82.2, Moves(15)=0.0, Pins(0)=0.0, Dist=214.0, Win Bonus=0.0
[2026-05-11 11:00:56] MOVE 30: D (yellow) 37->26 [0.00ms]
[2026-05-11 11:00:56] SCORE D (yellow): Final=272.4, Time=82.4, Moves(15)=0.0, Pins(0)=0.0, Dist=190.0, Win Bonus=0.0
[2026-05-11 11:00:56] SCORE E (purple): Final=296.2, Time=82.2, Moves(15)=0.0, Pins(0)=0.0, Dist=214.0, Win Bonus=0.0
[2026-05-11 11:00:57] MOVE 31: E (purple) 109->108 [0.00ms]
[2026-05-11 11:00:57] SCORE D (yellow): Final=272.4, Time=82.4, Moves(15)=0.0, Pins(0)=0.0, Dist=190.0, Win Bonus=0.0
[2026-05-11 11:00:57] SCORE E (purple): Final=296.8, Time=80.8, Moves(16)=0.0, Pins(0)=0.0, Dist=216.0, Win Bonus=0.0
[2026-05-11 11:01:00] SCORE D (yellow): Final=272.4, Time=82.4, Moves(15)=0.0, Pins(0)=0.0, Dist=190.0, Win Bonus=0.0
[2026-05-11 11:01:00] SCORE E (purple): Final=296.8, Time=80.8, Moves(16)=0.0, Pins(0)=0.0, Dist=216.0, Win Bonus=0.0
[2026-05-11 11:01:00] TURN TIMEOUT: Player with colour yellow exceeded 2s at move 31. Turn skipped.
[2026-05-11 11:01:01] MOVE 32: E (purple) 92->80 [0.00ms]
[2026-05-11 11:01:01] SCORE D (yellow): Final=272.4, Time=82.4, Moves(15)=0.0, Pins(0)=0.0, Dist=190.0, Win Bonus=0.0
[2026-05-11 11:01:01] SCORE E (purple): Final=297.8, Time=79.8, Moves(17)=0.0, Pins(0)=0.0, Dist=218.0, Win Bonus=0.0
[2026-05-11 11:01:03] SCORE D (yellow): Final=272.4, Time=82.4, Moves(15)=0.0, Pins(0)=0.0, Dist=190.0, Win Bonus=0.0
[2026-05-11 11:01:03] SCORE E (purple): Final=297.8, Time=79.8, Moves(17)=0.0, Pins(0)=0.0, Dist=218.0, Win Bonus=0.0
[2026-05-11 11:01:03] TURN TIMEOUT: Player with colour yellow exceeded 2s at move 32. Turn skipped.
[2026-05-11 11:01:04] MOVE 33: E (purple) 94->93 [0.00ms]
[2026-05-11 11:01:04] SCORE D (yellow): Final=272.4, Time=82.4, Moves(15)=0.0, Pins(0)=0.0, Dist=190.0, Win Bonus=0.0
[2026-05-11 11:01:04] SCORE E (purple): Final=298.7, Time=78.7, Moves(18)=0.0, Pins(0)=0.0, Dist=220.0, Win Bonus=0.0
[2026-05-11 11:01:05] MOVE 34: D (yellow) 66->76 [0.00ms]
[2026-05-11 11:01:05] SCORE D (yellow): Final=270.9, Time=80.9, Moves(16)=0.0, Pins(0)=0.0, Dist=190.0, Win Bonus=0.0
[2026-05-11 11:01:05] SCORE E (purple): Final=298.7, Time=78.7, Moves(18)=0.0, Pins(0)=0.0, Dist=220.0, Win Bonus=0.0
[2026-05-11 11:01:06] MOVE 35: E (purple) 108->106 [0.00ms]
[2026-05-11 11:01:06] SCORE D (yellow): Final=270.9, Time=80.9, Moves(16)=0.0, Pins(0)=0.0, Dist=190.0, Win Bonus=0.0
[2026-05-11 11:01:06] SCORE E (purple): Final=301.7, Time=77.7, Moves(19)=0.0, Pins(0)=0.0, Dist=224.0, Win Bonus=0.0
[2026-05-11 11:01:08] SCORE D (yellow): Final=270.9, Time=80.9, Moves(16)=0.0, Pins(0)=0.0, Dist=190.0, Win Bonus=0.0
[2026-05-11 11:01:08] SCORE E (purple): Final=301.7, Time=77.7, Moves(19)=0.0, Pins(0)=0.0, Dist=224.0, Win Bonus=0.0
[2026-05-11 11:01:08] TURN TIMEOUT: Player with colour yellow exceeded 2s at move 35. Turn skipped.
[2026-05-11 11:01:10] SCORE D (yellow): Final=270.9, Time=80.9, Moves(16)=0.0, Pins(0)=0.0, Dist=190.0, Win Bonus=0.0
[2026-05-11 11:01:10] SCORE E (purple): Final=301.7, Time=77.7, Moves(19)=0.0, Pins(0)=0.0, Dist=224.0, Win Bonus=0.0
[2026-05-11 11:01:10] TURN TIMEOUT: Player with colour purple exceeded 2s at move 35. Turn skipped.
[2026-05-11 11:01:12] MOVE 36: D (yellow) 13->25 [0.00ms]
[2026-05-11 11:01:12] SCORE D (yellow): Final=269.5, Time=79.5, Moves(17)=0.0, Pins(0)=0.0, Dist=190.0, Win Bonus=0.0
[2026-05-11 11:01:12] SCORE E (purple): Final=301.7, Time=77.7, Moves(19)=0.0, Pins(0)=0.0, Dist=224.0, Win Bonus=0.0
[2026-05-11 11:01:13] MOVE 37: E (purple) 107->95 [0.00ms]
[2026-05-11 11:01:13] SCORE D (yellow): Final=269.5, Time=79.5, Moves(17)=0.0, Pins(0)=0.0, Dist=190.0, Win Bonus=0.0
[2026-05-11 11:01:13] SCORE E (purple): Final=300.6, Time=76.6, Moves(20)=0.0, Pins(0)=0.0, Dist=224.0, Win Bonus=0.0
[2026-05-11 11:01:15] SCORE D (yellow): Final=269.5, Time=79.5, Moves(17)=0.0, Pins(0)=0.0, Dist=190.0, Win Bonus=0.0
[2026-05-11 11:01:15] SCORE E (purple): Final=300.6, Time=76.6, Moves(20)=0.0, Pins(0)=0.0, Dist=224.0, Win Bonus=0.0
[2026-05-11 11:01:15] TURN TIMEOUT: Player with colour yellow exceeded 2s at move 37. Turn skipped.
[2026-05-11 11:01:17] SCORE D (yellow): Final=269.5, Time=79.5, Moves(17)=0.0, Pins(0)=0.0, Dist=190.0, Win Bonus=0.0
[2026-05-11 11:01:17] SCORE E (purple): Final=300.6, Time=76.6, Moves(20)=0.0, Pins(0)=0.0, Dist=224.0, Win Bonus=0.0
[2026-05-11 11:01:17] TURN TIMEOUT: Player with colour purple exceeded 2s at move 37. Turn skipped.
[2026-05-11 11:01:18] MOVE 38: D (yellow) 23->35 [0.00ms]
[2026-05-11 11:01:18] SCORE D (yellow): Final=270.1, Time=78.1, Moves(18)=0.0, Pins(0)=0.0, Dist=192.0, Win Bonus=0.0
[2026-05-11 11:01:18] SCORE E (purple): Final=300.6, Time=76.6, Moves(20)=0.0, Pins(0)=0.0, Dist=224.0, Win Bonus=0.0
[2026-05-11 11:01:20] SCORE D (yellow): Final=270.1, Time=78.1, Moves(18)=0.0, Pins(0)=0.0, Dist=192.0, Win Bonus=0.0
[2026-05-11 11:01:20] SCORE E (purple): Final=300.6, Time=76.6, Moves(20)=0.0, Pins(0)=0.0, Dist=224.0, Win Bonus=0.0
[2026-05-11 11:01:20] TURN TIMEOUT: Player with colour purple exceeded 2s at move 38. Turn skipped.
[2026-05-11 11:01:21] MOVE 39: D (yellow) 76->88 [0.00ms]
[2026-05-11 11:01:21] SCORE D (yellow): Final=271.1, Time=77.1, Moves(19)=0.0, Pins(0)=0.0, Dist=194.0, Win Bonus=0.0
[2026-05-11 11:01:21] SCORE E (purple): Final=300.6, Time=76.6, Moves(20)=0.0, Pins(0)=0.0, Dist=224.0, Win Bonus=0.0
[2026-05-11 11:01:23] MOVE 40: E (purple) 95->96 [0.00ms]
[2026-05-11 11:01:23] SCORE D (yellow): Final=271.1, Time=77.1, Moves(19)=0.0, Pins(0)=0.0, Dist=194.0, Win Bonus=0.0
[2026-05-11 11:01:23] SCORE E (purple): Final=297.4, Time=75.4, Moves(21)=0.0, Pins(0)=0.0, Dist=222.0, Win Bonus=0.0
[2026-05-11 11:01:24] MOVE 41: D (yellow) 11->57 [0.00ms]
[2026-05-11 11:01:24] SCORE D (yellow): Final=277.7, Time=75.7, Moves(20)=0.0, Pins(0)=0.0, Dist=202.0, Win Bonus=0.0
[2026-05-11 11:01:24] SCORE E (purple): Final=297.4, Time=75.4, Moves(21)=0.0, Pins(0)=0.0, Dist=222.0, Win Bonus=0.0
[2026-05-11 11:01:26] SCORE D (yellow): Final=277.7, Time=75.7, Moves(20)=0.0, Pins(0)=0.0, Dist=202.0, Win Bonus=0.0
[2026-05-11 11:01:26] SCORE E (purple): Final=297.4, Time=75.4, Moves(21)=0.0, Pins(0)=0.0, Dist=222.0, Win Bonus=0.0
[2026-05-11 11:01:26] TURN TIMEOUT: Player with colour purple exceeded 2s at move 41. Turn skipped.
[2026-05-11 11:01:28] SCORE D (yellow): Final=277.7, Time=75.7, Moves(20)=0.0, Pins(0)=0.0, Dist=202.0, Win Bonus=0.0
[2026-05-11 11:01:28] SCORE E (purple): Final=297.4, Time=75.4, Moves(21)=0.0, Pins(0)=0.0, Dist=222.0, Win Bonus=0.0
[2026-05-11 11:01:28] TURN TIMEOUT: Player with colour yellow exceeded 2s at move 41. Turn skipped.
[2026-05-11 11:01:29] MOVE 42: E (purple) 106->94 [0.01ms]
[2026-05-11 11:01:29] SCORE D (yellow): Final=277.7, Time=75.7, Moves(20)=0.0, Pins(0)=0.0, Dist=202.0, Win Bonus=0.0
[2026-05-11 11:01:29] SCORE E (purple): Final=296.3, Time=74.3, Moves(22)=0.0, Pins(0)=0.0, Dist=222.0, Win Bonus=0.0
[2026-05-11 11:01:30] MOVE 43: D (yellow) 35->58 [0.00ms]
[2026-05-11 11:01:30] SCORE D (yellow): Final=284.4, Time=74.4, Moves(21)=0.0, Pins(0)=0.0, Dist=210.0, Win Bonus=0.0
[2026-05-11 11:01:30] SCORE E (purple): Final=296.3, Time=74.3, Moves(22)=0.0, Pins(0)=0.0, Dist=222.0, Win Bonus=0.0
[2026-05-11 11:01:32] MOVE 44: E (purple) 104->105 [0.00ms]
[2026-05-11 11:01:32] SCORE D (yellow): Final=284.4, Time=74.4, Moves(21)=0.0, Pins(0)=0.0, Dist=210.0, Win Bonus=0.0
[2026-05-11 11:01:32] SCORE E (purple): Final=293.0, Time=73.0, Moves(23)=0.0, Pins(0)=0.0, Dist=220.0, Win Bonus=0.0
[2026-05-11 11:01:33] MOVE 45: D (yellow) 57->48 [0.00ms]
[2026-05-11 11:01:33] SCORE D (yellow): Final=283.1, Time=73.1, Moves(22)=0.0, Pins(0)=0.0, Dist=210.0, Win Bonus=0.0
[2026-05-11 11:01:33] SCORE E (purple): Final=293.0, Time=73.0, Moves(23)=0.0, Pins(0)=0.0, Dist=220.0, Win Bonus=0.0
[2026-05-11 11:01:35] SCORE D (yellow): Final=283.1, Time=73.1, Moves(22)=0.0, Pins(0)=0.0, Dist=210.0, Win Bonus=0.0
[2026-05-11 11:01:35] SCORE E (purple): Final=293.0, Time=73.0, Moves(23)=0.0, Pins(0)=0.0, Dist=220.0, Win Bonus=0.0
[2026-05-11 11:01:35] TURN TIMEOUT: Player with colour purple exceeded 2s at move 45. Turn skipped.
[2026-05-11 11:01:36] MOVE 46: D (yellow) 12->56 [0.00ms]
[2026-05-11 11:01:36] SCORE D (yellow): Final=286.1, Time=72.1, Moves(23)=0.0, Pins(0)=0.0, Dist=214.0, Win Bonus=0.0
[2026-05-11 11:01:36] SCORE E (purple): Final=293.0, Time=73.0, Moves(23)=0.0, Pins(0)=0.0, Dist=220.0, Win Bonus=0.0
[2026-05-11 11:01:37] MOVE 47: E (purple) 94->114 [0.00ms]
[2026-05-11 11:01:37] SCORE D (yellow): Final=286.1, Time=72.1, Moves(23)=0.0, Pins(0)=0.0, Dist=214.0, Win Bonus=0.0
[2026-05-11 11:01:37] SCORE E (purple): Final=291.8, Time=71.8, Moves(24)=0.0, Pins(0)=0.0, Dist=220.0, Win Bonus=0.0
[2026-05-11 11:01:38] SCORE D (yellow): Final=286.1, Time=72.1, Moves(23)=0.0, Pins(0)=0.0, Dist=214.0, Win Bonus=0.0
[2026-05-11 11:01:38] SCORE E (purple): Final=291.8, Time=71.8, Moves(24)=0.0, Pins(0)=0.0, Dist=220.0, Win Bonus=0.0
[2026-05-11 11:01:38] GAME TIME LIMIT REACHED.
[2026-05-11 11:01:40] SCORE D (yellow): Final=286.1, Time=72.1, Moves(23)=0.0, Pins(0)=0.0, Dist=214.0, Win Bonus=0.0
[2026-05-11 11:01:40] SCORE E (purple): Final=291.8, Time=71.8, Moves(24)=0.0, Pins(0)=0.0, Dist=220.0, Win Bonus=0.0
[2026-05-11 11:01:40] GAME TIME LIMIT REACHED.
[2026-05-11 11:01:40] SCORE D (yellow): Final=286.1, Time=72.1, Moves(23)=0.0, Pins(0)=0.0, Dist=214.0, Win Bonus=0.0
[2026-05-11 11:01:40] SCORE E (purple): Final=291.8, Time=71.8, Moves(24)=0.0, Pins(0)=0.0, Dist=220.0, Win Bonus=0.0
[2026-05-11 11:01:40] GAME TIME LIMIT REACHED.
