[2026-05-08 09:44:02] GAME CREATED
[2026-05-08 09:44:10] PLAYER JOINED: Robert as red
[2026-05-08 09:44:10] PLAYER JOINED: The bandits as blue
[2026-05-08 09:44:41] PLAYER JOINED: Erlend Og Linor as yellow
[2026-05-08 09:44:42] PLAYER START: Robert (red)
[2026-05-08 09:44:42] PLAYER START: The bandits (blue)
[2026-05-08 09:44:42] PLAYER START: Erlend Og Linor (yellow)
[2026-05-08 09:44:42] GAME START — turn order ['red', 'yellow', 'blue']
[2026-05-08 09:44:42] MOVE 1: Robert (red) 115->102 [0.01ms]
[2026-05-08 09:44:42] SCORE Robert (red): Final=283.8, Time=99.8, Moves(1)=0.0, Pins(0)=0.0, Dist=184.0, Win Bonus=0.0
[2026-05-08 09:44:42] SCORE The bandits (blue): Final=0.0, Time=0.0, Moves(0)=0.0, Pins(0)=0.0, Dist=0.0, Win Bonus=0.0
[2026-05-08 09:44:42] SCORE Erlend Og Linor (yellow): Final=0.0, Time=0.0, Moves(0)=0.0, Pins(0)=0.0, Dist=0.0, Win Bonus=0.0
[2026-05-08 09:44:45] SCORE Robert (red): Final=283.8, Time=99.8, Moves(1)=0.0, Pins(0)=0.0, Dist=184.0, Win Bonus=0.0
[2026-05-08 09:44:45] SCORE The bandits (blue): Final=0.0, Time=0.0, Moves(0)=0.0, Pins(0)=0.0, Dist=0.0, Win Bonus=0.0
[2026-05-08 09:44:45] SCORE Erlend Og Linor (yellow): Final=0.0, Time=0.0, Moves(0)=0.0, Pins(0)=0.0, Dist=0.0, Win Bonus=0.0
[2026-05-08 09:44:45] TURN TIMEOUT: Player with colour yellow exceeded 2s at move 1. Turn skipped.
[2026-05-08 09:44:47] SCORE Robert (red): Final=283.8, Time=99.8, Moves(1)=0.0, Pins(0)=0.0, Dist=184.0, Win Bonus=0.0
[2026-05-08 09:44:47] SCORE The bandits (blue): Final=0.0, Time=0.0, Moves(0)=0.0, Pins(0)=0.0, Dist=0.0, Win Bonus=0.0
[2026-05-08 09:44:47] SCORE Erlend Og Linor (yellow): Final=0.0, Time=0.0, Moves(0)=0.0, Pins(0)=0.0, Dist=0.0, Win Bonus=0.0
[2026-05-08 09:44:47] TURN TIMEOUT: Player with colour blue exceeded 2s at move 1. Turn skipped.
[2026-05-08 09:44:47] MOVE 2: Robert (red) 102->89 [0.01ms]
[2026-05-08 09:44:47] SCORE Robert (red): Final=285.7, Time=99.7, Moves(2)=0.0, Pins(0)=0.0, Dist=186.0, Win Bonus=0.0
[2026-05-08 09:44:47] SCORE The bandits (blue): Final=0.0, Time=0.0, Moves(0)=0.0, Pins(0)=0.0, Dist=0.0, Win Bonus=0.0
[2026-05-08 09:44:47] SCORE Erlend Og Linor (yellow): Final=0.0, Time=0.0, Moves(0)=0.0, Pins(0)=0.0, Dist=0.0, Win Bonus=0.0
[2026-05-08 09:44:50] SCORE Robert (red): Final=285.7, Time=99.7, Moves(2)=0.0, Pins(0)=0.0, Dist=186.0, Win Bonus=0.0
[2026-05-08 09:44:50] SCORE The bandits (blue): Final=0.0, Time=0.0, Moves(0)=0.0, Pins(0)=0.0, Dist=0.0, Win Bonus=0.0
[2026-05-08 09:44:50] SCORE Erlend Og Linor (yellow): Final=0.0, Time=0.0, Moves(0)=0.0, Pins(0)=0.0, Dist=0.0, Win Bonus=0.0
[2026-05-08 09:44:50] TURN TIMEOUT: Player with colour yellow exceeded 2s at move 2. Turn skipped.
[2026-05-08 09:44:52] SCORE Robert (red): Final=285.7, Time=99.7, Moves(2)=0.0, Pins(0)=0.0, Dist=186.0, Win Bonus=0.0
[2026-05-08 09:44:52] SCORE The bandits (blue): Final=0.0, Time=0.0, Moves(0)=0.0, Pins(0)=0.0, Dist=0.0, Win Bonus=0.0
[2026-05-08 09:44:52] SCORE Erlend Og Linor (yellow): Final=0.0, Time=0.0, Moves(0)=0.0, Pins(0)=0.0, Dist=0.0, Win Bonus=0.0
[2026-05-08 09:44:52] TURN TIMEOUT: Player with colour blue exceeded 2s at move 2. Turn skipped.
[2026-05-08 09:44:52] MOVE 3: Robert (red) 120->77 [0.01ms]
[2026-05-08 09:44:52] SCORE Robert (red): Final=297.5, Time=99.5, Moves(3)=0.0, Pins(0)=0.0, Dist=198.0, Win Bonus=0.0
[2026-05-08 09:44:52] SCORE The bandits (blue): Final=0.0, Time=0.0, Moves(0)=0.0, Pins(0)=0.0, Dist=0.0, Win Bonus=0.0
[2026-05-08 09:44:52] SCORE Erlend Og Linor (yellow): Final=0.0, Time=0.0, Moves(0)=0.0, Pins(0)=0.0, Dist=0.0, Win Bonus=0.0
[2026-05-08 09:44:54] SCORE Robert (red): Final=297.5, Time=99.5, Moves(3)=0.0, Pins(0)=0.0, Dist=198.0, Win Bonus=0.0
[2026-05-08 09:44:54] SCORE The bandits (blue): Final=0.0, Time=0.0, Moves(0)=0.0, Pins(0)=0.0, Dist=0.0, Win Bonus=0.0
[2026-05-08 09:44:54] SCORE Erlend Og Linor (yellow): Final=0.0, Time=0.0, Moves(0)=0.0, Pins(0)=0.0, Dist=0.0, Win Bonus=0.0
[2026-05-08 09:44:54] TURN TIMEOUT: Player with colour yellow exceeded 2s at move 3. Turn skipped.
[2026-05-08 09:44:57] SCORE Robert (red): Final=297.5, Time=99.5, Moves(3)=0.0, Pins(0)=0.0, Dist=198.0, Win Bonus=0.0
[2026-05-08 09:44:57] SCORE The bandits (blue): Final=0.0, Time=0.0, Moves(0)=0.0, Pins(0)=0.0, Dist=0.0, Win Bonus=0.0
[2026-05-08 09:44:57] SCORE Erlend Og Linor (yellow): Final=0.0, Time=0.0, Moves(0)=0.0, Pins(0)=0.0, Dist=0.0, Win Bonus=0.0
[2026-05-08 09:44:57] TURN TIMEOUT: Player with colour blue exceeded 2s at move 3. Turn skipped.
[2026-05-08 09:44:57] MOVE 4: Robert (red) 112->103 [0.01ms]
[2026-05-08 09:44:57] SCORE Robert (red): Final=299.2, Time=99.2, Moves(4)=0.0, Pins(0)=0.0, Dist=200.0, Win Bonus=0.0
[2026-05-08 09:44:57] SCORE The bandits (blue): Final=0.0, Time=0.0, Moves(0)=0.0, Pins(0)=0.0, Dist=0.0, Win Bonus=0.0
[2026-05-08 09:44:57] SCORE Erlend Og Linor (yellow): Final=0.0, Time=0.0, Moves(0)=0.0, Pins(0)=0.0, Dist=0.0, Win Bonus=0.0
[2026-05-08 09:44:59] SCORE Robert (red): Final=299.2, Time=99.2, Moves(4)=0.0, Pins(0)=0.0, Dist=200.0, Win Bonus=0.0
[2026-05-08 09:44:59] SCORE The bandits (blue): Final=0.0, Time=0.0, Moves(0)=0.0, Pins(0)=0.0, Dist=0.0, Win Bonus=0.0
[2026-05-08 09:44:59] SCORE Erlend Og Linor (yellow): Final=0.0, Time=0.0, Moves(0)=0.0, Pins(0)=0.0, Dist=0.0, Win Bonus=0.0
[2026-05-08 09:44:59] TURN TIMEOUT: Player with colour yellow exceeded 2s at move 4. Turn skipped.
[2026-05-08 09:45:01] SCORE Robert (red): Final=299.2, Time=99.2, Moves(4)=0.0, Pins(0)=0.0, Dist=200.0, Win Bonus=0.0
[2026-05-08 09:45:01] SCORE The bandits (blue): Final=0.0, Time=0.0, Moves(0)=0.0, Pins(0)=0.0, Dist=0.0, Win Bonus=0.0
[2026-05-08 09:45:01] SCORE Erlend Og Linor (yellow): Final=0.0, Time=0.0, Moves(0)=0.0, Pins(0)=0.0, Dist=0.0, Win Bonus=0.0
[2026-05-08 09:45:01] TURN TIMEOUT: Player with colour blue exceeded 2s at move 4. Turn skipped.
[2026-05-08 09:45:02] MOVE 5: Robert (red) 119->67 [0.01ms]
[2026-05-08 09:45:02] SCORE Robert (red): Final=311.0, Time=99.0, Moves(5)=0.0, Pins(0)=0.0, Dist=212.0, Win Bonus=0.0
[2026-05-08 09:45:02] SCORE The bandits (blue): Final=0.0, Time=0.0, Moves(0)=0.0, Pins(0)=0.0, Dist=0.0, Win Bonus=0.0
[2026-05-08 09:45:02] SCORE Erlend Og Linor (yellow): Final=0.0, Time=0.0, Moves(0)=0.0, Pins(0)=0.0, Dist=0.0, Win Bonus=0.0
[2026-05-08 09:45:03] PLAYER START: Robert (red)
[2026-05-08 09:45:03] PLAYER START: The bandits (blue)
[2026-05-08 09:45:03] PLAYER START: Erlend Og Linor (yellow)
[2026-05-08 09:45:03] MOVE 6: Erlend Og Linor (yellow) 24->47 [0.01ms]
[2026-05-08 09:45:03] SCORE Robert (red): Final=311.0, Time=99.0, Moves(5)=0.0, Pins(0)=0.0, Dist=212.0, Win Bonus=0.0
[2026-05-08 09:45:03] SCORE The bandits (blue): Final=0.0, Time=0.0, Moves(0)=0.0, Pins(0)=0.0, Dist=0.0, Win Bonus=0.0
[2026-05-08 09:45:03] SCORE Erlend Og Linor (yellow): Final=282.6, Time=98.6, Moves(1)=0.0, Pins(0)=0.0, Dist=184.0, Win Bonus=0.0
[2026-05-08 09:45:05] SCORE Robert (red): Final=311.0, Time=99.0, Moves(5)=0.0, Pins(0)=0.0, Dist=212.0, Win Bonus=0.0
[2026-05-08 09:45:05] SCORE The bandits (blue): Final=0.0, Time=0.0, Moves(0)=0.0, Pins(0)=0.0, Dist=0.0, Win Bonus=0.0
[2026-05-08 09:45:05] SCORE Erlend Og Linor (yellow): Final=282.6, Time=98.6, Moves(1)=0.0, Pins(0)=0.0, Dist=184.0, Win Bonus=0.0
[2026-05-08 09:45:05] TURN TIMEOUT: Player with colour blue exceeded 2s at move 6. Turn skipped.
[2026-05-08 09:45:06] MOVE 7: Robert (red) 77->66 [0.01ms]
[2026-05-08 09:45:06] SCORE Robert (red): Final=311.9, Time=97.9, Moves(6)=0.0, Pins(0)=0.0, Dist=214.0, Win Bonus=0.0
[2026-05-08 09:45:06] SCORE The bandits (blue): Final=0.0, Time=0.0, Moves(0)=0.0, Pins(0)=0.0, Dist=0.0, Win Bonus=0.0
[2026-05-08 09:45:06] SCORE Erlend Og Linor (yellow): Final=282.6, Time=98.6, Moves(1)=0.0, Pins(0)=0.0, Dist=184.0, Win Bonus=0.0
[2026-05-08 09:45:07] MOVE 8: Erlend Og Linor (yellow) 46->48 [0.01ms]
[2026-05-08 09:45:07] SCORE Robert (red): Final=311.9, Time=97.9, Moves(6)=0.0, Pins(0)=0.0, Dist=214.0, Win Bonus=0.0
[2026-05-08 09:45:07] SCORE The bandits (blue): Final=0.0, Time=0.0, Moves(0)=0.0, Pins(0)=0.0, Dist=0.0, Win Bonus=0.0
[2026-05-08 09:45:07] SCORE Erlend Og Linor (yellow): Final=286.2, Time=98.2, Moves(2)=0.0, Pins(0)=0.0, Dist=188.0, Win Bonus=0.0
[2026-05-08 09:45:09] SCORE Robert (red): Final=311.9, Time=97.9, Moves(6)=0.0, Pins(0)=0.0, Dist=214.0, Win Bonus=0.0
[2026-05-08 09:45:09] SCORE The bandits (blue): Final=0.0, Time=0.0, Moves(0)=0.0, Pins(0)=0.0, Dist=0.0, Win Bonus=0.0
[2026-05-08 09:45:09] SCORE Erlend Og Linor (yellow): Final=286.2, Time=98.2, Moves(2)=0.0, Pins(0)=0.0, Dist=188.0, Win Bonus=0.0
[2026-05-08 09:45:09] TURN TIMEOUT: Player with colour blue exceeded 2s at move 8. Turn skipped.
[2026-05-08 09:45:09] MOVE 9: Robert (red) 117->37 [0.01ms]
[2026-05-08 09:45:09] SCORE Robert (red): Final=327.6, Time=97.6, Moves(7)=0.0, Pins(0)=0.0, Dist=230.0, Win Bonus=0.0
[2026-05-08 09:45:09] SCORE The bandits (blue): Final=0.0, Time=0.0, Moves(0)=0.0, Pins(0)=0.0, Dist=0.0, Win Bonus=0.0
[2026-05-08 09:45:09] SCORE Erlend Og Linor (yellow): Final=286.2, Time=98.2, Moves(2)=0.0, Pins(0)=0.0, Dist=188.0, Win Bonus=0.0
[2026-05-08 09:45:09] MOVE 10: Erlend Og Linor (yellow) 23->24 [0.00ms]
[2026-05-08 09:45:09] SCORE Robert (red): Final=327.6, Time=97.6, Moves(7)=0.0, Pins(0)=0.0, Dist=230.0, Win Bonus=0.0
[2026-05-08 09:45:09] SCORE The bandits (blue): Final=0.0, Time=0.0, Moves(0)=0.0, Pins(0)=0.0, Dist=0.0, Win Bonus=0.0
[2026-05-08 09:45:09] SCORE Erlend Og Linor (yellow): Final=288.0, Time=98.0, Moves(3)=0.0, Pins(0)=0.0, Dist=190.0, Win Bonus=0.0
[2026-05-08 09:45:11] SCORE Robert (red): Final=327.6, Time=97.6, Moves(7)=0.0, Pins(0)=0.0, Dist=230.0, Win Bonus=0.0
[2026-05-08 09:45:11] SCORE The bandits (blue): Final=0.0, Time=0.0, Moves(0)=0.0, Pins(0)=0.0, Dist=0.0, Win Bonus=0.0
[2026-05-08 09:45:11] SCORE Erlend Og Linor (yellow): Final=288.0, Time=98.0, Moves(3)=0.0, Pins(0)=0.0, Dist=190.0, Win Bonus=0.0
[2026-05-08 09:45:11] TURN TIMEOUT: Player with colour blue exceeded 2s at move 10. Turn skipped.
[2026-05-08 09:45:12] MOVE 11: Robert (red) 114->90 [0.00ms]
[2026-05-08 09:45:12] SCORE Robert (red): Final=331.3, Time=97.3, Moves(8)=0.0, Pins(0)=0.0, Dist=234.0, Win Bonus=0.0
[2026-05-08 09:45:12] SCORE The bandits (blue): Final=0.0, Time=0.0, Moves(0)=0.0, Pins(0)=0.0, Dist=0.0, Win Bonus=0.0
[2026-05-08 09:45:12] SCORE Erlend Og Linor (yellow): Final=288.0, Time=98.0, Moves(3)=0.0, Pins(0)=0.0, Dist=190.0, Win Bonus=0.0
[2026-05-08 09:45:12] MOVE 12: Erlend Og Linor (yellow) 24->26 [0.00ms]
[2026-05-08 09:45:12] SCORE Robert (red): Final=331.3, Time=97.3, Moves(8)=0.0, Pins(0)=0.0, Dist=234.0, Win Bonus=0.0
[2026-05-08 09:45:12] SCORE The bandits (blue): Final=0.0, Time=0.0, Moves(0)=0.0, Pins(0)=0.0, Dist=0.0, Win Bonus=0.0
[2026-05-08 09:45:12] SCORE Erlend Og Linor (yellow): Final=291.9, Time=97.9, Moves(4)=0.0, Pins(0)=0.0, Dist=194.0, Win Bonus=0.0
[2026-05-08 09:45:14] SCORE Robert (red): Final=331.3, Time=97.3, Moves(8)=0.0, Pins(0)=0.0, Dist=234.0, Win Bonus=0.0
[2026-05-08 09:45:14] SCORE The bandits (blue): Final=0.0, Time=0.0, Moves(0)=0.0, Pins(0)=0.0, Dist=0.0, Win Bonus=0.0
[2026-05-08 09:45:14] SCORE Erlend Og Linor (yellow): Final=291.9, Time=97.9, Moves(4)=0.0, Pins(0)=0.0, Dist=194.0, Win Bonus=0.0
[2026-05-08 09:45:14] TURN TIMEOUT: Player with colour blue exceeded 2s at move 12. Turn skipped.
[2026-05-08 09:45:14] PLAYER START: Robert (red)
[2026-05-08 09:45:14] PLAYER START: The bandits (blue)
[2026-05-08 09:45:14] PLAYER START: Erlend Og Linor (yellow)
[2026-05-08 09:45:14] MOVE 13: Robert (red) 103->38 [0.01ms]
[2026-05-08 09:45:14] SCORE Robert (red): Final=342.7, Time=96.7, Moves(9)=0.0, Pins(0)=0.0, Dist=246.0, Win Bonus=0.0
[2026-05-08 09:45:14] SCORE The bandits (blue): Final=0.0, Time=0.0, Moves(0)=0.0, Pins(0)=0.0, Dist=0.0, Win Bonus=0.0
[2026-05-08 09:45:14] SCORE Erlend Og Linor (yellow): Final=291.9, Time=97.9, Moves(4)=0.0, Pins(0)=0.0, Dist=194.0, Win Bonus=0.0
[2026-05-08 09:45:15] MOVE 14: Erlend Og Linor (yellow) 25->27 [0.01ms]
[2026-05-08 09:45:15] SCORE Robert (red): Final=342.7, Time=96.7, Moves(9)=0.0, Pins(0)=0.0, Dist=246.0, Win Bonus=0.0
[2026-05-08 09:45:15] SCORE The bandits (blue): Final=0.0, Time=0.0, Moves(0)=0.0, Pins(0)=0.0, Dist=0.0, Win Bonus=0.0
[2026-05-08 09:45:15] SCORE Erlend Og Linor (yellow): Final=295.8, Time=97.8, Moves(5)=0.0, Pins(0)=0.0, Dist=198.0, Win Bonus=0.0
[2026-05-08 09:45:15] MOVE 15: The bandits (blue) 3->39 [0.01ms]
[2026-05-08 09:45:15] SCORE Robert (red): Final=342.7, Time=96.7, Moves(9)=0.0, Pins(0)=0.0, Dist=246.0, Win Bonus=0.0
[2026-05-08 09:45:15] SCORE The bandits (blue): Final=287.9, Time=99.9, Moves(1)=0.0, Pins(0)=0.0, Dist=188.0, Win Bonus=0.0
[2026-05-08 09:45:15] SCORE Erlend Og Linor (yellow): Final=295.8, Time=97.8, Moves(5)=0.0, Pins(0)=0.0, Dist=198.0, Win Bonus=0.0
[2026-05-08 09:45:15] MOVE 16: Robert (red) 118->115 [0.00ms]
[2026-05-08 09:45:15] SCORE Robert (red): Final=344.0, Time=96.0, Moves(10)=0.0, Pins(0)=0.0, Dist=248.0, Win Bonus=0.0
[2026-05-08 09:45:15] SCORE The bandits (blue): Final=287.9, Time=99.9, Moves(1)=0.0, Pins(0)=0.0, Dist=188.0, Win Bonus=0.0
[2026-05-08 09:45:15] SCORE Erlend Og Linor (yellow): Final=295.8, Time=97.8, Moves(5)=0.0, Pins(0)=0.0, Dist=198.0, Win Bonus=0.0
[2026-05-08 09:45:15] MOVE 17: Erlend Og Linor (yellow) 48->58 [0.00ms]
[2026-05-08 09:45:15] SCORE Robert (red): Final=344.0, Time=96.0, Moves(10)=0.0, Pins(0)=0.0, Dist=248.0, Win Bonus=0.0
[2026-05-08 09:45:15] SCORE The bandits (blue): Final=287.9, Time=99.9, Moves(1)=0.0, Pins(0)=0.0, Dist=188.0, Win Bonus=0.0
[2026-05-08 09:45:15] SCORE Erlend Og Linor (yellow): Final=297.7, Time=97.7, Moves(6)=0.0, Pins(0)=0.0, Dist=200.0, Win Bonus=0.0
[2026-05-08 09:45:16] MOVE 18: The bandits (blue) 0->16 [0.00ms]
[2026-05-08 09:45:16] SCORE Robert (red): Final=344.0, Time=96.0, Moves(10)=0.0, Pins(0)=0.0, Dist=248.0, Win Bonus=0.0
[2026-05-08 09:45:16] SCORE The bandits (blue): Final=295.9, Time=99.9, Moves(2)=0.0, Pins(0)=0.0, Dist=196.0, Win Bonus=0.0
[2026-05-08 09:45:16] SCORE Erlend Og Linor (yellow): Final=297.7, Time=97.7, Moves(6)=0.0, Pins(0)=0.0, Dist=200.0, Win Bonus=0.0
[2026-05-08 09:45:16] MOVE 19: Robert (red) 37->0 [0.01ms]
[2026-05-08 09:45:16] SCORE Robert (red): Final=449.3, Time=95.3, Moves(11)=0.0, Pins(1)=100.0, Dist=254.0, Win Bonus=0.0
[2026-05-08 09:45:16] SCORE The bandits (blue): Final=295.9, Time=99.9, Moves(2)=0.0, Pins(0)=0.0, Dist=196.0, Win Bonus=0.0
[2026-05-08 09:45:16] SCORE Erlend Og Linor (yellow): Final=297.7, Time=97.7, Moves(6)=0.0, Pins(0)=0.0, Dist=200.0, Win Bonus=0.0
[2026-05-08 09:45:16] MOVE 20: Erlend Og Linor (yellow) 12->25 [0.01ms]
[2026-05-08 09:45:16] SCORE Robert (red): Final=449.3, Time=95.3, Moves(11)=0.0, Pins(1)=100.0, Dist=254.0, Win Bonus=0.0
[2026-05-08 09:45:16] SCORE The bandits (blue): Final=295.9, Time=99.9, Moves(2)=0.0, Pins(0)=0.0, Dist=196.0, Win Bonus=0.0
[2026-05-08 09:45:16] SCORE Erlend Og Linor (yellow): Final=299.6, Time=97.6, Moves(7)=0.0, Pins(0)=0.0, Dist=202.0, Win Bonus=0.0
[2026-05-08 09:45:16] MOVE 21: The bandits (blue) 5->37 [0.01ms]
[2026-05-08 09:45:16] SCORE Robert (red): Final=449.3, Time=95.3, Moves(11)=0.0, Pins(1)=100.0, Dist=254.0, Win Bonus=0.0
[2026-05-08 09:45:16] SCORE The bandits (blue): Final=303.8, Time=99.8, Moves(3)=0.0, Pins(0)=0.0, Dist=204.0, Win Bonus=0.0
[2026-05-08 09:45:16] SCORE Erlend Og Linor (yellow): Final=299.6, Time=97.6, Moves(7)=0.0, Pins(0)=0.0, Dist=202.0, Win Bonus=0.0
[2026-05-08 09:45:17] MOVE 22: Robert (red) 115->56 [0.01ms]
[2026-05-08 09:45:17] SCORE Robert (red): Final=460.6, Time=94.6, Moves(12)=0.0, Pins(1)=100.0, Dist=266.0, Win Bonus=0.0
[2026-05-08 09:45:17] SCORE The bandits (blue): Final=303.8, Time=99.8, Moves(3)=0.0, Pins(0)=0.0, Dist=204.0, Win Bonus=0.0
[2026-05-08 09:45:17] SCORE Erlend Og Linor (yellow): Final=299.6, Time=97.6, Moves(7)=0.0, Pins(0)=0.0, Dist=202.0, Win Bonus=0.0
[2026-05-08 09:45:17] MOVE 23: Erlend Og Linor (yellow) 25->68 [0.01ms]
[2026-05-08 09:45:17] SCORE Robert (red): Final=460.6, Time=94.6, Moves(12)=0.0, Pins(1)=100.0, Dist=266.0, Win Bonus=0.0
[2026-05-08 09:45:17] SCORE The bandits (blue): Final=303.8, Time=99.8, Moves(3)=0.0, Pins(0)=0.0, Dist=204.0, Win Bonus=0.0
[2026-05-08 09:45:17] SCORE Erlend Og Linor (yellow): Final=307.4, Time=97.4, Moves(8)=0.0, Pins(0)=0.0, Dist=210.0, Win Bonus=0.0
[2026-05-08 09:45:17] MOVE 24: The bandits (blue) 8->49 [0.01ms]
[2026-05-08 09:45:17] SCORE Robert (red): Final=460.6, Time=94.6, Moves(12)=0.0, Pins(1)=100.0, Dist=266.0, Win Bonus=0.0
[2026-05-08 09:45:17] SCORE The bandits (blue): Final=311.7, Time=99.7, Moves(4)=0.0, Pins(0)=0.0, Dist=212.0, Win Bonus=0.0
[2026-05-08 09:45:17] SCORE Erlend Og Linor (yellow): Final=307.4, Time=97.4, Moves(8)=0.0, Pins(0)=0.0, Dist=210.0, Win Bonus=0.0
[2026-05-08 09:45:18] MOVE 25: Robert (red) 111->112 [0.00ms]
[2026-05-08 09:45:18] SCORE Robert (red): Final=460.0, Time=94.0, Moves(13)=0.0, Pins(1)=100.0, Dist=266.0, Win Bonus=0.0
[2026-05-08 09:45:18] SCORE The bandits (blue): Final=311.7, Time=99.7, Moves(4)=0.0, Pins(0)=0.0, Dist=212.0, Win Bonus=0.0
[2026-05-08 09:45:18] SCORE Erlend Og Linor (yellow): Final=307.4, Time=97.4, Moves(8)=0.0, Pins(0)=0.0, Dist=210.0, Win Bonus=0.0
[2026-05-08 09:45:18] MOVE 26: Erlend Og Linor (yellow) 10->12 [0.01ms]
[2026-05-08 09:45:18] SCORE Robert (red): Final=460.0, Time=94.0, Moves(13)=0.0, Pins(1)=100.0, Dist=266.0, Win Bonus=0.0
[2026-05-08 09:45:18] SCORE The bandits (blue): Final=311.7, Time=99.7, Moves(4)=0.0, Pins(0)=0.0, Dist=212.0, Win Bonus=0.0
[2026-05-08 09:45:18] SCORE Erlend Og Linor (yellow): Final=311.2, Time=97.2, Moves(9)=0.0, Pins(0)=0.0, Dist=214.0, Win Bonus=0.0
[2026-05-08 09:45:18] MOVE 27: The bandits (blue) 1->28 [0.01ms]
[2026-05-08 09:45:18] SCORE Robert (red): Final=460.0, Time=94.0, Moves(13)=0.0, Pins(1)=100.0, Dist=266.0, Win Bonus=0.0
[2026-05-08 09:45:18] SCORE The bandits (blue): Final=319.6, Time=99.6, Moves(5)=0.0, Pins(0)=0.0, Dist=220.0, Win Bonus=0.0
[2026-05-08 09:45:18] SCORE Erlend Og Linor (yellow): Final=311.2, Time=97.2, Moves(9)=0.0, Pins(0)=0.0, Dist=214.0, Win Bonus=0.0
[2026-05-08 09:45:19] MOVE 28: Robert (red) 38->17 [0.01ms]
[2026-05-08 09:45:19] SCORE Robert (red): Final=463.3, Time=93.3, Moves(14)=0.0, Pins(1)=100.0, Dist=270.0, Win Bonus=0.0
[2026-05-08 09:45:19] SCORE The bandits (blue): Final=319.6, Time=99.6, Moves(5)=0.0, Pins(0)=0.0, Dist=220.0, Win Bonus=0.0
[2026-05-08 09:45:19] SCORE Erlend Og Linor (yellow): Final=311.2, Time=97.2, Moves(9)=0.0, Pins(0)=0.0, Dist=214.0, Win Bonus=0.0
[2026-05-08 09:45:19] MOVE 29: Erlend Og Linor (yellow) 13->40 [0.01ms]
[2026-05-08 09:45:19] SCORE Robert (red): Final=463.3, Time=93.3, Moves(14)=0.0, Pins(1)=100.0, Dist=270.0, Win Bonus=0.0
[2026-05-08 09:45:19] SCORE The bandits (blue): Final=319.6, Time=99.6, Moves(5)=0.0, Pins(0)=0.0, Dist=220.0, Win Bonus=0.0
[2026-05-08 09:45:19] SCORE Erlend Og Linor (yellow): Final=319.1, Time=97.1, Moves(10)=0.0, Pins(0)=0.0, Dist=222.0, Win Bonus=0.0
[2026-05-08 09:45:19] MOVE 30: The bandits (blue) 4->59 [0.01ms]
[2026-05-08 09:45:19] SCORE Robert (red): Final=463.3, Time=93.3, Moves(14)=0.0, Pins(1)=100.0, Dist=270.0, Win Bonus=0.0
[2026-05-08 09:45:19] SCORE The bandits (blue): Final=331.5, Time=99.5, Moves(6)=0.0, Pins(0)=0.0, Dist=232.0, Win Bonus=0.0
[2026-05-08 09:45:19] SCORE Erlend Og Linor (yellow): Final=319.1, Time=97.1, Moves(10)=0.0, Pins(0)=0.0, Dist=222.0, Win Bonus=0.0
[2026-05-08 09:45:20] MOVE 31: Robert (red) 66->48 [0.01ms]
[2026-05-08 09:45:20] SCORE Robert (red): Final=466.6, Time=92.6, Moves(15)=0.0, Pins(1)=100.0, Dist=274.0, Win Bonus=0.0
[2026-05-08 09:45:20] SCORE The bandits (blue): Final=331.5, Time=99.5, Moves(6)=0.0, Pins(0)=0.0, Dist=232.0, Win Bonus=0.0
[2026-05-08 09:45:20] SCORE Erlend Og Linor (yellow): Final=319.1, Time=97.1, Moves(10)=0.0, Pins(0)=0.0, Dist=222.0, Win Bonus=0.0
[2026-05-08 09:45:20] MOVE 32: Erlend Og Linor (yellow) 11->38 [0.01ms]
[2026-05-08 09:45:20] SCORE Robert (red): Final=466.6, Time=92.6, Moves(15)=0.0, Pins(1)=100.0, Dist=274.0, Win Bonus=0.0
[2026-05-08 09:45:20] SCORE The bandits (blue): Final=331.5, Time=99.5, Moves(6)=0.0, Pins(0)=0.0, Dist=232.0, Win Bonus=0.0
[2026-05-08 09:45:20] SCORE Erlend Og Linor (yellow): Final=326.9, Time=96.9, Moves(11)=0.0, Pins(0)=0.0, Dist=230.0, Win Bonus=0.0
[2026-05-08 09:45:20] MOVE 33: The bandits (blue) 9->50 [0.00ms]
[2026-05-08 09:45:20] SCORE Robert (red): Final=466.6, Time=92.6, Moves(15)=0.0, Pins(1)=100.0, Dist=274.0, Win Bonus=0.0
[2026-05-08 09:45:20] SCORE The bandits (blue): Final=339.5, Time=99.5, Moves(7)=0.0, Pins(0)=0.0, Dist=240.0, Win Bonus=0.0
[2026-05-08 09:45:20] SCORE Erlend Og Linor (yellow): Final=326.9, Time=96.9, Moves(11)=0.0, Pins(0)=0.0, Dist=230.0, Win Bonus=0.0
[2026-05-08 09:45:21] MOVE 34: Robert (red) 116->57 [0.00ms]
[2026-05-08 09:45:21] SCORE Robert (red): Final=478.0, Time=92.0, Moves(16)=0.0, Pins(1)=100.0, Dist=286.0, Win Bonus=0.0
[2026-05-08 09:45:21] SCORE The bandits (blue): Final=339.5, Time=99.5, Moves(7)=0.0, Pins(0)=0.0, Dist=240.0, Win Bonus=0.0
[2026-05-08 09:45:21] SCORE Erlend Og Linor (yellow): Final=326.9, Time=96.9, Moves(11)=0.0, Pins(0)=0.0, Dist=230.0, Win Bonus=0.0
[2026-05-08 09:45:21] MOVE 35: Erlend Og Linor (yellow) 40->51 [0.00ms]
[2026-05-08 09:45:21] SCORE Robert (red): Final=478.0, Time=92.0, Moves(16)=0.0, Pins(1)=100.0, Dist=286.0, Win Bonus=0.0
[2026-05-08 09:45:21] SCORE The bandits (blue): Final=339.5, Time=99.5, Moves(7)=0.0, Pins(0)=0.0, Dist=240.0, Win Bonus=0.0
[2026-05-08 09:45:21] SCORE Erlend Og Linor (yellow): Final=328.8, Time=96.8, Moves(12)=0.0, Pins(0)=0.0, Dist=232.0, Win Bonus=0.0
[2026-05-08 09:45:21] MOVE 36: The bandits (blue) 6->30 [0.00ms]
[2026-05-08 09:45:21] SCORE Robert (red): Final=478.0, Time=92.0, Moves(16)=0.0, Pins(1)=100.0, Dist=286.0, Win Bonus=0.0
[2026-05-08 09:45:21] SCORE The bandits (blue): Final=343.4, Time=99.4, Moves(8)=0.0, Pins(0)=0.0, Dist=244.0, Win Bonus=0.0
[2026-05-08 09:45:21] SCORE Erlend Og Linor (yellow): Final=328.8, Time=96.8, Moves(12)=0.0, Pins(0)=0.0, Dist=232.0, Win Bonus=0.0
[2026-05-08 09:45:21] MOVE 37: Robert (red) 67->77 [0.00ms]
[2026-05-08 09:45:21] SCORE Robert (red): Final=475.4, Time=91.4, Moves(17)=0.0, Pins(1)=100.0, Dist=284.0, Win Bonus=0.0
[2026-05-08 09:45:21] SCORE The bandits (blue): Final=343.4, Time=99.4, Moves(8)=0.0, Pins(0)=0.0, Dist=244.0, Win Bonus=0.0
[2026-05-08 09:45:21] SCORE Erlend Og Linor (yellow): Final=328.8, Time=96.8, Moves(12)=0.0, Pins(0)=0.0, Dist=232.0, Win Bonus=0.0
[2026-05-08 09:45:22] MOVE 38: Erlend Og Linor (yellow) 68->69 [0.00ms]
[2026-05-08 09:45:22] SCORE Robert (red): Final=475.4, Time=91.4, Moves(17)=0.0, Pins(1)=100.0, Dist=284.0, Win Bonus=0.0
[2026-05-08 09:45:22] SCORE The bandits (blue): Final=343.4, Time=99.4, Moves(8)=0.0, Pins(0)=0.0, Dist=244.0, Win Bonus=0.0
[2026-05-08 09:45:22] SCORE Erlend Og Linor (yellow): Final=330.6, Time=96.6, Moves(13)=0.0, Pins(0)=0.0, Dist=234.0, Win Bonus=0.0
[2026-05-08 09:45:22] MOVE 39: The bandits (blue) 7->29 [0.00ms]
[2026-05-08 09:45:22] SCORE Robert (red): Final=475.4, Time=91.4, Moves(17)=0.0, Pins(1)=100.0, Dist=284.0, Win Bonus=0.0
[2026-05-08 09:45:22] SCORE The bandits (blue): Final=347.3, Time=99.3, Moves(9)=0.0, Pins(0)=0.0, Dist=248.0, Win Bonus=0.0
[2026-05-08 09:45:22] SCORE Erlend Og Linor (yellow): Final=330.6, Time=96.6, Moves(13)=0.0, Pins(0)=0.0, Dist=234.0, Win Bonus=0.0
[2026-05-08 09:45:22] MOVE 40: Robert (red) 17->9 [0.01ms]
[2026-05-08 09:45:22] SCORE Robert (red): Final=576.9, Time=90.9, Moves(18)=0.0, Pins(2)=200.0, Dist=286.0, Win Bonus=0.0
[2026-05-08 09:45:22] SCORE The bandits (blue): Final=347.3, Time=99.3, Moves(9)=0.0, Pins(0)=0.0, Dist=248.0, Win Bonus=0.0
[2026-05-08 09:45:22] SCORE Erlend Og Linor (yellow): Final=330.6, Time=96.6, Moves(13)=0.0, Pins(0)=0.0, Dist=234.0, Win Bonus=0.0
[2026-05-08 09:45:22] MOVE 41: Erlend Og Linor (yellow) 12->25 [0.00ms]
[2026-05-08 09:45:22] SCORE Robert (red): Final=576.9, Time=90.9, Moves(18)=0.0, Pins(2)=200.0, Dist=286.0, Win Bonus=0.0
[2026-05-08 09:45:22] SCORE The bandits (blue): Final=347.3, Time=99.3, Moves(9)=0.0, Pins(0)=0.0, Dist=248.0, Win Bonus=0.0
[2026-05-08 09:45:22] SCORE Erlend Og Linor (yellow): Final=332.5, Time=96.5, Moves(14)=0.0, Pins(0)=0.0, Dist=236.0, Win Bonus=0.0
[2026-05-08 09:45:23] MOVE 42: The bandits (blue) 2->4 [0.00ms]
[2026-05-08 09:45:23] SCORE Robert (red): Final=576.9, Time=90.9, Moves(18)=0.0, Pins(2)=200.0, Dist=286.0, Win Bonus=0.0
[2026-05-08 09:45:23] SCORE The bandits (blue): Final=349.2, Time=99.2, Moves(10)=0.0, Pins(0)=0.0, Dist=250.0, Win Bonus=0.0
[2026-05-08 09:45:23] SCORE Erlend Og Linor (yellow): Final=332.5, Time=96.5, Moves(14)=0.0, Pins(0)=0.0, Dist=236.0, Win Bonus=0.0
[2026-05-08 09:45:23] MOVE 43: Robert (red) 77->3 [0.01ms]
[2026-05-08 09:45:23] SCORE Robert (red): Final=690.2, Time=90.2, Moves(19)=0.0, Pins(3)=300.0, Dist=300.0, Win Bonus=0.0
[2026-05-08 09:45:23] SCORE The bandits (blue): Final=349.2, Time=99.2, Moves(10)=0.0, Pins(0)=0.0, Dist=250.0, Win Bonus=0.0
[2026-05-08 09:45:23] SCORE Erlend Og Linor (yellow): Final=332.5, Time=96.5, Moves(14)=0.0, Pins(0)=0.0, Dist=236.0, Win Bonus=0.0
[2026-05-08 09:45:23] MOVE 44: Erlend Og Linor (yellow) 47->67 [0.00ms]
[2026-05-08 09:45:23] SCORE Robert (red): Final=690.2, Time=90.2, Moves(19)=0.0, Pins(3)=300.0, Dist=300.0, Win Bonus=0.0
[2026-05-08 09:45:23] SCORE The bandits (blue): Final=349.2, Time=99.2, Moves(10)=0.0, Pins(0)=0.0, Dist=250.0, Win Bonus=0.0
[2026-05-08 09:45:23] SCORE Erlend Og Linor (yellow): Final=336.3, Time=96.3, Moves(15)=0.0, Pins(0)=0.0, Dist=240.0, Win Bonus=0.0
[2026-05-08 09:45:23] MOVE 45: The bandits (blue) 39->79 [0.00ms]
[2026-05-08 09:45:23] SCORE Robert (red): Final=690.2, Time=90.2, Moves(19)=0.0, Pins(3)=300.0, Dist=300.0, Win Bonus=0.0
[2026-05-08 09:45:23] SCORE The bandits (blue): Final=357.1, Time=99.1, Moves(11)=0.0, Pins(0)=0.0, Dist=258.0, Win Bonus=0.0
[2026-05-08 09:45:23] SCORE Erlend Og Linor (yellow): Final=336.3, Time=96.3, Moves(15)=0.0, Pins(0)=0.0, Dist=240.0, Win Bonus=0.0
[2026-05-08 09:45:24] MOVE 46: Robert (red) 89->70 [0.00ms]
[2026-05-08 09:45:24] SCORE Robert (red): Final=693.5, Time=89.5, Moves(20)=0.0, Pins(3)=300.0, Dist=304.0, Win Bonus=0.0
[2026-05-08 09:45:24] SCORE The bandits (blue): Final=357.1, Time=99.1, Moves(11)=0.0, Pins(0)=0.0, Dist=258.0, Win Bonus=0.0
[2026-05-08 09:45:24] SCORE Erlend Og Linor (yellow): Final=336.3, Time=96.3, Moves(15)=0.0, Pins(0)=0.0, Dist=240.0, Win Bonus=0.0
[2026-05-08 09:45:24] MOVE 47: Erlend Og Linor (yellow) 69->60 [0.01ms]
[2026-05-08 09:45:24] SCORE Robert (red): Final=693.5, Time=89.5, Moves(20)=0.0, Pins(3)=300.0, Dist=304.0, Win Bonus=0.0
[2026-05-08 09:45:24] SCORE The bandits (blue): Final=357.1, Time=99.1, Moves(11)=0.0, Pins(0)=0.0, Dist=258.0, Win Bonus=0.0
[2026-05-08 09:45:24] SCORE Erlend Og Linor (yellow): Final=336.3, Time=96.3, Moves(16)=0.0, Pins(0)=0.0, Dist=240.0, Win Bonus=0.0
[2026-05-08 09:45:24] MOVE 48: The bandits (blue) 50->68 [0.00ms]
[2026-05-08 09:45:24] SCORE Robert (red): Final=693.5, Time=89.5, Moves(20)=0.0, Pins(3)=300.0, Dist=304.0, Win Bonus=0.0
[2026-05-08 09:45:24] SCORE The bandits (blue): Final=361.1, Time=99.1, Moves(12)=0.0, Pins(0)=0.0, Dist=262.0, Win Bonus=0.0
[2026-05-08 09:45:24] SCORE Erlend Og Linor (yellow): Final=336.3, Time=96.3, Moves(16)=0.0, Pins(0)=0.0, Dist=240.0, Win Bonus=0.0
[2026-05-08 09:45:25] MOVE 49: Robert (red) 112->103 [0.00ms]
[2026-05-08 09:45:25] SCORE Robert (red): Final=694.9, Time=88.9, Moves(21)=0.0, Pins(3)=300.0, Dist=306.0, Win Bonus=0.0
[2026-05-08 09:45:25] SCORE The bandits (blue): Final=361.1, Time=99.1, Moves(12)=0.0, Pins(0)=0.0, Dist=262.0, Win Bonus=0.0
[2026-05-08 09:45:25] SCORE Erlend Og Linor (yellow): Final=336.3, Time=96.3, Moves(16)=0.0, Pins(0)=0.0, Dist=240.0, Win Bonus=0.0
[2026-05-08 09:45:25] MOVE 50: Erlend Og Linor (yellow) 51->50 [0.00ms]
[2026-05-08 09:45:25] SCORE Robert (red): Final=694.9, Time=88.9, Moves(21)=0.0, Pins(3)=300.0, Dist=306.0, Win Bonus=0.0
[2026-05-08 09:45:25] SCORE The bandits (blue): Final=361.1, Time=99.1, Moves(12)=0.0, Pins(0)=0.0, Dist=262.0, Win Bonus=0.0
[2026-05-08 09:45:25] SCORE Erlend Og Linor (yellow): Final=334.1, Time=96.1, Moves(17)=0.0, Pins(0)=0.0, Dist=238.0, Win Bonus=0.0
[2026-05-08 09:45:25] MOVE 51: The bandits (blue) 4->7 [0.00ms]
[2026-05-08 09:45:25] SCORE Robert (red): Final=694.9, Time=88.9, Moves(21)=0.0, Pins(3)=300.0, Dist=306.0, Win Bonus=0.0
[2026-05-08 09:45:25] SCORE The bandits (blue): Final=363.0, Time=99.0, Moves(13)=0.0, Pins(0)=0.0, Dist=264.0, Win Bonus=0.0
[2026-05-08 09:45:25] SCORE Erlend Og Linor (yellow): Final=334.1, Time=96.1, Moves(17)=0.0, Pins(0)=0.0, Dist=238.0, Win Bonus=0.0
[2026-05-08 09:45:26] MOVE 52: Robert (red) 90->51 [0.01ms]
[2026-05-08 09:45:26] SCORE Robert (red): Final=702.3, Time=88.3, Moves(22)=0.0, Pins(3)=300.0, Dist=314.0, Win Bonus=0.0
[2026-05-08 09:45:26] SCORE The bandits (blue): Final=363.0, Time=99.0, Moves(13)=0.0, Pins(0)=0.0, Dist=264.0, Win Bonus=0.0
[2026-05-08 09:45:26] SCORE Erlend Og Linor (yellow): Final=334.1, Time=96.1, Moves(17)=0.0, Pins(0)=0.0, Dist=238.0, Win Bonus=0.0
[2026-05-08 09:45:26] MOVE 53: Erlend Og Linor (yellow) 38->39 [0.00ms]
[2026-05-08 09:45:26] SCORE Robert (red): Final=702.3, Time=88.3, Moves(22)=0.0, Pins(3)=300.0, Dist=314.0, Win Bonus=0.0
[2026-05-08 09:45:26] SCORE The bandits (blue): Final=363.0, Time=99.0, Moves(13)=0.0, Pins(0)=0.0, Dist=264.0, Win Bonus=0.0
[2026-05-08 09:45:26] SCORE Erlend Og Linor (yellow): Final=336.0, Time=96.0, Moves(18)=0.0, Pins(0)=0.0, Dist=240.0, Win Bonus=0.0
[2026-05-08 09:45:26] MOVE 54: The bandits (blue) 7->15 [0.01ms]
[2026-05-08 09:45:26] SCORE Robert (red): Final=702.3, Time=88.3, Moves(22)=0.0, Pins(3)=300.0, Dist=314.0, Win Bonus=0.0
[2026-05-08 09:45:26] SCORE The bandits (blue): Final=364.9, Time=98.9, Moves(14)=0.0, Pins(0)=0.0, Dist=266.0, Win Bonus=0.0
[2026-05-08 09:45:26] SCORE Erlend Og Linor (yellow): Final=336.0, Time=96.0, Moves(18)=0.0, Pins(0)=0.0, Dist=240.0, Win Bonus=0.0
[2026-05-08 09:45:27] MOVE 55: Robert (red) 57->17 [0.00ms]
[2026-05-08 09:45:27] SCORE Robert (red): Final=709.7, Time=87.7, Moves(23)=0.0, Pins(3)=300.0, Dist=322.0, Win Bonus=0.0
[2026-05-08 09:45:27] SCORE The bandits (blue): Final=364.9, Time=98.9, Moves(14)=0.0, Pins(0)=0.0, Dist=266.0, Win Bonus=0.0
[2026-05-08 09:45:27] SCORE Erlend Og Linor (yellow): Final=336.0, Time=96.0, Moves(18)=0.0, Pins(0)=0.0, Dist=240.0, Win Bonus=0.0
[2026-05-08 09:45:27] MOVE 56: Erlend Og Linor (yellow) 27->7 [0.00ms]
[2026-05-08 09:45:27] SCORE Robert (red): Final=709.7, Time=87.7, Moves(23)=0.0, Pins(3)=300.0, Dist=322.0, Win Bonus=0.0
[2026-05-08 09:45:27] SCORE The bandits (blue): Final=364.9, Time=98.9, Moves(14)=0.0, Pins(0)=0.0, Dist=266.0, Win Bonus=0.0
[2026-05-08 09:45:27] SCORE Erlend Og Linor (yellow): Final=335.9, Time=95.9, Moves(19)=0.0, Pins(0)=0.0, Dist=240.0, Win Bonus=0.0
[2026-05-08 09:45:27] MOVE 57: The bandits (blue) 15->78 [0.00ms]
[2026-05-08 09:45:27] SCORE Robert (red): Final=709.7, Time=87.7, Moves(23)=0.0, Pins(3)=300.0, Dist=322.0, Win Bonus=0.0
[2026-05-08 09:45:27] SCORE The bandits (blue): Final=376.9, Time=98.9, Moves(15)=0.0, Pins(0)=0.0, Dist=278.0, Win Bonus=0.0
[2026-05-08 09:45:27] SCORE Erlend Og Linor (yellow): Final=335.9, Time=95.9, Moves(19)=0.0, Pins(0)=0.0, Dist=240.0, Win Bonus=0.0
[2026-05-08 09:45:27] MOVE 58: Robert (red) 70->61 [0.00ms]
[2026-05-08 09:45:27] SCORE Robert (red): Final=711.1, Time=87.1, Moves(24)=0.0, Pins(3)=300.0, Dist=324.0, Win Bonus=0.0
[2026-05-08 09:45:27] SCORE The bandits (blue): Final=376.9, Time=98.9, Moves(15)=0.0, Pins(0)=0.0, Dist=278.0, Win Bonus=0.0
[2026-05-08 09:45:27] SCORE Erlend Og Linor (yellow): Final=335.9, Time=95.9, Moves(19)=0.0, Pins(0)=0.0, Dist=240.0, Win Bonus=0.0
[2026-05-08 09:45:27] MOVE 59: Erlend Og Linor (yellow) 7->6 [0.00ms]
[2026-05-08 09:45:27] SCORE Robert (red): Final=711.1, Time=87.1, Moves(24)=0.0, Pins(3)=300.0, Dist=324.0, Win Bonus=0.0
[2026-05-08 09:45:27] SCORE The bandits (blue): Final=376.9, Time=98.9, Moves(15)=0.0, Pins(0)=0.0, Dist=278.0, Win Bonus=0.0
[2026-05-08 09:45:27] SCORE Erlend Og Linor (yellow): Final=333.8, Time=95.8, Moves(20)=0.0, Pins(0)=0.0, Dist=238.0, Win Bonus=0.0
[2026-05-08 09:45:28] MOVE 60: The bandits (blue) 78->90 [0.00ms]
[2026-05-08 09:45:28] SCORE Robert (red): Final=711.1, Time=87.1, Moves(24)=0.0, Pins(3)=300.0, Dist=324.0, Win Bonus=0.0
[2026-05-08 09:45:28] SCORE The bandits (blue): Final=378.8, Time=98.8, Moves(16)=0.0, Pins(0)=0.0, Dist=280.0, Win Bonus=0.0
[2026-05-08 09:45:28] SCORE Erlend Og Linor (yellow): Final=333.8, Time=95.8, Moves(20)=0.0, Pins(0)=0.0, Dist=238.0, Win Bonus=0.0
[2026-05-08 09:45:28] MOVE 61: Robert (red) 103->15 [0.00ms]
[2026-05-08 09:45:28] SCORE Robert (red): Final=726.5, Time=86.5, Moves(25)=0.0, Pins(3)=300.0, Dist=340.0, Win Bonus=0.0
[2026-05-08 09:45:28] SCORE The bandits (blue): Final=378.8, Time=98.8, Moves(16)=0.0, Pins(0)=0.0, Dist=280.0, Win Bonus=0.0
[2026-05-08 09:45:28] SCORE Erlend Og Linor (yellow): Final=333.8, Time=95.8, Moves(20)=0.0, Pins(0)=0.0, Dist=238.0, Win Bonus=0.0
[2026-05-08 09:45:28] MOVE 62: Erlend Og Linor (yellow) 25->7 [0.00ms]
[2026-05-08 09:45:28] SCORE Robert (red): Final=726.5, Time=86.5, Moves(25)=0.0, Pins(3)=300.0, Dist=340.0, Win Bonus=0.0
[2026-05-08 09:45:28] SCORE The bandits (blue): Final=378.8, Time=98.8, Moves(16)=0.0, Pins(0)=0.0, Dist=280.0, Win Bonus=0.0
[2026-05-08 09:45:28] SCORE Erlend Og Linor (yellow): Final=337.6, Time=95.6, Moves(21)=0.0, Pins(0)=0.0, Dist=242.0, Win Bonus=0.0
[2026-05-08 09:45:28] MOVE 63: The bandits (blue) 16->41 [0.00ms]
[2026-05-08 09:45:28] SCORE Robert (red): Final=726.5, Time=86.5, Moves(25)=0.0, Pins(3)=300.0, Dist=340.0, Win Bonus=0.0
[2026-05-08 09:45:28] SCORE The bandits (blue): Final=382.7, Time=98.7, Moves(17)=0.0, Pins(0)=0.0, Dist=284.0, Win Bonus=0.0
[2026-05-08 09:45:28] SCORE Erlend Og Linor (yellow): Final=337.6, Time=95.6, Moves(21)=0.0, Pins(0)=0.0, Dist=242.0, Win Bonus=0.0
[2026-05-08 09:45:29] MOVE 64: Robert (red) 17->8 [0.01ms]
[2026-05-08 09:45:29] SCORE Robert (red): Final=827.9, Time=85.9, Moves(26)=0.0, Pins(4)=400.0, Dist=342.0, Win Bonus=0.0
[2026-05-08 09:45:29] SCORE The bandits (blue): Final=382.7, Time=98.7, Moves(17)=0.0, Pins(0)=0.0, Dist=284.0, Win Bonus=0.0
[2026-05-08 09:45:29] SCORE Erlend Og Linor (yellow): Final=337.6, Time=95.6, Moves(21)=0.0, Pins(0)=0.0, Dist=242.0, Win Bonus=0.0
[2026-05-08 09:45:29] MOVE 65: Erlend Og Linor (yellow) 50->70 [0.01ms]
[2026-05-08 09:45:29] SCORE Robert (red): Final=827.9, Time=85.9, Moves(26)=0.0, Pins(4)=400.0, Dist=342.0, Win Bonus=0.0
[2026-05-08 09:45:29] SCORE The bandits (blue): Final=382.7, Time=98.7, Moves(17)=0.0, Pins(0)=0.0, Dist=284.0, Win Bonus=0.0
[2026-05-08 09:45:29] SCORE Erlend Og Linor (yellow): Final=341.6, Time=95.6, Moves(22)=0.0, Pins(0)=0.0, Dist=246.0, Win Bonus=0.0
[2026-05-08 09:45:29] MOVE 66: The bandits (blue) 28->40 [0.01ms]
[2026-05-08 09:45:29] SCORE Robert (red): Final=827.9, Time=85.9, Moves(26)=0.0, Pins(4)=400.0, Dist=342.0, Win Bonus=0.0
[2026-05-08 09:45:29] SCORE The bandits (blue): Final=384.7, Time=98.7, Moves(18)=0.0, Pins(0)=0.0, Dist=286.0, Win Bonus=0.0
[2026-05-08 09:45:29] SCORE Erlend Og Linor (yellow): Final=341.6, Time=95.6, Moves(22)=0.0, Pins(0)=0.0, Dist=246.0, Win Bonus=0.0
[2026-05-08 09:45:30] MOVE 67: Robert (red) 61->13 [0.00ms]
[2026-05-08 09:45:30] SCORE Robert (red): Final=833.1, Time=85.1, Moves(27)=0.0, Pins(4)=400.0, Dist=348.0, Win Bonus=0.0
[2026-05-08 09:45:30] SCORE The bandits (blue): Final=384.7, Time=98.7, Moves(18)=0.0, Pins(0)=0.0, Dist=286.0, Win Bonus=0.0
[2026-05-08 09:45:30] SCORE Erlend Og Linor (yellow): Final=341.6, Time=95.6, Moves(22)=0.0, Pins(0)=0.0, Dist=246.0, Win Bonus=0.0
[2026-05-08 09:45:30] MOVE 68: Erlend Og Linor (yellow) 36->38 [0.00ms]
[2026-05-08 09:45:30] SCORE Robert (red): Final=833.1, Time=85.1, Moves(27)=0.0, Pins(4)=400.0, Dist=348.0, Win Bonus=0.0
[2026-05-08 09:45:30] SCORE The bandits (blue): Final=384.7, Time=98.7, Moves(18)=0.0, Pins(0)=0.0, Dist=286.0, Win Bonus=0.0
[2026-05-08 09:45:30] SCORE Erlend Og Linor (yellow): Final=345.5, Time=95.5, Moves(23)=0.0, Pins(0)=0.0, Dist=250.0, Win Bonus=0.0
[2026-05-08 09:45:30] MOVE 69: The bandits (blue) 90->103 [0.00ms]
[2026-05-08 09:45:30] SCORE Robert (red): Final=833.1, Time=85.1, Moves(27)=0.0, Pins(4)=400.0, Dist=348.0, Win Bonus=0.0
[2026-05-08 09:45:30] SCORE The bandits (blue): Final=386.6, Time=98.6, Moves(19)=0.0, Pins(0)=0.0, Dist=288.0, Win Bonus=0.0
[2026-05-08 09:45:30] SCORE Erlend Og Linor (yellow): Final=345.5, Time=95.5, Moves(23)=0.0, Pins(0)=0.0, Dist=250.0, Win Bonus=0.0
[2026-05-08 09:45:31] MOVE 70: Robert (red) 51->28 [0.00ms]
[2026-05-08 09:45:31] SCORE Robert (red): Final=836.5, Time=84.5, Moves(28)=0.0, Pins(4)=400.0, Dist=352.0, Win Bonus=0.0
[2026-05-08 09:45:31] SCORE The bandits (blue): Final=386.6, Time=98.6, Moves(19)=0.0, Pins(0)=0.0, Dist=288.0, Win Bonus=0.0
[2026-05-08 09:45:31] SCORE Erlend Og Linor (yellow): Final=345.5, Time=95.5, Moves(23)=0.0, Pins(0)=0.0, Dist=250.0, Win Bonus=0.0
[2026-05-08 09:45:31] MOVE 71: Erlend Og Linor (yellow) 67->71 [0.00ms]
[2026-05-08 09:45:31] SCORE Robert (red): Final=836.5, Time=84.5, Moves(28)=0.0, Pins(4)=400.0, Dist=352.0, Win Bonus=0.0
[2026-05-08 09:45:31] SCORE The bandits (blue): Final=386.6, Time=98.6, Moves(19)=0.0, Pins(0)=0.0, Dist=288.0, Win Bonus=0.0
[2026-05-08 09:45:31] SCORE Erlend Og Linor (yellow): Final=353.3, Time=95.3, Moves(24)=0.0, Pins(0)=0.0, Dist=258.0, Win Bonus=0.0
[2026-05-08 09:45:31] MOVE 72: The bandits (blue) 30->112 [0.00ms]
[2026-05-08 09:45:31] SCORE Robert (red): Final=836.5, Time=84.5, Moves(28)=0.0, Pins(4)=400.0, Dist=352.0, Win Bonus=0.0
[2026-05-08 09:45:31] SCORE The bandits (blue): Final=502.5, Time=98.5, Moves(20)=0.0, Pins(1)=100.0, Dist=304.0, Win Bonus=0.0
[2026-05-08 09:45:31] SCORE Erlend Og Linor (yellow): Final=353.3, Time=95.3, Moves(24)=0.0, Pins(0)=0.0, Dist=258.0, Win Bonus=0.0
[2026-05-08 09:45:31] MOVE 73: Robert (red) 113->91 [0.01ms]
[2026-05-08 09:45:31] SCORE Robert (red): Final=840.0, Time=84.0, Moves(29)=0.0, Pins(4)=400.0, Dist=356.0, Win Bonus=0.0
[2026-05-08 09:45:31] SCORE The bandits (blue): Final=502.5, Time=98.5, Moves(20)=0.0, Pins(1)=100.0, Dist=304.0, Win Bonus=0.0
[2026-05-08 09:45:31] SCORE Erlend Og Linor (yellow): Final=353.3, Time=95.3, Moves(24)=0.0, Pins(0)=0.0, Dist=258.0, Win Bonus=0.0
[2026-05-08 09:45:31] MOVE 74: Erlend Og Linor (yellow) 35->36 [0.00ms]
[2026-05-08 09:45:31] SCORE Robert (red): Final=840.0, Time=84.0, Moves(29)=0.0, Pins(4)=400.0, Dist=356.0, Win Bonus=0.0
[2026-05-08 09:45:31] SCORE The bandits (blue): Final=502.5, Time=98.5, Moves(20)=0.0, Pins(1)=100.0, Dist=304.0, Win Bonus=0.0
[2026-05-08 09:45:31] SCORE Erlend Og Linor (yellow): Final=355.3, Time=95.3, Moves(25)=0.0, Pins(0)=0.0, Dist=260.0, Win Bonus=0.0
[2026-05-08 09:45:32] MOVE 75: The bandits (blue) 29->50 [0.00ms]
[2026-05-08 09:45:32] SCORE Robert (red): Final=840.0, Time=84.0, Moves(29)=0.0, Pins(4)=400.0, Dist=356.0, Win Bonus=0.0
[2026-05-08 09:45:32] SCORE The bandits (blue): Final=506.4, Time=98.4, Moves(21)=0.0, Pins(1)=100.0, Dist=308.0, Win Bonus=0.0
[2026-05-08 09:45:32] SCORE Erlend Og Linor (yellow): Final=355.3, Time=95.3, Moves(25)=0.0, Pins(0)=0.0, Dist=260.0, Win Bonus=0.0
[2026-05-08 09:45:32] MOVE 76: Robert (red) 91->90 [0.00ms]
[2026-05-08 09:45:32] SCORE Robert (red): Final=839.4, Time=83.4, Moves(30)=0.0, Pins(4)=400.0, Dist=356.0, Win Bonus=0.0
[2026-05-08 09:45:32] SCORE The bandits (blue): Final=506.4, Time=98.4, Moves(21)=0.0, Pins(1)=100.0, Dist=308.0, Win Bonus=0.0
[2026-05-08 09:45:32] SCORE Erlend Og Linor (yellow): Final=355.3, Time=95.3, Moves(25)=0.0, Pins(0)=0.0, Dist=260.0, Win Bonus=0.0
[2026-05-08 09:45:32] MOVE 77: Erlend Og Linor (yellow) 7->16 [0.01ms]
[2026-05-08 09:45:32] SCORE Robert (red): Final=839.4, Time=83.4, Moves(30)=0.0, Pins(4)=400.0, Dist=356.0, Win Bonus=0.0
[2026-05-08 09:45:32] SCORE The bandits (blue): Final=506.4, Time=98.4, Moves(21)=0.0, Pins(1)=100.0, Dist=308.0, Win Bonus=0.0
[2026-05-08 09:45:32] SCORE Erlend Og Linor (yellow): Final=357.1, Time=95.1, Moves(26)=0.0, Pins(0)=0.0, Dist=262.0, Win Bonus=0.0
[2026-05-08 09:45:32] MOVE 78: The bandits (blue) 68->111 [0.01ms]
[2026-05-08 09:45:32] SCORE Robert (red): Final=839.4, Time=83.4, Moves(30)=0.0, Pins(4)=400.0, Dist=356.0, Win Bonus=0.0
[2026-05-08 09:45:32] SCORE The bandits (blue): Final=614.3, Time=98.3, Moves(22)=0.0, Pins(2)=200.0, Dist=316.0, Win Bonus=0.0
[2026-05-08 09:45:32] SCORE Erlend Og Linor (yellow): Final=357.1, Time=95.1, Moves(26)=0.0, Pins(0)=0.0, Dist=262.0, Win Bonus=0.0
[2026-05-08 09:45:33] MOVE 79: Robert (red) 90->30 [0.00ms]
[2026-05-08 09:45:33] SCORE Robert (red): Final=850.8, Time=82.8, Moves(31)=0.0, Pins(4)=400.0, Dist=368.0, Win Bonus=0.0
[2026-05-08 09:45:33] SCORE The bandits (blue): Final=614.3, Time=98.3, Moves(22)=0.0, Pins(2)=200.0, Dist=316.0, Win Bonus=0.0
[2026-05-08 09:45:33] SCORE Erlend Og Linor (yellow): Final=357.1, Time=95.1, Moves(26)=0.0, Pins(0)=0.0, Dist=262.0, Win Bonus=0.0
[2026-05-08 09:45:33] MOVE 80: Erlend Og Linor (yellow) 16->29 [0.00ms]
[2026-05-08 09:45:33] SCORE Robert (red): Final=850.8, Time=82.8, Moves(31)=0.0, Pins(4)=400.0, Dist=368.0, Win Bonus=0.0
[2026-05-08 09:45:33] SCORE The bandits (blue): Final=614.3, Time=98.3, Moves(22)=0.0, Pins(2)=200.0, Dist=316.0, Win Bonus=0.0
[2026-05-08 09:45:33] SCORE Erlend Og Linor (yellow): Final=359.0, Time=95.0, Moves(27)=0.0, Pins(0)=0.0, Dist=264.0, Win Bonus=0.0
[2026-05-08 09:45:33] MOVE 81: The bandits (blue) 41->51 [0.00ms]
[2026-05-08 09:45:33] SCORE Robert (red): Final=850.8, Time=82.8, Moves(31)=0.0, Pins(4)=400.0, Dist=368.0, Win Bonus=0.0
[2026-05-08 09:45:33] SCORE The bandits (blue): Final=616.2, Time=98.2, Moves(23)=0.0, Pins(2)=200.0, Dist=318.0, Win Bonus=0.0
[2026-05-08 09:45:33] SCORE Erlend Og Linor (yellow): Final=359.0, Time=95.0, Moves(27)=0.0, Pins(0)=0.0, Dist=264.0, Win Bonus=0.0
[2026-05-08 09:45:34] MOVE 82: Robert (red) 48->7 [0.00ms]
[2026-05-08 09:45:34] SCORE Robert (red): Final=958.3, Time=82.3, Moves(32)=0.0, Pins(5)=500.0, Dist=376.0, Win Bonus=0.0
[2026-05-08 09:45:34] SCORE The bandits (blue): Final=616.2, Time=98.2, Moves(23)=0.0, Pins(2)=200.0, Dist=318.0, Win Bonus=0.0
[2026-05-08 09:45:34] SCORE Erlend Og Linor (yellow): Final=359.0, Time=95.0, Moves(27)=0.0, Pins(0)=0.0, Dist=264.0, Win Bonus=0.0
[2026-05-08 09:45:34] MOVE 83: Erlend Og Linor (yellow) 26->27 [0.00ms]
[2026-05-08 09:45:34] SCORE Robert (red): Final=958.3, Time=82.3, Moves(32)=0.0, Pins(5)=500.0, Dist=376.0, Win Bonus=0.0
[2026-05-08 09:45:34] SCORE The bandits (blue): Final=616.2, Time=98.2, Moves(23)=0.0, Pins(2)=200.0, Dist=318.0, Win Bonus=0.0
[2026-05-08 09:45:34] SCORE Erlend Og Linor (yellow): Final=360.9, Time=94.9, Moves(28)=0.0, Pins(0)=0.0, Dist=266.0, Win Bonus=0.0
[2026-05-08 09:45:34] MOVE 84: The bandits (blue) 37->48 [0.01ms]
[2026-05-08 09:45:34] SCORE Robert (red): Final=958.3, Time=82.3, Moves(32)=0.0, Pins(5)=500.0, Dist=376.0, Win Bonus=0.0
[2026-05-08 09:45:34] SCORE The bandits (blue): Final=618.1, Time=98.1, Moves(24)=0.0, Pins(2)=200.0, Dist=320.0, Win Bonus=0.0
[2026-05-08 09:45:34] SCORE Erlend Og Linor (yellow): Final=360.9, Time=94.9, Moves(28)=0.0, Pins(0)=0.0, Dist=266.0, Win Bonus=0.0
[2026-05-08 09:45:34] MOVE 85: Robert (red) 15->4 [0.01ms]
[2026-05-08 09:45:34] SCORE Robert (red): Final=1059.9, Time=81.9, Moves(33)=0.0, Pins(6)=600.0, Dist=378.0, Win Bonus=0.0
[2026-05-08 09:45:34] SCORE The bandits (blue): Final=618.1, Time=98.1, Moves(24)=0.0, Pins(2)=200.0, Dist=320.0, Win Bonus=0.0
[2026-05-08 09:45:34] SCORE Erlend Og Linor (yellow): Final=360.9, Time=94.9, Moves(28)=0.0, Pins(0)=0.0, Dist=266.0, Win Bonus=0.0
[2026-05-08 09:45:34] MOVE 86: Erlend Og Linor (yellow) 36->37 [0.01ms]
[2026-05-08 09:45:35] SCORE Robert (red): Final=1059.9, Time=81.9, Moves(33)=0.0, Pins(6)=600.0, Dist=378.0, Win Bonus=0.0
[2026-05-08 09:45:35] SCORE The bandits (blue): Final=618.1, Time=98.1, Moves(24)=0.0, Pins(2)=200.0, Dist=320.0, Win Bonus=0.0
[2026-05-08 09:45:35] SCORE Erlend Og Linor (yellow): Final=362.7, Time=94.7, Moves(29)=0.0, Pins(0)=0.0, Dist=268.0, Win Bonus=0.0
[2026-05-08 09:45:35] MOVE 87: The bandits (blue) 48->91 [0.01ms]
[2026-05-08 09:45:35] SCORE Robert (red): Final=1059.9, Time=81.9, Moves(33)=0.0, Pins(6)=600.0, Dist=378.0, Win Bonus=0.0
[2026-05-08 09:45:35] SCORE The bandits (blue): Final=626.0, Time=98.0, Moves(25)=0.0, Pins(2)=200.0, Dist=328.0, Win Bonus=0.0
[2026-05-08 09:45:35] SCORE Erlend Og Linor (yellow): Final=362.7, Time=94.7, Moves(29)=0.0, Pins(0)=0.0, Dist=268.0, Win Bonus=0.0
[2026-05-08 09:45:35] MOVE 88: Robert (red) 56->47 [0.01ms]
[2026-05-08 09:45:35] SCORE Robert (red): Final=1061.4, Time=81.4, Moves(34)=0.0, Pins(6)=600.0, Dist=380.0, Win Bonus=0.0
[2026-05-08 09:45:35] SCORE The bandits (blue): Final=626.0, Time=98.0, Moves(25)=0.0, Pins(2)=200.0, Dist=328.0, Win Bonus=0.0
[2026-05-08 09:45:35] SCORE Erlend Og Linor (yellow): Final=362.7, Time=94.7, Moves(29)=0.0, Pins(0)=0.0, Dist=268.0, Win Bonus=0.0
[2026-05-08 09:45:35] MOVE 89: Erlend Og Linor (yellow) 37->48 [0.02ms]
[2026-05-08 09:45:35] SCORE Robert (red): Final=1061.4, Time=81.4, Moves(34)=0.0, Pins(6)=600.0, Dist=380.0, Win Bonus=0.0
[2026-05-08 09:45:35] SCORE The bandits (blue): Final=626.0, Time=98.0, Moves(25)=0.0, Pins(2)=200.0, Dist=328.0, Win Bonus=0.0
[2026-05-08 09:45:35] SCORE Erlend Og Linor (yellow): Final=364.6, Time=94.6, Moves(30)=0.0, Pins(0)=0.0, Dist=270.0, Win Bonus=0.0
[2026-05-08 09:45:35] MOVE 90: The bandits (blue) 103->116 [0.00ms]
[2026-05-08 09:45:35] SCORE Robert (red): Final=1061.4, Time=81.4, Moves(34)=0.0, Pins(6)=600.0, Dist=380.0, Win Bonus=0.0
[2026-05-08 09:45:35] SCORE The bandits (blue): Final=727.9, Time=97.9, Moves(26)=0.0, Pins(3)=300.0, Dist=330.0, Win Bonus=0.0
[2026-05-08 09:45:35] SCORE Erlend Og Linor (yellow): Final=364.6, Time=94.6, Moves(30)=0.0, Pins(0)=0.0, Dist=270.0, Win Bonus=0.0
[2026-05-08 09:45:36] MOVE 91: Robert (red) 30->17 [0.00ms]
[2026-05-08 09:45:36] SCORE Robert (red): Final=1062.9, Time=80.9, Moves(35)=0.0, Pins(6)=600.0, Dist=382.0, Win Bonus=0.0
[2026-05-08 09:45:36] SCORE The bandits (blue): Final=727.9, Time=97.9, Moves(26)=0.0, Pins(3)=300.0, Dist=330.0, Win Bonus=0.0
[2026-05-08 09:45:36] SCORE Erlend Og Linor (yellow): Final=364.6, Time=94.6, Moves(30)=0.0, Pins(0)=0.0, Dist=270.0, Win Bonus=0.0
[2026-05-08 09:45:36] MOVE 92: Erlend Og Linor (yellow) 60->61 [0.00ms]
[2026-05-08 09:45:36] SCORE Robert (red): Final=1062.9, Time=80.9, Moves(35)=0.0, Pins(6)=600.0, Dist=382.0, Win Bonus=0.0
[2026-05-08 09:45:36] SCORE The bandits (blue): Final=727.9, Time=97.9, Moves(26)=0.0, Pins(3)=300.0, Dist=330.0, Win Bonus=0.0
[2026-05-08 09:45:36] SCORE Erlend Og Linor (yellow): Final=366.5, Time=94.5, Moves(31)=0.0, Pins(0)=0.0, Dist=272.0, Win Bonus=0.0
[2026-05-08 09:45:36] MOVE 93: The bandits (blue) 111->118 [0.00ms]
[2026-05-08 09:45:36] SCORE Robert (red): Final=1062.9, Time=80.9, Moves(35)=0.0, Pins(6)=600.0, Dist=382.0, Win Bonus=0.0
[2026-05-08 09:45:36] SCORE The bandits (blue): Final=727.9, Time=97.9, Moves(27)=0.0, Pins(3)=300.0, Dist=330.0, Win Bonus=0.0
[2026-05-08 09:45:36] SCORE Erlend Og Linor (yellow): Final=366.5, Time=94.5, Moves(31)=0.0, Pins(0)=0.0, Dist=272.0, Win Bonus=0.0
[2026-05-08 09:45:37] MOVE 94: Robert (red) 28->15 [0.00ms]
[2026-05-08 09:45:37] SCORE Robert (red): Final=1064.4, Time=80.4, Moves(36)=0.1, Pins(6)=600.0, Dist=384.0, Win Bonus=0.0
[2026-05-08 09:45:37] SCORE The bandits (blue): Final=727.9, Time=97.9, Moves(27)=0.0, Pins(3)=300.0, Dist=330.0, Win Bonus=0.0
[2026-05-08 09:45:37] SCORE Erlend Og Linor (yellow): Final=366.5, Time=94.5, Moves(31)=0.0, Pins(0)=0.0, Dist=272.0, Win Bonus=0.0
[2026-05-08 09:45:37] MOVE 95: Erlend Og Linor (yellow) 6->28 [0.00ms]
[2026-05-08 09:45:37] SCORE Robert (red): Final=1064.4, Time=80.4, Moves(36)=0.1, Pins(6)=600.0, Dist=384.0, Win Bonus=0.0
[2026-05-08 09:45:37] SCORE The bandits (blue): Final=727.9, Time=97.9, Moves(27)=0.0, Pins(3)=300.0, Dist=330.0, Win Bonus=0.0
[2026-05-08 09:45:37] SCORE Erlend Og Linor (yellow): Final=370.3, Time=94.3, Moves(32)=0.0, Pins(0)=0.0, Dist=276.0, Win Bonus=0.0
[2026-05-08 09:45:37] MOVE 96: The bandits (blue) 116->119 [0.00ms]
[2026-05-08 09:45:37] SCORE Robert (red): Final=1064.4, Time=80.4, Moves(36)=0.1, Pins(6)=600.0, Dist=384.0, Win Bonus=0.0
[2026-05-08 09:45:37] SCORE The bandits (blue): Final=727.8, Time=97.8, Moves(28)=0.0, Pins(3)=300.0, Dist=330.0, Win Bonus=0.0
[2026-05-08 09:45:37] SCORE Erlend Og Linor (yellow): Final=370.3, Time=94.3, Moves(32)=0.0, Pins(0)=0.0, Dist=276.0, Win Bonus=0.0
[2026-05-08 09:45:37] MOVE 97: Robert (red) 15->6 [0.00ms]
[2026-05-08 09:45:37] SCORE Robert (red): Final=1165.9, Time=79.7, Moves(37)=0.1, Pins(7)=700.0, Dist=386.0, Win Bonus=0.0
[2026-05-08 09:45:37] SCORE The bandits (blue): Final=727.8, Time=97.8, Moves(28)=0.0, Pins(3)=300.0, Dist=330.0, Win Bonus=0.0
[2026-05-08 09:45:37] SCORE Erlend Og Linor (yellow): Final=370.3, Time=94.3, Moves(32)=0.0, Pins(0)=0.0, Dist=276.0, Win Bonus=0.0
[2026-05-08 09:45:38] MOVE 98: Erlend Og Linor (yellow) 29->41 [0.00ms]
[2026-05-08 09:45:38] SCORE Robert (red): Final=1165.9, Time=79.7, Moves(37)=0.1, Pins(7)=700.0, Dist=386.0, Win Bonus=0.0
[2026-05-08 09:45:38] SCORE The bandits (blue): Final=727.8, Time=97.8, Moves(28)=0.0, Pins(3)=300.0, Dist=330.0, Win Bonus=0.0
[2026-05-08 09:45:38] SCORE Erlend Og Linor (yellow): Final=372.2, Time=94.2, Moves(33)=0.0, Pins(0)=0.0, Dist=278.0, Win Bonus=0.0
[2026-05-08 09:45:38] MOVE 99: The bandits (blue) 119->120 [0.00ms]
[2026-05-08 09:45:38] SCORE Robert (red): Final=1165.9, Time=79.7, Moves(37)=0.1, Pins(7)=700.0, Dist=386.0, Win Bonus=0.0
[2026-05-08 09:45:38] SCORE The bandits (blue): Final=727.7, Time=97.7, Moves(29)=0.0, Pins(3)=300.0, Dist=330.0, Win Bonus=0.0
[2026-05-08 09:45:38] SCORE Erlend Og Linor (yellow): Final=372.2, Time=94.2, Moves(33)=0.0, Pins(0)=0.0, Dist=278.0, Win Bonus=0.0
[2026-05-08 09:45:38] MOVE 100: Robert (red) 13->14 [0.00ms]
[2026-05-08 09:45:38] SCORE Robert (red): Final=1167.3, Time=79.1, Moves(38)=0.2, Pins(7)=700.0, Dist=388.0, Win Bonus=0.0
[2026-05-08 09:45:38] SCORE The bandits (blue): Final=727.7, Time=97.7, Moves(29)=0.0, Pins(3)=300.0, Dist=330.0, Win Bonus=0.0
[2026-05-08 09:45:38] SCORE Erlend Og Linor (yellow): Final=372.2, Time=94.2, Moves(33)=0.0, Pins(0)=0.0, Dist=278.0, Win Bonus=0.0
[2026-05-08 09:45:38] MOVE 101: Erlend Og Linor (yellow) 41->52 [0.00ms]
[2026-05-08 09:45:38] SCORE Robert (red): Final=1167.3, Time=79.1, Moves(38)=0.2, Pins(7)=700.0, Dist=388.0, Win Bonus=0.0
[2026-05-08 09:45:38] SCORE The bandits (blue): Final=727.7, Time=97.7, Moves(29)=0.0, Pins(3)=300.0, Dist=330.0, Win Bonus=0.0
[2026-05-08 09:45:38] SCORE Erlend Og Linor (yellow): Final=374.0, Time=94.0, Moves(34)=0.0, Pins(0)=0.0, Dist=280.0, Win Bonus=0.0
[2026-05-08 09:45:38] MOVE 102: The bandits (blue) 49->90 [0.00ms]
[2026-05-08 09:45:38] SCORE Robert (red): Final=1167.3, Time=79.1, Moves(38)=0.2, Pins(7)=700.0, Dist=388.0, Win Bonus=0.0
[2026-05-08 09:45:38] SCORE The bandits (blue): Final=735.7, Time=97.7, Moves(30)=0.0, Pins(3)=300.0, Dist=338.0, Win Bonus=0.0
[2026-05-08 09:45:38] SCORE Erlend Og Linor (yellow): Final=374.0, Time=94.0, Moves(34)=0.0, Pins(0)=0.0, Dist=280.0, Win Bonus=0.0
[2026-05-08 09:45:39] MOVE 103: Robert (red) 6->1 [0.00ms]
[2026-05-08 09:45:39] SCORE Robert (red): Final=1167.0, Time=78.7, Moves(39)=0.3, Pins(7)=700.0, Dist=388.0, Win Bonus=0.0
[2026-05-08 09:45:39] SCORE The bandits (blue): Final=735.7, Time=97.7, Moves(30)=0.0, Pins(3)=300.0, Dist=338.0, Win Bonus=0.0
[2026-05-08 09:45:39] SCORE Erlend Og Linor (yellow): Final=374.0, Time=94.0, Moves(34)=0.0, Pins(0)=0.0, Dist=280.0, Win Bonus=0.0
[2026-05-08 09:45:39] MOVE 104: Erlend Og Linor (yellow) 58->49 [0.00ms]
[2026-05-08 09:45:39] SCORE Robert (red): Final=1167.0, Time=78.7, Moves(39)=0.3, Pins(7)=700.0, Dist=388.0, Win Bonus=0.0
[2026-05-08 09:45:39] SCORE The bandits (blue): Final=735.7, Time=97.7, Moves(30)=0.0, Pins(3)=300.0, Dist=338.0, Win Bonus=0.0
[2026-05-08 09:45:39] SCORE Erlend Og Linor (yellow): Final=373.9, Time=93.9, Moves(35)=0.0, Pins(0)=0.0, Dist=280.0, Win Bonus=0.0
[2026-05-08 09:45:39] MOVE 105: The bandits (blue) 90->103 [0.00ms]
[2026-05-08 09:45:39] SCORE Robert (red): Final=1167.0, Time=78.7, Moves(39)=0.3, Pins(7)=700.0, Dist=388.0, Win Bonus=0.0
[2026-05-08 09:45:39] SCORE The bandits (blue): Final=737.6, Time=97.6, Moves(31)=0.0, Pins(3)=300.0, Dist=340.0, Win Bonus=0.0
[2026-05-08 09:45:39] SCORE Erlend Og Linor (yellow): Final=373.9, Time=93.9, Moves(35)=0.0, Pins(0)=0.0, Dist=280.0, Win Bonus=0.0
[2026-05-08 09:45:40] MOVE 106: Robert (red) 47->37 [0.00ms]
[2026-05-08 09:45:40] SCORE Robert (red): Final=1168.6, Time=78.1, Moves(40)=0.5, Pins(7)=700.0, Dist=390.0, Win Bonus=0.0
[2026-05-08 09:45:40] SCORE The bandits (blue): Final=737.6, Time=97.6, Moves(31)=0.0, Pins(3)=300.0, Dist=340.0, Win Bonus=0.0
[2026-05-08 09:45:40] SCORE Erlend Og Linor (yellow): Final=373.9, Time=93.9, Moves(35)=0.0, Pins(0)=0.0, Dist=280.0, Win Bonus=0.0
[2026-05-08 09:45:40] MOVE 107: Erlend Og Linor (yellow) 48->58 [0.00ms]
[2026-05-08 09:45:40] SCORE Robert (red): Final=1168.6, Time=78.1, Moves(40)=0.5, Pins(7)=700.0, Dist=390.0, Win Bonus=0.0
[2026-05-08 09:45:40] SCORE The bandits (blue): Final=737.6, Time=97.6, Moves(31)=0.0, Pins(3)=300.0, Dist=340.0, Win Bonus=0.0
[2026-05-08 09:45:40] SCORE Erlend Og Linor (yellow): Final=375.9, Time=93.8, Moves(36)=0.1, Pins(0)=0.0, Dist=282.0, Win Bonus=0.0
[2026-05-08 09:45:40] MOVE 108: The bandits (blue) 103->116 [0.00ms]
[2026-05-08 09:45:40] SCORE Robert (red): Final=1168.6, Time=78.1, Moves(40)=0.5, Pins(7)=700.0, Dist=390.0, Win Bonus=0.0
[2026-05-08 09:45:40] SCORE The bandits (blue): Final=839.6, Time=97.5, Moves(32)=0.0, Pins(4)=400.0, Dist=342.0, Win Bonus=0.0
[2026-05-08 09:45:40] SCORE Erlend Og Linor (yellow): Final=375.9, Time=93.8, Moves(36)=0.1, Pins(0)=0.0, Dist=282.0, Win Bonus=0.0
[2026-05-08 09:45:40] MOVE 109: Robert (red) 37->26 [0.01ms]
[2026-05-08 09:45:40] SCORE Robert (red): Final=1170.2, Time=77.6, Moves(41)=0.6, Pins(7)=700.0, Dist=392.0, Win Bonus=0.0
[2026-05-08 09:45:40] SCORE The bandits (blue): Final=839.6, Time=97.5, Moves(32)=0.0, Pins(4)=400.0, Dist=342.0, Win Bonus=0.0
[2026-05-08 09:45:40] SCORE Erlend Og Linor (yellow): Final=375.9, Time=93.8, Moves(36)=0.1, Pins(0)=0.0, Dist=282.0, Win Bonus=0.0
[2026-05-08 09:45:41] MOVE 110: Erlend Og Linor (yellow) 52->53 [0.00ms]
[2026-05-08 09:45:41] SCORE Robert (red): Final=1170.2, Time=77.6, Moves(41)=0.6, Pins(7)=700.0, Dist=392.0, Win Bonus=0.0
[2026-05-08 09:45:41] SCORE The bandits (blue): Final=839.6, Time=97.5, Moves(32)=0.0, Pins(4)=400.0, Dist=342.0, Win Bonus=0.0
[2026-05-08 09:45:41] SCORE Erlend Og Linor (yellow): Final=377.7, Time=93.6, Moves(37)=0.1, Pins(0)=0.0, Dist=284.0, Win Bonus=0.0
[2026-05-08 09:45:41] MOVE 111: The bandits (blue) 116->119 [0.01ms]
[2026-05-08 09:45:41] SCORE Robert (red): Final=1170.2, Time=77.6, Moves(41)=0.6, Pins(7)=700.0, Dist=392.0, Win Bonus=0.0
[2026-05-08 09:45:41] SCORE The bandits (blue): Final=839.5, Time=97.5, Moves(33)=0.0, Pins(4)=400.0, Dist=342.0, Win Bonus=0.0
[2026-05-08 09:45:41] SCORE Erlend Og Linor (yellow): Final=377.7, Time=93.6, Moves(37)=0.1, Pins(0)=0.0, Dist=284.0, Win Bonus=0.0
[2026-05-08 09:45:41] MOVE 112: Robert (red) 26->6 [0.00ms]
[2026-05-08 09:45:41] SCORE Robert (red): Final=1273.9, Time=77.2, Moves(42)=0.8, Pins(8)=800.0, Dist=396.0, Win Bonus=0.0
[2026-05-08 09:45:41] SCORE The bandits (blue): Final=839.5, Time=97.5, Moves(33)=0.0, Pins(4)=400.0, Dist=342.0, Win Bonus=0.0
[2026-05-08 09:45:41] SCORE Erlend Og Linor (yellow): Final=377.7, Time=93.6, Moves(37)=0.1, Pins(0)=0.0, Dist=284.0, Win Bonus=0.0
[2026-05-08 09:45:41] MOVE 113: Erlend Og Linor (yellow) 58->68 [0.00ms]
[2026-05-08 09:45:41] SCORE Robert (red): Final=1273.9, Time=77.2, Moves(42)=0.8, Pins(8)=800.0, Dist=396.0, Win Bonus=0.0
[2026-05-08 09:45:41] SCORE The bandits (blue): Final=839.5, Time=97.5, Moves(33)=0.0, Pins(4)=400.0, Dist=342.0, Win Bonus=0.0
[2026-05-08 09:45:41] SCORE Erlend Og Linor (yellow): Final=379.7, Time=93.5, Moves(38)=0.2, Pins(0)=0.0, Dist=286.0, Win Bonus=0.0
[2026-05-08 09:45:41] MOVE 114: The bandits (blue) 91->104 [0.00ms]
[2026-05-08 09:45:41] SCORE Robert (red): Final=1273.9, Time=77.2, Moves(42)=0.8, Pins(8)=800.0, Dist=396.0, Win Bonus=0.0
[2026-05-08 09:45:41] SCORE The bandits (blue): Final=841.4, Time=97.4, Moves(34)=0.0, Pins(4)=400.0, Dist=344.0, Win Bonus=0.0
[2026-05-08 09:45:41] SCORE Erlend Og Linor (yellow): Final=379.7, Time=93.5, Moves(38)=0.2, Pins(0)=0.0, Dist=286.0, Win Bonus=0.0
[2026-05-08 09:45:42] MOVE 115: Robert (red) 4->2 [0.00ms]
[2026-05-08 09:45:42] SCORE Robert (red): Final=1273.5, Time=76.6, Moves(43)=0.9, Pins(8)=800.0, Dist=396.0, Win Bonus=0.0
[2026-05-08 09:45:42] SCORE The bandits (blue): Final=841.4, Time=97.4, Moves(34)=0.0, Pins(4)=400.0, Dist=344.0, Win Bonus=0.0
[2026-05-08 09:45:42] SCORE Erlend Og Linor (yellow): Final=379.7, Time=93.5, Moves(38)=0.2, Pins(0)=0.0, Dist=286.0, Win Bonus=0.0
[2026-05-08 09:45:42] MOVE 116: Erlend Og Linor (yellow) 68->69 [0.01ms]
[2026-05-08 09:45:42] SCORE Robert (red): Final=1273.5, Time=76.6, Moves(43)=0.9, Pins(8)=800.0, Dist=396.0, Win Bonus=0.0
[2026-05-08 09:45:42] SCORE The bandits (blue): Final=841.4, Time=97.4, Moves(34)=0.0, Pins(4)=400.0, Dist=344.0, Win Bonus=0.0
[2026-05-08 09:45:42] SCORE Erlend Og Linor (yellow): Final=381.7, Time=93.4, Moves(39)=0.3, Pins(0)=0.0, Dist=288.0, Win Bonus=0.0
[2026-05-08 09:45:42] MOVE 117: The bandits (blue) 50->113 [0.00ms]
[2026-05-08 09:45:42] SCORE Robert (red): Final=1273.5, Time=76.6, Moves(43)=0.9, Pins(8)=800.0, Dist=396.0, Win Bonus=0.0
[2026-05-08 09:45:42] SCORE The bandits (blue): Final=953.3, Time=97.3, Moves(35)=0.0, Pins(5)=500.0, Dist=356.0, Win Bonus=0.0
[2026-05-08 09:45:42] SCORE Erlend Og Linor (yellow): Final=381.7, Time=93.4, Moves(39)=0.3, Pins(0)=0.0, Dist=288.0, Win Bonus=0.0
[2026-05-08 09:45:42] MOVE 118: Robert (red) 2->5 [0.00ms]
[2026-05-08 09:45:42] SCORE Robert (red): Final=1273.1, Time=76.2, Moves(44)=1.0, Pins(8)=800.0, Dist=396.0, Win Bonus=0.0
[2026-05-08 09:45:42] SCORE The bandits (blue): Final=953.3, Time=97.3, Moves(35)=0.0, Pins(5)=500.0, Dist=356.0, Win Bonus=0.0
[2026-05-08 09:45:42] SCORE Erlend Og Linor (yellow): Final=381.7, Time=93.4, Moves(39)=0.3, Pins(0)=0.0, Dist=288.0, Win Bonus=0.0
[2026-05-08 09:45:43] MOVE 119: Erlend Og Linor (yellow) 49->50 [0.00ms]
[2026-05-08 09:45:43] SCORE Robert (red): Final=1273.1, Time=76.2, Moves(44)=1.0, Pins(8)=800.0, Dist=396.0, Win Bonus=0.0
[2026-05-08 09:45:43] SCORE The bandits (blue): Final=953.3, Time=97.3, Moves(35)=0.0, Pins(5)=500.0, Dist=356.0, Win Bonus=0.0
[2026-05-08 09:45:43] SCORE Erlend Og Linor (yellow): Final=383.7, Time=93.2, Moves(40)=0.5, Pins(0)=0.0, Dist=290.0, Win Bonus=0.0
[2026-05-08 09:45:43] MOVE 120: The bandits (blue) 51->60 [0.00ms]
[2026-05-08 09:45:43] SCORE Robert (red): Final=1273.1, Time=76.2, Moves(44)=1.0, Pins(8)=800.0, Dist=396.0, Win Bonus=0.0
[2026-05-08 09:45:43] SCORE The bandits (blue): Final=955.3, Time=97.2, Moves(36)=0.1, Pins(5)=500.0, Dist=358.0, Win Bonus=0.0
[2026-05-08 09:45:43] SCORE Erlend Og Linor (yellow): Final=383.7, Time=93.2, Moves(40)=0.5, Pins(0)=0.0, Dist=290.0, Win Bonus=0.0
[2026-05-08 09:45:43] MOVE 121: Robert (red) 17->4 [0.01ms]
[2026-05-08 09:45:43] SCORE Robert (red): Final=1374.7, Time=75.7, Moves(45)=1.0, Pins(9)=900.0, Dist=398.0, Win Bonus=0.0
[2026-05-08 09:45:43] SCORE The bandits (blue): Final=955.3, Time=97.2, Moves(36)=0.1, Pins(5)=500.0, Dist=358.0, Win Bonus=0.0
[2026-05-08 09:45:43] SCORE Erlend Og Linor (yellow): Final=383.7, Time=93.2, Moves(40)=0.5, Pins(0)=0.0, Dist=290.0, Win Bonus=0.0
[2026-05-08 09:45:43] MOVE 122: Erlend Og Linor (yellow) 50->51 [0.00ms]
[2026-05-08 09:45:43] SCORE Robert (red): Final=1374.7, Time=75.7, Moves(45)=1.0, Pins(9)=900.0, Dist=398.0, Win Bonus=0.0
[2026-05-08 09:45:43] SCORE The bandits (blue): Final=955.3, Time=97.2, Moves(36)=0.1, Pins(5)=500.0, Dist=358.0, Win Bonus=0.0
[2026-05-08 09:45:43] SCORE Erlend Og Linor (yellow): Final=385.7, Time=93.1, Moves(41)=0.6, Pins(0)=0.0, Dist=292.0, Win Bonus=0.0
[2026-05-08 09:45:43] MOVE 123: The bandits (blue) 59->80 [0.00ms]
[2026-05-08 09:45:43] SCORE Robert (red): Final=1374.7, Time=75.7, Moves(45)=1.0, Pins(9)=900.0, Dist=398.0, Win Bonus=0.0
[2026-05-08 09:45:43] SCORE The bandits (blue): Final=959.3, Time=97.2, Moves(37)=0.1, Pins(5)=500.0, Dist=362.0, Win Bonus=0.0
[2026-05-08 09:45:43] SCORE Erlend Og Linor (yellow): Final=385.7, Time=93.1, Moves(41)=0.6, Pins(0)=0.0, Dist=292.0, Win Bonus=0.0
[2026-05-08 09:45:44] MOVE 124: Robert (red) 5->18 [0.00ms]
[2026-05-08 09:45:44] SCORE Robert (red): Final=1272.2, Time=75.2, Moves(46)=1.0, Pins(8)=800.0, Dist=396.0, Win Bonus=0.0
[2026-05-08 09:45:44] SCORE The bandits (blue): Final=959.3, Time=97.2, Moves(37)=0.1, Pins(5)=500.0, Dist=362.0, Win Bonus=0.0
[2026-05-08 09:45:44] SCORE Erlend Og Linor (yellow): Final=385.7, Time=93.1, Moves(41)=0.6, Pins(0)=0.0, Dist=292.0, Win Bonus=0.0
[2026-05-08 09:45:44] MOVE 125: Erlend Og Linor (yellow) 38->49 [0.01ms]
[2026-05-08 09:45:44] SCORE Robert (red): Final=1272.2, Time=75.2, Moves(46)=1.0, Pins(8)=800.0, Dist=396.0, Win Bonus=0.0
[2026-05-08 09:45:44] SCORE The bandits (blue): Final=959.3, Time=97.2, Moves(37)=0.1, Pins(5)=500.0, Dist=362.0, Win Bonus=0.0
[2026-05-08 09:45:44] SCORE Erlend Og Linor (yellow): Final=387.7, Time=92.9, Moves(42)=0.8, Pins(0)=0.0, Dist=294.0, Win Bonus=0.0
[2026-05-08 09:45:44] MOVE 126: The bandits (blue) 113->116 [0.01ms]
[2026-05-08 09:45:44] SCORE Robert (red): Final=1272.2, Time=75.2, Moves(46)=1.0, Pins(8)=800.0, Dist=396.0, Win Bonus=0.0
[2026-05-08 09:45:44] SCORE The bandits (blue): Final=959.3, Time=97.1, Moves(38)=0.2, Pins(5)=500.0, Dist=362.0, Win Bonus=0.0
[2026-05-08 09:45:44] SCORE Erlend Og Linor (yellow): Final=387.7, Time=92.9, Moves(42)=0.8, Pins(0)=0.0, Dist=294.0, Win Bonus=0.0
[2026-05-08 09:45:45] MOVE 127: Robert (red) 18->16 [0.01ms]
[2026-05-08 09:45:45] SCORE Robert (red): Final=1271.1, Time=74.1, Moves(47)=1.0, Pins(8)=800.0, Dist=396.0, Win Bonus=0.0
[2026-05-08 09:45:45] SCORE The bandits (blue): Final=959.3, Time=97.1, Moves(38)=0.2, Pins(5)=500.0, Dist=362.0, Win Bonus=0.0
[2026-05-08 09:45:45] SCORE Erlend Og Linor (yellow): Final=387.7, Time=92.9, Moves(42)=0.8, Pins(0)=0.0, Dist=294.0, Win Bonus=0.0
[2026-05-08 09:45:45] MOVE 128: Erlend Og Linor (yellow) 49->50 [0.00ms]
[2026-05-08 09:45:45] SCORE Robert (red): Final=1271.1, Time=74.1, Moves(47)=1.0, Pins(8)=800.0, Dist=396.0, Win Bonus=0.0
[2026-05-08 09:45:45] SCORE The bandits (blue): Final=959.3, Time=97.1, Moves(38)=0.2, Pins(5)=500.0, Dist=362.0, Win Bonus=0.0
[2026-05-08 09:45:45] SCORE Erlend Og Linor (yellow): Final=389.5, Time=92.7, Moves(43)=0.9, Pins(0)=0.0, Dist=296.0, Win Bonus=0.0
[2026-05-08 09:45:46] MOVE 129: The bandits (blue) 112->115 [0.01ms]
[2026-05-08 09:45:46] SCORE Robert (red): Final=1271.1, Time=74.1, Moves(47)=1.0, Pins(8)=800.0, Dist=396.0, Win Bonus=0.0
[2026-05-08 09:45:46] SCORE The bandits (blue): Final=959.2, Time=96.9, Moves(39)=0.3, Pins(5)=500.0, Dist=362.0, Win Bonus=0.0
[2026-05-08 09:45:46] SCORE Erlend Og Linor (yellow): Final=389.5, Time=92.7, Moves(43)=0.9, Pins(0)=0.0, Dist=296.0, Win Bonus=0.0
[2026-05-08 09:45:46] MOVE 130: Robert (red) 16->5 [0.01ms]
[2026-05-08 09:45:46] SCORE Robert (red): Final=1372.4, Time=73.5, Moves(48)=1.0, Pins(9)=900.0, Dist=398.0, Win Bonus=0.0
[2026-05-08 09:45:46] SCORE The bandits (blue): Final=959.2, Time=96.9, Moves(39)=0.3, Pins(5)=500.0, Dist=362.0, Win Bonus=0.0
[2026-05-08 09:45:46] SCORE Erlend Og Linor (yellow): Final=389.5, Time=92.7, Moves(43)=0.9, Pins(0)=0.0, Dist=296.0, Win Bonus=0.0
[2026-05-08 09:45:47] MOVE 131: Erlend Og Linor (yellow) 53->63 [0.01ms]
[2026-05-08 09:45:47] SCORE Robert (red): Final=1372.4, Time=73.5, Moves(48)=1.0, Pins(9)=900.0, Dist=398.0, Win Bonus=0.0
[2026-05-08 09:45:47] SCORE The bandits (blue): Final=959.2, Time=96.9, Moves(39)=0.3, Pins(5)=500.0, Dist=362.0, Win Bonus=0.0
[2026-05-08 09:45:47] SCORE Erlend Og Linor (yellow): Final=391.3, Time=92.4, Moves(44)=1.0, Pins(0)=0.0, Dist=298.0, Win Bonus=0.0
[2026-05-08 09:45:47] MOVE 132: The bandits (blue) 79->91 [0.01ms]
[2026-05-08 09:45:47] SCORE Robert (red): Final=1372.4, Time=73.5, Moves(48)=1.0, Pins(9)=900.0, Dist=398.0, Win Bonus=0.0
[2026-05-08 09:45:47] SCORE The bandits (blue): Final=961.2, Time=96.7, Moves(40)=0.5, Pins(5)=500.0, Dist=364.0, Win Bonus=0.0
[2026-05-08 09:45:47] SCORE Erlend Og Linor (yellow): Final=391.3, Time=92.4, Moves(44)=1.0, Pins(0)=0.0, Dist=298.0, Win Bonus=0.0
[2026-05-08 09:45:47] MOVE 133: Robert (red) 9->18 [0.01ms]
[2026-05-08 09:45:47] SCORE Robert (red): Final=1270.1, Time=73.1, Moves(49)=1.0, Pins(8)=800.0, Dist=396.0, Win Bonus=0.0
[2026-05-08 09:45:47] SCORE The bandits (blue): Final=961.2, Time=96.7, Moves(40)=0.5, Pins(5)=500.0, Dist=364.0, Win Bonus=0.0
[2026-05-08 09:45:47] SCORE Erlend Og Linor (yellow): Final=391.3, Time=92.4, Moves(44)=1.0, Pins(0)=0.0, Dist=298.0, Win Bonus=0.0
[2026-05-08 09:45:47] MOVE 134: Erlend Og Linor (yellow) 63->73 [0.01ms]
[2026-05-08 09:45:47] SCORE Robert (red): Final=1270.1, Time=73.1, Moves(49)=1.0, Pins(8)=800.0, Dist=396.0, Win Bonus=0.0
[2026-05-08 09:45:47] SCORE The bandits (blue): Final=961.2, Time=96.7, Moves(40)=0.5, Pins(5)=500.0, Dist=364.0, Win Bonus=0.0
[2026-05-08 09:45:47] SCORE Erlend Og Linor (yellow): Final=393.2, Time=92.2, Moves(45)=1.0, Pins(0)=0.0, Dist=300.0, Win Bonus=0.0
[2026-05-08 09:45:47] MOVE 135: The bandits (blue) 104->112 [0.01ms]
[2026-05-08 09:45:47] SCORE Robert (red): Final=1270.1, Time=73.1, Moves(49)=1.0, Pins(8)=800.0, Dist=396.0, Win Bonus=0.0
[2026-05-08 09:45:47] SCORE The bandits (blue): Final=1063.2, Time=96.6, Moves(41)=0.6, Pins(6)=600.0, Dist=366.0, Win Bonus=0.0
[2026-05-08 09:45:47] SCORE Erlend Og Linor (yellow): Final=393.2, Time=92.2, Moves(45)=1.0, Pins(0)=0.0, Dist=300.0, Win Bonus=0.0
[2026-05-08 09:45:48] MOVE 136: Robert (red) 5->2 [0.01ms]
[2026-05-08 09:45:48] SCORE Robert (red): Final=1269.6, Time=72.6, Moves(50)=1.0, Pins(8)=800.0, Dist=396.0, Win Bonus=0.0
[2026-05-08 09:45:48] SCORE The bandits (blue): Final=1063.2, Time=96.6, Moves(41)=0.6, Pins(6)=600.0, Dist=366.0, Win Bonus=0.0
[2026-05-08 09:45:48] SCORE Erlend Og Linor (yellow): Final=393.2, Time=92.2, Moves(45)=1.0, Pins(0)=0.0, Dist=300.0, Win Bonus=0.0
[2026-05-08 09:45:48] MOVE 137: Erlend Og Linor (yellow) 27->38 [0.01ms]
[2026-05-08 09:45:48] SCORE Robert (red): Final=1269.6, Time=72.6, Moves(50)=1.0, Pins(8)=800.0, Dist=396.0, Win Bonus=0.0
[2026-05-08 09:45:48] SCORE The bandits (blue): Final=1063.2, Time=96.6, Moves(41)=0.6, Pins(6)=600.0, Dist=366.0, Win Bonus=0.0
[2026-05-08 09:45:48] SCORE Erlend Og Linor (yellow): Final=393.0, Time=92.0, Moves(46)=1.0, Pins(0)=0.0, Dist=300.0, Win Bonus=0.0
[2026-05-08 09:45:48] MOVE 138: The bandits (blue) 91->104 [0.01ms]
[2026-05-08 09:45:48] SCORE Robert (red): Final=1269.6, Time=72.6, Moves(50)=1.0, Pins(8)=800.0, Dist=396.0, Win Bonus=0.0
[2026-05-08 09:45:48] SCORE The bandits (blue): Final=1065.2, Time=96.5, Moves(42)=0.8, Pins(6)=600.0, Dist=368.0, Win Bonus=0.0
[2026-05-08 09:45:48] SCORE Erlend Og Linor (yellow): Final=393.0, Time=92.0, Moves(46)=1.0, Pins(0)=0.0, Dist=300.0, Win Bonus=0.0
[2026-05-08 09:45:49] MOVE 139: Robert (red) 18->9 [0.01ms]
[2026-05-08 09:45:49] SCORE Robert (red): Final=1371.3, Time=72.3, Moves(51)=0.9, Pins(9)=900.0, Dist=398.0, Win Bonus=0.0
[2026-05-08 09:45:49] SCORE The bandits (blue): Final=1065.2, Time=96.5, Moves(42)=0.8, Pins(6)=600.0, Dist=368.0, Win Bonus=0.0
[2026-05-08 09:45:49] SCORE Erlend Og Linor (yellow): Final=393.0, Time=92.0, Moves(46)=1.0, Pins(0)=0.0, Dist=300.0, Win Bonus=0.0
[2026-05-08 09:45:49] MOVE 140: Erlend Og Linor (yellow) 38->49 [0.01ms]
[2026-05-08 09:45:49] SCORE Robert (red): Final=1371.3, Time=72.3, Moves(51)=0.9, Pins(9)=900.0, Dist=398.0, Win Bonus=0.0
[2026-05-08 09:45:49] SCORE The bandits (blue): Final=1065.2, Time=96.5, Moves(42)=0.8, Pins(6)=600.0, Dist=368.0, Win Bonus=0.0
[2026-05-08 09:45:49] SCORE Erlend Og Linor (yellow): Final=394.8, Time=91.9, Moves(47)=1.0, Pins(0)=0.0, Dist=302.0, Win Bonus=0.0
[2026-05-08 09:45:49] MOVE 141: The bandits (blue) 104->103 [0.01ms]
[2026-05-08 09:45:49] SCORE Robert (red): Final=1371.3, Time=72.3, Moves(51)=0.9, Pins(9)=900.0, Dist=398.0, Win Bonus=0.0
[2026-05-08 09:45:49] SCORE The bandits (blue): Final=1065.2, Time=96.4, Moves(43)=0.9, Pins(6)=600.0, Dist=368.0, Win Bonus=0.0
[2026-05-08 09:45:49] SCORE Erlend Og Linor (yellow): Final=394.8, Time=91.9, Moves(47)=1.0, Pins(0)=0.0, Dist=302.0, Win Bonus=0.0
[2026-05-08 09:45:49] MOVE 142: Robert (red) 3->5 [0.01ms]
[2026-05-08 09:45:49] SCORE Robert (red): Final=1370.8, Time=71.9, Moves(52)=0.9, Pins(9)=900.0, Dist=398.0, Win Bonus=0.0
[2026-05-08 09:45:49] SCORE The bandits (blue): Final=1065.2, Time=96.4, Moves(43)=0.9, Pins(6)=600.0, Dist=368.0, Win Bonus=0.0
[2026-05-08 09:45:49] SCORE Erlend Og Linor (yellow): Final=394.8, Time=91.9, Moves(47)=1.0, Pins(0)=0.0, Dist=302.0, Win Bonus=0.0
[2026-05-08 09:45:49] MOVE 143: Erlend Og Linor (yellow) 73->74 [0.01ms]
[2026-05-08 09:45:49] SCORE Robert (red): Final=1370.8, Time=71.9, Moves(52)=0.9, Pins(9)=900.0, Dist=398.0, Win Bonus=0.0
[2026-05-08 09:45:49] SCORE The bandits (blue): Final=1065.2, Time=96.4, Moves(43)=0.9, Pins(6)=600.0, Dist=368.0, Win Bonus=0.0
[2026-05-08 09:45:49] SCORE Erlend Og Linor (yellow): Final=496.7, Time=91.7, Moves(48)=1.0, Pins(1)=100.0, Dist=304.0, Win Bonus=0.0
[2026-05-08 09:45:49] MOVE 144: The bandits (blue) 80->79 [0.00ms]
[2026-05-08 09:45:49] SCORE Robert (red): Final=1370.8, Time=71.9, Moves(52)=0.9, Pins(9)=900.0, Dist=398.0, Win Bonus=0.0
[2026-05-08 09:45:49] SCORE The bandits (blue): Final=1065.3, Time=96.3, Moves(44)=1.0, Pins(6)=600.0, Dist=368.0, Win Bonus=0.0
[2026-05-08 09:45:49] SCORE Erlend Og Linor (yellow): Final=496.7, Time=91.7, Moves(48)=1.0, Pins(1)=100.0, Dist=304.0, Win Bonus=0.0
[2026-05-08 09:45:50] MOVE 145: Robert (red) 14->16 [0.01ms]
[2026-05-08 09:45:50] SCORE Robert (red): Final=1370.3, Time=71.4, Moves(53)=0.9, Pins(9)=900.0, Dist=398.0, Win Bonus=0.0
[2026-05-08 09:45:50] SCORE The bandits (blue): Final=1065.3, Time=96.3, Moves(44)=1.0, Pins(6)=600.0, Dist=368.0, Win Bonus=0.0
[2026-05-08 09:45:50] SCORE Erlend Og Linor (yellow): Final=496.7, Time=91.7, Moves(48)=1.0, Pins(1)=100.0, Dist=304.0, Win Bonus=0.0
[2026-05-08 09:45:50] MOVE 146: Erlend Og Linor (yellow) 71->72 [0.00ms]
[2026-05-08 09:45:50] SCORE Robert (red): Final=1370.3, Time=71.4, Moves(53)=0.9, Pins(9)=900.0, Dist=398.0, Win Bonus=0.0
[2026-05-08 09:45:50] SCORE The bandits (blue): Final=1065.3, Time=96.3, Moves(44)=1.0, Pins(6)=600.0, Dist=368.0, Win Bonus=0.0
[2026-05-08 09:45:50] SCORE Erlend Og Linor (yellow): Final=498.6, Time=91.6, Moves(49)=1.0, Pins(1)=100.0, Dist=306.0, Win Bonus=0.0
[2026-05-08 09:45:50] MOVE 147: The bandits (blue) 40->41 [0.01ms]
[2026-05-08 09:45:50] SCORE Robert (red): Final=1370.3, Time=71.4, Moves(53)=0.9, Pins(9)=900.0, Dist=398.0, Win Bonus=0.0
[2026-05-08 09:45:50] SCORE The bandits (blue): Final=1065.2, Time=96.2, Moves(45)=1.0, Pins(6)=600.0, Dist=368.0, Win Bonus=0.0
[2026-05-08 09:45:50] SCORE Erlend Og Linor (yellow): Final=498.6, Time=91.6, Moves(49)=1.0, Pins(1)=100.0, Dist=306.0, Win Bonus=0.0
[2026-05-08 09:45:51] MOVE 148: Robert (red) 16->3 [0.00ms]
[2026-05-08 09:45:51] SCORE Robert (red): Final=2471.7, Time=70.8, Moves(54)=0.9, Pins(10)=1000.0, Dist=400.0, Win Bonus=1000.0
[2026-05-08 09:45:51] SCORE The bandits (blue): Final=1065.2, Time=96.2, Moves(45)=1.0, Pins(6)=600.0, Dist=368.0, Win Bonus=0.0
[2026-05-08 09:45:51] SCORE Erlend Og Linor (yellow): Final=498.6, Time=91.6, Moves(49)=1.0, Pins(1)=100.0, Dist=306.0, Win Bonus=0.0
