[2026-05-08 09:30:08] GAME CREATED
[2026-05-08 09:30:33] PLAYER JOINED: S&S as lawn green
[2026-05-08 09:30:39] PLAYER JOINED: Tiefes Verstarkendes Lernen as gray0
[2026-05-08 09:30:48] PLAYER START: S&S (lawn green)
[2026-05-08 09:30:48] PLAYER START: Tiefes Verstarkendes Lernen (gray0)
[2026-05-08 09:30:48] GAME START — turn order ['lawn green', 'gray0']
[2026-05-08 09:30:48] MOVE 1: S&S (lawn green) 33->31 [0.01ms]
[2026-05-08 09:30:48] SCORE S&S (lawn green): Final=283.6, Time=99.6, Moves(1)=0.0, Pins(0)=0.0, Dist=184.0, Win Bonus=0.0
[2026-05-08 09:30:48] SCORE Tiefes Verstarkendes Lernen (gray0): Final=0.0, Time=0.0, Moves(0)=0.0, Pins(0)=0.0, Dist=0.0, Win Bonus=0.0
[2026-05-08 09:30:49] MOVE 2: Tiefes Verstarkendes Lernen (gray0) 75->56 [0.01ms]
[2026-05-08 09:30:49] SCORE S&S (lawn green): Final=283.6, Time=99.6, Moves(1)=0.0, Pins(0)=0.0, Dist=184.0, Win Bonus=0.0
[2026-05-08 09:30:49] SCORE Tiefes Verstarkendes Lernen (gray0): Final=282.7, Time=98.7, Moves(1)=0.0, Pins(0)=0.0, Dist=184.0, Win Bonus=0.0
[2026-05-08 09:30:50] MOVE 3: S&S (lawn green) 45->18 [0.01ms]
[2026-05-08 09:30:50] SCORE S&S (lawn green): Final=286.9, Time=98.9, Moves(2)=0.0, Pins(0)=0.0, Dist=188.0, Win Bonus=0.0
[2026-05-08 09:30:50] SCORE Tiefes Verstarkendes Lernen (gray0): Final=282.7, Time=98.7, Moves(1)=0.0, Pins(0)=0.0, Dist=184.0, Win Bonus=0.0
[2026-05-08 09:30:51] MOVE 4: Tiefes Verstarkendes Lernen (gray0) 98->77 [0.01ms]
[2026-05-08 09:30:51] SCORE S&S (lawn green): Final=286.9, Time=98.9, Moves(2)=0.0, Pins(0)=0.0, Dist=188.0, Win Bonus=0.0
[2026-05-08 09:30:51] SCORE Tiefes Verstarkendes Lernen (gray0): Final=289.9, Time=97.9, Moves(2)=0.0, Pins(0)=0.0, Dist=192.0, Win Bonus=0.0
[2026-05-08 09:30:51] MOVE 5: S&S (lawn green) 19->17 [0.01ms]
[2026-05-08 09:30:51] SCORE S&S (lawn green): Final=290.2, Time=98.2, Moves(3)=0.0, Pins(0)=0.0, Dist=192.0, Win Bonus=0.0
[2026-05-08 09:30:51] SCORE Tiefes Verstarkendes Lernen (gray0): Final=289.9, Time=97.9, Moves(2)=0.0, Pins(0)=0.0, Dist=192.0, Win Bonus=0.0
[2026-05-08 09:30:53] MOVE 6: Tiefes Verstarkendes Lernen (gray0) 87->46 [0.01ms]
[2026-05-08 09:30:53] SCORE S&S (lawn green): Final=290.2, Time=98.2, Moves(3)=0.0, Pins(0)=0.0, Dist=192.0, Win Bonus=0.0
[2026-05-08 09:30:53] SCORE Tiefes Verstarkendes Lernen (gray0): Final=292.5, Time=96.5, Moves(3)=0.0, Pins(0)=0.0, Dist=196.0, Win Bonus=0.0
[2026-05-08 09:30:54] MOVE 7: S&S (lawn green) 21->42 [0.01ms]
[2026-05-08 09:30:54] SCORE S&S (lawn green): Final=297.5, Time=97.5, Moves(4)=0.0, Pins(0)=0.0, Dist=200.0, Win Bonus=0.0
[2026-05-08 09:30:54] SCORE Tiefes Verstarkendes Lernen (gray0): Final=292.5, Time=96.5, Moves(3)=0.0, Pins(0)=0.0, Dist=196.0, Win Bonus=0.0
[2026-05-08 09:30:55] MOVE 8: Tiefes Verstarkendes Lernen (gray0) 65->47 [0.01ms]
[2026-05-08 09:30:55] SCORE S&S (lawn green): Final=297.5, Time=97.5, Moves(4)=0.0, Pins(0)=0.0, Dist=200.0, Win Bonus=0.0
[2026-05-08 09:30:55] SCORE Tiefes Verstarkendes Lernen (gray0): Final=295.1, Time=95.1, Moves(4)=0.0, Pins(0)=0.0, Dist=200.0, Win Bonus=0.0
[2026-05-08 09:30:56] MOVE 9: S&S (lawn green) 22->41 [0.01ms]
[2026-05-08 09:30:56] SCORE S&S (lawn green): Final=308.6, Time=96.6, Moves(5)=0.0, Pins(0)=0.0, Dist=212.0, Win Bonus=0.0
[2026-05-08 09:30:56] SCORE Tiefes Verstarkendes Lernen (gray0): Final=295.1, Time=95.1, Moves(4)=0.0, Pins(0)=0.0, Dist=200.0, Win Bonus=0.0
[2026-05-08 09:30:57] MOVE 10: Tiefes Verstarkendes Lernen (gray0) 76->78 [0.01ms]
[2026-05-08 09:30:57] SCORE S&S (lawn green): Final=308.6, Time=96.6, Moves(5)=0.0, Pins(0)=0.0, Dist=212.0, Win Bonus=0.0
[2026-05-08 09:30:57] SCORE Tiefes Verstarkendes Lernen (gray0): Final=298.0, Time=94.0, Moves(5)=0.0, Pins(0)=0.0, Dist=204.0, Win Bonus=0.0
[2026-05-08 09:30:58] MOVE 11: S&S (lawn green) 32->30 [0.01ms]
[2026-05-08 09:30:58] SCORE S&S (lawn green): Final=311.9, Time=95.9, Moves(6)=0.0, Pins(0)=0.0, Dist=216.0, Win Bonus=0.0
[2026-05-08 09:30:58] SCORE Tiefes Verstarkendes Lernen (gray0): Final=298.0, Time=94.0, Moves(5)=0.0, Pins(0)=0.0, Dist=204.0, Win Bonus=0.0
[2026-05-08 09:31:00] SCORE S&S (lawn green): Final=311.9, Time=95.9, Moves(6)=0.0, Pins(0)=0.0, Dist=216.0, Win Bonus=0.0
[2026-05-08 09:31:00] SCORE Tiefes Verstarkendes Lernen (gray0): Final=298.0, Time=94.0, Moves(5)=0.0, Pins(0)=0.0, Dist=204.0, Win Bonus=0.0
[2026-05-08 09:31:00] TURN TIMEOUT: Player with colour gray0 exceeded 2s at move 11. Turn skipped.
[2026-05-08 09:31:00] MOVE 12: S&S (lawn green) 18->16 [0.01ms]
[2026-05-08 09:31:00] SCORE S&S (lawn green): Final=315.5, Time=95.5, Moves(7)=0.0, Pins(0)=0.0, Dist=220.0, Win Bonus=0.0
[2026-05-08 09:31:00] SCORE Tiefes Verstarkendes Lernen (gray0): Final=298.0, Time=94.0, Moves(5)=0.0, Pins(0)=0.0, Dist=204.0, Win Bonus=0.0
[2026-05-08 09:31:02] MOVE 13: Tiefes Verstarkendes Lernen (gray0) 88->67 [0.01ms]
[2026-05-08 09:31:02] SCORE S&S (lawn green): Final=315.5, Time=95.5, Moves(7)=0.0, Pins(0)=0.0, Dist=220.0, Win Bonus=0.0
[2026-05-08 09:31:02] SCORE Tiefes Verstarkendes Lernen (gray0): Final=300.5, Time=92.5, Moves(6)=0.0, Pins(0)=0.0, Dist=208.0, Win Bonus=0.0
[2026-05-08 09:31:02] MOVE 14: S&S (lawn green) 55->32 [0.00ms]
[2026-05-08 09:31:02] SCORE S&S (lawn green): Final=314.9, Time=94.9, Moves(8)=0.0, Pins(0)=0.0, Dist=220.0, Win Bonus=0.0
[2026-05-08 09:31:02] SCORE Tiefes Verstarkendes Lernen (gray0): Final=300.5, Time=92.5, Moves(6)=0.0, Pins(0)=0.0, Dist=208.0, Win Bonus=0.0
[2026-05-08 09:31:03] MOVE 15: Tiefes Verstarkendes Lernen (gray0) 100->102 [0.02ms]
[2026-05-08 09:31:03] SCORE S&S (lawn green): Final=314.9, Time=94.9, Moves(8)=0.0, Pins(0)=0.0, Dist=220.0, Win Bonus=0.0
[2026-05-08 09:31:03] SCORE Tiefes Verstarkendes Lernen (gray0): Final=303.9, Time=91.9, Moves(7)=0.0, Pins(0)=0.0, Dist=212.0, Win Bonus=0.0
[2026-05-08 09:31:04] MOVE 16: S&S (lawn green) 17->15 [0.00ms]
[2026-05-08 09:31:04] SCORE S&S (lawn green): Final=317.9, Time=93.9, Moves(9)=0.0, Pins(0)=0.0, Dist=224.0, Win Bonus=0.0
[2026-05-08 09:31:04] SCORE Tiefes Verstarkendes Lernen (gray0): Final=303.9, Time=91.9, Moves(7)=0.0, Pins(0)=0.0, Dist=212.0, Win Bonus=0.0
[2026-05-08 09:31:05] MOVE 17: Tiefes Verstarkendes Lernen (gray0) 101->103 [0.00ms]
[2026-05-08 09:31:05] SCORE S&S (lawn green): Final=317.9, Time=93.9, Moves(9)=0.0, Pins(0)=0.0, Dist=224.0, Win Bonus=0.0
[2026-05-08 09:31:05] SCORE Tiefes Verstarkendes Lernen (gray0): Final=307.1, Time=91.1, Moves(8)=0.0, Pins(0)=0.0, Dist=216.0, Win Bonus=0.0
[2026-05-08 09:31:06] MOVE 18: S&S (lawn green) 31->27 [0.01ms]
[2026-05-08 09:31:06] SCORE S&S (lawn green): Final=325.1, Time=93.1, Moves(10)=0.0, Pins(0)=0.0, Dist=232.0, Win Bonus=0.0
[2026-05-08 09:31:06] SCORE Tiefes Verstarkendes Lernen (gray0): Final=307.1, Time=91.1, Moves(8)=0.0, Pins(0)=0.0, Dist=216.0, Win Bonus=0.0
[2026-05-08 09:31:08] SCORE S&S (lawn green): Final=325.1, Time=93.1, Moves(10)=0.0, Pins(0)=0.0, Dist=232.0, Win Bonus=0.0
[2026-05-08 09:31:08] SCORE Tiefes Verstarkendes Lernen (gray0): Final=307.1, Time=91.1, Moves(8)=0.0, Pins(0)=0.0, Dist=216.0, Win Bonus=0.0
[2026-05-08 09:31:08] TURN TIMEOUT: Player with colour gray0 exceeded 2s at move 18. Turn skipped.
[2026-05-08 09:31:09] MOVE 19: S&S (lawn green) 42->40 [0.01ms]
[2026-05-08 09:31:09] SCORE S&S (lawn green): Final=328.4, Time=92.4, Moves(11)=0.0, Pins(0)=0.0, Dist=236.0, Win Bonus=0.0
[2026-05-08 09:31:09] SCORE Tiefes Verstarkendes Lernen (gray0): Final=307.1, Time=91.1, Moves(8)=0.0, Pins(0)=0.0, Dist=216.0, Win Bonus=0.0
[2026-05-08 09:31:09] MOVE 20: Tiefes Verstarkendes Lernen (gray0) 46->91 [0.01ms]
[2026-05-08 09:31:09] SCORE S&S (lawn green): Final=328.4, Time=92.4, Moves(11)=0.0, Pins(0)=0.0, Dist=236.0, Win Bonus=0.0
[2026-05-08 09:31:09] SCORE Tiefes Verstarkendes Lernen (gray0): Final=310.5, Time=90.5, Moves(9)=0.0, Pins(0)=0.0, Dist=220.0, Win Bonus=0.0
[2026-05-08 09:31:10] MOVE 21: S&S (lawn green) 30->26 [0.01ms]
[2026-05-08 09:31:10] SCORE S&S (lawn green): Final=335.4, Time=91.4, Moves(12)=0.0, Pins(0)=0.0, Dist=244.0, Win Bonus=0.0
[2026-05-08 09:31:10] SCORE Tiefes Verstarkendes Lernen (gray0): Final=310.5, Time=90.5, Moves(9)=0.0, Pins(0)=0.0, Dist=220.0, Win Bonus=0.0
[2026-05-08 09:31:12] MOVE 22: Tiefes Verstarkendes Lernen (gray0) 56->39 [0.00ms]
[2026-05-08 09:31:12] SCORE S&S (lawn green): Final=335.4, Time=91.4, Moves(12)=0.0, Pins(0)=0.0, Dist=244.0, Win Bonus=0.0
[2026-05-08 09:31:12] SCORE Tiefes Verstarkendes Lernen (gray0): Final=316.9, Time=88.9, Moves(10)=0.0, Pins(0)=0.0, Dist=228.0, Win Bonus=0.0
[2026-05-08 09:31:12] MOVE 23: S&S (lawn green) 40->13 [0.01ms]
[2026-05-08 09:31:12] SCORE S&S (lawn green): Final=336.7, Time=90.7, Moves(13)=0.0, Pins(0)=0.0, Dist=246.0, Win Bonus=0.0
[2026-05-08 09:31:12] SCORE Tiefes Verstarkendes Lernen (gray0): Final=316.9, Time=88.9, Moves(10)=0.0, Pins(0)=0.0, Dist=228.0, Win Bonus=0.0
[2026-05-08 09:31:13] MOVE 24: Tiefes Verstarkendes Lernen (gray0) 67->92 [0.00ms]
[2026-05-08 09:31:13] SCORE S&S (lawn green): Final=336.7, Time=90.7, Moves(13)=0.0, Pins(0)=0.0, Dist=246.0, Win Bonus=0.0
[2026-05-08 09:31:13] SCORE Tiefes Verstarkendes Lernen (gray0): Final=319.9, Time=87.9, Moves(11)=0.0, Pins(0)=0.0, Dist=232.0, Win Bonus=0.0
[2026-05-08 09:31:14] MOVE 25: S&S (lawn green) 16->12 [0.01ms]
[2026-05-08 09:31:14] SCORE S&S (lawn green): Final=340.1, Time=90.1, Moves(14)=0.0, Pins(0)=0.0, Dist=250.0, Win Bonus=0.0
[2026-05-08 09:31:14] SCORE Tiefes Verstarkendes Lernen (gray0): Final=319.9, Time=87.9, Moves(11)=0.0, Pins(0)=0.0, Dist=232.0, Win Bonus=0.0
[2026-05-08 09:31:15] MOVE 26: Tiefes Verstarkendes Lernen (gray0) 77->81 [0.01ms]
[2026-05-08 09:31:15] SCORE S&S (lawn green): Final=340.1, Time=90.1, Moves(14)=0.0, Pins(0)=0.0, Dist=250.0, Win Bonus=0.0
[2026-05-08 09:31:15] SCORE Tiefes Verstarkendes Lernen (gray0): Final=326.8, Time=86.8, Moves(12)=0.0, Pins(0)=0.0, Dist=240.0, Win Bonus=0.0
[2026-05-08 09:31:16] MOVE 27: S&S (lawn green) 32->43 [0.01ms]
[2026-05-08 09:31:16] SCORE S&S (lawn green): Final=341.7, Time=89.7, Moves(15)=0.0, Pins(0)=0.0, Dist=252.0, Win Bonus=0.0
[2026-05-08 09:31:16] SCORE Tiefes Verstarkendes Lernen (gray0): Final=326.8, Time=86.8, Moves(12)=0.0, Pins(0)=0.0, Dist=240.0, Win Bonus=0.0
[2026-05-08 09:31:17] MOVE 28: Tiefes Verstarkendes Lernen (gray0) 103->82 [0.01ms]
[2026-05-08 09:31:17] SCORE S&S (lawn green): Final=341.7, Time=89.7, Moves(15)=0.0, Pins(0)=0.0, Dist=252.0, Win Bonus=0.0
[2026-05-08 09:31:17] SCORE Tiefes Verstarkendes Lernen (gray0): Final=333.4, Time=85.4, Moves(13)=0.0, Pins(0)=0.0, Dist=248.0, Win Bonus=0.0
[2026-05-08 09:31:18] MOVE 29: S&S (lawn green) 44->38 [0.01ms]
[2026-05-08 09:31:18] SCORE S&S (lawn green): Final=352.9, Time=88.9, Moves(16)=0.0, Pins(0)=0.0, Dist=264.0, Win Bonus=0.0
[2026-05-08 09:31:18] SCORE Tiefes Verstarkendes Lernen (gray0): Final=333.4, Time=85.4, Moves(13)=0.0, Pins(0)=0.0, Dist=248.0, Win Bonus=0.0
[2026-05-08 09:31:19] MOVE 30: Tiefes Verstarkendes Lernen (gray0) 91->72 [0.00ms]
[2026-05-08 09:31:19] SCORE S&S (lawn green): Final=352.9, Time=88.9, Moves(16)=0.0, Pins(0)=0.0, Dist=264.0, Win Bonus=0.0
[2026-05-08 09:31:19] SCORE Tiefes Verstarkendes Lernen (gray0): Final=340.0, Time=84.0, Moves(14)=0.0, Pins(0)=0.0, Dist=256.0, Win Bonus=0.0
[2026-05-08 09:31:20] MOVE 31: S&S (lawn green) 13->11 [0.01ms]
[2026-05-08 09:31:20] SCORE S&S (lawn green): Final=352.1, Time=88.1, Moves(17)=0.0, Pins(0)=0.0, Dist=264.0, Win Bonus=0.0
[2026-05-08 09:31:20] SCORE Tiefes Verstarkendes Lernen (gray0): Final=340.0, Time=84.0, Moves(14)=0.0, Pins(0)=0.0, Dist=256.0, Win Bonus=0.0
[2026-05-08 09:31:21] MOVE 32: Tiefes Verstarkendes Lernen (gray0) 92->73 [0.01ms]
[2026-05-08 09:31:21] SCORE S&S (lawn green): Final=352.1, Time=88.1, Moves(17)=0.0, Pins(0)=0.0, Dist=264.0, Win Bonus=0.0
[2026-05-08 09:31:21] SCORE Tiefes Verstarkendes Lernen (gray0): Final=346.6, Time=82.6, Moves(15)=0.0, Pins(0)=0.0, Dist=264.0, Win Bonus=0.0
[2026-05-08 09:31:22] MOVE 33: S&S (lawn green) 27->46 [0.01ms]
[2026-05-08 09:31:22] SCORE S&S (lawn green): Final=357.2, Time=87.2, Moves(18)=0.0, Pins(0)=0.0, Dist=270.0, Win Bonus=0.0
[2026-05-08 09:31:22] SCORE Tiefes Verstarkendes Lernen (gray0): Final=346.6, Time=82.6, Moves(15)=0.0, Pins(0)=0.0, Dist=264.0, Win Bonus=0.0
[2026-05-08 09:31:24] SCORE S&S (lawn green): Final=357.2, Time=87.2, Moves(18)=0.0, Pins(0)=0.0, Dist=270.0, Win Bonus=0.0
[2026-05-08 09:31:24] SCORE Tiefes Verstarkendes Lernen (gray0): Final=346.6, Time=82.6, Moves(15)=0.0, Pins(0)=0.0, Dist=264.0, Win Bonus=0.0
[2026-05-08 09:31:25] TURN TIMEOUT: Player with colour gray0 exceeded 2s at move 33. Turn skipped.
[2026-05-08 09:31:25] MOVE 34: S&S (lawn green) 12->10 [0.01ms]
[2026-05-08 09:31:25] SCORE S&S (lawn green): Final=356.8, Time=86.8, Moves(19)=0.0, Pins(0)=0.0, Dist=270.0, Win Bonus=0.0
[2026-05-08 09:31:25] SCORE Tiefes Verstarkendes Lernen (gray0): Final=346.6, Time=82.6, Moves(15)=0.0, Pins(0)=0.0, Dist=264.0, Win Bonus=0.0
[2026-05-08 09:31:26] MOVE 35: Tiefes Verstarkendes Lernen (gray0) 81->64 [0.00ms]
[2026-05-08 09:31:26] SCORE S&S (lawn green): Final=356.8, Time=86.8, Moves(19)=0.0, Pins(0)=0.0, Dist=270.0, Win Bonus=0.0
[2026-05-08 09:31:26] SCORE Tiefes Verstarkendes Lernen (gray0): Final=353.6, Time=81.6, Moves(16)=0.0, Pins(0)=0.0, Dist=272.0, Win Bonus=0.0
[2026-05-08 09:31:27] MOVE 36: S&S (lawn green) 26->25 [0.01ms]
[2026-05-08 09:31:27] SCORE S&S (lawn green): Final=356.2, Time=86.2, Moves(20)=0.0, Pins(0)=0.0, Dist=270.0, Win Bonus=0.0
[2026-05-08 09:31:27] SCORE Tiefes Verstarkendes Lernen (gray0): Final=353.6, Time=81.6, Moves(16)=0.0, Pins(0)=0.0, Dist=272.0, Win Bonus=0.0
[2026-05-08 09:31:28] MOVE 37: Tiefes Verstarkendes Lernen (gray0) 73->55 [0.01ms]
[2026-05-08 09:31:28] SCORE S&S (lawn green): Final=356.2, Time=86.2, Moves(20)=0.0, Pins(0)=0.0, Dist=270.0, Win Bonus=0.0
[2026-05-08 09:31:28] SCORE Tiefes Verstarkendes Lernen (gray0): Final=456.3, Time=80.3, Moves(17)=0.0, Pins(1)=100.0, Dist=276.0, Win Bonus=0.0
[2026-05-08 09:31:29] MOVE 38: S&S (lawn green) 43->42 [0.00ms]
[2026-05-08 09:31:29] SCORE S&S (lawn green): Final=357.3, Time=85.3, Moves(21)=0.0, Pins(0)=0.0, Dist=272.0, Win Bonus=0.0
[2026-05-08 09:31:29] SCORE Tiefes Verstarkendes Lernen (gray0): Final=456.3, Time=80.3, Moves(17)=0.0, Pins(1)=100.0, Dist=276.0, Win Bonus=0.0
[2026-05-08 09:31:31] SCORE S&S (lawn green): Final=357.3, Time=85.3, Moves(21)=0.0, Pins(0)=0.0, Dist=272.0, Win Bonus=0.0
[2026-05-08 09:31:31] SCORE Tiefes Verstarkendes Lernen (gray0): Final=456.3, Time=80.3, Moves(17)=0.0, Pins(1)=100.0, Dist=276.0, Win Bonus=0.0
[2026-05-08 09:31:31] TURN TIMEOUT: Player with colour gray0 exceeded 2s at move 38. Turn skipped.
[2026-05-08 09:31:31] MOVE 39: S&S (lawn green) 42->40 [0.01ms]
[2026-05-08 09:31:31] SCORE S&S (lawn green): Final=361.0, Time=85.0, Moves(22)=0.0, Pins(0)=0.0, Dist=276.0, Win Bonus=0.0
[2026-05-08 09:31:31] SCORE Tiefes Verstarkendes Lernen (gray0): Final=456.3, Time=80.3, Moves(17)=0.0, Pins(1)=100.0, Dist=276.0, Win Bonus=0.0
[2026-05-08 09:31:34] SCORE S&S (lawn green): Final=361.0, Time=85.0, Moves(22)=0.0, Pins(0)=0.0, Dist=276.0, Win Bonus=0.0
[2026-05-08 09:31:34] SCORE Tiefes Verstarkendes Lernen (gray0): Final=456.3, Time=80.3, Moves(17)=0.0, Pins(1)=100.0, Dist=276.0, Win Bonus=0.0
[2026-05-08 09:31:34] TURN TIMEOUT: Player with colour gray0 exceeded 2s at move 39. Turn skipped.
[2026-05-08 09:31:34] MOVE 40: S&S (lawn green) 40->28 [0.01ms]
[2026-05-08 09:31:34] SCORE S&S (lawn green): Final=360.5, Time=84.5, Moves(23)=0.0, Pins(0)=0.0, Dist=276.0, Win Bonus=0.0
[2026-05-08 09:31:34] SCORE Tiefes Verstarkendes Lernen (gray0): Final=456.3, Time=80.3, Moves(17)=0.0, Pins(1)=100.0, Dist=276.0, Win Bonus=0.0
[2026-05-08 09:31:37] SCORE S&S (lawn green): Final=360.5, Time=84.5, Moves(23)=0.0, Pins(0)=0.0, Dist=276.0, Win Bonus=0.0
[2026-05-08 09:31:37] SCORE Tiefes Verstarkendes Lernen (gray0): Final=456.3, Time=80.3, Moves(17)=0.0, Pins(1)=100.0, Dist=276.0, Win Bonus=0.0
[2026-05-08 09:31:37] TURN TIMEOUT: Player with colour gray0 exceeded 2s at move 40. Turn skipped.
[2026-05-08 09:31:37] MOVE 41: S&S (lawn green) 28->24 [0.01ms]
[2026-05-08 09:31:37] SCORE S&S (lawn green): Final=364.1, Time=84.1, Moves(24)=0.0, Pins(0)=0.0, Dist=280.0, Win Bonus=0.0
[2026-05-08 09:31:37] SCORE Tiefes Verstarkendes Lernen (gray0): Final=456.3, Time=80.3, Moves(17)=0.0, Pins(1)=100.0, Dist=276.0, Win Bonus=0.0
[2026-05-08 09:31:39] SCORE S&S (lawn green): Final=364.1, Time=84.1, Moves(24)=0.0, Pins(0)=0.0, Dist=280.0, Win Bonus=0.0
[2026-05-08 09:31:39] SCORE Tiefes Verstarkendes Lernen (gray0): Final=456.3, Time=80.3, Moves(17)=0.0, Pins(1)=100.0, Dist=276.0, Win Bonus=0.0
[2026-05-08 09:31:39] TURN TIMEOUT: Player with colour gray0 exceeded 2s at move 41. Turn skipped.
[2026-05-08 09:31:40] MOVE 42: S&S (lawn green) 24->23 [0.01ms]
[2026-05-08 09:31:40] SCORE S&S (lawn green): Final=363.7, Time=83.7, Moves(25)=0.0, Pins(0)=0.0, Dist=280.0, Win Bonus=0.0
[2026-05-08 09:31:40] SCORE Tiefes Verstarkendes Lernen (gray0): Final=456.3, Time=80.3, Moves(17)=0.0, Pins(1)=100.0, Dist=276.0, Win Bonus=0.0
[2026-05-08 09:31:42] SCORE S&S (lawn green): Final=363.7, Time=83.7, Moves(25)=0.0, Pins(0)=0.0, Dist=280.0, Win Bonus=0.0
[2026-05-08 09:31:42] SCORE Tiefes Verstarkendes Lernen (gray0): Final=456.3, Time=80.3, Moves(17)=0.0, Pins(1)=100.0, Dist=276.0, Win Bonus=0.0
[2026-05-08 09:31:42] TURN TIMEOUT: Player with colour gray0 exceeded 2s at move 42. Turn skipped.
[2026-05-08 09:31:43] MOVE 43: S&S (lawn green) 41->29 [0.01ms]
[2026-05-08 09:31:43] SCORE S&S (lawn green): Final=363.3, Time=83.3, Moves(26)=0.0, Pins(0)=0.0, Dist=280.0, Win Bonus=0.0
[2026-05-08 09:31:43] SCORE Tiefes Verstarkendes Lernen (gray0): Final=456.3, Time=80.3, Moves(17)=0.0, Pins(1)=100.0, Dist=276.0, Win Bonus=0.0
[2026-05-08 09:31:45] SCORE S&S (lawn green): Final=363.3, Time=83.3, Moves(26)=0.0, Pins(0)=0.0, Dist=280.0, Win Bonus=0.0
[2026-05-08 09:31:45] SCORE Tiefes Verstarkendes Lernen (gray0): Final=456.3, Time=80.3, Moves(17)=0.0, Pins(1)=100.0, Dist=276.0, Win Bonus=0.0
[2026-05-08 09:31:45] TURN TIMEOUT: Player with colour gray0 exceeded 2s at move 43. Turn skipped.
[2026-05-08 09:31:45] MOVE 44: S&S (lawn green) 29->28 [0.00ms]
[2026-05-08 09:31:45] SCORE S&S (lawn green): Final=365.0, Time=83.0, Moves(27)=0.0, Pins(0)=0.0, Dist=282.0, Win Bonus=0.0
[2026-05-08 09:31:45] SCORE Tiefes Verstarkendes Lernen (gray0): Final=456.3, Time=80.3, Moves(17)=0.0, Pins(1)=100.0, Dist=276.0, Win Bonus=0.0
[2026-05-08 09:31:48] SCORE S&S (lawn green): Final=365.0, Time=83.0, Moves(27)=0.0, Pins(0)=0.0, Dist=282.0, Win Bonus=0.0
[2026-05-08 09:31:48] SCORE Tiefes Verstarkendes Lernen (gray0): Final=456.3, Time=80.3, Moves(17)=0.0, Pins(1)=100.0, Dist=276.0, Win Bonus=0.0
[2026-05-08 09:31:48] GAME TIME LIMIT REACHED.
