[2026-05-08 09:30:08] GAME CREATED
[2026-05-08 09:30:13] PLAYER JOINED: Gruppe 2 as lawn green
[2026-05-08 09:30:20] PLAYER JOINED: AlphaZeroClue as gray0
[2026-05-08 09:30:41] PLAYER START: Gruppe 2 (lawn green)
[2026-05-08 09:30:41] PLAYER START: AlphaZeroClue (gray0)
[2026-05-08 09:30:41] GAME START — turn order ['lawn green', 'gray0']
[2026-05-08 09:30:41] MOVE 1: Gruppe 2 (lawn green) 33->31 [0.02ms]
[2026-05-08 09:30:41] SCORE Gruppe 2 (lawn green): Final=283.5, Time=99.5, Moves(1)=0.0, Pins(0)=0.0, Dist=184.0, Win Bonus=0.0
[2026-05-08 09:30:41] SCORE AlphaZeroClue (gray0): Final=0.0, Time=0.0, Moves(0)=0.0, Pins(0)=0.0, Dist=0.0, Win Bonus=0.0
[2026-05-08 09:30:45] SCORE Gruppe 2 (lawn green): Final=283.5, Time=99.5, Moves(1)=0.0, Pins(0)=0.0, Dist=184.0, Win Bonus=0.0
[2026-05-08 09:30:45] SCORE AlphaZeroClue (gray0): Final=0.0, Time=0.0, Moves(0)=0.0, Pins(0)=0.0, Dist=0.0, Win Bonus=0.0
[2026-05-08 09:30:45] TURN TIMEOUT: Player with colour gray0 exceeded 2s at move 1. Turn skipped.
[2026-05-08 09:30:45] MOVE 2: Gruppe 2 (lawn green) 19->42 [0.01ms]
[2026-05-08 09:30:45] SCORE Gruppe 2 (lawn green): Final=287.1, Time=99.1, Moves(2)=0.0, Pins(0)=0.0, Dist=188.0, Win Bonus=0.0
[2026-05-08 09:30:45] SCORE AlphaZeroClue (gray0): Final=0.0, Time=0.0, Moves(0)=0.0, Pins(0)=0.0, Dist=0.0, Win Bonus=0.0
[2026-05-08 09:30:48] SCORE Gruppe 2 (lawn green): Final=287.1, Time=99.1, Moves(2)=0.0, Pins(0)=0.0, Dist=188.0, Win Bonus=0.0
[2026-05-08 09:30:48] SCORE AlphaZeroClue (gray0): Final=0.0, Time=0.0, Moves(0)=0.0, Pins(0)=0.0, Dist=0.0, Win Bonus=0.0
[2026-05-08 09:30:48] TURN TIMEOUT: Player with colour gray0 exceeded 2s at move 2. Turn skipped.
[2026-05-08 09:30:48] MOVE 3: Gruppe 2 (lawn green) 20->41 [0.01ms]
[2026-05-08 09:30:48] SCORE Gruppe 2 (lawn green): Final=294.9, Time=98.9, Moves(3)=0.0, Pins(0)=0.0, Dist=196.0, Win Bonus=0.0
[2026-05-08 09:30:48] SCORE AlphaZeroClue (gray0): Final=0.0, Time=0.0, Moves(0)=0.0, Pins(0)=0.0, Dist=0.0, Win Bonus=0.0
[2026-05-08 09:30:50] SCORE Gruppe 2 (lawn green): Final=294.9, Time=98.9, Moves(3)=0.0, Pins(0)=0.0, Dist=196.0, Win Bonus=0.0
[2026-05-08 09:30:50] SCORE AlphaZeroClue (gray0): Final=0.0, Time=0.0, Moves(0)=0.0, Pins(0)=0.0, Dist=0.0, Win Bonus=0.0
[2026-05-08 09:30:50] TURN TIMEOUT: Player with colour gray0 exceeded 2s at move 3. Turn skipped.
[2026-05-08 09:30:51] MOVE 4: Gruppe 2 (lawn green) 32->30 [0.00ms]
[2026-05-08 09:30:51] SCORE Gruppe 2 (lawn green): Final=298.7, Time=98.7, Moves(4)=0.0, Pins(0)=0.0, Dist=200.0, Win Bonus=0.0
[2026-05-08 09:30:51] SCORE AlphaZeroClue (gray0): Final=0.0, Time=0.0, Moves(0)=0.0, Pins(0)=0.0, Dist=0.0, Win Bonus=0.0
[2026-05-08 09:30:52] PLAYER START: Gruppe 2 (lawn green)
[2026-05-08 09:30:52] PLAYER START: AlphaZeroClue (gray0)
[2026-05-08 09:30:53] SCORE Gruppe 2 (lawn green): Final=298.7, Time=98.7, Moves(4)=0.0, Pins(0)=0.0, Dist=200.0, Win Bonus=0.0
[2026-05-08 09:30:53] SCORE AlphaZeroClue (gray0): Final=0.0, Time=0.0, Moves(0)=0.0, Pins(0)=0.0, Dist=0.0, Win Bonus=0.0
[2026-05-08 09:30:53] TURN TIMEOUT: Player with colour gray0 exceeded 2s at move 4. Turn skipped.
[2026-05-08 09:30:53] MOVE 5: Gruppe 2 (lawn green) 45->18 [0.01ms]
[2026-05-08 09:30:53] SCORE Gruppe 2 (lawn green): Final=302.4, Time=98.4, Moves(5)=0.0, Pins(0)=0.0, Dist=204.0, Win Bonus=0.0
[2026-05-08 09:30:53] SCORE AlphaZeroClue (gray0): Final=0.0, Time=0.0, Moves(0)=0.0, Pins(0)=0.0, Dist=0.0, Win Bonus=0.0
[2026-05-08 09:30:56] SCORE Gruppe 2 (lawn green): Final=302.4, Time=98.4, Moves(5)=0.0, Pins(0)=0.0, Dist=204.0, Win Bonus=0.0
[2026-05-08 09:30:56] SCORE AlphaZeroClue (gray0): Final=0.0, Time=0.0, Moves(0)=0.0, Pins(0)=0.0, Dist=0.0, Win Bonus=0.0
[2026-05-08 09:30:56] TURN TIMEOUT: Player with colour gray0 exceeded 2s at move 5. Turn skipped.
[2026-05-08 09:30:56] MOVE 6: Gruppe 2 (lawn green) 22->43 [0.01ms]
[2026-05-08 09:30:56] SCORE Gruppe 2 (lawn green): Final=310.2, Time=98.2, Moves(6)=0.0, Pins(0)=0.0, Dist=212.0, Win Bonus=0.0
[2026-05-08 09:30:56] SCORE AlphaZeroClue (gray0): Final=0.0, Time=0.0, Moves(0)=0.0, Pins(0)=0.0, Dist=0.0, Win Bonus=0.0
[2026-05-08 09:30:57] MOVE 7: AlphaZeroClue (gray0) 75->56 [0.01ms]
[2026-05-08 09:30:57] SCORE Gruppe 2 (lawn green): Final=310.2, Time=98.2, Moves(6)=0.0, Pins(0)=0.0, Dist=212.0, Win Bonus=0.0
[2026-05-08 09:30:57] SCORE AlphaZeroClue (gray0): Final=283.0, Time=99.0, Moves(1)=0.0, Pins(0)=0.0, Dist=184.0, Win Bonus=0.0
[2026-05-08 09:30:57] MOVE 8: Gruppe 2 (lawn green) 55->53 [0.01ms]
[2026-05-08 09:30:57] SCORE Gruppe 2 (lawn green): Final=313.6, Time=97.6, Moves(7)=0.0, Pins(0)=0.0, Dist=216.0, Win Bonus=0.0
[2026-05-08 09:30:57] SCORE AlphaZeroClue (gray0): Final=283.0, Time=99.0, Moves(1)=0.0, Pins(0)=0.0, Dist=184.0, Win Bonus=0.0
[2026-05-08 09:31:00] SCORE Gruppe 2 (lawn green): Final=313.6, Time=97.6, Moves(7)=0.0, Pins(0)=0.0, Dist=216.0, Win Bonus=0.0
[2026-05-08 09:31:00] SCORE AlphaZeroClue (gray0): Final=283.0, Time=99.0, Moves(1)=0.0, Pins(0)=0.0, Dist=184.0, Win Bonus=0.0
[2026-05-08 09:31:00] TURN TIMEOUT: Player with colour gray0 exceeded 2s at move 8. Turn skipped.
[2026-05-08 09:31:00] MOVE 9: Gruppe 2 (lawn green) 42->40 [0.01ms]
[2026-05-08 09:31:00] SCORE Gruppe 2 (lawn green): Final=317.4, Time=97.4, Moves(8)=0.0, Pins(0)=0.0, Dist=220.0, Win Bonus=0.0
[2026-05-08 09:31:00] SCORE AlphaZeroClue (gray0): Final=283.0, Time=99.0, Moves(1)=0.0, Pins(0)=0.0, Dist=184.0, Win Bonus=0.0
[2026-05-08 09:31:02] SCORE Gruppe 2 (lawn green): Final=317.4, Time=97.4, Moves(8)=0.0, Pins(0)=0.0, Dist=220.0, Win Bonus=0.0
[2026-05-08 09:31:02] SCORE AlphaZeroClue (gray0): Final=283.0, Time=99.0, Moves(1)=0.0, Pins(0)=0.0, Dist=184.0, Win Bonus=0.0
[2026-05-08 09:31:02] TURN TIMEOUT: Player with colour gray0 exceeded 2s at move 9. Turn skipped.
[2026-05-08 09:31:03] MOVE 10: Gruppe 2 (lawn green) 43->54 [0.00ms]
[2026-05-08 09:31:03] SCORE Gruppe 2 (lawn green): Final=317.2, Time=97.2, Moves(9)=0.0, Pins(0)=0.0, Dist=220.0, Win Bonus=0.0
[2026-05-08 09:31:03] SCORE AlphaZeroClue (gray0): Final=283.0, Time=99.0, Moves(1)=0.0, Pins(0)=0.0, Dist=184.0, Win Bonus=0.0
[2026-05-08 09:31:05] SCORE Gruppe 2 (lawn green): Final=317.2, Time=97.2, Moves(9)=0.0, Pins(0)=0.0, Dist=220.0, Win Bonus=0.0
[2026-05-08 09:31:05] SCORE AlphaZeroClue (gray0): Final=283.0, Time=99.0, Moves(1)=0.0, Pins(0)=0.0, Dist=184.0, Win Bonus=0.0
[2026-05-08 09:31:05] TURN TIMEOUT: Player with colour gray0 exceeded 2s at move 10. Turn skipped.
[2026-05-08 09:31:05] MOVE 11: Gruppe 2 (lawn green) 34->45 [0.00ms]
[2026-05-08 09:31:05] SCORE Gruppe 2 (lawn green): Final=319.0, Time=97.0, Moves(10)=0.0, Pins(0)=0.0, Dist=222.0, Win Bonus=0.0
[2026-05-08 09:31:05] SCORE AlphaZeroClue (gray0): Final=283.0, Time=99.0, Moves(1)=0.0, Pins(0)=0.0, Dist=184.0, Win Bonus=0.0
[2026-05-08 09:31:05] MOVE 12: AlphaZeroClue (gray0) 87->46 [0.00ms]
[2026-05-08 09:31:05] SCORE Gruppe 2 (lawn green): Final=319.0, Time=97.0, Moves(10)=0.0, Pins(0)=0.0, Dist=222.0, Win Bonus=0.0
[2026-05-08 09:31:05] SCORE AlphaZeroClue (gray0): Final=286.7, Time=98.7, Moves(2)=0.0, Pins(0)=0.0, Dist=188.0, Win Bonus=0.0
[2026-05-08 09:31:06] MOVE 13: Gruppe 2 (lawn green) 40->51 [0.00ms]
[2026-05-08 09:31:06] SCORE Gruppe 2 (lawn green): Final=318.3, Time=96.3, Moves(11)=0.0, Pins(0)=0.0, Dist=222.0, Win Bonus=0.0
[2026-05-08 09:31:06] SCORE AlphaZeroClue (gray0): Final=286.7, Time=98.7, Moves(2)=0.0, Pins(0)=0.0, Dist=188.0, Win Bonus=0.0
[2026-05-08 09:31:08] SCORE Gruppe 2 (lawn green): Final=318.3, Time=96.3, Moves(11)=0.0, Pins(0)=0.0, Dist=222.0, Win Bonus=0.0
[2026-05-08 09:31:08] SCORE AlphaZeroClue (gray0): Final=286.7, Time=98.7, Moves(2)=0.0, Pins(0)=0.0, Dist=188.0, Win Bonus=0.0
[2026-05-08 09:31:08] TURN TIMEOUT: Player with colour gray0 exceeded 2s at move 13. Turn skipped.
[2026-05-08 09:31:08] MOVE 14: Gruppe 2 (lawn green) 44->61 [0.01ms]
[2026-05-08 09:31:08] SCORE Gruppe 2 (lawn green): Final=326.1, Time=96.1, Moves(12)=0.0, Pins(0)=0.0, Dist=230.0, Win Bonus=0.0
[2026-05-08 09:31:08] SCORE AlphaZeroClue (gray0): Final=286.7, Time=98.7, Moves(2)=0.0, Pins(0)=0.0, Dist=188.0, Win Bonus=0.0
[2026-05-08 09:31:09] MOVE 15: AlphaZeroClue (gray0) 98->75 [0.01ms]
[2026-05-08 09:31:09] SCORE Gruppe 2 (lawn green): Final=326.1, Time=96.1, Moves(12)=0.0, Pins(0)=0.0, Dist=230.0, Win Bonus=0.0
[2026-05-08 09:31:09] SCORE AlphaZeroClue (gray0): Final=290.3, Time=98.3, Moves(3)=0.0, Pins(0)=0.0, Dist=192.0, Win Bonus=0.0
[2026-05-08 09:31:11] SCORE Gruppe 2 (lawn green): Final=326.1, Time=96.1, Moves(12)=0.0, Pins(0)=0.0, Dist=230.0, Win Bonus=0.0
[2026-05-08 09:31:11] SCORE AlphaZeroClue (gray0): Final=290.3, Time=98.3, Moves(3)=0.0, Pins(0)=0.0, Dist=192.0, Win Bonus=0.0
[2026-05-08 09:31:11] TURN TIMEOUT: Player with colour lawn green exceeded 2s at move 15. Turn skipped.
[2026-05-08 09:31:13] SCORE Gruppe 2 (lawn green): Final=326.1, Time=96.1, Moves(12)=0.0, Pins(0)=0.0, Dist=230.0, Win Bonus=0.0
[2026-05-08 09:31:13] SCORE AlphaZeroClue (gray0): Final=290.3, Time=98.3, Moves(3)=0.0, Pins(0)=0.0, Dist=192.0, Win Bonus=0.0
[2026-05-08 09:31:13] TURN TIMEOUT: Player with colour gray0 exceeded 2s at move 15. Turn skipped.
[2026-05-08 09:31:16] SCORE Gruppe 2 (lawn green): Final=326.1, Time=96.1, Moves(12)=0.0, Pins(0)=0.0, Dist=230.0, Win Bonus=0.0
[2026-05-08 09:31:16] SCORE AlphaZeroClue (gray0): Final=290.3, Time=98.3, Moves(3)=0.0, Pins(0)=0.0, Dist=192.0, Win Bonus=0.0
[2026-05-08 09:31:16] TURN TIMEOUT: Player with colour lawn green exceeded 2s at move 15. Turn skipped.
[2026-05-08 09:31:18] SCORE Gruppe 2 (lawn green): Final=326.1, Time=96.1, Moves(12)=0.0, Pins(0)=0.0, Dist=230.0, Win Bonus=0.0
[2026-05-08 09:31:18] SCORE AlphaZeroClue (gray0): Final=290.3, Time=98.3, Moves(3)=0.0, Pins(0)=0.0, Dist=192.0, Win Bonus=0.0
[2026-05-08 09:31:18] TURN TIMEOUT: Player with colour gray0 exceeded 2s at move 15. Turn skipped.
[2026-05-08 09:31:20] SCORE Gruppe 2 (lawn green): Final=326.1, Time=96.1, Moves(12)=0.0, Pins(0)=0.0, Dist=230.0, Win Bonus=0.0
[2026-05-08 09:31:20] SCORE AlphaZeroClue (gray0): Final=290.3, Time=98.3, Moves(3)=0.0, Pins(0)=0.0, Dist=192.0, Win Bonus=0.0
[2026-05-08 09:31:20] TURN TIMEOUT: Player with colour lawn green exceeded 2s at move 15. Turn skipped.
[2026-05-08 09:31:23] SCORE Gruppe 2 (lawn green): Final=326.1, Time=96.1, Moves(12)=0.0, Pins(0)=0.0, Dist=230.0, Win Bonus=0.0
[2026-05-08 09:31:23] SCORE AlphaZeroClue (gray0): Final=290.3, Time=98.3, Moves(3)=0.0, Pins(0)=0.0, Dist=192.0, Win Bonus=0.0
[2026-05-08 09:31:23] TURN TIMEOUT: Player with colour gray0 exceeded 2s at move 15. Turn skipped.
[2026-05-08 09:31:25] SCORE Gruppe 2 (lawn green): Final=326.1, Time=96.1, Moves(12)=0.0, Pins(0)=0.0, Dist=230.0, Win Bonus=0.0
[2026-05-08 09:31:25] SCORE AlphaZeroClue (gray0): Final=290.3, Time=98.3, Moves(3)=0.0, Pins(0)=0.0, Dist=192.0, Win Bonus=0.0
[2026-05-08 09:31:25] TURN TIMEOUT: Player with colour lawn green exceeded 2s at move 15. Turn skipped.
[2026-05-08 09:31:28] SCORE Gruppe 2 (lawn green): Final=326.1, Time=96.1, Moves(12)=0.0, Pins(0)=0.0, Dist=230.0, Win Bonus=0.0
[2026-05-08 09:31:28] SCORE AlphaZeroClue (gray0): Final=290.3, Time=98.3, Moves(3)=0.0, Pins(0)=0.0, Dist=192.0, Win Bonus=0.0
[2026-05-08 09:31:28] TURN TIMEOUT: Player with colour gray0 exceeded 2s at move 15. Turn skipped.
[2026-05-08 09:31:30] SCORE Gruppe 2 (lawn green): Final=326.1, Time=96.1, Moves(12)=0.0, Pins(0)=0.0, Dist=230.0, Win Bonus=0.0
[2026-05-08 09:31:30] SCORE AlphaZeroClue (gray0): Final=290.3, Time=98.3, Moves(3)=0.0, Pins(0)=0.0, Dist=192.0, Win Bonus=0.0
[2026-05-08 09:31:30] TURN TIMEOUT: Player with colour lawn green exceeded 2s at move 15. Turn skipped.
[2026-05-08 09:31:32] SCORE Gruppe 2 (lawn green): Final=326.1, Time=96.1, Moves(12)=0.0, Pins(0)=0.0, Dist=230.0, Win Bonus=0.0
[2026-05-08 09:31:32] SCORE AlphaZeroClue (gray0): Final=290.3, Time=98.3, Moves(3)=0.0, Pins(0)=0.0, Dist=192.0, Win Bonus=0.0
[2026-05-08 09:31:32] TURN TIMEOUT: Player with colour gray0 exceeded 2s at move 15. Turn skipped.
[2026-05-08 09:31:35] SCORE Gruppe 2 (lawn green): Final=326.1, Time=96.1, Moves(12)=0.0, Pins(0)=0.0, Dist=230.0, Win Bonus=0.0
[2026-05-08 09:31:35] SCORE AlphaZeroClue (gray0): Final=290.3, Time=98.3, Moves(3)=0.0, Pins(0)=0.0, Dist=192.0, Win Bonus=0.0
[2026-05-08 09:31:35] TURN TIMEOUT: Player with colour lawn green exceeded 2s at move 15. Turn skipped.
[2026-05-08 09:31:37] SCORE Gruppe 2 (lawn green): Final=326.1, Time=96.1, Moves(12)=0.0, Pins(0)=0.0, Dist=230.0, Win Bonus=0.0
[2026-05-08 09:31:37] SCORE AlphaZeroClue (gray0): Final=290.3, Time=98.3, Moves(3)=0.0, Pins(0)=0.0, Dist=192.0, Win Bonus=0.0
[2026-05-08 09:31:37] TURN TIMEOUT: Player with colour gray0 exceeded 2s at move 15. Turn skipped.
[2026-05-08 09:31:39] SCORE Gruppe 2 (lawn green): Final=326.1, Time=96.1, Moves(12)=0.0, Pins(0)=0.0, Dist=230.0, Win Bonus=0.0
[2026-05-08 09:31:39] SCORE AlphaZeroClue (gray0): Final=290.3, Time=98.3, Moves(3)=0.0, Pins(0)=0.0, Dist=192.0, Win Bonus=0.0
[2026-05-08 09:31:39] TURN TIMEOUT: Player with colour lawn green exceeded 2s at move 15. Turn skipped.
[2026-05-08 09:31:42] SCORE Gruppe 2 (lawn green): Final=326.1, Time=96.1, Moves(12)=0.0, Pins(0)=0.0, Dist=230.0, Win Bonus=0.0
[2026-05-08 09:31:42] SCORE AlphaZeroClue (gray0): Final=290.3, Time=98.3, Moves(3)=0.0, Pins(0)=0.0, Dist=192.0, Win Bonus=0.0
[2026-05-08 09:31:42] GAME TIME LIMIT REACHED.
[2026-05-08 09:31:42] SCORE Gruppe 2 (lawn green): Final=326.1, Time=96.1, Moves(12)=0.0, Pins(0)=0.0, Dist=230.0, Win Bonus=0.0
[2026-05-08 09:31:42] SCORE AlphaZeroClue (gray0): Final=290.3, Time=98.3, Moves(3)=0.0, Pins(0)=0.0, Dist=192.0, Win Bonus=0.0
[2026-05-08 09:31:42] GAME TIME LIMIT REACHED.
