[2026-05-08 09:48:09] GAME CREATED
[2026-05-08 09:48:10] PLAYER JOINED: jat as red
[2026-05-08 09:48:13] PLAYER JOINED: Tiefes Verstarkendes Lernen as blue
[2026-05-08 09:48:19] PLAYER JOINED: Gruppe 1 as yellow
[2026-05-08 09:51:35] PLAYER JOINED: Gruppe 67 as purple
[2026-05-08 09:52:16] PLAYER JOINED: Group 99 as lawn green
[2026-05-08 09:52:16] PLAYER START: jat (red)
[2026-05-08 09:52:16] PLAYER START: Tiefes Verstarkendes Lernen (blue)
[2026-05-08 09:52:16] PLAYER START: Gruppe 1 (yellow)
[2026-05-08 09:52:16] PLAYER START: Gruppe 67 (purple)
[2026-05-08 09:52:16] PLAYER START: Group 99 (lawn green)
[2026-05-08 09:52:16] GAME START — turn order ['red', 'lawn green', 'yellow', 'blue', 'purple']
[2026-05-08 09:52:16] PLAYER START: jat (red)
[2026-05-08 09:52:16] PLAYER START: Tiefes Verstarkendes Lernen (blue)
[2026-05-08 09:52:16] PLAYER START: Gruppe 1 (yellow)
[2026-05-08 09:52:16] PLAYER START: Gruppe 67 (purple)
[2026-05-08 09:52:16] PLAYER START: Group 99 (lawn green)
[2026-05-08 09:52:16] PLAYER START: jat (red)
[2026-05-08 09:52:16] PLAYER START: Tiefes Verstarkendes Lernen (blue)
[2026-05-08 09:52:16] PLAYER START: Gruppe 1 (yellow)
[2026-05-08 09:52:16] PLAYER START: Gruppe 67 (purple)
[2026-05-08 09:52:16] PLAYER START: Group 99 (lawn green)
[2026-05-08 09:52:16] PLAYER START: jat (red)
[2026-05-08 09:52:16] PLAYER START: Tiefes Verstarkendes Lernen (blue)
[2026-05-08 09:52:16] PLAYER START: Gruppe 1 (yellow)
[2026-05-08 09:52:16] PLAYER START: Gruppe 67 (purple)
[2026-05-08 09:52:16] PLAYER START: Group 99 (lawn green)
[2026-05-08 09:52:16] MOVE 1: jat (red) 115->104 [0.01ms]
[2026-05-08 09:52:16] SCORE jat (red): Final=283.8, Time=99.8, Moves(1)=0.0, Pins(0)=0.0, Dist=184.0, Win Bonus=0.0
[2026-05-08 09:52:16] SCORE Tiefes Verstarkendes Lernen (blue): Final=0.0, Time=0.0, Moves(0)=0.0, Pins(0)=0.0, Dist=0.0, Win Bonus=0.0
[2026-05-08 09:52:16] SCORE Gruppe 1 (yellow): Final=0.0, Time=0.0, Moves(0)=0.0, Pins(0)=0.0, Dist=0.0, Win Bonus=0.0
[2026-05-08 09:52:16] SCORE Gruppe 67 (purple): Final=0.0, Time=0.0, Moves(0)=0.0, Pins(0)=0.0, Dist=0.0, Win Bonus=0.0
[2026-05-08 09:52:16] SCORE Group 99 (lawn green): Final=0.0, Time=0.0, Moves(0)=0.0, Pins(0)=0.0, Dist=0.0, Win Bonus=0.0
[2026-05-08 09:52:18] MOVE 2: Group 99 (lawn green) 20->18 [0.01ms]
[2026-05-08 09:52:18] SCORE jat (red): Final=283.8, Time=99.8, Moves(1)=0.0, Pins(0)=0.0, Dist=184.0, Win Bonus=0.0
[2026-05-08 09:52:18] SCORE Tiefes Verstarkendes Lernen (blue): Final=0.0, Time=0.0, Moves(0)=0.0, Pins(0)=0.0, Dist=0.0, Win Bonus=0.0
[2026-05-08 09:52:18] SCORE Gruppe 1 (yellow): Final=0.0, Time=0.0, Moves(0)=0.0, Pins(0)=0.0, Dist=0.0, Win Bonus=0.0
[2026-05-08 09:52:18] SCORE Gruppe 67 (purple): Final=0.0, Time=0.0, Moves(0)=0.0, Pins(0)=0.0, Dist=0.0, Win Bonus=0.0
[2026-05-08 09:52:18] SCORE Group 99 (lawn green): Final=282.1, Time=98.1, Moves(1)=0.0, Pins(0)=0.0, Dist=184.0, Win Bonus=0.0
[2026-05-08 09:52:19] MOVE 3: Gruppe 1 (yellow) 24->26 [0.01ms]
[2026-05-08 09:52:19] SCORE jat (red): Final=283.8, Time=99.8, Moves(1)=0.0, Pins(0)=0.0, Dist=184.0, Win Bonus=0.0
[2026-05-08 09:52:19] SCORE Tiefes Verstarkendes Lernen (blue): Final=0.0, Time=0.0, Moves(0)=0.0, Pins(0)=0.0, Dist=0.0, Win Bonus=0.0
[2026-05-08 09:52:19] SCORE Gruppe 1 (yellow): Final=283.6, Time=99.6, Moves(1)=0.0, Pins(0)=0.0, Dist=184.0, Win Bonus=0.0
[2026-05-08 09:52:19] SCORE Gruppe 67 (purple): Final=0.0, Time=0.0, Moves(0)=0.0, Pins(0)=0.0, Dist=0.0, Win Bonus=0.0
[2026-05-08 09:52:19] SCORE Group 99 (lawn green): Final=282.1, Time=98.1, Moves(1)=0.0, Pins(0)=0.0, Dist=184.0, Win Bonus=0.0
[2026-05-08 09:52:19] MOVE 4: Tiefes Verstarkendes Lernen (blue) 3->37 [0.01ms]
[2026-05-08 09:52:19] SCORE jat (red): Final=283.8, Time=99.8, Moves(1)=0.0, Pins(0)=0.0, Dist=184.0, Win Bonus=0.0
[2026-05-08 09:52:19] SCORE Tiefes Verstarkendes Lernen (blue): Final=287.3, Time=99.3, Moves(1)=0.0, Pins(0)=0.0, Dist=188.0, Win Bonus=0.0
[2026-05-08 09:52:19] SCORE Gruppe 1 (yellow): Final=283.6, Time=99.6, Moves(1)=0.0, Pins(0)=0.0, Dist=184.0, Win Bonus=0.0
[2026-05-08 09:52:19] SCORE Gruppe 67 (purple): Final=0.0, Time=0.0, Moves(0)=0.0, Pins(0)=0.0, Dist=0.0, Win Bonus=0.0
[2026-05-08 09:52:19] SCORE Group 99 (lawn green): Final=282.1, Time=98.1, Moves(1)=0.0, Pins(0)=0.0, Dist=184.0, Win Bonus=0.0
[2026-05-08 09:52:21] SCORE jat (red): Final=283.8, Time=99.8, Moves(1)=0.0, Pins(0)=0.0, Dist=184.0, Win Bonus=0.0
[2026-05-08 09:52:21] SCORE Tiefes Verstarkendes Lernen (blue): Final=287.3, Time=99.3, Moves(1)=0.0, Pins(0)=0.0, Dist=188.0, Win Bonus=0.0
[2026-05-08 09:52:21] SCORE Gruppe 1 (yellow): Final=283.6, Time=99.6, Moves(1)=0.0, Pins(0)=0.0, Dist=184.0, Win Bonus=0.0
[2026-05-08 09:52:21] SCORE Gruppe 67 (purple): Final=0.0, Time=0.0, Moves(0)=0.0, Pins(0)=0.0, Dist=0.0, Win Bonus=0.0
[2026-05-08 09:52:21] SCORE Group 99 (lawn green): Final=282.1, Time=98.1, Moves(1)=0.0, Pins(0)=0.0, Dist=184.0, Win Bonus=0.0
[2026-05-08 09:52:22] TURN TIMEOUT: Player with colour purple exceeded 2s at move 4. Turn skipped.
[2026-05-08 09:52:22] MOVE 5: jat (red) 120->102 [0.00ms]
[2026-05-08 09:52:22] SCORE jat (red): Final=291.6, Time=99.6, Moves(2)=0.0, Pins(0)=0.0, Dist=192.0, Win Bonus=0.0
[2026-05-08 09:52:22] SCORE Tiefes Verstarkendes Lernen (blue): Final=287.3, Time=99.3, Moves(1)=0.0, Pins(0)=0.0, Dist=188.0, Win Bonus=0.0
[2026-05-08 09:52:22] SCORE Gruppe 1 (yellow): Final=283.6, Time=99.6, Moves(1)=0.0, Pins(0)=0.0, Dist=184.0, Win Bonus=0.0
[2026-05-08 09:52:22] SCORE Gruppe 67 (purple): Final=0.0, Time=0.0, Moves(0)=0.0, Pins(0)=0.0, Dist=0.0, Win Bonus=0.0
[2026-05-08 09:52:22] SCORE Group 99 (lawn green): Final=282.1, Time=98.1, Moves(1)=0.0, Pins(0)=0.0, Dist=184.0, Win Bonus=0.0
[2026-05-08 09:52:23] MOVE 6: Group 99 (lawn green) 22->43 [0.01ms]
[2026-05-08 09:52:23] SCORE jat (red): Final=291.6, Time=99.6, Moves(2)=0.0, Pins(0)=0.0, Dist=192.0, Win Bonus=0.0
[2026-05-08 09:52:23] SCORE Tiefes Verstarkendes Lernen (blue): Final=287.3, Time=99.3, Moves(1)=0.0, Pins(0)=0.0, Dist=188.0, Win Bonus=0.0
[2026-05-08 09:52:23] SCORE Gruppe 1 (yellow): Final=283.6, Time=99.6, Moves(1)=0.0, Pins(0)=0.0, Dist=184.0, Win Bonus=0.0
[2026-05-08 09:52:23] SCORE Gruppe 67 (purple): Final=0.0, Time=0.0, Moves(0)=0.0, Pins(0)=0.0, Dist=0.0, Win Bonus=0.0
[2026-05-08 09:52:23] SCORE Group 99 (lawn green): Final=288.5, Time=96.5, Moves(2)=0.0, Pins(0)=0.0, Dist=192.0, Win Bonus=0.0
[2026-05-08 09:52:25] SCORE jat (red): Final=291.6, Time=99.6, Moves(2)=0.0, Pins(0)=0.0, Dist=192.0, Win Bonus=0.0
[2026-05-08 09:52:25] SCORE Tiefes Verstarkendes Lernen (blue): Final=287.3, Time=99.3, Moves(1)=0.0, Pins(0)=0.0, Dist=188.0, Win Bonus=0.0
[2026-05-08 09:52:25] SCORE Gruppe 1 (yellow): Final=283.6, Time=99.6, Moves(1)=0.0, Pins(0)=0.0, Dist=184.0, Win Bonus=0.0
[2026-05-08 09:52:25] SCORE Gruppe 67 (purple): Final=0.0, Time=0.0, Moves(0)=0.0, Pins(0)=0.0, Dist=0.0, Win Bonus=0.0
[2026-05-08 09:52:25] SCORE Group 99 (lawn green): Final=288.5, Time=96.5, Moves(2)=0.0, Pins(0)=0.0, Dist=192.0, Win Bonus=0.0
[2026-05-08 09:52:25] TURN TIMEOUT: Player with colour yellow exceeded 2s at move 6. Turn skipped.
[2026-05-08 09:52:28] SCORE jat (red): Final=291.6, Time=99.6, Moves(2)=0.0, Pins(0)=0.0, Dist=192.0, Win Bonus=0.0
[2026-05-08 09:52:28] SCORE Tiefes Verstarkendes Lernen (blue): Final=287.3, Time=99.3, Moves(1)=0.0, Pins(0)=0.0, Dist=188.0, Win Bonus=0.0
[2026-05-08 09:52:28] SCORE Gruppe 1 (yellow): Final=283.6, Time=99.6, Moves(1)=0.0, Pins(0)=0.0, Dist=184.0, Win Bonus=0.0
[2026-05-08 09:52:28] SCORE Gruppe 67 (purple): Final=0.0, Time=0.0, Moves(0)=0.0, Pins(0)=0.0, Dist=0.0, Win Bonus=0.0
[2026-05-08 09:52:28] SCORE Group 99 (lawn green): Final=288.5, Time=96.5, Moves(2)=0.0, Pins(0)=0.0, Dist=192.0, Win Bonus=0.0
[2026-05-08 09:52:28] TURN TIMEOUT: Player with colour blue exceeded 2s at move 6. Turn skipped.
[2026-05-08 09:52:30] SCORE jat (red): Final=291.6, Time=99.6, Moves(2)=0.0, Pins(0)=0.0, Dist=192.0, Win Bonus=0.0
[2026-05-08 09:52:30] SCORE Tiefes Verstarkendes Lernen (blue): Final=287.3, Time=99.3, Moves(1)=0.0, Pins(0)=0.0, Dist=188.0, Win Bonus=0.0
[2026-05-08 09:52:30] SCORE Gruppe 1 (yellow): Final=283.6, Time=99.6, Moves(1)=0.0, Pins(0)=0.0, Dist=184.0, Win Bonus=0.0
[2026-05-08 09:52:30] SCORE Gruppe 67 (purple): Final=0.0, Time=0.0, Moves(0)=0.0, Pins(0)=0.0, Dist=0.0, Win Bonus=0.0
[2026-05-08 09:52:30] SCORE Group 99 (lawn green): Final=288.5, Time=96.5, Moves(2)=0.0, Pins(0)=0.0, Dist=192.0, Win Bonus=0.0
[2026-05-08 09:52:30] TURN TIMEOUT: Player with colour purple exceeded 2s at move 6. Turn skipped.
[2026-05-08 09:52:30] MOVE 7: jat (red) 113->91 [0.01ms]
[2026-05-08 09:52:30] SCORE jat (red): Final=295.5, Time=99.5, Moves(3)=0.0, Pins(0)=0.0, Dist=196.0, Win Bonus=0.0
[2026-05-08 09:52:30] SCORE Tiefes Verstarkendes Lernen (blue): Final=287.3, Time=99.3, Moves(1)=0.0, Pins(0)=0.0, Dist=188.0, Win Bonus=0.0
[2026-05-08 09:52:30] SCORE Gruppe 1 (yellow): Final=283.6, Time=99.6, Moves(1)=0.0, Pins(0)=0.0, Dist=184.0, Win Bonus=0.0
[2026-05-08 09:52:30] SCORE Gruppe 67 (purple): Final=0.0, Time=0.0, Moves(0)=0.0, Pins(0)=0.0, Dist=0.0, Win Bonus=0.0
[2026-05-08 09:52:30] SCORE Group 99 (lawn green): Final=288.5, Time=96.5, Moves(2)=0.0, Pins(0)=0.0, Dist=192.0, Win Bonus=0.0
[2026-05-08 09:52:31] MOVE 8: Group 99 (lawn green) 44->42 [0.01ms]
[2026-05-08 09:52:31] SCORE jat (red): Final=295.5, Time=99.5, Moves(3)=0.0, Pins(0)=0.0, Dist=196.0, Win Bonus=0.0
[2026-05-08 09:52:31] SCORE Tiefes Verstarkendes Lernen (blue): Final=287.3, Time=99.3, Moves(1)=0.0, Pins(0)=0.0, Dist=188.0, Win Bonus=0.0
[2026-05-08 09:52:31] SCORE Gruppe 1 (yellow): Final=283.6, Time=99.6, Moves(1)=0.0, Pins(0)=0.0, Dist=184.0, Win Bonus=0.0
[2026-05-08 09:52:31] SCORE Gruppe 67 (purple): Final=0.0, Time=0.0, Moves(0)=0.0, Pins(0)=0.0, Dist=0.0, Win Bonus=0.0
[2026-05-08 09:52:31] SCORE Group 99 (lawn green): Final=290.9, Time=94.9, Moves(3)=0.0, Pins(0)=0.0, Dist=196.0, Win Bonus=0.0
[2026-05-08 09:52:32] PLAYER START: jat (red)
[2026-05-08 09:52:32] PLAYER START: Tiefes Verstarkendes Lernen (blue)
[2026-05-08 09:52:32] PLAYER START: Gruppe 1 (yellow)
[2026-05-08 09:52:32] PLAYER START: Gruppe 67 (purple)
[2026-05-08 09:52:32] PLAYER START: Group 99 (lawn green)
[2026-05-08 09:52:33] SCORE jat (red): Final=295.5, Time=99.5, Moves(3)=0.0, Pins(0)=0.0, Dist=196.0, Win Bonus=0.0
[2026-05-08 09:52:33] SCORE Tiefes Verstarkendes Lernen (blue): Final=287.3, Time=99.3, Moves(1)=0.0, Pins(0)=0.0, Dist=188.0, Win Bonus=0.0
[2026-05-08 09:52:33] SCORE Gruppe 1 (yellow): Final=283.6, Time=99.6, Moves(1)=0.0, Pins(0)=0.0, Dist=184.0, Win Bonus=0.0
[2026-05-08 09:52:33] SCORE Gruppe 67 (purple): Final=0.0, Time=0.0, Moves(0)=0.0, Pins(0)=0.0, Dist=0.0, Win Bonus=0.0
[2026-05-08 09:52:33] SCORE Group 99 (lawn green): Final=290.9, Time=94.9, Moves(3)=0.0, Pins(0)=0.0, Dist=196.0, Win Bonus=0.0
[2026-05-08 09:52:33] TURN TIMEOUT: Player with colour yellow exceeded 2s at move 8. Turn skipped.
[2026-05-08 09:52:36] SCORE jat (red): Final=295.5, Time=99.5, Moves(3)=0.0, Pins(0)=0.0, Dist=196.0, Win Bonus=0.0
[2026-05-08 09:52:36] SCORE Tiefes Verstarkendes Lernen (blue): Final=287.3, Time=99.3, Moves(1)=0.0, Pins(0)=0.0, Dist=188.0, Win Bonus=0.0
[2026-05-08 09:52:36] SCORE Gruppe 1 (yellow): Final=283.6, Time=99.6, Moves(1)=0.0, Pins(0)=0.0, Dist=184.0, Win Bonus=0.0
[2026-05-08 09:52:36] SCORE Gruppe 67 (purple): Final=0.0, Time=0.0, Moves(0)=0.0, Pins(0)=0.0, Dist=0.0, Win Bonus=0.0
[2026-05-08 09:52:36] SCORE Group 99 (lawn green): Final=290.9, Time=94.9, Moves(3)=0.0, Pins(0)=0.0, Dist=196.0, Win Bonus=0.0
[2026-05-08 09:52:36] TURN TIMEOUT: Player with colour blue exceeded 2s at move 8. Turn skipped.
[2026-05-08 09:52:38] SCORE jat (red): Final=295.5, Time=99.5, Moves(3)=0.0, Pins(0)=0.0, Dist=196.0, Win Bonus=0.0
[2026-05-08 09:52:38] SCORE Tiefes Verstarkendes Lernen (blue): Final=287.3, Time=99.3, Moves(1)=0.0, Pins(0)=0.0, Dist=188.0, Win Bonus=0.0
[2026-05-08 09:52:38] SCORE Gruppe 1 (yellow): Final=283.6, Time=99.6, Moves(1)=0.0, Pins(0)=0.0, Dist=184.0, Win Bonus=0.0
[2026-05-08 09:52:38] SCORE Gruppe 67 (purple): Final=0.0, Time=0.0, Moves(0)=0.0, Pins(0)=0.0, Dist=0.0, Win Bonus=0.0
[2026-05-08 09:52:38] SCORE Group 99 (lawn green): Final=290.9, Time=94.9, Moves(3)=0.0, Pins(0)=0.0, Dist=196.0, Win Bonus=0.0
[2026-05-08 09:52:38] TURN TIMEOUT: Player with colour purple exceeded 2s at move 8. Turn skipped.
[2026-05-08 09:52:38] MOVE 9: jat (red) 116->80 [0.01ms]
[2026-05-08 09:52:38] SCORE jat (red): Final=303.4, Time=99.4, Moves(4)=0.0, Pins(0)=0.0, Dist=204.0, Win Bonus=0.0
[2026-05-08 09:52:38] SCORE Tiefes Verstarkendes Lernen (blue): Final=287.3, Time=99.3, Moves(1)=0.0, Pins(0)=0.0, Dist=188.0, Win Bonus=0.0
[2026-05-08 09:52:38] SCORE Gruppe 1 (yellow): Final=283.6, Time=99.6, Moves(1)=0.0, Pins(0)=0.0, Dist=184.0, Win Bonus=0.0
[2026-05-08 09:52:38] SCORE Gruppe 67 (purple): Final=0.0, Time=0.0, Moves(0)=0.0, Pins(0)=0.0, Dist=0.0, Win Bonus=0.0
[2026-05-08 09:52:38] SCORE Group 99 (lawn green): Final=290.9, Time=94.9, Moves(3)=0.0, Pins(0)=0.0, Dist=196.0, Win Bonus=0.0
[2026-05-08 09:52:39] MOVE 10: Group 99 (lawn green) 33->52 [0.01ms]
[2026-05-08 09:52:39] SCORE jat (red): Final=303.4, Time=99.4, Moves(4)=0.0, Pins(0)=0.0, Dist=204.0, Win Bonus=0.0
[2026-05-08 09:52:39] SCORE Tiefes Verstarkendes Lernen (blue): Final=287.3, Time=99.3, Moves(1)=0.0, Pins(0)=0.0, Dist=188.0, Win Bonus=0.0
[2026-05-08 09:52:39] SCORE Gruppe 1 (yellow): Final=283.6, Time=99.6, Moves(1)=0.0, Pins(0)=0.0, Dist=184.0, Win Bonus=0.0
[2026-05-08 09:52:39] SCORE Gruppe 67 (purple): Final=0.0, Time=0.0, Moves(0)=0.0, Pins(0)=0.0, Dist=0.0, Win Bonus=0.0
[2026-05-08 09:52:39] SCORE Group 99 (lawn green): Final=297.5, Time=93.5, Moves(4)=0.0, Pins(0)=0.0, Dist=204.0, Win Bonus=0.0
[2026-05-08 09:52:41] SCORE jat (red): Final=303.4, Time=99.4, Moves(4)=0.0, Pins(0)=0.0, Dist=204.0, Win Bonus=0.0
[2026-05-08 09:52:41] SCORE Tiefes Verstarkendes Lernen (blue): Final=287.3, Time=99.3, Moves(1)=0.0, Pins(0)=0.0, Dist=188.0, Win Bonus=0.0
[2026-05-08 09:52:41] SCORE Gruppe 1 (yellow): Final=283.6, Time=99.6, Moves(1)=0.0, Pins(0)=0.0, Dist=184.0, Win Bonus=0.0
[2026-05-08 09:52:41] SCORE Gruppe 67 (purple): Final=0.0, Time=0.0, Moves(0)=0.0, Pins(0)=0.0, Dist=0.0, Win Bonus=0.0
[2026-05-08 09:52:41] SCORE Group 99 (lawn green): Final=297.5, Time=93.5, Moves(4)=0.0, Pins(0)=0.0, Dist=204.0, Win Bonus=0.0
[2026-05-08 09:52:41] TURN TIMEOUT: Player with colour yellow exceeded 2s at move 10. Turn skipped.
[2026-05-08 09:52:44] SCORE jat (red): Final=303.4, Time=99.4, Moves(4)=0.0, Pins(0)=0.0, Dist=204.0, Win Bonus=0.0
[2026-05-08 09:52:44] SCORE Tiefes Verstarkendes Lernen (blue): Final=287.3, Time=99.3, Moves(1)=0.0, Pins(0)=0.0, Dist=188.0, Win Bonus=0.0
[2026-05-08 09:52:44] SCORE Gruppe 1 (yellow): Final=283.6, Time=99.6, Moves(1)=0.0, Pins(0)=0.0, Dist=184.0, Win Bonus=0.0
[2026-05-08 09:52:44] SCORE Gruppe 67 (purple): Final=0.0, Time=0.0, Moves(0)=0.0, Pins(0)=0.0, Dist=0.0, Win Bonus=0.0
[2026-05-08 09:52:44] SCORE Group 99 (lawn green): Final=297.5, Time=93.5, Moves(4)=0.0, Pins(0)=0.0, Dist=204.0, Win Bonus=0.0
[2026-05-08 09:52:44] TURN TIMEOUT: Player with colour blue exceeded 2s at move 10. Turn skipped.
[2026-05-08 09:52:46] SCORE jat (red): Final=303.4, Time=99.4, Moves(4)=0.0, Pins(0)=0.0, Dist=204.0, Win Bonus=0.0
[2026-05-08 09:52:46] SCORE Tiefes Verstarkendes Lernen (blue): Final=287.3, Time=99.3, Moves(1)=0.0, Pins(0)=0.0, Dist=188.0, Win Bonus=0.0
[2026-05-08 09:52:46] SCORE Gruppe 1 (yellow): Final=283.6, Time=99.6, Moves(1)=0.0, Pins(0)=0.0, Dist=184.0, Win Bonus=0.0
[2026-05-08 09:52:46] SCORE Gruppe 67 (purple): Final=0.0, Time=0.0, Moves(0)=0.0, Pins(0)=0.0, Dist=0.0, Win Bonus=0.0
[2026-05-08 09:52:46] SCORE Group 99 (lawn green): Final=297.5, Time=93.5, Moves(4)=0.0, Pins(0)=0.0, Dist=204.0, Win Bonus=0.0
[2026-05-08 09:52:46] TURN TIMEOUT: Player with colour purple exceeded 2s at move 10. Turn skipped.
[2026-05-08 09:52:46] MOVE 11: jat (red) 112->69 [0.01ms]
[2026-05-08 09:52:46] SCORE jat (red): Final=311.3, Time=99.3, Moves(5)=0.0, Pins(0)=0.0, Dist=212.0, Win Bonus=0.0
[2026-05-08 09:52:46] SCORE Tiefes Verstarkendes Lernen (blue): Final=287.3, Time=99.3, Moves(1)=0.0, Pins(0)=0.0, Dist=188.0, Win Bonus=0.0
[2026-05-08 09:52:46] SCORE Gruppe 1 (yellow): Final=283.6, Time=99.6, Moves(1)=0.0, Pins(0)=0.0, Dist=184.0, Win Bonus=0.0
[2026-05-08 09:52:46] SCORE Gruppe 67 (purple): Final=0.0, Time=0.0, Moves(0)=0.0, Pins(0)=0.0, Dist=0.0, Win Bonus=0.0
[2026-05-08 09:52:46] SCORE Group 99 (lawn green): Final=297.5, Time=93.5, Moves(4)=0.0, Pins(0)=0.0, Dist=204.0, Win Bonus=0.0
[2026-05-08 09:52:47] MOVE 12: Group 99 (lawn green) 32->51 [0.01ms]
[2026-05-08 09:52:47] SCORE jat (red): Final=311.3, Time=99.3, Moves(5)=0.0, Pins(0)=0.0, Dist=212.0, Win Bonus=0.0
[2026-05-08 09:52:47] SCORE Tiefes Verstarkendes Lernen (blue): Final=287.3, Time=99.3, Moves(1)=0.0, Pins(0)=0.0, Dist=188.0, Win Bonus=0.0
[2026-05-08 09:52:47] SCORE Gruppe 1 (yellow): Final=283.6, Time=99.6, Moves(1)=0.0, Pins(0)=0.0, Dist=184.0, Win Bonus=0.0
[2026-05-08 09:52:47] SCORE Gruppe 67 (purple): Final=0.0, Time=0.0, Moves(0)=0.0, Pins(0)=0.0, Dist=0.0, Win Bonus=0.0
[2026-05-08 09:52:47] SCORE Group 99 (lawn green): Final=304.0, Time=92.0, Moves(5)=0.0, Pins(0)=0.0, Dist=212.0, Win Bonus=0.0
[2026-05-08 09:52:49] SCORE jat (red): Final=311.3, Time=99.3, Moves(5)=0.0, Pins(0)=0.0, Dist=212.0, Win Bonus=0.0
[2026-05-08 09:52:49] SCORE Tiefes Verstarkendes Lernen (blue): Final=287.3, Time=99.3, Moves(1)=0.0, Pins(0)=0.0, Dist=188.0, Win Bonus=0.0
[2026-05-08 09:52:49] SCORE Gruppe 1 (yellow): Final=283.6, Time=99.6, Moves(1)=0.0, Pins(0)=0.0, Dist=184.0, Win Bonus=0.0
[2026-05-08 09:52:49] SCORE Gruppe 67 (purple): Final=0.0, Time=0.0, Moves(0)=0.0, Pins(0)=0.0, Dist=0.0, Win Bonus=0.0
[2026-05-08 09:52:49] SCORE Group 99 (lawn green): Final=304.0, Time=92.0, Moves(5)=0.0, Pins(0)=0.0, Dist=212.0, Win Bonus=0.0
[2026-05-08 09:52:50] TURN TIMEOUT: Player with colour yellow exceeded 2s at move 12. Turn skipped.
[2026-05-08 09:52:52] SCORE jat (red): Final=311.3, Time=99.3, Moves(5)=0.0, Pins(0)=0.0, Dist=212.0, Win Bonus=0.0
[2026-05-08 09:52:52] SCORE Tiefes Verstarkendes Lernen (blue): Final=287.3, Time=99.3, Moves(1)=0.0, Pins(0)=0.0, Dist=188.0, Win Bonus=0.0
[2026-05-08 09:52:52] SCORE Gruppe 1 (yellow): Final=283.6, Time=99.6, Moves(1)=0.0, Pins(0)=0.0, Dist=184.0, Win Bonus=0.0
[2026-05-08 09:52:52] SCORE Gruppe 67 (purple): Final=0.0, Time=0.0, Moves(0)=0.0, Pins(0)=0.0, Dist=0.0, Win Bonus=0.0
[2026-05-08 09:52:52] SCORE Group 99 (lawn green): Final=304.0, Time=92.0, Moves(5)=0.0, Pins(0)=0.0, Dist=212.0, Win Bonus=0.0
[2026-05-08 09:52:52] TURN TIMEOUT: Player with colour blue exceeded 2s at move 12. Turn skipped.
[2026-05-08 09:52:54] SCORE jat (red): Final=311.3, Time=99.3, Moves(5)=0.0, Pins(0)=0.0, Dist=212.0, Win Bonus=0.0
[2026-05-08 09:52:54] SCORE Tiefes Verstarkendes Lernen (blue): Final=287.3, Time=99.3, Moves(1)=0.0, Pins(0)=0.0, Dist=188.0, Win Bonus=0.0
[2026-05-08 09:52:54] SCORE Gruppe 1 (yellow): Final=283.6, Time=99.6, Moves(1)=0.0, Pins(0)=0.0, Dist=184.0, Win Bonus=0.0
[2026-05-08 09:52:54] SCORE Gruppe 67 (purple): Final=0.0, Time=0.0, Moves(0)=0.0, Pins(0)=0.0, Dist=0.0, Win Bonus=0.0
[2026-05-08 09:52:54] SCORE Group 99 (lawn green): Final=304.0, Time=92.0, Moves(5)=0.0, Pins(0)=0.0, Dist=212.0, Win Bonus=0.0
[2026-05-08 09:52:54] TURN TIMEOUT: Player with colour purple exceeded 2s at move 12. Turn skipped.
[2026-05-08 09:52:54] MOVE 13: jat (red) 104->41 [0.01ms]
[2026-05-08 09:52:54] SCORE jat (red): Final=323.2, Time=99.2, Moves(6)=0.0, Pins(0)=0.0, Dist=224.0, Win Bonus=0.0
[2026-05-08 09:52:54] SCORE Tiefes Verstarkendes Lernen (blue): Final=287.3, Time=99.3, Moves(1)=0.0, Pins(0)=0.0, Dist=188.0, Win Bonus=0.0
[2026-05-08 09:52:54] SCORE Gruppe 1 (yellow): Final=283.6, Time=99.6, Moves(1)=0.0, Pins(0)=0.0, Dist=184.0, Win Bonus=0.0
[2026-05-08 09:52:54] SCORE Gruppe 67 (purple): Final=0.0, Time=0.0, Moves(0)=0.0, Pins(0)=0.0, Dist=0.0, Win Bonus=0.0
[2026-05-08 09:52:54] SCORE Group 99 (lawn green): Final=304.0, Time=92.0, Moves(5)=0.0, Pins(0)=0.0, Dist=212.0, Win Bonus=0.0
[2026-05-08 09:52:55] MOVE 14: Group 99 (lawn green) 45->64 [0.01ms]
[2026-05-08 09:52:55] SCORE jat (red): Final=323.2, Time=99.2, Moves(6)=0.0, Pins(0)=0.0, Dist=224.0, Win Bonus=0.0
[2026-05-08 09:52:55] SCORE Tiefes Verstarkendes Lernen (blue): Final=287.3, Time=99.3, Moves(1)=0.0, Pins(0)=0.0, Dist=188.0, Win Bonus=0.0
[2026-05-08 09:52:56] SCORE Gruppe 1 (yellow): Final=283.6, Time=99.6, Moves(1)=0.0, Pins(0)=0.0, Dist=184.0, Win Bonus=0.0
[2026-05-08 09:52:56] SCORE Gruppe 67 (purple): Final=0.0, Time=0.0, Moves(0)=0.0, Pins(0)=0.0, Dist=0.0, Win Bonus=0.0
[2026-05-08 09:52:56] SCORE Group 99 (lawn green): Final=306.4, Time=90.4, Moves(6)=0.0, Pins(0)=0.0, Dist=216.0, Win Bonus=0.0
[2026-05-08 09:52:58] SCORE jat (red): Final=323.2, Time=99.2, Moves(6)=0.0, Pins(0)=0.0, Dist=224.0, Win Bonus=0.0
[2026-05-08 09:52:58] SCORE Tiefes Verstarkendes Lernen (blue): Final=287.3, Time=99.3, Moves(1)=0.0, Pins(0)=0.0, Dist=188.0, Win Bonus=0.0
[2026-05-08 09:52:58] SCORE Gruppe 1 (yellow): Final=283.6, Time=99.6, Moves(1)=0.0, Pins(0)=0.0, Dist=184.0, Win Bonus=0.0
[2026-05-08 09:52:58] SCORE Gruppe 67 (purple): Final=0.0, Time=0.0, Moves(0)=0.0, Pins(0)=0.0, Dist=0.0, Win Bonus=0.0
[2026-05-08 09:52:58] SCORE Group 99 (lawn green): Final=306.4, Time=90.4, Moves(6)=0.0, Pins(0)=0.0, Dist=216.0, Win Bonus=0.0
[2026-05-08 09:52:58] TURN TIMEOUT: Player with colour yellow exceeded 2s at move 14. Turn skipped.
[2026-05-08 09:53:00] SCORE jat (red): Final=323.2, Time=99.2, Moves(6)=0.0, Pins(0)=0.0, Dist=224.0, Win Bonus=0.0
[2026-05-08 09:53:00] SCORE Tiefes Verstarkendes Lernen (blue): Final=287.3, Time=99.3, Moves(1)=0.0, Pins(0)=0.0, Dist=188.0, Win Bonus=0.0
[2026-05-08 09:53:00] SCORE Gruppe 1 (yellow): Final=283.6, Time=99.6, Moves(1)=0.0, Pins(0)=0.0, Dist=184.0, Win Bonus=0.0
[2026-05-08 09:53:00] SCORE Gruppe 67 (purple): Final=0.0, Time=0.0, Moves(0)=0.0, Pins(0)=0.0, Dist=0.0, Win Bonus=0.0
[2026-05-08 09:53:00] SCORE Group 99 (lawn green): Final=306.4, Time=90.4, Moves(6)=0.0, Pins(0)=0.0, Dist=216.0, Win Bonus=0.0
[2026-05-08 09:53:00] TURN TIMEOUT: Player with colour blue exceeded 2s at move 14. Turn skipped.
[2026-05-08 09:53:02] SCORE jat (red): Final=323.2, Time=99.2, Moves(6)=0.0, Pins(0)=0.0, Dist=224.0, Win Bonus=0.0
[2026-05-08 09:53:02] SCORE Tiefes Verstarkendes Lernen (blue): Final=287.3, Time=99.3, Moves(1)=0.0, Pins(0)=0.0, Dist=188.0, Win Bonus=0.0
[2026-05-08 09:53:02] SCORE Gruppe 1 (yellow): Final=283.6, Time=99.6, Moves(1)=0.0, Pins(0)=0.0, Dist=184.0, Win Bonus=0.0
[2026-05-08 09:53:02] SCORE Gruppe 67 (purple): Final=0.0, Time=0.0, Moves(0)=0.0, Pins(0)=0.0, Dist=0.0, Win Bonus=0.0
[2026-05-08 09:53:02] SCORE Group 99 (lawn green): Final=306.4, Time=90.4, Moves(6)=0.0, Pins(0)=0.0, Dist=216.0, Win Bonus=0.0
[2026-05-08 09:53:02] TURN TIMEOUT: Player with colour purple exceeded 2s at move 14. Turn skipped.
[2026-05-08 09:53:02] MOVE 15: jat (red) 117->106 [0.01ms]
[2026-05-08 09:53:02] SCORE jat (red): Final=327.1, Time=99.1, Moves(7)=0.0, Pins(0)=0.0, Dist=228.0, Win Bonus=0.0
[2026-05-08 09:53:02] SCORE Tiefes Verstarkendes Lernen (blue): Final=287.3, Time=99.3, Moves(1)=0.0, Pins(0)=0.0, Dist=188.0, Win Bonus=0.0
[2026-05-08 09:53:02] SCORE Gruppe 1 (yellow): Final=283.6, Time=99.6, Moves(1)=0.0, Pins(0)=0.0, Dist=184.0, Win Bonus=0.0
[2026-05-08 09:53:02] SCORE Gruppe 67 (purple): Final=0.0, Time=0.0, Moves(0)=0.0, Pins(0)=0.0, Dist=0.0, Win Bonus=0.0
[2026-05-08 09:53:02] SCORE Group 99 (lawn green): Final=306.4, Time=90.4, Moves(6)=0.0, Pins(0)=0.0, Dist=216.0, Win Bonus=0.0
[2026-05-08 09:53:04] MOVE 16: Group 99 (lawn green) 52->50 [0.01ms]
[2026-05-08 09:53:04] SCORE jat (red): Final=327.1, Time=99.1, Moves(7)=0.0, Pins(0)=0.0, Dist=228.0, Win Bonus=0.0
[2026-05-08 09:53:04] SCORE Tiefes Verstarkendes Lernen (blue): Final=287.3, Time=99.3, Moves(1)=0.0, Pins(0)=0.0, Dist=188.0, Win Bonus=0.0
[2026-05-08 09:53:04] SCORE Gruppe 1 (yellow): Final=283.6, Time=99.6, Moves(1)=0.0, Pins(0)=0.0, Dist=184.0, Win Bonus=0.0
[2026-05-08 09:53:04] SCORE Gruppe 67 (purple): Final=0.0, Time=0.0, Moves(0)=0.0, Pins(0)=0.0, Dist=0.0, Win Bonus=0.0
[2026-05-08 09:53:04] SCORE Group 99 (lawn green): Final=308.8, Time=88.8, Moves(7)=0.0, Pins(0)=0.0, Dist=220.0, Win Bonus=0.0
[2026-05-08 09:53:06] SCORE jat (red): Final=327.1, Time=99.1, Moves(7)=0.0, Pins(0)=0.0, Dist=228.0, Win Bonus=0.0
[2026-05-08 09:53:06] SCORE Tiefes Verstarkendes Lernen (blue): Final=287.3, Time=99.3, Moves(1)=0.0, Pins(0)=0.0, Dist=188.0, Win Bonus=0.0
[2026-05-08 09:53:06] SCORE Gruppe 1 (yellow): Final=283.6, Time=99.6, Moves(1)=0.0, Pins(0)=0.0, Dist=184.0, Win Bonus=0.0
[2026-05-08 09:53:06] SCORE Gruppe 67 (purple): Final=0.0, Time=0.0, Moves(0)=0.0, Pins(0)=0.0, Dist=0.0, Win Bonus=0.0
[2026-05-08 09:53:06] SCORE Group 99 (lawn green): Final=308.8, Time=88.8, Moves(7)=0.0, Pins(0)=0.0, Dist=220.0, Win Bonus=0.0
[2026-05-08 09:53:06] TURN TIMEOUT: Player with colour yellow exceeded 2s at move 16. Turn skipped.
[2026-05-08 09:53:08] SCORE jat (red): Final=327.1, Time=99.1, Moves(7)=0.0, Pins(0)=0.0, Dist=228.0, Win Bonus=0.0
[2026-05-08 09:53:08] SCORE Tiefes Verstarkendes Lernen (blue): Final=287.3, Time=99.3, Moves(1)=0.0, Pins(0)=0.0, Dist=188.0, Win Bonus=0.0
[2026-05-08 09:53:08] SCORE Gruppe 1 (yellow): Final=283.6, Time=99.6, Moves(1)=0.0, Pins(0)=0.0, Dist=184.0, Win Bonus=0.0
[2026-05-08 09:53:08] SCORE Gruppe 67 (purple): Final=0.0, Time=0.0, Moves(0)=0.0, Pins(0)=0.0, Dist=0.0, Win Bonus=0.0
[2026-05-08 09:53:08] SCORE Group 99 (lawn green): Final=308.8, Time=88.8, Moves(7)=0.0, Pins(0)=0.0, Dist=220.0, Win Bonus=0.0
[2026-05-08 09:53:08] TURN TIMEOUT: Player with colour blue exceeded 2s at move 16. Turn skipped.
[2026-05-08 09:53:10] SCORE jat (red): Final=327.1, Time=99.1, Moves(7)=0.0, Pins(0)=0.0, Dist=228.0, Win Bonus=0.0
[2026-05-08 09:53:10] SCORE Tiefes Verstarkendes Lernen (blue): Final=287.3, Time=99.3, Moves(1)=0.0, Pins(0)=0.0, Dist=188.0, Win Bonus=0.0
[2026-05-08 09:53:10] SCORE Gruppe 1 (yellow): Final=283.6, Time=99.6, Moves(1)=0.0, Pins(0)=0.0, Dist=184.0, Win Bonus=0.0
[2026-05-08 09:53:10] SCORE Gruppe 67 (purple): Final=0.0, Time=0.0, Moves(0)=0.0, Pins(0)=0.0, Dist=0.0, Win Bonus=0.0
[2026-05-08 09:53:10] SCORE Group 99 (lawn green): Final=308.8, Time=88.8, Moves(7)=0.0, Pins(0)=0.0, Dist=220.0, Win Bonus=0.0
[2026-05-08 09:53:10] TURN TIMEOUT: Player with colour purple exceeded 2s at move 16. Turn skipped.
[2026-05-08 09:53:10] MOVE 17: jat (red) 80->40 [0.00ms]
[2026-05-08 09:53:10] SCORE jat (red): Final=335.1, Time=99.1, Moves(8)=0.0, Pins(0)=0.0, Dist=236.0, Win Bonus=0.0
[2026-05-08 09:53:10] SCORE Tiefes Verstarkendes Lernen (blue): Final=287.3, Time=99.3, Moves(1)=0.0, Pins(0)=0.0, Dist=188.0, Win Bonus=0.0
[2026-05-08 09:53:10] SCORE Gruppe 1 (yellow): Final=283.6, Time=99.6, Moves(1)=0.0, Pins(0)=0.0, Dist=184.0, Win Bonus=0.0
[2026-05-08 09:53:10] SCORE Gruppe 67 (purple): Final=0.0, Time=0.0, Moves(0)=0.0, Pins(0)=0.0, Dist=0.0, Win Bonus=0.0
[2026-05-08 09:53:10] SCORE Group 99 (lawn green): Final=308.8, Time=88.8, Moves(7)=0.0, Pins(0)=0.0, Dist=220.0, Win Bonus=0.0
[2026-05-08 09:53:12] MOVE 18: Group 99 (lawn green) 19->17 [0.01ms]
[2026-05-08 09:53:12] SCORE jat (red): Final=335.1, Time=99.1, Moves(8)=0.0, Pins(0)=0.0, Dist=236.0, Win Bonus=0.0
[2026-05-08 09:53:12] SCORE Tiefes Verstarkendes Lernen (blue): Final=287.3, Time=99.3, Moves(1)=0.0, Pins(0)=0.0, Dist=188.0, Win Bonus=0.0
[2026-05-08 09:53:12] SCORE Gruppe 1 (yellow): Final=283.6, Time=99.6, Moves(1)=0.0, Pins(0)=0.0, Dist=184.0, Win Bonus=0.0
[2026-05-08 09:53:12] SCORE Gruppe 67 (purple): Final=0.0, Time=0.0, Moves(0)=0.0, Pins(0)=0.0, Dist=0.0, Win Bonus=0.0
[2026-05-08 09:53:12] SCORE Group 99 (lawn green): Final=311.0, Time=87.0, Moves(8)=0.0, Pins(0)=0.0, Dist=224.0, Win Bonus=0.0
[2026-05-08 09:53:14] SCORE jat (red): Final=335.1, Time=99.1, Moves(8)=0.0, Pins(0)=0.0, Dist=236.0, Win Bonus=0.0
[2026-05-08 09:53:14] SCORE Tiefes Verstarkendes Lernen (blue): Final=287.3, Time=99.3, Moves(1)=0.0, Pins(0)=0.0, Dist=188.0, Win Bonus=0.0
[2026-05-08 09:53:14] SCORE Gruppe 1 (yellow): Final=283.6, Time=99.6, Moves(1)=0.0, Pins(0)=0.0, Dist=184.0, Win Bonus=0.0
[2026-05-08 09:53:14] SCORE Gruppe 67 (purple): Final=0.0, Time=0.0, Moves(0)=0.0, Pins(0)=0.0, Dist=0.0, Win Bonus=0.0
[2026-05-08 09:53:14] SCORE Group 99 (lawn green): Final=311.0, Time=87.0, Moves(8)=0.0, Pins(0)=0.0, Dist=224.0, Win Bonus=0.0
[2026-05-08 09:53:14] TURN TIMEOUT: Player with colour yellow exceeded 2s at move 18. Turn skipped.
[2026-05-08 09:53:16] SCORE jat (red): Final=335.1, Time=99.1, Moves(8)=0.0, Pins(0)=0.0, Dist=236.0, Win Bonus=0.0
[2026-05-08 09:53:16] SCORE Tiefes Verstarkendes Lernen (blue): Final=287.3, Time=99.3, Moves(1)=0.0, Pins(0)=0.0, Dist=188.0, Win Bonus=0.0
[2026-05-08 09:53:16] SCORE Gruppe 1 (yellow): Final=283.6, Time=99.6, Moves(1)=0.0, Pins(0)=0.0, Dist=184.0, Win Bonus=0.0
[2026-05-08 09:53:16] SCORE Gruppe 67 (purple): Final=0.0, Time=0.0, Moves(0)=0.0, Pins(0)=0.0, Dist=0.0, Win Bonus=0.0
[2026-05-08 09:53:16] SCORE Group 99 (lawn green): Final=311.0, Time=87.0, Moves(8)=0.0, Pins(0)=0.0, Dist=224.0, Win Bonus=0.0
[2026-05-08 09:53:16] TURN TIMEOUT: Player with colour blue exceeded 2s at move 18. Turn skipped.
[2026-05-08 09:53:18] SCORE jat (red): Final=335.1, Time=99.1, Moves(8)=0.0, Pins(0)=0.0, Dist=236.0, Win Bonus=0.0
[2026-05-08 09:53:18] SCORE Tiefes Verstarkendes Lernen (blue): Final=287.3, Time=99.3, Moves(1)=0.0, Pins(0)=0.0, Dist=188.0, Win Bonus=0.0
[2026-05-08 09:53:18] SCORE Gruppe 1 (yellow): Final=283.6, Time=99.6, Moves(1)=0.0, Pins(0)=0.0, Dist=184.0, Win Bonus=0.0
[2026-05-08 09:53:18] SCORE Gruppe 67 (purple): Final=0.0, Time=0.0, Moves(0)=0.0, Pins(0)=0.0, Dist=0.0, Win Bonus=0.0
[2026-05-08 09:53:18] SCORE Group 99 (lawn green): Final=311.0, Time=87.0, Moves(8)=0.0, Pins(0)=0.0, Dist=224.0, Win Bonus=0.0
[2026-05-08 09:53:18] TURN TIMEOUT: Player with colour purple exceeded 2s at move 18. Turn skipped.
[2026-05-08 09:53:18] MOVE 19: jat (red) 111->89 [0.01ms]
[2026-05-08 09:53:18] SCORE jat (red): Final=339.1, Time=99.1, Moves(9)=0.0, Pins(0)=0.0, Dist=240.0, Win Bonus=0.0
[2026-05-08 09:53:18] SCORE Tiefes Verstarkendes Lernen (blue): Final=287.3, Time=99.3, Moves(1)=0.0, Pins(0)=0.0, Dist=188.0, Win Bonus=0.0
[2026-05-08 09:53:18] SCORE Gruppe 1 (yellow): Final=283.6, Time=99.6, Moves(1)=0.0, Pins(0)=0.0, Dist=184.0, Win Bonus=0.0
[2026-05-08 09:53:18] SCORE Gruppe 67 (purple): Final=0.0, Time=0.0, Moves(0)=0.0, Pins(0)=0.0, Dist=0.0, Win Bonus=0.0
[2026-05-08 09:53:18] SCORE Group 99 (lawn green): Final=311.0, Time=87.0, Moves(8)=0.0, Pins(0)=0.0, Dist=224.0, Win Bonus=0.0
[2026-05-08 09:53:20] MOVE 20: Group 99 (lawn green) 18->14 [0.01ms]
[2026-05-08 09:53:20] SCORE jat (red): Final=339.1, Time=99.1, Moves(9)=0.0, Pins(0)=0.0, Dist=240.0, Win Bonus=0.0
[2026-05-08 09:53:20] SCORE Tiefes Verstarkendes Lernen (blue): Final=287.3, Time=99.3, Moves(1)=0.0, Pins(0)=0.0, Dist=188.0, Win Bonus=0.0
[2026-05-08 09:53:20] SCORE Gruppe 1 (yellow): Final=283.6, Time=99.6, Moves(1)=0.0, Pins(0)=0.0, Dist=184.0, Win Bonus=0.0
[2026-05-08 09:53:20] SCORE Gruppe 67 (purple): Final=0.0, Time=0.0, Moves(0)=0.0, Pins(0)=0.0, Dist=0.0, Win Bonus=0.0
[2026-05-08 09:53:20] SCORE Group 99 (lawn green): Final=317.3, Time=85.3, Moves(9)=0.0, Pins(0)=0.0, Dist=232.0, Win Bonus=0.0
[2026-05-08 09:53:22] SCORE jat (red): Final=339.1, Time=99.1, Moves(9)=0.0, Pins(0)=0.0, Dist=240.0, Win Bonus=0.0
[2026-05-08 09:53:22] SCORE Tiefes Verstarkendes Lernen (blue): Final=287.3, Time=99.3, Moves(1)=0.0, Pins(0)=0.0, Dist=188.0, Win Bonus=0.0
[2026-05-08 09:53:22] SCORE Gruppe 1 (yellow): Final=283.6, Time=99.6, Moves(1)=0.0, Pins(0)=0.0, Dist=184.0, Win Bonus=0.0
[2026-05-08 09:53:22] SCORE Gruppe 67 (purple): Final=0.0, Time=0.0, Moves(0)=0.0, Pins(0)=0.0, Dist=0.0, Win Bonus=0.0
[2026-05-08 09:53:22] SCORE Group 99 (lawn green): Final=317.3, Time=85.3, Moves(9)=0.0, Pins(0)=0.0, Dist=232.0, Win Bonus=0.0
[2026-05-08 09:53:22] TURN TIMEOUT: Player with colour yellow exceeded 2s at move 20. Turn skipped.
[2026-05-08 09:53:24] SCORE jat (red): Final=339.1, Time=99.1, Moves(9)=0.0, Pins(0)=0.0, Dist=240.0, Win Bonus=0.0
[2026-05-08 09:53:24] SCORE Tiefes Verstarkendes Lernen (blue): Final=287.3, Time=99.3, Moves(1)=0.0, Pins(0)=0.0, Dist=188.0, Win Bonus=0.0
[2026-05-08 09:53:24] SCORE Gruppe 1 (yellow): Final=283.6, Time=99.6, Moves(1)=0.0, Pins(0)=0.0, Dist=184.0, Win Bonus=0.0
[2026-05-08 09:53:24] SCORE Gruppe 67 (purple): Final=0.0, Time=0.0, Moves(0)=0.0, Pins(0)=0.0, Dist=0.0, Win Bonus=0.0
[2026-05-08 09:53:24] SCORE Group 99 (lawn green): Final=317.3, Time=85.3, Moves(9)=0.0, Pins(0)=0.0, Dist=232.0, Win Bonus=0.0
[2026-05-08 09:53:24] TURN TIMEOUT: Player with colour blue exceeded 2s at move 20. Turn skipped.
[2026-05-08 09:53:26] SCORE jat (red): Final=339.1, Time=99.1, Moves(9)=0.0, Pins(0)=0.0, Dist=240.0, Win Bonus=0.0
[2026-05-08 09:53:26] SCORE Tiefes Verstarkendes Lernen (blue): Final=287.3, Time=99.3, Moves(1)=0.0, Pins(0)=0.0, Dist=188.0, Win Bonus=0.0
[2026-05-08 09:53:26] SCORE Gruppe 1 (yellow): Final=283.6, Time=99.6, Moves(1)=0.0, Pins(0)=0.0, Dist=184.0, Win Bonus=0.0
[2026-05-08 09:53:26] SCORE Gruppe 67 (purple): Final=0.0, Time=0.0, Moves(0)=0.0, Pins(0)=0.0, Dist=0.0, Win Bonus=0.0
[2026-05-08 09:53:26] SCORE Group 99 (lawn green): Final=317.3, Time=85.3, Moves(9)=0.0, Pins(0)=0.0, Dist=232.0, Win Bonus=0.0
[2026-05-08 09:53:26] TURN TIMEOUT: Player with colour purple exceeded 2s at move 20. Turn skipped.
[2026-05-08 09:53:26] MOVE 21: jat (red) 114->105 [0.01ms]
[2026-05-08 09:53:26] SCORE jat (red): Final=340.9, Time=98.9, Moves(10)=0.0, Pins(0)=0.0, Dist=242.0, Win Bonus=0.0
[2026-05-08 09:53:26] SCORE Tiefes Verstarkendes Lernen (blue): Final=287.3, Time=99.3, Moves(1)=0.0, Pins(0)=0.0, Dist=188.0, Win Bonus=0.0
[2026-05-08 09:53:26] SCORE Gruppe 1 (yellow): Final=283.6, Time=99.6, Moves(1)=0.0, Pins(0)=0.0, Dist=184.0, Win Bonus=0.0
[2026-05-08 09:53:26] SCORE Gruppe 67 (purple): Final=0.0, Time=0.0, Moves(0)=0.0, Pins(0)=0.0, Dist=0.0, Win Bonus=0.0
[2026-05-08 09:53:26] SCORE Group 99 (lawn green): Final=317.3, Time=85.3, Moves(9)=0.0, Pins(0)=0.0, Dist=232.0, Win Bonus=0.0
[2026-05-08 09:53:28] MOVE 22: Group 99 (lawn green) 55->73 [0.01ms]
[2026-05-08 09:53:28] SCORE jat (red): Final=340.9, Time=98.9, Moves(10)=0.0, Pins(0)=0.0, Dist=242.0, Win Bonus=0.0
[2026-05-08 09:53:28] SCORE Tiefes Verstarkendes Lernen (blue): Final=287.3, Time=99.3, Moves(1)=0.0, Pins(0)=0.0, Dist=188.0, Win Bonus=0.0
[2026-05-08 09:53:28] SCORE Gruppe 1 (yellow): Final=283.6, Time=99.6, Moves(1)=0.0, Pins(0)=0.0, Dist=184.0, Win Bonus=0.0
[2026-05-08 09:53:28] SCORE Gruppe 67 (purple): Final=0.0, Time=0.0, Moves(0)=0.0, Pins(0)=0.0, Dist=0.0, Win Bonus=0.0
[2026-05-08 09:53:28] SCORE Group 99 (lawn green): Final=319.8, Time=83.8, Moves(10)=0.0, Pins(0)=0.0, Dist=236.0, Win Bonus=0.0
[2026-05-08 09:53:30] SCORE jat (red): Final=340.9, Time=98.9, Moves(10)=0.0, Pins(0)=0.0, Dist=242.0, Win Bonus=0.0
[2026-05-08 09:53:30] SCORE Tiefes Verstarkendes Lernen (blue): Final=287.3, Time=99.3, Moves(1)=0.0, Pins(0)=0.0, Dist=188.0, Win Bonus=0.0
[2026-05-08 09:53:30] SCORE Gruppe 1 (yellow): Final=283.6, Time=99.6, Moves(1)=0.0, Pins(0)=0.0, Dist=184.0, Win Bonus=0.0
[2026-05-08 09:53:30] SCORE Gruppe 67 (purple): Final=0.0, Time=0.0, Moves(0)=0.0, Pins(0)=0.0, Dist=0.0, Win Bonus=0.0
[2026-05-08 09:53:30] SCORE Group 99 (lawn green): Final=319.8, Time=83.8, Moves(10)=0.0, Pins(0)=0.0, Dist=236.0, Win Bonus=0.0
[2026-05-08 09:53:30] TURN TIMEOUT: Player with colour yellow exceeded 2s at move 22. Turn skipped.
[2026-05-08 09:53:32] SCORE jat (red): Final=340.9, Time=98.9, Moves(10)=0.0, Pins(0)=0.0, Dist=242.0, Win Bonus=0.0
[2026-05-08 09:53:32] SCORE Tiefes Verstarkendes Lernen (blue): Final=287.3, Time=99.3, Moves(1)=0.0, Pins(0)=0.0, Dist=188.0, Win Bonus=0.0
[2026-05-08 09:53:32] SCORE Gruppe 1 (yellow): Final=283.6, Time=99.6, Moves(1)=0.0, Pins(0)=0.0, Dist=184.0, Win Bonus=0.0
[2026-05-08 09:53:32] SCORE Gruppe 67 (purple): Final=0.0, Time=0.0, Moves(0)=0.0, Pins(0)=0.0, Dist=0.0, Win Bonus=0.0
[2026-05-08 09:53:32] SCORE Group 99 (lawn green): Final=319.8, Time=83.8, Moves(10)=0.0, Pins(0)=0.0, Dist=236.0, Win Bonus=0.0
[2026-05-08 09:53:32] TURN TIMEOUT: Player with colour blue exceeded 2s at move 22. Turn skipped.
[2026-05-08 09:53:34] SCORE jat (red): Final=340.9, Time=98.9, Moves(10)=0.0, Pins(0)=0.0, Dist=242.0, Win Bonus=0.0
[2026-05-08 09:53:34] SCORE Tiefes Verstarkendes Lernen (blue): Final=287.3, Time=99.3, Moves(1)=0.0, Pins(0)=0.0, Dist=188.0, Win Bonus=0.0
[2026-05-08 09:53:34] SCORE Gruppe 1 (yellow): Final=283.6, Time=99.6, Moves(1)=0.0, Pins(0)=0.0, Dist=184.0, Win Bonus=0.0
[2026-05-08 09:53:34] SCORE Gruppe 67 (purple): Final=0.0, Time=0.0, Moves(0)=0.0, Pins(0)=0.0, Dist=0.0, Win Bonus=0.0
[2026-05-08 09:53:34] SCORE Group 99 (lawn green): Final=319.8, Time=83.8, Moves(10)=0.0, Pins(0)=0.0, Dist=236.0, Win Bonus=0.0
[2026-05-08 09:53:34] TURN TIMEOUT: Player with colour purple exceeded 2s at move 22. Turn skipped.
[2026-05-08 09:53:34] MOVE 23: jat (red) 106->39 [0.01ms]
[2026-05-08 09:53:34] SCORE jat (red): Final=352.9, Time=98.9, Moves(11)=0.0, Pins(0)=0.0, Dist=254.0, Win Bonus=0.0
[2026-05-08 09:53:34] SCORE Tiefes Verstarkendes Lernen (blue): Final=287.3, Time=99.3, Moves(1)=0.0, Pins(0)=0.0, Dist=188.0, Win Bonus=0.0
[2026-05-08 09:53:34] SCORE Gruppe 1 (yellow): Final=283.6, Time=99.6, Moves(1)=0.0, Pins(0)=0.0, Dist=184.0, Win Bonus=0.0
[2026-05-08 09:53:34] SCORE Gruppe 67 (purple): Final=0.0, Time=0.0, Moves(0)=0.0, Pins(0)=0.0, Dist=0.0, Win Bonus=0.0
[2026-05-08 09:53:34] SCORE Group 99 (lawn green): Final=319.8, Time=83.8, Moves(10)=0.0, Pins(0)=0.0, Dist=236.0, Win Bonus=0.0
[2026-05-08 09:53:36] MOVE 24: Group 99 (lawn green) 64->83 [0.01ms]
[2026-05-08 09:53:36] SCORE jat (red): Final=352.9, Time=98.9, Moves(11)=0.0, Pins(0)=0.0, Dist=254.0, Win Bonus=0.0
[2026-05-08 09:53:36] SCORE Tiefes Verstarkendes Lernen (blue): Final=287.3, Time=99.3, Moves(1)=0.0, Pins(0)=0.0, Dist=188.0, Win Bonus=0.0
[2026-05-08 09:53:36] SCORE Gruppe 1 (yellow): Final=283.6, Time=99.6, Moves(1)=0.0, Pins(0)=0.0, Dist=184.0, Win Bonus=0.0
[2026-05-08 09:53:36] SCORE Gruppe 67 (purple): Final=0.0, Time=0.0, Moves(0)=0.0, Pins(0)=0.0, Dist=0.0, Win Bonus=0.0
[2026-05-08 09:53:36] SCORE Group 99 (lawn green): Final=322.2, Time=82.2, Moves(11)=0.0, Pins(0)=0.0, Dist=240.0, Win Bonus=0.0
[2026-05-08 09:53:38] SCORE jat (red): Final=352.9, Time=98.9, Moves(11)=0.0, Pins(0)=0.0, Dist=254.0, Win Bonus=0.0
[2026-05-08 09:53:38] SCORE Tiefes Verstarkendes Lernen (blue): Final=287.3, Time=99.3, Moves(1)=0.0, Pins(0)=0.0, Dist=188.0, Win Bonus=0.0
[2026-05-08 09:53:38] SCORE Gruppe 1 (yellow): Final=283.6, Time=99.6, Moves(1)=0.0, Pins(0)=0.0, Dist=184.0, Win Bonus=0.0
[2026-05-08 09:53:38] SCORE Gruppe 67 (purple): Final=0.0, Time=0.0, Moves(0)=0.0, Pins(0)=0.0, Dist=0.0, Win Bonus=0.0
[2026-05-08 09:53:38] SCORE Group 99 (lawn green): Final=322.2, Time=82.2, Moves(11)=0.0, Pins(0)=0.0, Dist=240.0, Win Bonus=0.0
[2026-05-08 09:53:38] TURN TIMEOUT: Player with colour yellow exceeded 2s at move 24. Turn skipped.
[2026-05-08 09:53:40] SCORE jat (red): Final=352.9, Time=98.9, Moves(11)=0.0, Pins(0)=0.0, Dist=254.0, Win Bonus=0.0
[2026-05-08 09:53:40] SCORE Tiefes Verstarkendes Lernen (blue): Final=287.3, Time=99.3, Moves(1)=0.0, Pins(0)=0.0, Dist=188.0, Win Bonus=0.0
[2026-05-08 09:53:40] SCORE Gruppe 1 (yellow): Final=283.6, Time=99.6, Moves(1)=0.0, Pins(0)=0.0, Dist=184.0, Win Bonus=0.0
[2026-05-08 09:53:40] SCORE Gruppe 67 (purple): Final=0.0, Time=0.0, Moves(0)=0.0, Pins(0)=0.0, Dist=0.0, Win Bonus=0.0
[2026-05-08 09:53:40] SCORE Group 99 (lawn green): Final=322.2, Time=82.2, Moves(11)=0.0, Pins(0)=0.0, Dist=240.0, Win Bonus=0.0
[2026-05-08 09:53:40] TURN TIMEOUT: Player with colour blue exceeded 2s at move 24. Turn skipped.
[2026-05-08 09:53:42] SCORE jat (red): Final=352.9, Time=98.9, Moves(11)=0.0, Pins(0)=0.0, Dist=254.0, Win Bonus=0.0
[2026-05-08 09:53:42] SCORE Tiefes Verstarkendes Lernen (blue): Final=287.3, Time=99.3, Moves(1)=0.0, Pins(0)=0.0, Dist=188.0, Win Bonus=0.0
[2026-05-08 09:53:42] SCORE Gruppe 1 (yellow): Final=283.6, Time=99.6, Moves(1)=0.0, Pins(0)=0.0, Dist=184.0, Win Bonus=0.0
[2026-05-08 09:53:42] SCORE Gruppe 67 (purple): Final=0.0, Time=0.0, Moves(0)=0.0, Pins(0)=0.0, Dist=0.0, Win Bonus=0.0
[2026-05-08 09:53:42] SCORE Group 99 (lawn green): Final=322.2, Time=82.2, Moves(11)=0.0, Pins(0)=0.0, Dist=240.0, Win Bonus=0.0
[2026-05-08 09:53:42] TURN TIMEOUT: Player with colour purple exceeded 2s at move 24. Turn skipped.
[2026-05-08 09:53:42] MOVE 25: jat (red) 119->117 [0.01ms]
[2026-05-08 09:53:42] SCORE jat (red): Final=354.7, Time=98.7, Moves(12)=0.0, Pins(0)=0.0, Dist=256.0, Win Bonus=0.0
[2026-05-08 09:53:42] SCORE Tiefes Verstarkendes Lernen (blue): Final=287.3, Time=99.3, Moves(1)=0.0, Pins(0)=0.0, Dist=188.0, Win Bonus=0.0
[2026-05-08 09:53:42] SCORE Gruppe 1 (yellow): Final=283.6, Time=99.6, Moves(1)=0.0, Pins(0)=0.0, Dist=184.0, Win Bonus=0.0
[2026-05-08 09:53:42] SCORE Gruppe 67 (purple): Final=0.0, Time=0.0, Moves(0)=0.0, Pins(0)=0.0, Dist=0.0, Win Bonus=0.0
[2026-05-08 09:53:42] SCORE Group 99 (lawn green): Final=322.2, Time=82.2, Moves(11)=0.0, Pins(0)=0.0, Dist=240.0, Win Bonus=0.0
[2026-05-08 09:53:44] MOVE 26: Group 99 (lawn green) 73->94 [0.01ms]
[2026-05-08 09:53:44] SCORE jat (red): Final=354.7, Time=98.7, Moves(12)=0.0, Pins(0)=0.0, Dist=256.0, Win Bonus=0.0
[2026-05-08 09:53:44] SCORE Tiefes Verstarkendes Lernen (blue): Final=287.3, Time=99.3, Moves(1)=0.0, Pins(0)=0.0, Dist=188.0, Win Bonus=0.0
[2026-05-08 09:53:44] SCORE Gruppe 1 (yellow): Final=283.6, Time=99.6, Moves(1)=0.0, Pins(0)=0.0, Dist=184.0, Win Bonus=0.0
[2026-05-08 09:53:44] SCORE Gruppe 67 (purple): Final=0.0, Time=0.0, Moves(0)=0.0, Pins(0)=0.0, Dist=0.0, Win Bonus=0.0
[2026-05-08 09:53:44] SCORE Group 99 (lawn green): Final=324.7, Time=80.7, Moves(12)=0.0, Pins(0)=0.0, Dist=244.0, Win Bonus=0.0
[2026-05-08 09:53:46] SCORE jat (red): Final=354.7, Time=98.7, Moves(12)=0.0, Pins(0)=0.0, Dist=256.0, Win Bonus=0.0
[2026-05-08 09:53:46] SCORE Tiefes Verstarkendes Lernen (blue): Final=287.3, Time=99.3, Moves(1)=0.0, Pins(0)=0.0, Dist=188.0, Win Bonus=0.0
[2026-05-08 09:53:46] SCORE Gruppe 1 (yellow): Final=283.6, Time=99.6, Moves(1)=0.0, Pins(0)=0.0, Dist=184.0, Win Bonus=0.0
[2026-05-08 09:53:46] SCORE Gruppe 67 (purple): Final=0.0, Time=0.0, Moves(0)=0.0, Pins(0)=0.0, Dist=0.0, Win Bonus=0.0
[2026-05-08 09:53:46] SCORE Group 99 (lawn green): Final=324.7, Time=80.7, Moves(12)=0.0, Pins(0)=0.0, Dist=244.0, Win Bonus=0.0
[2026-05-08 09:53:46] TURN TIMEOUT: Player with colour yellow exceeded 2s at move 26. Turn skipped.
[2026-05-08 09:53:48] SCORE jat (red): Final=354.7, Time=98.7, Moves(12)=0.0, Pins(0)=0.0, Dist=256.0, Win Bonus=0.0
[2026-05-08 09:53:48] SCORE Tiefes Verstarkendes Lernen (blue): Final=287.3, Time=99.3, Moves(1)=0.0, Pins(0)=0.0, Dist=188.0, Win Bonus=0.0
[2026-05-08 09:53:48] SCORE Gruppe 1 (yellow): Final=283.6, Time=99.6, Moves(1)=0.0, Pins(0)=0.0, Dist=184.0, Win Bonus=0.0
[2026-05-08 09:53:48] SCORE Gruppe 67 (purple): Final=0.0, Time=0.0, Moves(0)=0.0, Pins(0)=0.0, Dist=0.0, Win Bonus=0.0
[2026-05-08 09:53:48] SCORE Group 99 (lawn green): Final=324.7, Time=80.7, Moves(12)=0.0, Pins(0)=0.0, Dist=244.0, Win Bonus=0.0
[2026-05-08 09:53:48] TURN TIMEOUT: Player with colour blue exceeded 2s at move 26. Turn skipped.
[2026-05-08 09:53:50] SCORE jat (red): Final=354.7, Time=98.7, Moves(12)=0.0, Pins(0)=0.0, Dist=256.0, Win Bonus=0.0
[2026-05-08 09:53:50] SCORE Tiefes Verstarkendes Lernen (blue): Final=287.3, Time=99.3, Moves(1)=0.0, Pins(0)=0.0, Dist=188.0, Win Bonus=0.0
[2026-05-08 09:53:50] SCORE Gruppe 1 (yellow): Final=283.6, Time=99.6, Moves(1)=0.0, Pins(0)=0.0, Dist=184.0, Win Bonus=0.0
[2026-05-08 09:53:50] SCORE Gruppe 67 (purple): Final=0.0, Time=0.0, Moves(0)=0.0, Pins(0)=0.0, Dist=0.0, Win Bonus=0.0
[2026-05-08 09:53:50] SCORE Group 99 (lawn green): Final=324.7, Time=80.7, Moves(12)=0.0, Pins(0)=0.0, Dist=244.0, Win Bonus=0.0
[2026-05-08 09:53:50] TURN TIMEOUT: Player with colour purple exceeded 2s at move 26. Turn skipped.
[2026-05-08 09:53:50] MOVE 27: jat (red) 118->116 [0.01ms]
[2026-05-08 09:53:50] SCORE jat (red): Final=356.6, Time=98.6, Moves(13)=0.0, Pins(0)=0.0, Dist=258.0, Win Bonus=0.0
[2026-05-08 09:53:50] SCORE Tiefes Verstarkendes Lernen (blue): Final=287.3, Time=99.3, Moves(1)=0.0, Pins(0)=0.0, Dist=188.0, Win Bonus=0.0
[2026-05-08 09:53:50] SCORE Gruppe 1 (yellow): Final=283.6, Time=99.6, Moves(1)=0.0, Pins(0)=0.0, Dist=184.0, Win Bonus=0.0
[2026-05-08 09:53:50] SCORE Gruppe 67 (purple): Final=0.0, Time=0.0, Moves(0)=0.0, Pins(0)=0.0, Dist=0.0, Win Bonus=0.0
[2026-05-08 09:53:50] SCORE Group 99 (lawn green): Final=324.7, Time=80.7, Moves(12)=0.0, Pins(0)=0.0, Dist=244.0, Win Bonus=0.0
[2026-05-08 09:53:52] MOVE 28: Group 99 (lawn green) 83->79 [0.01ms]
[2026-05-08 09:53:52] SCORE jat (red): Final=356.6, Time=98.6, Moves(13)=0.0, Pins(0)=0.0, Dist=258.0, Win Bonus=0.0
[2026-05-08 09:53:52] SCORE Tiefes Verstarkendes Lernen (blue): Final=287.3, Time=99.3, Moves(1)=0.0, Pins(0)=0.0, Dist=188.0, Win Bonus=0.0
[2026-05-08 09:53:52] SCORE Gruppe 1 (yellow): Final=283.6, Time=99.6, Moves(1)=0.0, Pins(0)=0.0, Dist=184.0, Win Bonus=0.0
[2026-05-08 09:53:52] SCORE Gruppe 67 (purple): Final=0.0, Time=0.0, Moves(0)=0.0, Pins(0)=0.0, Dist=0.0, Win Bonus=0.0
[2026-05-08 09:53:52] SCORE Group 99 (lawn green): Final=331.2, Time=79.2, Moves(13)=0.0, Pins(0)=0.0, Dist=252.0, Win Bonus=0.0
[2026-05-08 09:53:54] SCORE jat (red): Final=356.6, Time=98.6, Moves(13)=0.0, Pins(0)=0.0, Dist=258.0, Win Bonus=0.0
[2026-05-08 09:53:54] SCORE Tiefes Verstarkendes Lernen (blue): Final=287.3, Time=99.3, Moves(1)=0.0, Pins(0)=0.0, Dist=188.0, Win Bonus=0.0
[2026-05-08 09:53:54] SCORE Gruppe 1 (yellow): Final=283.6, Time=99.6, Moves(1)=0.0, Pins(0)=0.0, Dist=184.0, Win Bonus=0.0
[2026-05-08 09:53:54] SCORE Gruppe 67 (purple): Final=0.0, Time=0.0, Moves(0)=0.0, Pins(0)=0.0, Dist=0.0, Win Bonus=0.0
[2026-05-08 09:53:54] SCORE Group 99 (lawn green): Final=331.2, Time=79.2, Moves(13)=0.0, Pins(0)=0.0, Dist=252.0, Win Bonus=0.0
[2026-05-08 09:53:54] TURN TIMEOUT: Player with colour yellow exceeded 2s at move 28. Turn skipped.
[2026-05-08 09:53:56] SCORE jat (red): Final=356.6, Time=98.6, Moves(13)=0.0, Pins(0)=0.0, Dist=258.0, Win Bonus=0.0
[2026-05-08 09:53:56] SCORE Tiefes Verstarkendes Lernen (blue): Final=287.3, Time=99.3, Moves(1)=0.0, Pins(0)=0.0, Dist=188.0, Win Bonus=0.0
[2026-05-08 09:53:56] SCORE Gruppe 1 (yellow): Final=283.6, Time=99.6, Moves(1)=0.0, Pins(0)=0.0, Dist=184.0, Win Bonus=0.0
[2026-05-08 09:53:56] SCORE Gruppe 67 (purple): Final=0.0, Time=0.0, Moves(0)=0.0, Pins(0)=0.0, Dist=0.0, Win Bonus=0.0
[2026-05-08 09:53:56] SCORE Group 99 (lawn green): Final=331.2, Time=79.2, Moves(13)=0.0, Pins(0)=0.0, Dist=252.0, Win Bonus=0.0
[2026-05-08 09:53:56] TURN TIMEOUT: Player with colour blue exceeded 2s at move 28. Turn skipped.
[2026-05-08 09:53:58] SCORE jat (red): Final=356.6, Time=98.6, Moves(13)=0.0, Pins(0)=0.0, Dist=258.0, Win Bonus=0.0
[2026-05-08 09:53:58] SCORE Tiefes Verstarkendes Lernen (blue): Final=287.3, Time=99.3, Moves(1)=0.0, Pins(0)=0.0, Dist=188.0, Win Bonus=0.0
[2026-05-08 09:53:58] SCORE Gruppe 1 (yellow): Final=283.6, Time=99.6, Moves(1)=0.0, Pins(0)=0.0, Dist=184.0, Win Bonus=0.0
[2026-05-08 09:53:58] SCORE Gruppe 67 (purple): Final=0.0, Time=0.0, Moves(0)=0.0, Pins(0)=0.0, Dist=0.0, Win Bonus=0.0
[2026-05-08 09:53:58] SCORE Group 99 (lawn green): Final=331.2, Time=79.2, Moves(13)=0.0, Pins(0)=0.0, Dist=252.0, Win Bonus=0.0
[2026-05-08 09:53:58] TURN TIMEOUT: Player with colour purple exceeded 2s at move 28. Turn skipped.
[2026-05-08 09:53:58] MOVE 29: jat (red) 116->112 [0.01ms]
[2026-05-08 09:53:58] SCORE jat (red): Final=358.6, Time=98.6, Moves(14)=0.0, Pins(0)=0.0, Dist=260.0, Win Bonus=0.0
[2026-05-08 09:53:58] SCORE Tiefes Verstarkendes Lernen (blue): Final=287.3, Time=99.3, Moves(1)=0.0, Pins(0)=0.0, Dist=188.0, Win Bonus=0.0
[2026-05-08 09:53:58] SCORE Gruppe 1 (yellow): Final=283.6, Time=99.6, Moves(1)=0.0, Pins(0)=0.0, Dist=184.0, Win Bonus=0.0
[2026-05-08 09:53:58] SCORE Gruppe 67 (purple): Final=0.0, Time=0.0, Moves(0)=0.0, Pins(0)=0.0, Dist=0.0, Win Bonus=0.0
[2026-05-08 09:53:58] SCORE Group 99 (lawn green): Final=331.2, Time=79.2, Moves(13)=0.0, Pins(0)=0.0, Dist=252.0, Win Bonus=0.0
[2026-05-08 09:54:00] SCORE jat (red): Final=358.6, Time=98.6, Moves(14)=0.0, Pins(0)=0.0, Dist=260.0, Win Bonus=0.0
[2026-05-08 09:54:00] SCORE Tiefes Verstarkendes Lernen (blue): Final=287.3, Time=99.3, Moves(1)=0.0, Pins(0)=0.0, Dist=188.0, Win Bonus=0.0
[2026-05-08 09:54:00] SCORE Gruppe 1 (yellow): Final=283.6, Time=99.6, Moves(1)=0.0, Pins(0)=0.0, Dist=184.0, Win Bonus=0.0
[2026-05-08 09:54:00] SCORE Gruppe 67 (purple): Final=0.0, Time=0.0, Moves(0)=0.0, Pins(0)=0.0, Dist=0.0, Win Bonus=0.0
[2026-05-08 09:54:00] SCORE Group 99 (lawn green): Final=331.2, Time=79.2, Moves(13)=0.0, Pins(0)=0.0, Dist=252.0, Win Bonus=0.0
[2026-05-08 09:54:00] TURN TIMEOUT: Player with colour lawn green exceeded 2s at move 29. Turn skipped.
[2026-05-08 09:54:02] SCORE jat (red): Final=358.6, Time=98.6, Moves(14)=0.0, Pins(0)=0.0, Dist=260.0, Win Bonus=0.0
[2026-05-08 09:54:02] SCORE Tiefes Verstarkendes Lernen (blue): Final=287.3, Time=99.3, Moves(1)=0.0, Pins(0)=0.0, Dist=188.0, Win Bonus=0.0
[2026-05-08 09:54:02] SCORE Gruppe 1 (yellow): Final=283.6, Time=99.6, Moves(1)=0.0, Pins(0)=0.0, Dist=184.0, Win Bonus=0.0
[2026-05-08 09:54:02] SCORE Gruppe 67 (purple): Final=0.0, Time=0.0, Moves(0)=0.0, Pins(0)=0.0, Dist=0.0, Win Bonus=0.0
[2026-05-08 09:54:02] SCORE Group 99 (lawn green): Final=331.2, Time=79.2, Moves(13)=0.0, Pins(0)=0.0, Dist=252.0, Win Bonus=0.0
[2026-05-08 09:54:02] TURN TIMEOUT: Player with colour yellow exceeded 2s at move 29. Turn skipped.
[2026-05-08 09:54:05] SCORE jat (red): Final=358.6, Time=98.6, Moves(14)=0.0, Pins(0)=0.0, Dist=260.0, Win Bonus=0.0
[2026-05-08 09:54:05] SCORE Tiefes Verstarkendes Lernen (blue): Final=287.3, Time=99.3, Moves(1)=0.0, Pins(0)=0.0, Dist=188.0, Win Bonus=0.0
[2026-05-08 09:54:05] SCORE Gruppe 1 (yellow): Final=283.6, Time=99.6, Moves(1)=0.0, Pins(0)=0.0, Dist=184.0, Win Bonus=0.0
[2026-05-08 09:54:05] SCORE Gruppe 67 (purple): Final=0.0, Time=0.0, Moves(0)=0.0, Pins(0)=0.0, Dist=0.0, Win Bonus=0.0
[2026-05-08 09:54:05] SCORE Group 99 (lawn green): Final=331.2, Time=79.2, Moves(13)=0.0, Pins(0)=0.0, Dist=252.0, Win Bonus=0.0
[2026-05-08 09:54:05] TURN TIMEOUT: Player with colour blue exceeded 2s at move 29. Turn skipped.
[2026-05-08 09:54:07] SCORE jat (red): Final=358.6, Time=98.6, Moves(14)=0.0, Pins(0)=0.0, Dist=260.0, Win Bonus=0.0
[2026-05-08 09:54:07] SCORE Tiefes Verstarkendes Lernen (blue): Final=287.3, Time=99.3, Moves(1)=0.0, Pins(0)=0.0, Dist=188.0, Win Bonus=0.0
[2026-05-08 09:54:07] SCORE Gruppe 1 (yellow): Final=283.6, Time=99.6, Moves(1)=0.0, Pins(0)=0.0, Dist=184.0, Win Bonus=0.0
[2026-05-08 09:54:07] SCORE Gruppe 67 (purple): Final=0.0, Time=0.0, Moves(0)=0.0, Pins(0)=0.0, Dist=0.0, Win Bonus=0.0
[2026-05-08 09:54:07] SCORE Group 99 (lawn green): Final=331.2, Time=79.2, Moves(13)=0.0, Pins(0)=0.0, Dist=252.0, Win Bonus=0.0
[2026-05-08 09:54:07] TURN TIMEOUT: Player with colour purple exceeded 2s at move 29. Turn skipped.
[2026-05-08 09:54:07] MOVE 30: jat (red) 112->103 [0.01ms]
[2026-05-08 09:54:07] SCORE jat (red): Final=360.5, Time=98.5, Moves(15)=0.0, Pins(0)=0.0, Dist=262.0, Win Bonus=0.0
[2026-05-08 09:54:07] SCORE Tiefes Verstarkendes Lernen (blue): Final=287.3, Time=99.3, Moves(1)=0.0, Pins(0)=0.0, Dist=188.0, Win Bonus=0.0
[2026-05-08 09:54:07] SCORE Gruppe 1 (yellow): Final=283.6, Time=99.6, Moves(1)=0.0, Pins(0)=0.0, Dist=184.0, Win Bonus=0.0
[2026-05-08 09:54:07] SCORE Gruppe 67 (purple): Final=0.0, Time=0.0, Moves(0)=0.0, Pins(0)=0.0, Dist=0.0, Win Bonus=0.0
[2026-05-08 09:54:07] SCORE Group 99 (lawn green): Final=331.2, Time=79.2, Moves(13)=0.0, Pins(0)=0.0, Dist=252.0, Win Bonus=0.0
[2026-05-08 09:54:08] MOVE 31: Group 99 (lawn green) 17->16 [0.01ms]
[2026-05-08 09:54:08] SCORE jat (red): Final=360.5, Time=98.5, Moves(15)=0.0, Pins(0)=0.0, Dist=262.0, Win Bonus=0.0
[2026-05-08 09:54:08] SCORE Tiefes Verstarkendes Lernen (blue): Final=287.3, Time=99.3, Moves(1)=0.0, Pins(0)=0.0, Dist=188.0, Win Bonus=0.0
[2026-05-08 09:54:08] SCORE Gruppe 1 (yellow): Final=283.6, Time=99.6, Moves(1)=0.0, Pins(0)=0.0, Dist=184.0, Win Bonus=0.0
[2026-05-08 09:54:08] SCORE Gruppe 67 (purple): Final=0.0, Time=0.0, Moves(0)=0.0, Pins(0)=0.0, Dist=0.0, Win Bonus=0.0
[2026-05-08 09:54:08] SCORE Group 99 (lawn green): Final=331.7, Time=77.7, Moves(14)=0.0, Pins(0)=0.0, Dist=254.0, Win Bonus=0.0
[2026-05-08 09:54:10] SCORE jat (red): Final=360.5, Time=98.5, Moves(15)=0.0, Pins(0)=0.0, Dist=262.0, Win Bonus=0.0
[2026-05-08 09:54:10] SCORE Tiefes Verstarkendes Lernen (blue): Final=287.3, Time=99.3, Moves(1)=0.0, Pins(0)=0.0, Dist=188.0, Win Bonus=0.0
[2026-05-08 09:54:10] SCORE Gruppe 1 (yellow): Final=283.6, Time=99.6, Moves(1)=0.0, Pins(0)=0.0, Dist=184.0, Win Bonus=0.0
[2026-05-08 09:54:10] SCORE Gruppe 67 (purple): Final=0.0, Time=0.0, Moves(0)=0.0, Pins(0)=0.0, Dist=0.0, Win Bonus=0.0
[2026-05-08 09:54:10] SCORE Group 99 (lawn green): Final=331.7, Time=77.7, Moves(14)=0.0, Pins(0)=0.0, Dist=254.0, Win Bonus=0.0
[2026-05-08 09:54:10] TURN TIMEOUT: Player with colour yellow exceeded 2s at move 31. Turn skipped.
[2026-05-08 09:54:12] SCORE jat (red): Final=360.5, Time=98.5, Moves(15)=0.0, Pins(0)=0.0, Dist=262.0, Win Bonus=0.0
[2026-05-08 09:54:12] SCORE Tiefes Verstarkendes Lernen (blue): Final=287.3, Time=99.3, Moves(1)=0.0, Pins(0)=0.0, Dist=188.0, Win Bonus=0.0
[2026-05-08 09:54:12] SCORE Gruppe 1 (yellow): Final=283.6, Time=99.6, Moves(1)=0.0, Pins(0)=0.0, Dist=184.0, Win Bonus=0.0
[2026-05-08 09:54:12] SCORE Gruppe 67 (purple): Final=0.0, Time=0.0, Moves(0)=0.0, Pins(0)=0.0, Dist=0.0, Win Bonus=0.0
[2026-05-08 09:54:12] SCORE Group 99 (lawn green): Final=331.7, Time=77.7, Moves(14)=0.0, Pins(0)=0.0, Dist=254.0, Win Bonus=0.0
[2026-05-08 09:54:12] TURN TIMEOUT: Player with colour blue exceeded 2s at move 31. Turn skipped.
[2026-05-08 09:54:15] SCORE jat (red): Final=360.5, Time=98.5, Moves(15)=0.0, Pins(0)=0.0, Dist=262.0, Win Bonus=0.0
[2026-05-08 09:54:15] SCORE Tiefes Verstarkendes Lernen (blue): Final=287.3, Time=99.3, Moves(1)=0.0, Pins(0)=0.0, Dist=188.0, Win Bonus=0.0
[2026-05-08 09:54:15] SCORE Gruppe 1 (yellow): Final=283.6, Time=99.6, Moves(1)=0.0, Pins(0)=0.0, Dist=184.0, Win Bonus=0.0
[2026-05-08 09:54:15] SCORE Gruppe 67 (purple): Final=0.0, Time=0.0, Moves(0)=0.0, Pins(0)=0.0, Dist=0.0, Win Bonus=0.0
[2026-05-08 09:54:15] SCORE Group 99 (lawn green): Final=331.7, Time=77.7, Moves(14)=0.0, Pins(0)=0.0, Dist=254.0, Win Bonus=0.0
[2026-05-08 09:54:15] TURN TIMEOUT: Player with colour purple exceeded 2s at move 31. Turn skipped.
[2026-05-08 09:54:15] MOVE 32: jat (red) 103->59 [0.01ms]
[2026-05-08 09:54:15] SCORE jat (red): Final=368.4, Time=98.4, Moves(16)=0.0, Pins(0)=0.0, Dist=270.0, Win Bonus=0.0
[2026-05-08 09:54:15] SCORE Tiefes Verstarkendes Lernen (blue): Final=287.3, Time=99.3, Moves(1)=0.0, Pins(0)=0.0, Dist=188.0, Win Bonus=0.0
[2026-05-08 09:54:15] SCORE Gruppe 1 (yellow): Final=283.6, Time=99.6, Moves(1)=0.0, Pins(0)=0.0, Dist=184.0, Win Bonus=0.0
[2026-05-08 09:54:15] SCORE Gruppe 67 (purple): Final=0.0, Time=0.0, Moves(0)=0.0, Pins(0)=0.0, Dist=0.0, Win Bonus=0.0
[2026-05-08 09:54:15] SCORE Group 99 (lawn green): Final=331.7, Time=77.7, Moves(14)=0.0, Pins(0)=0.0, Dist=254.0, Win Bonus=0.0
[2026-05-08 09:54:16] MOVE 33: Group 99 (lawn green) 50->68 [0.01ms]
[2026-05-08 09:54:16] SCORE jat (red): Final=368.4, Time=98.4, Moves(16)=0.0, Pins(0)=0.0, Dist=270.0, Win Bonus=0.0
[2026-05-08 09:54:16] SCORE Tiefes Verstarkendes Lernen (blue): Final=287.3, Time=99.3, Moves(1)=0.0, Pins(0)=0.0, Dist=188.0, Win Bonus=0.0
[2026-05-08 09:54:16] SCORE Gruppe 1 (yellow): Final=283.6, Time=99.6, Moves(1)=0.0, Pins(0)=0.0, Dist=184.0, Win Bonus=0.0
[2026-05-08 09:54:16] SCORE Gruppe 67 (purple): Final=0.0, Time=0.0, Moves(0)=0.0, Pins(0)=0.0, Dist=0.0, Win Bonus=0.0
[2026-05-08 09:54:16] SCORE Group 99 (lawn green): Final=334.3, Time=76.3, Moves(15)=0.0, Pins(0)=0.0, Dist=258.0, Win Bonus=0.0
[2026-05-08 09:54:16] SCORE jat (red): Final=368.4, Time=98.4, Moves(16)=0.0, Pins(0)=0.0, Dist=270.0, Win Bonus=0.0
[2026-05-08 09:54:16] SCORE Tiefes Verstarkendes Lernen (blue): Final=287.3, Time=99.3, Moves(1)=0.0, Pins(0)=0.0, Dist=188.0, Win Bonus=0.0
[2026-05-08 09:54:16] SCORE Gruppe 1 (yellow): Final=283.6, Time=99.6, Moves(1)=0.0, Pins(0)=0.0, Dist=184.0, Win Bonus=0.0
[2026-05-08 09:54:16] SCORE Gruppe 67 (purple): Final=0.0, Time=0.0, Moves(0)=0.0, Pins(0)=0.0, Dist=0.0, Win Bonus=0.0
[2026-05-08 09:54:16] SCORE Group 99 (lawn green): Final=334.3, Time=76.3, Moves(15)=0.0, Pins(0)=0.0, Dist=258.0, Win Bonus=0.0
[2026-05-08 09:54:16] GAME TIME LIMIT REACHED.
[2026-05-08 09:54:16] SCORE jat (red): Final=368.4, Time=98.4, Moves(16)=0.0, Pins(0)=0.0, Dist=270.0, Win Bonus=0.0
[2026-05-08 09:54:16] SCORE Tiefes Verstarkendes Lernen (blue): Final=287.3, Time=99.3, Moves(1)=0.0, Pins(0)=0.0, Dist=188.0, Win Bonus=0.0
[2026-05-08 09:54:16] SCORE Gruppe 1 (yellow): Final=283.6, Time=99.6, Moves(1)=0.0, Pins(0)=0.0, Dist=184.0, Win Bonus=0.0
[2026-05-08 09:54:16] SCORE Gruppe 67 (purple): Final=0.0, Time=0.0, Moves(0)=0.0, Pins(0)=0.0, Dist=0.0, Win Bonus=0.0
[2026-05-08 09:54:16] SCORE Group 99 (lawn green): Final=334.3, Time=76.3, Moves(15)=0.0, Pins(0)=0.0, Dist=258.0, Win Bonus=0.0
[2026-05-08 09:54:16] GAME TIME LIMIT REACHED.
