[2026-05-08 10:09:38] GAME CREATED
[2026-05-08 10:09:41] PLAYER JOINED: AlphaZeroClue as red
[2026-05-08 10:09:45] PLAYER JOINED: Gruppe 2 as blue
[2026-05-08 10:09:49] PLAYER JOINED: Group7 as lawn green
[2026-05-08 10:09:50] PLAYER JOINED: Tiefes Verstarkendes Lernen as gray0
[2026-05-08 10:09:51] PLAYER JOINED: Gruppe 1 as yellow
[2026-05-08 10:09:51] PLAYER JOINED: Erlend Og Linor as purple
[2026-05-08 10:09:51] PLAYER START: AlphaZeroClue (red)
[2026-05-08 10:09:51] PLAYER START: Gruppe 2 (blue)
[2026-05-08 10:09:51] PLAYER START: Group7 (lawn green)
[2026-05-08 10:09:51] PLAYER START: Tiefes Verstarkendes Lernen (gray0)
[2026-05-08 10:09:51] PLAYER START: Gruppe 1 (yellow)
[2026-05-08 10:09:51] PLAYER START: Erlend Og Linor (purple)
[2026-05-08 10:09:51] GAME START — turn order ['red', 'lawn green', 'yellow', 'blue', 'gray0', 'purple']
[2026-05-08 10:09:52] PLAYER START: AlphaZeroClue (red)
[2026-05-08 10:09:52] PLAYER START: Gruppe 2 (blue)
[2026-05-08 10:09:52] PLAYER START: Group7 (lawn green)
[2026-05-08 10:09:52] PLAYER START: Tiefes Verstarkendes Lernen (gray0)
[2026-05-08 10:09:52] PLAYER START: Gruppe 1 (yellow)
[2026-05-08 10:09:52] PLAYER START: Erlend Og Linor (purple)
[2026-05-08 10:09:52] PLAYER START: AlphaZeroClue (red)
[2026-05-08 10:09:52] PLAYER START: Gruppe 2 (blue)
[2026-05-08 10:09:52] PLAYER START: Group7 (lawn green)
[2026-05-08 10:09:52] PLAYER START: Tiefes Verstarkendes Lernen (gray0)
[2026-05-08 10:09:52] PLAYER START: Gruppe 1 (yellow)
[2026-05-08 10:09:52] PLAYER START: Erlend Og Linor (purple)
[2026-05-08 10:09:52] PLAYER START: AlphaZeroClue (red)
[2026-05-08 10:09:52] PLAYER START: Gruppe 2 (blue)
[2026-05-08 10:09:52] PLAYER START: Group7 (lawn green)
[2026-05-08 10:09:52] PLAYER START: Tiefes Verstarkendes Lernen (gray0)
[2026-05-08 10:09:52] PLAYER START: Gruppe 1 (yellow)
[2026-05-08 10:09:52] PLAYER START: Erlend Og Linor (purple)
[2026-05-08 10:09:52] PLAYER START: AlphaZeroClue (red)
[2026-05-08 10:09:52] PLAYER START: Gruppe 2 (blue)
[2026-05-08 10:09:52] PLAYER START: Group7 (lawn green)
[2026-05-08 10:09:52] PLAYER START: Tiefes Verstarkendes Lernen (gray0)
[2026-05-08 10:09:52] PLAYER START: Gruppe 1 (yellow)
[2026-05-08 10:09:52] PLAYER START: Erlend Og Linor (purple)
[2026-05-08 10:09:53] SCORE AlphaZeroClue (red): Final=0.0, Time=0.0, Moves(0)=0.0, Pins(0)=0.0, Dist=0.0, Win Bonus=0.0
[2026-05-08 10:09:53] SCORE Gruppe 2 (blue): Final=0.0, Time=0.0, Moves(0)=0.0, Pins(0)=0.0, Dist=0.0, Win Bonus=0.0
[2026-05-08 10:09:53] SCORE Group7 (lawn green): Final=0.0, Time=0.0, Moves(0)=0.0, Pins(0)=0.0, Dist=0.0, Win Bonus=0.0
[2026-05-08 10:09:53] SCORE Tiefes Verstarkendes Lernen (gray0): Final=0.0, Time=0.0, Moves(0)=0.0, Pins(0)=0.0, Dist=0.0, Win Bonus=0.0
[2026-05-08 10:09:53] SCORE Gruppe 1 (yellow): Final=0.0, Time=0.0, Moves(0)=0.0, Pins(0)=0.0, Dist=0.0, Win Bonus=0.0
[2026-05-08 10:09:53] SCORE Erlend Og Linor (purple): Final=0.0, Time=0.0, Moves(0)=0.0, Pins(0)=0.0, Dist=0.0, Win Bonus=0.0
[2026-05-08 10:09:53] TURN TIMEOUT: Player with colour red exceeded 2s at move 0. Turn skipped.
[2026-05-08 10:09:55] SCORE AlphaZeroClue (red): Final=0.0, Time=0.0, Moves(0)=0.0, Pins(0)=0.0, Dist=0.0, Win Bonus=0.0
[2026-05-08 10:09:55] SCORE Gruppe 2 (blue): Final=0.0, Time=0.0, Moves(0)=0.0, Pins(0)=0.0, Dist=0.0, Win Bonus=0.0
[2026-05-08 10:09:55] SCORE Group7 (lawn green): Final=0.0, Time=0.0, Moves(0)=0.0, Pins(0)=0.0, Dist=0.0, Win Bonus=0.0
[2026-05-08 10:09:55] SCORE Tiefes Verstarkendes Lernen (gray0): Final=0.0, Time=0.0, Moves(0)=0.0, Pins(0)=0.0, Dist=0.0, Win Bonus=0.0
[2026-05-08 10:09:55] SCORE Gruppe 1 (yellow): Final=0.0, Time=0.0, Moves(0)=0.0, Pins(0)=0.0, Dist=0.0, Win Bonus=0.0
[2026-05-08 10:09:55] SCORE Erlend Og Linor (purple): Final=0.0, Time=0.0, Moves(0)=0.0, Pins(0)=0.0, Dist=0.0, Win Bonus=0.0
[2026-05-08 10:09:55] TURN TIMEOUT: Player with colour lawn green exceeded 2s at move 0. Turn skipped.
[2026-05-08 10:09:56] MOVE 1: Gruppe 1 (yellow) 24->26 [0.01ms]
[2026-05-08 10:09:56] SCORE AlphaZeroClue (red): Final=0.0, Time=0.0, Moves(0)=0.0, Pins(0)=0.0, Dist=0.0, Win Bonus=0.0
[2026-05-08 10:09:56] SCORE Gruppe 2 (blue): Final=0.0, Time=0.0, Moves(0)=0.0, Pins(0)=0.0, Dist=0.0, Win Bonus=0.0
[2026-05-08 10:09:56] SCORE Group7 (lawn green): Final=0.0, Time=0.0, Moves(0)=0.0, Pins(0)=0.0, Dist=0.0, Win Bonus=0.0
[2026-05-08 10:09:56] SCORE Tiefes Verstarkendes Lernen (gray0): Final=0.0, Time=0.0, Moves(0)=0.0, Pins(0)=0.0, Dist=0.0, Win Bonus=0.0
[2026-05-08 10:09:56] SCORE Gruppe 1 (yellow): Final=283.8, Time=99.8, Moves(1)=0.0, Pins(0)=0.0, Dist=184.0, Win Bonus=0.0
[2026-05-08 10:09:56] SCORE Erlend Og Linor (purple): Final=0.0, Time=0.0, Moves(0)=0.0, Pins(0)=0.0, Dist=0.0, Win Bonus=0.0
[2026-05-08 10:09:58] SCORE AlphaZeroClue (red): Final=0.0, Time=0.0, Moves(0)=0.0, Pins(0)=0.0, Dist=0.0, Win Bonus=0.0
[2026-05-08 10:09:58] SCORE Gruppe 2 (blue): Final=0.0, Time=0.0, Moves(0)=0.0, Pins(0)=0.0, Dist=0.0, Win Bonus=0.0
[2026-05-08 10:09:58] SCORE Group7 (lawn green): Final=0.0, Time=0.0, Moves(0)=0.0, Pins(0)=0.0, Dist=0.0, Win Bonus=0.0
[2026-05-08 10:09:58] SCORE Tiefes Verstarkendes Lernen (gray0): Final=0.0, Time=0.0, Moves(0)=0.0, Pins(0)=0.0, Dist=0.0, Win Bonus=0.0
[2026-05-08 10:09:58] SCORE Gruppe 1 (yellow): Final=283.8, Time=99.8, Moves(1)=0.0, Pins(0)=0.0, Dist=184.0, Win Bonus=0.0
[2026-05-08 10:09:58] SCORE Erlend Og Linor (purple): Final=0.0, Time=0.0, Moves(0)=0.0, Pins(0)=0.0, Dist=0.0, Win Bonus=0.0
[2026-05-08 10:09:58] TURN TIMEOUT: Player with colour blue exceeded 2s at move 1. Turn skipped.
[2026-05-08 10:10:00] SCORE AlphaZeroClue (red): Final=0.0, Time=0.0, Moves(0)=0.0, Pins(0)=0.0, Dist=0.0, Win Bonus=0.0
[2026-05-08 10:10:00] SCORE Gruppe 2 (blue): Final=0.0, Time=0.0, Moves(0)=0.0, Pins(0)=0.0, Dist=0.0, Win Bonus=0.0
[2026-05-08 10:10:00] SCORE Group7 (lawn green): Final=0.0, Time=0.0, Moves(0)=0.0, Pins(0)=0.0, Dist=0.0, Win Bonus=0.0
[2026-05-08 10:10:00] SCORE Tiefes Verstarkendes Lernen (gray0): Final=0.0, Time=0.0, Moves(0)=0.0, Pins(0)=0.0, Dist=0.0, Win Bonus=0.0
[2026-05-08 10:10:00] SCORE Gruppe 1 (yellow): Final=283.8, Time=99.8, Moves(1)=0.0, Pins(0)=0.0, Dist=184.0, Win Bonus=0.0
[2026-05-08 10:10:00] SCORE Erlend Og Linor (purple): Final=0.0, Time=0.0, Moves(0)=0.0, Pins(0)=0.0, Dist=0.0, Win Bonus=0.0
[2026-05-08 10:10:00] TURN TIMEOUT: Player with colour gray0 exceeded 2s at move 1. Turn skipped.
[2026-05-08 10:10:00] MOVE 2: Erlend Og Linor (purple) 85->83 [0.01ms]
[2026-05-08 10:10:00] SCORE AlphaZeroClue (red): Final=0.0, Time=0.0, Moves(0)=0.0, Pins(0)=0.0, Dist=0.0, Win Bonus=0.0
[2026-05-08 10:10:00] SCORE Gruppe 2 (blue): Final=0.0, Time=0.0, Moves(0)=0.0, Pins(0)=0.0, Dist=0.0, Win Bonus=0.0
[2026-05-08 10:10:00] SCORE Group7 (lawn green): Final=0.0, Time=0.0, Moves(0)=0.0, Pins(0)=0.0, Dist=0.0, Win Bonus=0.0
[2026-05-08 10:10:00] SCORE Tiefes Verstarkendes Lernen (gray0): Final=0.0, Time=0.0, Moves(0)=0.0, Pins(0)=0.0, Dist=0.0, Win Bonus=0.0
[2026-05-08 10:10:00] SCORE Gruppe 1 (yellow): Final=283.8, Time=99.8, Moves(1)=0.0, Pins(0)=0.0, Dist=184.0, Win Bonus=0.0
[2026-05-08 10:10:00] SCORE Erlend Og Linor (purple): Final=283.9, Time=99.9, Moves(1)=0.0, Pins(0)=0.0, Dist=184.0, Win Bonus=0.0
[2026-05-08 10:10:02] MOVE 3: AlphaZeroClue (red) 111->102 [0.01ms]
[2026-05-08 10:10:02] SCORE AlphaZeroClue (red): Final=280.2, Time=98.2, Moves(1)=0.0, Pins(0)=0.0, Dist=182.0, Win Bonus=0.0
[2026-05-08 10:10:02] SCORE Gruppe 2 (blue): Final=0.0, Time=0.0, Moves(0)=0.0, Pins(0)=0.0, Dist=0.0, Win Bonus=0.0
[2026-05-08 10:10:02] SCORE Group7 (lawn green): Final=0.0, Time=0.0, Moves(0)=0.0, Pins(0)=0.0, Dist=0.0, Win Bonus=0.0
[2026-05-08 10:10:02] SCORE Tiefes Verstarkendes Lernen (gray0): Final=0.0, Time=0.0, Moves(0)=0.0, Pins(0)=0.0, Dist=0.0, Win Bonus=0.0
[2026-05-08 10:10:02] SCORE Gruppe 1 (yellow): Final=283.8, Time=99.8, Moves(1)=0.0, Pins(0)=0.0, Dist=184.0, Win Bonus=0.0
[2026-05-08 10:10:02] SCORE Erlend Og Linor (purple): Final=283.9, Time=99.9, Moves(1)=0.0, Pins(0)=0.0, Dist=184.0, Win Bonus=0.0
[2026-05-08 10:10:04] SCORE AlphaZeroClue (red): Final=280.2, Time=98.2, Moves(1)=0.0, Pins(0)=0.0, Dist=182.0, Win Bonus=0.0
[2026-05-08 10:10:04] SCORE Gruppe 2 (blue): Final=0.0, Time=0.0, Moves(0)=0.0, Pins(0)=0.0, Dist=0.0, Win Bonus=0.0
[2026-05-08 10:10:04] SCORE Group7 (lawn green): Final=0.0, Time=0.0, Moves(0)=0.0, Pins(0)=0.0, Dist=0.0, Win Bonus=0.0
[2026-05-08 10:10:04] SCORE Tiefes Verstarkendes Lernen (gray0): Final=0.0, Time=0.0, Moves(0)=0.0, Pins(0)=0.0, Dist=0.0, Win Bonus=0.0
[2026-05-08 10:10:04] SCORE Gruppe 1 (yellow): Final=283.8, Time=99.8, Moves(1)=0.0, Pins(0)=0.0, Dist=184.0, Win Bonus=0.0
[2026-05-08 10:10:04] SCORE Erlend Og Linor (purple): Final=283.9, Time=99.9, Moves(1)=0.0, Pins(0)=0.0, Dist=184.0, Win Bonus=0.0
[2026-05-08 10:10:04] TURN TIMEOUT: Player with colour lawn green exceeded 2s at move 3. Turn skipped.
[2026-05-08 10:10:04] MOVE 4: Gruppe 1 (yellow) 35->14 [0.01ms]
[2026-05-08 10:10:04] SCORE AlphaZeroClue (red): Final=280.2, Time=98.2, Moves(1)=0.0, Pins(0)=0.0, Dist=182.0, Win Bonus=0.0
[2026-05-08 10:10:04] SCORE Gruppe 2 (blue): Final=0.0, Time=0.0, Moves(0)=0.0, Pins(0)=0.0, Dist=0.0, Win Bonus=0.0
[2026-05-08 10:10:04] SCORE Group7 (lawn green): Final=0.0, Time=0.0, Moves(0)=0.0, Pins(0)=0.0, Dist=0.0, Win Bonus=0.0
[2026-05-08 10:10:04] SCORE Tiefes Verstarkendes Lernen (gray0): Final=0.0, Time=0.0, Moves(0)=0.0, Pins(0)=0.0, Dist=0.0, Win Bonus=0.0
[2026-05-08 10:10:04] SCORE Gruppe 1 (yellow): Final=287.6, Time=99.6, Moves(2)=0.0, Pins(0)=0.0, Dist=188.0, Win Bonus=0.0
[2026-05-08 10:10:04] SCORE Erlend Og Linor (purple): Final=283.9, Time=99.9, Moves(1)=0.0, Pins(0)=0.0, Dist=184.0, Win Bonus=0.0
[2026-05-08 10:10:06] SCORE AlphaZeroClue (red): Final=280.2, Time=98.2, Moves(1)=0.0, Pins(0)=0.0, Dist=182.0, Win Bonus=0.0
[2026-05-08 10:10:06] SCORE Gruppe 2 (blue): Final=0.0, Time=0.0, Moves(0)=0.0, Pins(0)=0.0, Dist=0.0, Win Bonus=0.0
[2026-05-08 10:10:06] SCORE Group7 (lawn green): Final=0.0, Time=0.0, Moves(0)=0.0, Pins(0)=0.0, Dist=0.0, Win Bonus=0.0
[2026-05-08 10:10:06] SCORE Tiefes Verstarkendes Lernen (gray0): Final=0.0, Time=0.0, Moves(0)=0.0, Pins(0)=0.0, Dist=0.0, Win Bonus=0.0
[2026-05-08 10:10:06] SCORE Gruppe 1 (yellow): Final=287.6, Time=99.6, Moves(2)=0.0, Pins(0)=0.0, Dist=188.0, Win Bonus=0.0
[2026-05-08 10:10:06] SCORE Erlend Og Linor (purple): Final=283.9, Time=99.9, Moves(1)=0.0, Pins(0)=0.0, Dist=184.0, Win Bonus=0.0
[2026-05-08 10:10:06] TURN TIMEOUT: Player with colour blue exceeded 2s at move 4. Turn skipped.
[2026-05-08 10:10:08] SCORE AlphaZeroClue (red): Final=280.2, Time=98.2, Moves(1)=0.0, Pins(0)=0.0, Dist=182.0, Win Bonus=0.0
[2026-05-08 10:10:08] SCORE Gruppe 2 (blue): Final=0.0, Time=0.0, Moves(0)=0.0, Pins(0)=0.0, Dist=0.0, Win Bonus=0.0
[2026-05-08 10:10:08] SCORE Group7 (lawn green): Final=0.0, Time=0.0, Moves(0)=0.0, Pins(0)=0.0, Dist=0.0, Win Bonus=0.0
[2026-05-08 10:10:08] SCORE Tiefes Verstarkendes Lernen (gray0): Final=0.0, Time=0.0, Moves(0)=0.0, Pins(0)=0.0, Dist=0.0, Win Bonus=0.0
[2026-05-08 10:10:08] SCORE Gruppe 1 (yellow): Final=287.6, Time=99.6, Moves(2)=0.0, Pins(0)=0.0, Dist=188.0, Win Bonus=0.0
[2026-05-08 10:10:08] SCORE Erlend Og Linor (purple): Final=283.9, Time=99.9, Moves(1)=0.0, Pins(0)=0.0, Dist=184.0, Win Bonus=0.0
[2026-05-08 10:10:08] TURN TIMEOUT: Player with colour gray0 exceeded 2s at move 4. Turn skipped.
[2026-05-08 10:10:08] MOVE 5: Erlend Og Linor (purple) 110->64 [0.01ms]
[2026-05-08 10:10:08] SCORE AlphaZeroClue (red): Final=280.2, Time=98.2, Moves(1)=0.0, Pins(0)=0.0, Dist=182.0, Win Bonus=0.0
[2026-05-08 10:10:08] SCORE Gruppe 2 (blue): Final=0.0, Time=0.0, Moves(0)=0.0, Pins(0)=0.0, Dist=0.0, Win Bonus=0.0
[2026-05-08 10:10:08] SCORE Group7 (lawn green): Final=0.0, Time=0.0, Moves(0)=0.0, Pins(0)=0.0, Dist=0.0, Win Bonus=0.0
[2026-05-08 10:10:08] SCORE Tiefes Verstarkendes Lernen (gray0): Final=0.0, Time=0.0, Moves(0)=0.0, Pins(0)=0.0, Dist=0.0, Win Bonus=0.0
[2026-05-08 10:10:08] SCORE Gruppe 1 (yellow): Final=287.6, Time=99.6, Moves(2)=0.0, Pins(0)=0.0, Dist=188.0, Win Bonus=0.0
[2026-05-08 10:10:08] SCORE Erlend Og Linor (purple): Final=291.9, Time=99.9, Moves(2)=0.0, Pins(0)=0.0, Dist=192.0, Win Bonus=0.0
[2026-05-08 10:10:10] MOVE 6: AlphaZeroClue (red) 118->89 [0.01ms]
[2026-05-08 10:10:10] SCORE AlphaZeroClue (red): Final=286.4, Time=96.4, Moves(2)=0.0, Pins(0)=0.0, Dist=190.0, Win Bonus=0.0
[2026-05-08 10:10:10] SCORE Gruppe 2 (blue): Final=0.0, Time=0.0, Moves(0)=0.0, Pins(0)=0.0, Dist=0.0, Win Bonus=0.0
[2026-05-08 10:10:10] SCORE Group7 (lawn green): Final=0.0, Time=0.0, Moves(0)=0.0, Pins(0)=0.0, Dist=0.0, Win Bonus=0.0
[2026-05-08 10:10:10] SCORE Tiefes Verstarkendes Lernen (gray0): Final=0.0, Time=0.0, Moves(0)=0.0, Pins(0)=0.0, Dist=0.0, Win Bonus=0.0
[2026-05-08 10:10:10] SCORE Gruppe 1 (yellow): Final=287.6, Time=99.6, Moves(2)=0.0, Pins(0)=0.0, Dist=188.0, Win Bonus=0.0
[2026-05-08 10:10:10] SCORE Erlend Og Linor (purple): Final=291.9, Time=99.9, Moves(2)=0.0, Pins(0)=0.0, Dist=192.0, Win Bonus=0.0
[2026-05-08 10:10:12] SCORE AlphaZeroClue (red): Final=286.4, Time=96.4, Moves(2)=0.0, Pins(0)=0.0, Dist=190.0, Win Bonus=0.0
[2026-05-08 10:10:12] SCORE Gruppe 2 (blue): Final=0.0, Time=0.0, Moves(0)=0.0, Pins(0)=0.0, Dist=0.0, Win Bonus=0.0
[2026-05-08 10:10:12] SCORE Group7 (lawn green): Final=0.0, Time=0.0, Moves(0)=0.0, Pins(0)=0.0, Dist=0.0, Win Bonus=0.0
[2026-05-08 10:10:12] SCORE Tiefes Verstarkendes Lernen (gray0): Final=0.0, Time=0.0, Moves(0)=0.0, Pins(0)=0.0, Dist=0.0, Win Bonus=0.0
[2026-05-08 10:10:12] SCORE Gruppe 1 (yellow): Final=287.6, Time=99.6, Moves(2)=0.0, Pins(0)=0.0, Dist=188.0, Win Bonus=0.0
[2026-05-08 10:10:12] SCORE Erlend Og Linor (purple): Final=291.9, Time=99.9, Moves(2)=0.0, Pins(0)=0.0, Dist=192.0, Win Bonus=0.0
[2026-05-08 10:10:12] TURN TIMEOUT: Player with colour lawn green exceeded 2s at move 6. Turn skipped.
[2026-05-08 10:10:13] MOVE 7: Gruppe 1 (yellow) 10->56 [0.01ms]
[2026-05-08 10:10:13] SCORE AlphaZeroClue (red): Final=286.4, Time=96.4, Moves(2)=0.0, Pins(0)=0.0, Dist=190.0, Win Bonus=0.0
[2026-05-08 10:10:13] SCORE Gruppe 2 (blue): Final=0.0, Time=0.0, Moves(0)=0.0, Pins(0)=0.0, Dist=0.0, Win Bonus=0.0
[2026-05-08 10:10:13] SCORE Group7 (lawn green): Final=0.0, Time=0.0, Moves(0)=0.0, Pins(0)=0.0, Dist=0.0, Win Bonus=0.0
[2026-05-08 10:10:13] SCORE Tiefes Verstarkendes Lernen (gray0): Final=0.0, Time=0.0, Moves(0)=0.0, Pins(0)=0.0, Dist=0.0, Win Bonus=0.0
[2026-05-08 10:10:13] SCORE Gruppe 1 (yellow): Final=295.5, Time=99.5, Moves(3)=0.0, Pins(0)=0.0, Dist=196.0, Win Bonus=0.0
[2026-05-08 10:10:13] SCORE Erlend Og Linor (purple): Final=291.9, Time=99.9, Moves(2)=0.0, Pins(0)=0.0, Dist=192.0, Win Bonus=0.0
[2026-05-08 10:10:15] SCORE AlphaZeroClue (red): Final=286.4, Time=96.4, Moves(2)=0.0, Pins(0)=0.0, Dist=190.0, Win Bonus=0.0
[2026-05-08 10:10:15] SCORE Gruppe 2 (blue): Final=0.0, Time=0.0, Moves(0)=0.0, Pins(0)=0.0, Dist=0.0, Win Bonus=0.0
[2026-05-08 10:10:15] SCORE Group7 (lawn green): Final=0.0, Time=0.0, Moves(0)=0.0, Pins(0)=0.0, Dist=0.0, Win Bonus=0.0
[2026-05-08 10:10:15] SCORE Tiefes Verstarkendes Lernen (gray0): Final=0.0, Time=0.0, Moves(0)=0.0, Pins(0)=0.0, Dist=0.0, Win Bonus=0.0
[2026-05-08 10:10:15] SCORE Gruppe 1 (yellow): Final=295.5, Time=99.5, Moves(3)=0.0, Pins(0)=0.0, Dist=196.0, Win Bonus=0.0
[2026-05-08 10:10:15] SCORE Erlend Og Linor (purple): Final=291.9, Time=99.9, Moves(2)=0.0, Pins(0)=0.0, Dist=192.0, Win Bonus=0.0
[2026-05-08 10:10:15] TURN TIMEOUT: Player with colour blue exceeded 2s at move 7. Turn skipped.
[2026-05-08 10:10:17] SCORE AlphaZeroClue (red): Final=286.4, Time=96.4, Moves(2)=0.0, Pins(0)=0.0, Dist=190.0, Win Bonus=0.0
[2026-05-08 10:10:17] SCORE Gruppe 2 (blue): Final=0.0, Time=0.0, Moves(0)=0.0, Pins(0)=0.0, Dist=0.0, Win Bonus=0.0
[2026-05-08 10:10:17] SCORE Group7 (lawn green): Final=0.0, Time=0.0, Moves(0)=0.0, Pins(0)=0.0, Dist=0.0, Win Bonus=0.0
[2026-05-08 10:10:17] SCORE Tiefes Verstarkendes Lernen (gray0): Final=0.0, Time=0.0, Moves(0)=0.0, Pins(0)=0.0, Dist=0.0, Win Bonus=0.0
[2026-05-08 10:10:17] SCORE Gruppe 1 (yellow): Final=295.5, Time=99.5, Moves(3)=0.0, Pins(0)=0.0, Dist=196.0, Win Bonus=0.0
[2026-05-08 10:10:17] SCORE Erlend Og Linor (purple): Final=291.9, Time=99.9, Moves(2)=0.0, Pins(0)=0.0, Dist=192.0, Win Bonus=0.0
[2026-05-08 10:10:17] TURN TIMEOUT: Player with colour gray0 exceeded 2s at move 7. Turn skipped.
[2026-05-08 10:10:17] MOVE 8: Erlend Og Linor (purple) 97->85 [0.01ms]
[2026-05-08 10:10:17] SCORE AlphaZeroClue (red): Final=286.4, Time=96.4, Moves(2)=0.0, Pins(0)=0.0, Dist=190.0, Win Bonus=0.0
[2026-05-08 10:10:17] SCORE Gruppe 2 (blue): Final=0.0, Time=0.0, Moves(0)=0.0, Pins(0)=0.0, Dist=0.0, Win Bonus=0.0
[2026-05-08 10:10:17] SCORE Group7 (lawn green): Final=0.0, Time=0.0, Moves(0)=0.0, Pins(0)=0.0, Dist=0.0, Win Bonus=0.0
[2026-05-08 10:10:17] SCORE Tiefes Verstarkendes Lernen (gray0): Final=0.0, Time=0.0, Moves(0)=0.0, Pins(0)=0.0, Dist=0.0, Win Bonus=0.0
[2026-05-08 10:10:17] SCORE Gruppe 1 (yellow): Final=295.5, Time=99.5, Moves(3)=0.0, Pins(0)=0.0, Dist=196.0, Win Bonus=0.0
[2026-05-08 10:10:17] SCORE Erlend Og Linor (purple): Final=293.8, Time=99.8, Moves(3)=0.0, Pins(0)=0.0, Dist=194.0, Win Bonus=0.0
[2026-05-08 10:10:19] MOVE 9: AlphaZeroClue (red) 120->118 [0.01ms]
[2026-05-08 10:10:19] SCORE AlphaZeroClue (red): Final=286.4, Time=94.4, Moves(3)=0.0, Pins(0)=0.0, Dist=192.0, Win Bonus=0.0
[2026-05-08 10:10:19] SCORE Gruppe 2 (blue): Final=0.0, Time=0.0, Moves(0)=0.0, Pins(0)=0.0, Dist=0.0, Win Bonus=0.0
[2026-05-08 10:10:19] SCORE Group7 (lawn green): Final=0.0, Time=0.0, Moves(0)=0.0, Pins(0)=0.0, Dist=0.0, Win Bonus=0.0
[2026-05-08 10:10:19] SCORE Tiefes Verstarkendes Lernen (gray0): Final=0.0, Time=0.0, Moves(0)=0.0, Pins(0)=0.0, Dist=0.0, Win Bonus=0.0
[2026-05-08 10:10:19] SCORE Gruppe 1 (yellow): Final=295.5, Time=99.5, Moves(3)=0.0, Pins(0)=0.0, Dist=196.0, Win Bonus=0.0
[2026-05-08 10:10:19] SCORE Erlend Og Linor (purple): Final=293.8, Time=99.8, Moves(3)=0.0, Pins(0)=0.0, Dist=194.0, Win Bonus=0.0
[2026-05-08 10:10:21] SCORE AlphaZeroClue (red): Final=286.4, Time=94.4, Moves(3)=0.0, Pins(0)=0.0, Dist=192.0, Win Bonus=0.0
[2026-05-08 10:10:21] SCORE Gruppe 2 (blue): Final=0.0, Time=0.0, Moves(0)=0.0, Pins(0)=0.0, Dist=0.0, Win Bonus=0.0
[2026-05-08 10:10:21] SCORE Group7 (lawn green): Final=0.0, Time=0.0, Moves(0)=0.0, Pins(0)=0.0, Dist=0.0, Win Bonus=0.0
[2026-05-08 10:10:21] SCORE Tiefes Verstarkendes Lernen (gray0): Final=0.0, Time=0.0, Moves(0)=0.0, Pins(0)=0.0, Dist=0.0, Win Bonus=0.0
[2026-05-08 10:10:21] SCORE Gruppe 1 (yellow): Final=295.5, Time=99.5, Moves(3)=0.0, Pins(0)=0.0, Dist=196.0, Win Bonus=0.0
[2026-05-08 10:10:21] SCORE Erlend Og Linor (purple): Final=293.8, Time=99.8, Moves(3)=0.0, Pins(0)=0.0, Dist=194.0, Win Bonus=0.0
[2026-05-08 10:10:21] TURN TIMEOUT: Player with colour lawn green exceeded 2s at move 9. Turn skipped.
[2026-05-08 10:10:21] MOVE 10: Gruppe 1 (yellow) 12->37 [0.01ms]
[2026-05-08 10:10:21] SCORE AlphaZeroClue (red): Final=286.4, Time=94.4, Moves(3)=0.0, Pins(0)=0.0, Dist=192.0, Win Bonus=0.0
[2026-05-08 10:10:21] SCORE Gruppe 2 (blue): Final=0.0, Time=0.0, Moves(0)=0.0, Pins(0)=0.0, Dist=0.0, Win Bonus=0.0
[2026-05-08 10:10:21] SCORE Group7 (lawn green): Final=0.0, Time=0.0, Moves(0)=0.0, Pins(0)=0.0, Dist=0.0, Win Bonus=0.0
[2026-05-08 10:10:21] SCORE Tiefes Verstarkendes Lernen (gray0): Final=0.0, Time=0.0, Moves(0)=0.0, Pins(0)=0.0, Dist=0.0, Win Bonus=0.0
[2026-05-08 10:10:21] SCORE Gruppe 1 (yellow): Final=299.3, Time=99.3, Moves(4)=0.0, Pins(0)=0.0, Dist=200.0, Win Bonus=0.0
[2026-05-08 10:10:21] SCORE Erlend Og Linor (purple): Final=293.8, Time=99.8, Moves(3)=0.0, Pins(0)=0.0, Dist=194.0, Win Bonus=0.0
[2026-05-08 10:10:23] SCORE AlphaZeroClue (red): Final=286.4, Time=94.4, Moves(3)=0.0, Pins(0)=0.0, Dist=192.0, Win Bonus=0.0
[2026-05-08 10:10:23] SCORE Gruppe 2 (blue): Final=0.0, Time=0.0, Moves(0)=0.0, Pins(0)=0.0, Dist=0.0, Win Bonus=0.0
[2026-05-08 10:10:23] SCORE Group7 (lawn green): Final=0.0, Time=0.0, Moves(0)=0.0, Pins(0)=0.0, Dist=0.0, Win Bonus=0.0
[2026-05-08 10:10:23] SCORE Tiefes Verstarkendes Lernen (gray0): Final=0.0, Time=0.0, Moves(0)=0.0, Pins(0)=0.0, Dist=0.0, Win Bonus=0.0
[2026-05-08 10:10:23] SCORE Gruppe 1 (yellow): Final=299.3, Time=99.3, Moves(4)=0.0, Pins(0)=0.0, Dist=200.0, Win Bonus=0.0
[2026-05-08 10:10:23] SCORE Erlend Og Linor (purple): Final=293.8, Time=99.8, Moves(3)=0.0, Pins(0)=0.0, Dist=194.0, Win Bonus=0.0
[2026-05-08 10:10:23] TURN TIMEOUT: Player with colour blue exceeded 2s at move 10. Turn skipped.
[2026-05-08 10:10:26] SCORE AlphaZeroClue (red): Final=286.4, Time=94.4, Moves(3)=0.0, Pins(0)=0.0, Dist=192.0, Win Bonus=0.0
[2026-05-08 10:10:26] SCORE Gruppe 2 (blue): Final=0.0, Time=0.0, Moves(0)=0.0, Pins(0)=0.0, Dist=0.0, Win Bonus=0.0
[2026-05-08 10:10:26] SCORE Group7 (lawn green): Final=0.0, Time=0.0, Moves(0)=0.0, Pins(0)=0.0, Dist=0.0, Win Bonus=0.0
[2026-05-08 10:10:26] SCORE Tiefes Verstarkendes Lernen (gray0): Final=0.0, Time=0.0, Moves(0)=0.0, Pins(0)=0.0, Dist=0.0, Win Bonus=0.0
[2026-05-08 10:10:26] SCORE Gruppe 1 (yellow): Final=299.3, Time=99.3, Moves(4)=0.0, Pins(0)=0.0, Dist=200.0, Win Bonus=0.0
[2026-05-08 10:10:26] SCORE Erlend Og Linor (purple): Final=293.8, Time=99.8, Moves(3)=0.0, Pins(0)=0.0, Dist=194.0, Win Bonus=0.0
[2026-05-08 10:10:26] TURN TIMEOUT: Player with colour gray0 exceeded 2s at move 10. Turn skipped.
[2026-05-08 10:10:26] MOVE 11: Erlend Og Linor (purple) 96->73 [0.01ms]
[2026-05-08 10:10:26] SCORE AlphaZeroClue (red): Final=286.4, Time=94.4, Moves(3)=0.0, Pins(0)=0.0, Dist=192.0, Win Bonus=0.0
[2026-05-08 10:10:26] SCORE Gruppe 2 (blue): Final=0.0, Time=0.0, Moves(0)=0.0, Pins(0)=0.0, Dist=0.0, Win Bonus=0.0
[2026-05-08 10:10:26] SCORE Group7 (lawn green): Final=0.0, Time=0.0, Moves(0)=0.0, Pins(0)=0.0, Dist=0.0, Win Bonus=0.0
[2026-05-08 10:10:26] SCORE Tiefes Verstarkendes Lernen (gray0): Final=0.0, Time=0.0, Moves(0)=0.0, Pins(0)=0.0, Dist=0.0, Win Bonus=0.0
[2026-05-08 10:10:26] SCORE Gruppe 1 (yellow): Final=299.3, Time=99.3, Moves(4)=0.0, Pins(0)=0.0, Dist=200.0, Win Bonus=0.0
[2026-05-08 10:10:26] SCORE Erlend Og Linor (purple): Final=297.7, Time=99.7, Moves(4)=0.0, Pins(0)=0.0, Dist=198.0, Win Bonus=0.0
[2026-05-08 10:10:27] MOVE 12: AlphaZeroClue (red) 89->111 [0.01ms]
[2026-05-08 10:10:27] SCORE AlphaZeroClue (red): Final=280.6, Time=92.6, Moves(4)=0.0, Pins(0)=0.0, Dist=188.0, Win Bonus=0.0
[2026-05-08 10:10:27] SCORE Gruppe 2 (blue): Final=0.0, Time=0.0, Moves(0)=0.0, Pins(0)=0.0, Dist=0.0, Win Bonus=0.0
[2026-05-08 10:10:27] SCORE Group7 (lawn green): Final=0.0, Time=0.0, Moves(0)=0.0, Pins(0)=0.0, Dist=0.0, Win Bonus=0.0
[2026-05-08 10:10:27] SCORE Tiefes Verstarkendes Lernen (gray0): Final=0.0, Time=0.0, Moves(0)=0.0, Pins(0)=0.0, Dist=0.0, Win Bonus=0.0
[2026-05-08 10:10:27] SCORE Gruppe 1 (yellow): Final=299.3, Time=99.3, Moves(4)=0.0, Pins(0)=0.0, Dist=200.0, Win Bonus=0.0
[2026-05-08 10:10:27] SCORE Erlend Og Linor (purple): Final=297.7, Time=99.7, Moves(4)=0.0, Pins(0)=0.0, Dist=198.0, Win Bonus=0.0
[2026-05-08 10:10:29] SCORE AlphaZeroClue (red): Final=280.6, Time=92.6, Moves(4)=0.0, Pins(0)=0.0, Dist=188.0, Win Bonus=0.0
[2026-05-08 10:10:29] SCORE Gruppe 2 (blue): Final=0.0, Time=0.0, Moves(0)=0.0, Pins(0)=0.0, Dist=0.0, Win Bonus=0.0
[2026-05-08 10:10:29] SCORE Group7 (lawn green): Final=0.0, Time=0.0, Moves(0)=0.0, Pins(0)=0.0, Dist=0.0, Win Bonus=0.0
[2026-05-08 10:10:29] SCORE Tiefes Verstarkendes Lernen (gray0): Final=0.0, Time=0.0, Moves(0)=0.0, Pins(0)=0.0, Dist=0.0, Win Bonus=0.0
[2026-05-08 10:10:29] SCORE Gruppe 1 (yellow): Final=299.3, Time=99.3, Moves(4)=0.0, Pins(0)=0.0, Dist=200.0, Win Bonus=0.0
[2026-05-08 10:10:29] SCORE Erlend Og Linor (purple): Final=297.7, Time=99.7, Moves(4)=0.0, Pins(0)=0.0, Dist=198.0, Win Bonus=0.0
[2026-05-08 10:10:29] TURN TIMEOUT: Player with colour lawn green exceeded 2s at move 12. Turn skipped.
[2026-05-08 10:10:30] MOVE 13: Gruppe 1 (yellow) 25->48 [0.01ms]
[2026-05-08 10:10:30] SCORE AlphaZeroClue (red): Final=280.6, Time=92.6, Moves(4)=0.0, Pins(0)=0.0, Dist=188.0, Win Bonus=0.0
[2026-05-08 10:10:30] SCORE Gruppe 2 (blue): Final=0.0, Time=0.0, Moves(0)=0.0, Pins(0)=0.0, Dist=0.0, Win Bonus=0.0
[2026-05-08 10:10:30] SCORE Group7 (lawn green): Final=0.0, Time=0.0, Moves(0)=0.0, Pins(0)=0.0, Dist=0.0, Win Bonus=0.0
[2026-05-08 10:10:30] SCORE Tiefes Verstarkendes Lernen (gray0): Final=0.0, Time=0.0, Moves(0)=0.0, Pins(0)=0.0, Dist=0.0, Win Bonus=0.0
[2026-05-08 10:10:30] SCORE Gruppe 1 (yellow): Final=302.9, Time=98.9, Moves(5)=0.0, Pins(0)=0.0, Dist=204.0, Win Bonus=0.0
[2026-05-08 10:10:30] SCORE Erlend Og Linor (purple): Final=297.7, Time=99.7, Moves(4)=0.0, Pins(0)=0.0, Dist=198.0, Win Bonus=0.0
[2026-05-08 10:10:32] SCORE AlphaZeroClue (red): Final=280.6, Time=92.6, Moves(4)=0.0, Pins(0)=0.0, Dist=188.0, Win Bonus=0.0
[2026-05-08 10:10:32] SCORE Gruppe 2 (blue): Final=0.0, Time=0.0, Moves(0)=0.0, Pins(0)=0.0, Dist=0.0, Win Bonus=0.0
[2026-05-08 10:10:32] SCORE Group7 (lawn green): Final=0.0, Time=0.0, Moves(0)=0.0, Pins(0)=0.0, Dist=0.0, Win Bonus=0.0
[2026-05-08 10:10:32] SCORE Tiefes Verstarkendes Lernen (gray0): Final=0.0, Time=0.0, Moves(0)=0.0, Pins(0)=0.0, Dist=0.0, Win Bonus=0.0
[2026-05-08 10:10:32] SCORE Gruppe 1 (yellow): Final=302.9, Time=98.9, Moves(5)=0.0, Pins(0)=0.0, Dist=204.0, Win Bonus=0.0
[2026-05-08 10:10:32] SCORE Erlend Og Linor (purple): Final=297.7, Time=99.7, Moves(4)=0.0, Pins(0)=0.0, Dist=198.0, Win Bonus=0.0
[2026-05-08 10:10:32] TURN TIMEOUT: Player with colour blue exceeded 2s at move 13. Turn skipped.
[2026-05-08 10:10:34] SCORE AlphaZeroClue (red): Final=280.6, Time=92.6, Moves(4)=0.0, Pins(0)=0.0, Dist=188.0, Win Bonus=0.0
[2026-05-08 10:10:34] SCORE Gruppe 2 (blue): Final=0.0, Time=0.0, Moves(0)=0.0, Pins(0)=0.0, Dist=0.0, Win Bonus=0.0
[2026-05-08 10:10:34] SCORE Group7 (lawn green): Final=0.0, Time=0.0, Moves(0)=0.0, Pins(0)=0.0, Dist=0.0, Win Bonus=0.0
[2026-05-08 10:10:34] SCORE Tiefes Verstarkendes Lernen (gray0): Final=0.0, Time=0.0, Moves(0)=0.0, Pins(0)=0.0, Dist=0.0, Win Bonus=0.0
[2026-05-08 10:10:34] SCORE Gruppe 1 (yellow): Final=302.9, Time=98.9, Moves(5)=0.0, Pins(0)=0.0, Dist=204.0, Win Bonus=0.0
[2026-05-08 10:10:34] SCORE Erlend Og Linor (purple): Final=297.7, Time=99.7, Moves(4)=0.0, Pins(0)=0.0, Dist=198.0, Win Bonus=0.0
[2026-05-08 10:10:34] TURN TIMEOUT: Player with colour gray0 exceeded 2s at move 13. Turn skipped.
[2026-05-08 10:10:34] MOVE 14: Erlend Og Linor (purple) 108->106 [0.01ms]
[2026-05-08 10:10:34] SCORE AlphaZeroClue (red): Final=280.6, Time=92.6, Moves(4)=0.0, Pins(0)=0.0, Dist=188.0, Win Bonus=0.0
[2026-05-08 10:10:34] SCORE Gruppe 2 (blue): Final=0.0, Time=0.0, Moves(0)=0.0, Pins(0)=0.0, Dist=0.0, Win Bonus=0.0
[2026-05-08 10:10:34] SCORE Group7 (lawn green): Final=0.0, Time=0.0, Moves(0)=0.0, Pins(0)=0.0, Dist=0.0, Win Bonus=0.0
[2026-05-08 10:10:34] SCORE Tiefes Verstarkendes Lernen (gray0): Final=0.0, Time=0.0, Moves(0)=0.0, Pins(0)=0.0, Dist=0.0, Win Bonus=0.0
[2026-05-08 10:10:34] SCORE Gruppe 1 (yellow): Final=302.9, Time=98.9, Moves(5)=0.0, Pins(0)=0.0, Dist=204.0, Win Bonus=0.0
[2026-05-08 10:10:34] SCORE Erlend Og Linor (purple): Final=301.3, Time=99.3, Moves(5)=0.0, Pins(0)=0.0, Dist=202.0, Win Bonus=0.0
[2026-05-08 10:10:36] MOVE 15: AlphaZeroClue (red) 102->89 [0.01ms]
[2026-05-08 10:10:36] SCORE AlphaZeroClue (red): Final=280.8, Time=90.8, Moves(5)=0.0, Pins(0)=0.0, Dist=190.0, Win Bonus=0.0
[2026-05-08 10:10:36] SCORE Gruppe 2 (blue): Final=0.0, Time=0.0, Moves(0)=0.0, Pins(0)=0.0, Dist=0.0, Win Bonus=0.0
[2026-05-08 10:10:36] SCORE Group7 (lawn green): Final=0.0, Time=0.0, Moves(0)=0.0, Pins(0)=0.0, Dist=0.0, Win Bonus=0.0
[2026-05-08 10:10:36] SCORE Tiefes Verstarkendes Lernen (gray0): Final=0.0, Time=0.0, Moves(0)=0.0, Pins(0)=0.0, Dist=0.0, Win Bonus=0.0
[2026-05-08 10:10:36] SCORE Gruppe 1 (yellow): Final=302.9, Time=98.9, Moves(5)=0.0, Pins(0)=0.0, Dist=204.0, Win Bonus=0.0
[2026-05-08 10:10:36] SCORE Erlend Og Linor (purple): Final=301.3, Time=99.3, Moves(5)=0.0, Pins(0)=0.0, Dist=202.0, Win Bonus=0.0
[2026-05-08 10:10:38] SCORE AlphaZeroClue (red): Final=280.8, Time=90.8, Moves(5)=0.0, Pins(0)=0.0, Dist=190.0, Win Bonus=0.0
[2026-05-08 10:10:38] SCORE Gruppe 2 (blue): Final=0.0, Time=0.0, Moves(0)=0.0, Pins(0)=0.0, Dist=0.0, Win Bonus=0.0
[2026-05-08 10:10:38] SCORE Group7 (lawn green): Final=0.0, Time=0.0, Moves(0)=0.0, Pins(0)=0.0, Dist=0.0, Win Bonus=0.0
[2026-05-08 10:10:38] SCORE Tiefes Verstarkendes Lernen (gray0): Final=0.0, Time=0.0, Moves(0)=0.0, Pins(0)=0.0, Dist=0.0, Win Bonus=0.0
[2026-05-08 10:10:38] SCORE Gruppe 1 (yellow): Final=302.9, Time=98.9, Moves(5)=0.0, Pins(0)=0.0, Dist=204.0, Win Bonus=0.0
[2026-05-08 10:10:38] SCORE Erlend Og Linor (purple): Final=301.3, Time=99.3, Moves(5)=0.0, Pins(0)=0.0, Dist=202.0, Win Bonus=0.0
[2026-05-08 10:10:38] TURN TIMEOUT: Player with colour lawn green exceeded 2s at move 15. Turn skipped.
[2026-05-08 10:10:38] MOVE 16: Gruppe 1 (yellow) 13->57 [0.01ms]
[2026-05-08 10:10:38] SCORE AlphaZeroClue (red): Final=280.8, Time=90.8, Moves(5)=0.0, Pins(0)=0.0, Dist=190.0, Win Bonus=0.0
[2026-05-08 10:10:38] SCORE Gruppe 2 (blue): Final=0.0, Time=0.0, Moves(0)=0.0, Pins(0)=0.0, Dist=0.0, Win Bonus=0.0
[2026-05-08 10:10:38] SCORE Group7 (lawn green): Final=0.0, Time=0.0, Moves(0)=0.0, Pins(0)=0.0, Dist=0.0, Win Bonus=0.0
[2026-05-08 10:10:38] SCORE Tiefes Verstarkendes Lernen (gray0): Final=0.0, Time=0.0, Moves(0)=0.0, Pins(0)=0.0, Dist=0.0, Win Bonus=0.0
[2026-05-08 10:10:38] SCORE Gruppe 1 (yellow): Final=306.8, Time=98.8, Moves(6)=0.0, Pins(0)=0.0, Dist=208.0, Win Bonus=0.0
[2026-05-08 10:10:38] SCORE Erlend Og Linor (purple): Final=301.3, Time=99.3, Moves(5)=0.0, Pins(0)=0.0, Dist=202.0, Win Bonus=0.0
[2026-05-08 10:10:40] SCORE AlphaZeroClue (red): Final=280.8, Time=90.8, Moves(5)=0.0, Pins(0)=0.0, Dist=190.0, Win Bonus=0.0
[2026-05-08 10:10:40] SCORE Gruppe 2 (blue): Final=0.0, Time=0.0, Moves(0)=0.0, Pins(0)=0.0, Dist=0.0, Win Bonus=0.0
[2026-05-08 10:10:40] SCORE Group7 (lawn green): Final=0.0, Time=0.0, Moves(0)=0.0, Pins(0)=0.0, Dist=0.0, Win Bonus=0.0
[2026-05-08 10:10:40] SCORE Tiefes Verstarkendes Lernen (gray0): Final=0.0, Time=0.0, Moves(0)=0.0, Pins(0)=0.0, Dist=0.0, Win Bonus=0.0
[2026-05-08 10:10:40] SCORE Gruppe 1 (yellow): Final=306.8, Time=98.8, Moves(6)=0.0, Pins(0)=0.0, Dist=208.0, Win Bonus=0.0
[2026-05-08 10:10:40] SCORE Erlend Og Linor (purple): Final=301.3, Time=99.3, Moves(5)=0.0, Pins(0)=0.0, Dist=202.0, Win Bonus=0.0
[2026-05-08 10:10:40] TURN TIMEOUT: Player with colour blue exceeded 2s at move 16. Turn skipped.
[2026-05-08 10:10:42] SCORE AlphaZeroClue (red): Final=280.8, Time=90.8, Moves(5)=0.0, Pins(0)=0.0, Dist=190.0, Win Bonus=0.0
[2026-05-08 10:10:42] SCORE Gruppe 2 (blue): Final=0.0, Time=0.0, Moves(0)=0.0, Pins(0)=0.0, Dist=0.0, Win Bonus=0.0
[2026-05-08 10:10:42] SCORE Group7 (lawn green): Final=0.0, Time=0.0, Moves(0)=0.0, Pins(0)=0.0, Dist=0.0, Win Bonus=0.0
[2026-05-08 10:10:42] SCORE Tiefes Verstarkendes Lernen (gray0): Final=0.0, Time=0.0, Moves(0)=0.0, Pins(0)=0.0, Dist=0.0, Win Bonus=0.0
[2026-05-08 10:10:42] SCORE Gruppe 1 (yellow): Final=306.8, Time=98.8, Moves(6)=0.0, Pins(0)=0.0, Dist=208.0, Win Bonus=0.0
[2026-05-08 10:10:42] SCORE Erlend Og Linor (purple): Final=301.3, Time=99.3, Moves(5)=0.0, Pins(0)=0.0, Dist=202.0, Win Bonus=0.0
[2026-05-08 10:10:42] TURN TIMEOUT: Player with colour gray0 exceeded 2s at move 16. Turn skipped.
[2026-05-08 10:10:42] MOVE 17: Erlend Og Linor (purple) 84->82 [0.01ms]
[2026-05-08 10:10:43] SCORE AlphaZeroClue (red): Final=280.8, Time=90.8, Moves(5)=0.0, Pins(0)=0.0, Dist=190.0, Win Bonus=0.0
[2026-05-08 10:10:43] SCORE Gruppe 2 (blue): Final=0.0, Time=0.0, Moves(0)=0.0, Pins(0)=0.0, Dist=0.0, Win Bonus=0.0
[2026-05-08 10:10:43] SCORE Group7 (lawn green): Final=0.0, Time=0.0, Moves(0)=0.0, Pins(0)=0.0, Dist=0.0, Win Bonus=0.0
[2026-05-08 10:10:43] SCORE Tiefes Verstarkendes Lernen (gray0): Final=0.0, Time=0.0, Moves(0)=0.0, Pins(0)=0.0, Dist=0.0, Win Bonus=0.0
[2026-05-08 10:10:43] SCORE Gruppe 1 (yellow): Final=306.8, Time=98.8, Moves(6)=0.0, Pins(0)=0.0, Dist=208.0, Win Bonus=0.0
[2026-05-08 10:10:43] SCORE Erlend Og Linor (purple): Final=305.2, Time=99.2, Moves(6)=0.0, Pins(0)=0.0, Dist=206.0, Win Bonus=0.0
[2026-05-08 10:10:44] MOVE 18: AlphaZeroClue (red) 115->77 [0.01ms]
[2026-05-08 10:10:44] SCORE AlphaZeroClue (red): Final=287.1, Time=89.1, Moves(6)=0.0, Pins(0)=0.0, Dist=198.0, Win Bonus=0.0
[2026-05-08 10:10:44] SCORE Gruppe 2 (blue): Final=0.0, Time=0.0, Moves(0)=0.0, Pins(0)=0.0, Dist=0.0, Win Bonus=0.0
[2026-05-08 10:10:44] SCORE Group7 (lawn green): Final=0.0, Time=0.0, Moves(0)=0.0, Pins(0)=0.0, Dist=0.0, Win Bonus=0.0
[2026-05-08 10:10:44] SCORE Tiefes Verstarkendes Lernen (gray0): Final=0.0, Time=0.0, Moves(0)=0.0, Pins(0)=0.0, Dist=0.0, Win Bonus=0.0
[2026-05-08 10:10:44] SCORE Gruppe 1 (yellow): Final=306.8, Time=98.8, Moves(6)=0.0, Pins(0)=0.0, Dist=208.0, Win Bonus=0.0
[2026-05-08 10:10:44] SCORE Erlend Og Linor (purple): Final=305.2, Time=99.2, Moves(6)=0.0, Pins(0)=0.0, Dist=206.0, Win Bonus=0.0
[2026-05-08 10:10:46] SCORE AlphaZeroClue (red): Final=287.1, Time=89.1, Moves(6)=0.0, Pins(0)=0.0, Dist=198.0, Win Bonus=0.0
[2026-05-08 10:10:46] SCORE Gruppe 2 (blue): Final=0.0, Time=0.0, Moves(0)=0.0, Pins(0)=0.0, Dist=0.0, Win Bonus=0.0
[2026-05-08 10:10:46] SCORE Group7 (lawn green): Final=0.0, Time=0.0, Moves(0)=0.0, Pins(0)=0.0, Dist=0.0, Win Bonus=0.0
[2026-05-08 10:10:46] SCORE Tiefes Verstarkendes Lernen (gray0): Final=0.0, Time=0.0, Moves(0)=0.0, Pins(0)=0.0, Dist=0.0, Win Bonus=0.0
[2026-05-08 10:10:46] SCORE Gruppe 1 (yellow): Final=306.8, Time=98.8, Moves(6)=0.0, Pins(0)=0.0, Dist=208.0, Win Bonus=0.0
[2026-05-08 10:10:46] SCORE Erlend Og Linor (purple): Final=305.2, Time=99.2, Moves(6)=0.0, Pins(0)=0.0, Dist=206.0, Win Bonus=0.0
[2026-05-08 10:10:46] TURN TIMEOUT: Player with colour lawn green exceeded 2s at move 18. Turn skipped.
[2026-05-08 10:10:47] MOVE 19: Gruppe 1 (yellow) 36->15 [0.01ms]
[2026-05-08 10:10:47] SCORE AlphaZeroClue (red): Final=287.1, Time=89.1, Moves(6)=0.0, Pins(0)=0.0, Dist=198.0, Win Bonus=0.0
[2026-05-08 10:10:47] SCORE Gruppe 2 (blue): Final=0.0, Time=0.0, Moves(0)=0.0, Pins(0)=0.0, Dist=0.0, Win Bonus=0.0
[2026-05-08 10:10:47] SCORE Group7 (lawn green): Final=0.0, Time=0.0, Moves(0)=0.0, Pins(0)=0.0, Dist=0.0, Win Bonus=0.0
[2026-05-08 10:10:47] SCORE Tiefes Verstarkendes Lernen (gray0): Final=0.0, Time=0.0, Moves(0)=0.0, Pins(0)=0.0, Dist=0.0, Win Bonus=0.0
[2026-05-08 10:10:47] SCORE Gruppe 1 (yellow): Final=310.4, Time=98.4, Moves(7)=0.0, Pins(0)=0.0, Dist=212.0, Win Bonus=0.0
[2026-05-08 10:10:47] SCORE Erlend Og Linor (purple): Final=305.2, Time=99.2, Moves(6)=0.0, Pins(0)=0.0, Dist=206.0, Win Bonus=0.0
[2026-05-08 10:10:49] SCORE AlphaZeroClue (red): Final=287.1, Time=89.1, Moves(6)=0.0, Pins(0)=0.0, Dist=198.0, Win Bonus=0.0
[2026-05-08 10:10:49] SCORE Gruppe 2 (blue): Final=0.0, Time=0.0, Moves(0)=0.0, Pins(0)=0.0, Dist=0.0, Win Bonus=0.0
[2026-05-08 10:10:49] SCORE Group7 (lawn green): Final=0.0, Time=0.0, Moves(0)=0.0, Pins(0)=0.0, Dist=0.0, Win Bonus=0.0
[2026-05-08 10:10:49] SCORE Tiefes Verstarkendes Lernen (gray0): Final=0.0, Time=0.0, Moves(0)=0.0, Pins(0)=0.0, Dist=0.0, Win Bonus=0.0
[2026-05-08 10:10:49] SCORE Gruppe 1 (yellow): Final=310.4, Time=98.4, Moves(7)=0.0, Pins(0)=0.0, Dist=212.0, Win Bonus=0.0
[2026-05-08 10:10:49] SCORE Erlend Og Linor (purple): Final=305.2, Time=99.2, Moves(6)=0.0, Pins(0)=0.0, Dist=206.0, Win Bonus=0.0
[2026-05-08 10:10:49] TURN TIMEOUT: Player with colour blue exceeded 2s at move 19. Turn skipped.
[2026-05-08 10:10:51] SCORE AlphaZeroClue (red): Final=287.1, Time=89.1, Moves(6)=0.0, Pins(0)=0.0, Dist=198.0, Win Bonus=0.0
[2026-05-08 10:10:51] SCORE Gruppe 2 (blue): Final=0.0, Time=0.0, Moves(0)=0.0, Pins(0)=0.0, Dist=0.0, Win Bonus=0.0
[2026-05-08 10:10:51] SCORE Group7 (lawn green): Final=0.0, Time=0.0, Moves(0)=0.0, Pins(0)=0.0, Dist=0.0, Win Bonus=0.0
[2026-05-08 10:10:51] SCORE Tiefes Verstarkendes Lernen (gray0): Final=0.0, Time=0.0, Moves(0)=0.0, Pins(0)=0.0, Dist=0.0, Win Bonus=0.0
[2026-05-08 10:10:51] SCORE Gruppe 1 (yellow): Final=310.4, Time=98.4, Moves(7)=0.0, Pins(0)=0.0, Dist=212.0, Win Bonus=0.0
[2026-05-08 10:10:51] SCORE Erlend Og Linor (purple): Final=305.2, Time=99.2, Moves(6)=0.0, Pins(0)=0.0, Dist=206.0, Win Bonus=0.0
[2026-05-08 10:10:51] TURN TIMEOUT: Player with colour gray0 exceeded 2s at move 19. Turn skipped.
[2026-05-08 10:10:51] MOVE 20: Erlend Og Linor (purple) 83->81 [0.00ms]
[2026-05-08 10:10:51] SCORE AlphaZeroClue (red): Final=287.1, Time=89.1, Moves(6)=0.0, Pins(0)=0.0, Dist=198.0, Win Bonus=0.0
[2026-05-08 10:10:51] SCORE Gruppe 2 (blue): Final=0.0, Time=0.0, Moves(0)=0.0, Pins(0)=0.0, Dist=0.0, Win Bonus=0.0
[2026-05-08 10:10:51] SCORE Group7 (lawn green): Final=0.0, Time=0.0, Moves(0)=0.0, Pins(0)=0.0, Dist=0.0, Win Bonus=0.0
[2026-05-08 10:10:51] SCORE Tiefes Verstarkendes Lernen (gray0): Final=0.0, Time=0.0, Moves(0)=0.0, Pins(0)=0.0, Dist=0.0, Win Bonus=0.0
[2026-05-08 10:10:51] SCORE Gruppe 1 (yellow): Final=310.4, Time=98.4, Moves(7)=0.0, Pins(0)=0.0, Dist=212.0, Win Bonus=0.0
[2026-05-08 10:10:51] SCORE Erlend Og Linor (purple): Final=309.2, Time=99.2, Moves(7)=0.0, Pins(0)=0.0, Dist=210.0, Win Bonus=0.0
[2026-05-08 10:10:53] MOVE 21: AlphaZeroClue (red) 114->71 [0.01ms]
[2026-05-08 10:10:53] SCORE AlphaZeroClue (red): Final=293.3, Time=87.3, Moves(7)=0.0, Pins(0)=0.0, Dist=206.0, Win Bonus=0.0
[2026-05-08 10:10:53] SCORE Gruppe 2 (blue): Final=0.0, Time=0.0, Moves(0)=0.0, Pins(0)=0.0, Dist=0.0, Win Bonus=0.0
[2026-05-08 10:10:53] SCORE Group7 (lawn green): Final=0.0, Time=0.0, Moves(0)=0.0, Pins(0)=0.0, Dist=0.0, Win Bonus=0.0
[2026-05-08 10:10:53] SCORE Tiefes Verstarkendes Lernen (gray0): Final=0.0, Time=0.0, Moves(0)=0.0, Pins(0)=0.0, Dist=0.0, Win Bonus=0.0
[2026-05-08 10:10:53] SCORE Gruppe 1 (yellow): Final=310.4, Time=98.4, Moves(7)=0.0, Pins(0)=0.0, Dist=212.0, Win Bonus=0.0
[2026-05-08 10:10:53] SCORE Erlend Og Linor (purple): Final=309.2, Time=99.2, Moves(7)=0.0, Pins(0)=0.0, Dist=210.0, Win Bonus=0.0
[2026-05-08 10:10:55] SCORE AlphaZeroClue (red): Final=293.3, Time=87.3, Moves(7)=0.0, Pins(0)=0.0, Dist=206.0, Win Bonus=0.0
[2026-05-08 10:10:55] SCORE Gruppe 2 (blue): Final=0.0, Time=0.0, Moves(0)=0.0, Pins(0)=0.0, Dist=0.0, Win Bonus=0.0
[2026-05-08 10:10:55] SCORE Group7 (lawn green): Final=0.0, Time=0.0, Moves(0)=0.0, Pins(0)=0.0, Dist=0.0, Win Bonus=0.0
[2026-05-08 10:10:55] SCORE Tiefes Verstarkendes Lernen (gray0): Final=0.0, Time=0.0, Moves(0)=0.0, Pins(0)=0.0, Dist=0.0, Win Bonus=0.0
[2026-05-08 10:10:55] SCORE Gruppe 1 (yellow): Final=310.4, Time=98.4, Moves(7)=0.0, Pins(0)=0.0, Dist=212.0, Win Bonus=0.0
[2026-05-08 10:10:55] SCORE Erlend Og Linor (purple): Final=309.2, Time=99.2, Moves(7)=0.0, Pins(0)=0.0, Dist=210.0, Win Bonus=0.0
[2026-05-08 10:10:55] TURN TIMEOUT: Player with colour lawn green exceeded 2s at move 21. Turn skipped.
[2026-05-08 10:10:55] MOVE 22: Gruppe 1 (yellow) 46->66 [0.01ms]
[2026-05-08 10:10:55] SCORE AlphaZeroClue (red): Final=293.3, Time=87.3, Moves(7)=0.0, Pins(0)=0.0, Dist=206.0, Win Bonus=0.0
[2026-05-08 10:10:55] SCORE Gruppe 2 (blue): Final=0.0, Time=0.0, Moves(0)=0.0, Pins(0)=0.0, Dist=0.0, Win Bonus=0.0
[2026-05-08 10:10:55] SCORE Group7 (lawn green): Final=0.0, Time=0.0, Moves(0)=0.0, Pins(0)=0.0, Dist=0.0, Win Bonus=0.0
[2026-05-08 10:10:55] SCORE Tiefes Verstarkendes Lernen (gray0): Final=0.0, Time=0.0, Moves(0)=0.0, Pins(0)=0.0, Dist=0.0, Win Bonus=0.0
[2026-05-08 10:10:55] SCORE Gruppe 1 (yellow): Final=314.3, Time=98.3, Moves(8)=0.0, Pins(0)=0.0, Dist=216.0, Win Bonus=0.0
[2026-05-08 10:10:55] SCORE Erlend Og Linor (purple): Final=309.2, Time=99.2, Moves(7)=0.0, Pins(0)=0.0, Dist=210.0, Win Bonus=0.0
[2026-05-08 10:10:57] SCORE AlphaZeroClue (red): Final=293.3, Time=87.3, Moves(7)=0.0, Pins(0)=0.0, Dist=206.0, Win Bonus=0.0
[2026-05-08 10:10:57] SCORE Gruppe 2 (blue): Final=0.0, Time=0.0, Moves(0)=0.0, Pins(0)=0.0, Dist=0.0, Win Bonus=0.0
[2026-05-08 10:10:57] SCORE Group7 (lawn green): Final=0.0, Time=0.0, Moves(0)=0.0, Pins(0)=0.0, Dist=0.0, Win Bonus=0.0
[2026-05-08 10:10:57] SCORE Tiefes Verstarkendes Lernen (gray0): Final=0.0, Time=0.0, Moves(0)=0.0, Pins(0)=0.0, Dist=0.0, Win Bonus=0.0
[2026-05-08 10:10:57] SCORE Gruppe 1 (yellow): Final=314.3, Time=98.3, Moves(8)=0.0, Pins(0)=0.0, Dist=216.0, Win Bonus=0.0
[2026-05-08 10:10:57] SCORE Erlend Og Linor (purple): Final=309.2, Time=99.2, Moves(7)=0.0, Pins(0)=0.0, Dist=210.0, Win Bonus=0.0
[2026-05-08 10:10:57] TURN TIMEOUT: Player with colour blue exceeded 2s at move 22. Turn skipped.
[2026-05-08 10:10:59] SCORE AlphaZeroClue (red): Final=293.3, Time=87.3, Moves(7)=0.0, Pins(0)=0.0, Dist=206.0, Win Bonus=0.0
[2026-05-08 10:10:59] SCORE Gruppe 2 (blue): Final=0.0, Time=0.0, Moves(0)=0.0, Pins(0)=0.0, Dist=0.0, Win Bonus=0.0
[2026-05-08 10:10:59] SCORE Group7 (lawn green): Final=0.0, Time=0.0, Moves(0)=0.0, Pins(0)=0.0, Dist=0.0, Win Bonus=0.0
[2026-05-08 10:10:59] SCORE Tiefes Verstarkendes Lernen (gray0): Final=0.0, Time=0.0, Moves(0)=0.0, Pins(0)=0.0, Dist=0.0, Win Bonus=0.0
[2026-05-08 10:10:59] SCORE Gruppe 1 (yellow): Final=314.3, Time=98.3, Moves(8)=0.0, Pins(0)=0.0, Dist=216.0, Win Bonus=0.0
[2026-05-08 10:10:59] SCORE Erlend Og Linor (purple): Final=309.2, Time=99.2, Moves(7)=0.0, Pins(0)=0.0, Dist=210.0, Win Bonus=0.0
[2026-05-08 10:10:59] TURN TIMEOUT: Player with colour gray0 exceeded 2s at move 22. Turn skipped.
[2026-05-08 10:10:59] MOVE 23: Erlend Og Linor (purple) 74->70 [0.01ms]
[2026-05-08 10:10:59] SCORE AlphaZeroClue (red): Final=293.3, Time=87.3, Moves(7)=0.0, Pins(0)=0.0, Dist=206.0, Win Bonus=0.0
[2026-05-08 10:10:59] SCORE Gruppe 2 (blue): Final=0.0, Time=0.0, Moves(0)=0.0, Pins(0)=0.0, Dist=0.0, Win Bonus=0.0
[2026-05-08 10:10:59] SCORE Group7 (lawn green): Final=0.0, Time=0.0, Moves(0)=0.0, Pins(0)=0.0, Dist=0.0, Win Bonus=0.0
[2026-05-08 10:10:59] SCORE Tiefes Verstarkendes Lernen (gray0): Final=0.0, Time=0.0, Moves(0)=0.0, Pins(0)=0.0, Dist=0.0, Win Bonus=0.0
[2026-05-08 10:10:59] SCORE Gruppe 1 (yellow): Final=314.3, Time=98.3, Moves(8)=0.0, Pins(0)=0.0, Dist=216.0, Win Bonus=0.0
[2026-05-08 10:10:59] SCORE Erlend Og Linor (purple): Final=317.1, Time=99.1, Moves(8)=0.0, Pins(0)=0.0, Dist=218.0, Win Bonus=0.0
[2026-05-08 10:11:01] MOVE 24: AlphaZeroClue (red) 119->94 [0.01ms]
[2026-05-08 10:11:01] SCORE AlphaZeroClue (red): Final=299.4, Time=85.4, Moves(8)=0.0, Pins(0)=0.0, Dist=214.0, Win Bonus=0.0
[2026-05-08 10:11:01] SCORE Gruppe 2 (blue): Final=0.0, Time=0.0, Moves(0)=0.0, Pins(0)=0.0, Dist=0.0, Win Bonus=0.0
[2026-05-08 10:11:01] SCORE Group7 (lawn green): Final=0.0, Time=0.0, Moves(0)=0.0, Pins(0)=0.0, Dist=0.0, Win Bonus=0.0
[2026-05-08 10:11:01] SCORE Tiefes Verstarkendes Lernen (gray0): Final=0.0, Time=0.0, Moves(0)=0.0, Pins(0)=0.0, Dist=0.0, Win Bonus=0.0
[2026-05-08 10:11:01] SCORE Gruppe 1 (yellow): Final=314.3, Time=98.3, Moves(8)=0.0, Pins(0)=0.0, Dist=216.0, Win Bonus=0.0
[2026-05-08 10:11:01] SCORE Erlend Og Linor (purple): Final=317.1, Time=99.1, Moves(8)=0.0, Pins(0)=0.0, Dist=218.0, Win Bonus=0.0
[2026-05-08 10:11:03] SCORE AlphaZeroClue (red): Final=299.4, Time=85.4, Moves(8)=0.0, Pins(0)=0.0, Dist=214.0, Win Bonus=0.0
[2026-05-08 10:11:03] SCORE Gruppe 2 (blue): Final=0.0, Time=0.0, Moves(0)=0.0, Pins(0)=0.0, Dist=0.0, Win Bonus=0.0
[2026-05-08 10:11:03] SCORE Group7 (lawn green): Final=0.0, Time=0.0, Moves(0)=0.0, Pins(0)=0.0, Dist=0.0, Win Bonus=0.0
[2026-05-08 10:11:03] SCORE Tiefes Verstarkendes Lernen (gray0): Final=0.0, Time=0.0, Moves(0)=0.0, Pins(0)=0.0, Dist=0.0, Win Bonus=0.0
[2026-05-08 10:11:03] SCORE Gruppe 1 (yellow): Final=314.3, Time=98.3, Moves(8)=0.0, Pins(0)=0.0, Dist=216.0, Win Bonus=0.0
[2026-05-08 10:11:03] SCORE Erlend Og Linor (purple): Final=317.1, Time=99.1, Moves(8)=0.0, Pins(0)=0.0, Dist=218.0, Win Bonus=0.0
[2026-05-08 10:11:03] TURN TIMEOUT: Player with colour lawn green exceeded 2s at move 24. Turn skipped.
[2026-05-08 10:11:03] MOVE 25: Gruppe 1 (yellow) 26->67 [0.01ms]
[2026-05-08 10:11:03] SCORE AlphaZeroClue (red): Final=299.4, Time=85.4, Moves(8)=0.0, Pins(0)=0.0, Dist=214.0, Win Bonus=0.0
[2026-05-08 10:11:03] SCORE Gruppe 2 (blue): Final=0.0, Time=0.0, Moves(0)=0.0, Pins(0)=0.0, Dist=0.0, Win Bonus=0.0
[2026-05-08 10:11:03] SCORE Group7 (lawn green): Final=0.0, Time=0.0, Moves(0)=0.0, Pins(0)=0.0, Dist=0.0, Win Bonus=0.0
[2026-05-08 10:11:03] SCORE Tiefes Verstarkendes Lernen (gray0): Final=0.0, Time=0.0, Moves(0)=0.0, Pins(0)=0.0, Dist=0.0, Win Bonus=0.0
[2026-05-08 10:11:03] SCORE Gruppe 1 (yellow): Final=318.2, Time=98.2, Moves(9)=0.0, Pins(0)=0.0, Dist=220.0, Win Bonus=0.0
[2026-05-08 10:11:03] SCORE Erlend Og Linor (purple): Final=317.1, Time=99.1, Moves(8)=0.0, Pins(0)=0.0, Dist=218.0, Win Bonus=0.0
[2026-05-08 10:11:05] SCORE AlphaZeroClue (red): Final=299.4, Time=85.4, Moves(8)=0.0, Pins(0)=0.0, Dist=214.0, Win Bonus=0.0
[2026-05-08 10:11:05] SCORE Gruppe 2 (blue): Final=0.0, Time=0.0, Moves(0)=0.0, Pins(0)=0.0, Dist=0.0, Win Bonus=0.0
[2026-05-08 10:11:05] SCORE Group7 (lawn green): Final=0.0, Time=0.0, Moves(0)=0.0, Pins(0)=0.0, Dist=0.0, Win Bonus=0.0
[2026-05-08 10:11:05] SCORE Tiefes Verstarkendes Lernen (gray0): Final=0.0, Time=0.0, Moves(0)=0.0, Pins(0)=0.0, Dist=0.0, Win Bonus=0.0
[2026-05-08 10:11:05] SCORE Gruppe 1 (yellow): Final=318.2, Time=98.2, Moves(9)=0.0, Pins(0)=0.0, Dist=220.0, Win Bonus=0.0
[2026-05-08 10:11:05] SCORE Erlend Og Linor (purple): Final=317.1, Time=99.1, Moves(8)=0.0, Pins(0)=0.0, Dist=218.0, Win Bonus=0.0
[2026-05-08 10:11:05] TURN TIMEOUT: Player with colour blue exceeded 2s at move 25. Turn skipped.
[2026-05-08 10:11:08] SCORE AlphaZeroClue (red): Final=299.4, Time=85.4, Moves(8)=0.0, Pins(0)=0.0, Dist=214.0, Win Bonus=0.0
[2026-05-08 10:11:08] SCORE Gruppe 2 (blue): Final=0.0, Time=0.0, Moves(0)=0.0, Pins(0)=0.0, Dist=0.0, Win Bonus=0.0
[2026-05-08 10:11:08] SCORE Group7 (lawn green): Final=0.0, Time=0.0, Moves(0)=0.0, Pins(0)=0.0, Dist=0.0, Win Bonus=0.0
[2026-05-08 10:11:08] SCORE Tiefes Verstarkendes Lernen (gray0): Final=0.0, Time=0.0, Moves(0)=0.0, Pins(0)=0.0, Dist=0.0, Win Bonus=0.0
[2026-05-08 10:11:08] SCORE Gruppe 1 (yellow): Final=318.2, Time=98.2, Moves(9)=0.0, Pins(0)=0.0, Dist=220.0, Win Bonus=0.0
[2026-05-08 10:11:08] SCORE Erlend Og Linor (purple): Final=317.1, Time=99.1, Moves(8)=0.0, Pins(0)=0.0, Dist=218.0, Win Bonus=0.0
[2026-05-08 10:11:08] TURN TIMEOUT: Player with colour gray0 exceeded 2s at move 25. Turn skipped.
[2026-05-08 10:11:08] MOVE 26: Erlend Og Linor (purple) 81->60 [0.01ms]
[2026-05-08 10:11:08] SCORE AlphaZeroClue (red): Final=299.4, Time=85.4, Moves(8)=0.0, Pins(0)=0.0, Dist=214.0, Win Bonus=0.0
[2026-05-08 10:11:08] SCORE Gruppe 2 (blue): Final=0.0, Time=0.0, Moves(0)=0.0, Pins(0)=0.0, Dist=0.0, Win Bonus=0.0
[2026-05-08 10:11:08] SCORE Group7 (lawn green): Final=0.0, Time=0.0, Moves(0)=0.0, Pins(0)=0.0, Dist=0.0, Win Bonus=0.0
[2026-05-08 10:11:08] SCORE Tiefes Verstarkendes Lernen (gray0): Final=0.0, Time=0.0, Moves(0)=0.0, Pins(0)=0.0, Dist=0.0, Win Bonus=0.0
[2026-05-08 10:11:08] SCORE Gruppe 1 (yellow): Final=318.2, Time=98.2, Moves(9)=0.0, Pins(0)=0.0, Dist=220.0, Win Bonus=0.0
[2026-05-08 10:11:08] SCORE Erlend Og Linor (purple): Final=321.1, Time=99.1, Moves(9)=0.0, Pins(0)=0.0, Dist=222.0, Win Bonus=0.0
[2026-05-08 10:11:10] SCORE AlphaZeroClue (red): Final=299.4, Time=85.4, Moves(8)=0.0, Pins(0)=0.0, Dist=214.0, Win Bonus=0.0
[2026-05-08 10:11:10] SCORE Gruppe 2 (blue): Final=0.0, Time=0.0, Moves(0)=0.0, Pins(0)=0.0, Dist=0.0, Win Bonus=0.0
[2026-05-08 10:11:10] SCORE Group7 (lawn green): Final=0.0, Time=0.0, Moves(0)=0.0, Pins(0)=0.0, Dist=0.0, Win Bonus=0.0
[2026-05-08 10:11:10] SCORE Tiefes Verstarkendes Lernen (gray0): Final=0.0, Time=0.0, Moves(0)=0.0, Pins(0)=0.0, Dist=0.0, Win Bonus=0.0
[2026-05-08 10:11:10] SCORE Gruppe 1 (yellow): Final=318.2, Time=98.2, Moves(9)=0.0, Pins(0)=0.0, Dist=220.0, Win Bonus=0.0
[2026-05-08 10:11:10] SCORE Erlend Og Linor (purple): Final=321.1, Time=99.1, Moves(9)=0.0, Pins(0)=0.0, Dist=222.0, Win Bonus=0.0
[2026-05-08 10:11:10] TURN TIMEOUT: Player with colour red exceeded 2s at move 26. Turn skipped.
[2026-05-08 10:11:12] SCORE AlphaZeroClue (red): Final=299.4, Time=85.4, Moves(8)=0.0, Pins(0)=0.0, Dist=214.0, Win Bonus=0.0
[2026-05-08 10:11:12] SCORE Gruppe 2 (blue): Final=0.0, Time=0.0, Moves(0)=0.0, Pins(0)=0.0, Dist=0.0, Win Bonus=0.0
[2026-05-08 10:11:12] SCORE Group7 (lawn green): Final=0.0, Time=0.0, Moves(0)=0.0, Pins(0)=0.0, Dist=0.0, Win Bonus=0.0
[2026-05-08 10:11:12] SCORE Tiefes Verstarkendes Lernen (gray0): Final=0.0, Time=0.0, Moves(0)=0.0, Pins(0)=0.0, Dist=0.0, Win Bonus=0.0
[2026-05-08 10:11:12] SCORE Gruppe 1 (yellow): Final=318.2, Time=98.2, Moves(9)=0.0, Pins(0)=0.0, Dist=220.0, Win Bonus=0.0
[2026-05-08 10:11:12] SCORE Erlend Og Linor (purple): Final=321.1, Time=99.1, Moves(9)=0.0, Pins(0)=0.0, Dist=222.0, Win Bonus=0.0
[2026-05-08 10:11:12] TURN TIMEOUT: Player with colour lawn green exceeded 2s at move 26. Turn skipped.
[2026-05-08 10:11:12] MOVE 27: Gruppe 1 (yellow) 57->78 [0.02ms]
[2026-05-08 10:11:12] SCORE AlphaZeroClue (red): Final=299.4, Time=85.4, Moves(8)=0.0, Pins(0)=0.0, Dist=214.0, Win Bonus=0.0
[2026-05-08 10:11:12] SCORE Gruppe 2 (blue): Final=0.0, Time=0.0, Moves(0)=0.0, Pins(0)=0.0, Dist=0.0, Win Bonus=0.0
[2026-05-08 10:11:12] SCORE Group7 (lawn green): Final=0.0, Time=0.0, Moves(0)=0.0, Pins(0)=0.0, Dist=0.0, Win Bonus=0.0
[2026-05-08 10:11:12] SCORE Tiefes Verstarkendes Lernen (gray0): Final=0.0, Time=0.0, Moves(0)=0.0, Pins(0)=0.0, Dist=0.0, Win Bonus=0.0
[2026-05-08 10:11:12] SCORE Gruppe 1 (yellow): Final=321.5, Time=97.5, Moves(10)=0.0, Pins(0)=0.0, Dist=224.0, Win Bonus=0.0
[2026-05-08 10:11:12] SCORE Erlend Og Linor (purple): Final=321.1, Time=99.1, Moves(9)=0.0, Pins(0)=0.0, Dist=222.0, Win Bonus=0.0
[2026-05-08 10:11:14] SCORE AlphaZeroClue (red): Final=299.4, Time=85.4, Moves(8)=0.0, Pins(0)=0.0, Dist=214.0, Win Bonus=0.0
[2026-05-08 10:11:14] SCORE Gruppe 2 (blue): Final=0.0, Time=0.0, Moves(0)=0.0, Pins(0)=0.0, Dist=0.0, Win Bonus=0.0
[2026-05-08 10:11:14] SCORE Group7 (lawn green): Final=0.0, Time=0.0, Moves(0)=0.0, Pins(0)=0.0, Dist=0.0, Win Bonus=0.0
[2026-05-08 10:11:14] SCORE Tiefes Verstarkendes Lernen (gray0): Final=0.0, Time=0.0, Moves(0)=0.0, Pins(0)=0.0, Dist=0.0, Win Bonus=0.0
[2026-05-08 10:11:14] SCORE Gruppe 1 (yellow): Final=321.5, Time=97.5, Moves(10)=0.0, Pins(0)=0.0, Dist=224.0, Win Bonus=0.0
[2026-05-08 10:11:14] SCORE Erlend Og Linor (purple): Final=321.1, Time=99.1, Moves(9)=0.0, Pins(0)=0.0, Dist=222.0, Win Bonus=0.0
[2026-05-08 10:11:15] TURN TIMEOUT: Player with colour blue exceeded 2s at move 27. Turn skipped.
[2026-05-08 10:11:17] SCORE AlphaZeroClue (red): Final=299.4, Time=85.4, Moves(8)=0.0, Pins(0)=0.0, Dist=214.0, Win Bonus=0.0
[2026-05-08 10:11:17] SCORE Gruppe 2 (blue): Final=0.0, Time=0.0, Moves(0)=0.0, Pins(0)=0.0, Dist=0.0, Win Bonus=0.0
[2026-05-08 10:11:17] SCORE Group7 (lawn green): Final=0.0, Time=0.0, Moves(0)=0.0, Pins(0)=0.0, Dist=0.0, Win Bonus=0.0
[2026-05-08 10:11:17] SCORE Tiefes Verstarkendes Lernen (gray0): Final=0.0, Time=0.0, Moves(0)=0.0, Pins(0)=0.0, Dist=0.0, Win Bonus=0.0
[2026-05-08 10:11:17] SCORE Gruppe 1 (yellow): Final=321.5, Time=97.5, Moves(10)=0.0, Pins(0)=0.0, Dist=224.0, Win Bonus=0.0
[2026-05-08 10:11:17] SCORE Erlend Og Linor (purple): Final=321.1, Time=99.1, Moves(9)=0.0, Pins(0)=0.0, Dist=222.0, Win Bonus=0.0
[2026-05-08 10:11:17] TURN TIMEOUT: Player with colour gray0 exceeded 2s at move 27. Turn skipped.
[2026-05-08 10:11:17] MOVE 28: Erlend Og Linor (purple) 64->63 [0.01ms]
[2026-05-08 10:11:17] SCORE AlphaZeroClue (red): Final=299.4, Time=85.4, Moves(8)=0.0, Pins(0)=0.0, Dist=214.0, Win Bonus=0.0
[2026-05-08 10:11:17] SCORE Gruppe 2 (blue): Final=0.0, Time=0.0, Moves(0)=0.0, Pins(0)=0.0, Dist=0.0, Win Bonus=0.0
[2026-05-08 10:11:17] SCORE Group7 (lawn green): Final=0.0, Time=0.0, Moves(0)=0.0, Pins(0)=0.0, Dist=0.0, Win Bonus=0.0
[2026-05-08 10:11:17] SCORE Tiefes Verstarkendes Lernen (gray0): Final=0.0, Time=0.0, Moves(0)=0.0, Pins(0)=0.0, Dist=0.0, Win Bonus=0.0
[2026-05-08 10:11:17] SCORE Gruppe 1 (yellow): Final=321.5, Time=97.5, Moves(10)=0.0, Pins(0)=0.0, Dist=224.0, Win Bonus=0.0
[2026-05-08 10:11:17] SCORE Erlend Og Linor (purple): Final=322.9, Time=98.9, Moves(10)=0.0, Pins(0)=0.0, Dist=224.0, Win Bonus=0.0
[2026-05-08 10:11:19] MOVE 29: AlphaZeroClue (red) 89->68 [0.01ms]
[2026-05-08 10:11:19] SCORE AlphaZeroClue (red): Final=301.5, Time=83.5, Moves(9)=0.0, Pins(0)=0.0, Dist=218.0, Win Bonus=0.0
[2026-05-08 10:11:19] SCORE Gruppe 2 (blue): Final=0.0, Time=0.0, Moves(0)=0.0, Pins(0)=0.0, Dist=0.0, Win Bonus=0.0
[2026-05-08 10:11:19] SCORE Group7 (lawn green): Final=0.0, Time=0.0, Moves(0)=0.0, Pins(0)=0.0, Dist=0.0, Win Bonus=0.0
[2026-05-08 10:11:19] SCORE Tiefes Verstarkendes Lernen (gray0): Final=0.0, Time=0.0, Moves(0)=0.0, Pins(0)=0.0, Dist=0.0, Win Bonus=0.0
[2026-05-08 10:11:19] SCORE Gruppe 1 (yellow): Final=321.5, Time=97.5, Moves(10)=0.0, Pins(0)=0.0, Dist=224.0, Win Bonus=0.0
[2026-05-08 10:11:19] SCORE Erlend Og Linor (purple): Final=322.9, Time=98.9, Moves(10)=0.0, Pins(0)=0.0, Dist=224.0, Win Bonus=0.0
[2026-05-08 10:11:21] SCORE AlphaZeroClue (red): Final=301.5, Time=83.5, Moves(9)=0.0, Pins(0)=0.0, Dist=218.0, Win Bonus=0.0
[2026-05-08 10:11:21] SCORE Gruppe 2 (blue): Final=0.0, Time=0.0, Moves(0)=0.0, Pins(0)=0.0, Dist=0.0, Win Bonus=0.0
[2026-05-08 10:11:21] SCORE Group7 (lawn green): Final=0.0, Time=0.0, Moves(0)=0.0, Pins(0)=0.0, Dist=0.0, Win Bonus=0.0
[2026-05-08 10:11:21] SCORE Tiefes Verstarkendes Lernen (gray0): Final=0.0, Time=0.0, Moves(0)=0.0, Pins(0)=0.0, Dist=0.0, Win Bonus=0.0
[2026-05-08 10:11:21] SCORE Gruppe 1 (yellow): Final=321.5, Time=97.5, Moves(10)=0.0, Pins(0)=0.0, Dist=224.0, Win Bonus=0.0
[2026-05-08 10:11:21] SCORE Erlend Og Linor (purple): Final=322.9, Time=98.9, Moves(10)=0.0, Pins(0)=0.0, Dist=224.0, Win Bonus=0.0
[2026-05-08 10:11:21] TURN TIMEOUT: Player with colour lawn green exceeded 2s at move 29. Turn skipped.
[2026-05-08 10:11:21] MOVE 30: Gruppe 1 (yellow) 37->79 [0.01ms]
[2026-05-08 10:11:21] SCORE AlphaZeroClue (red): Final=301.5, Time=83.5, Moves(9)=0.0, Pins(0)=0.0, Dist=218.0, Win Bonus=0.0
[2026-05-08 10:11:21] SCORE Gruppe 2 (blue): Final=0.0, Time=0.0, Moves(0)=0.0, Pins(0)=0.0, Dist=0.0, Win Bonus=0.0
[2026-05-08 10:11:21] SCORE Group7 (lawn green): Final=0.0, Time=0.0, Moves(0)=0.0, Pins(0)=0.0, Dist=0.0, Win Bonus=0.0
[2026-05-08 10:11:21] SCORE Tiefes Verstarkendes Lernen (gray0): Final=0.0, Time=0.0, Moves(0)=0.0, Pins(0)=0.0, Dist=0.0, Win Bonus=0.0
[2026-05-08 10:11:21] SCORE Gruppe 1 (yellow): Final=329.1, Time=97.1, Moves(11)=0.0, Pins(0)=0.0, Dist=232.0, Win Bonus=0.0
[2026-05-08 10:11:21] SCORE Erlend Og Linor (purple): Final=322.9, Time=98.9, Moves(10)=0.0, Pins(0)=0.0, Dist=224.0, Win Bonus=0.0
[2026-05-08 10:11:23] SCORE AlphaZeroClue (red): Final=301.5, Time=83.5, Moves(9)=0.0, Pins(0)=0.0, Dist=218.0, Win Bonus=0.0
[2026-05-08 10:11:23] SCORE Gruppe 2 (blue): Final=0.0, Time=0.0, Moves(0)=0.0, Pins(0)=0.0, Dist=0.0, Win Bonus=0.0
[2026-05-08 10:11:23] SCORE Group7 (lawn green): Final=0.0, Time=0.0, Moves(0)=0.0, Pins(0)=0.0, Dist=0.0, Win Bonus=0.0
[2026-05-08 10:11:23] SCORE Tiefes Verstarkendes Lernen (gray0): Final=0.0, Time=0.0, Moves(0)=0.0, Pins(0)=0.0, Dist=0.0, Win Bonus=0.0
[2026-05-08 10:11:23] SCORE Gruppe 1 (yellow): Final=329.1, Time=97.1, Moves(11)=0.0, Pins(0)=0.0, Dist=232.0, Win Bonus=0.0
[2026-05-08 10:11:23] SCORE Erlend Og Linor (purple): Final=322.9, Time=98.9, Moves(10)=0.0, Pins(0)=0.0, Dist=224.0, Win Bonus=0.0
[2026-05-08 10:11:23] TURN TIMEOUT: Player with colour blue exceeded 2s at move 30. Turn skipped.
[2026-05-08 10:11:25] SCORE AlphaZeroClue (red): Final=301.5, Time=83.5, Moves(9)=0.0, Pins(0)=0.0, Dist=218.0, Win Bonus=0.0
[2026-05-08 10:11:25] SCORE Gruppe 2 (blue): Final=0.0, Time=0.0, Moves(0)=0.0, Pins(0)=0.0, Dist=0.0, Win Bonus=0.0
[2026-05-08 10:11:25] SCORE Group7 (lawn green): Final=0.0, Time=0.0, Moves(0)=0.0, Pins(0)=0.0, Dist=0.0, Win Bonus=0.0
[2026-05-08 10:11:25] SCORE Tiefes Verstarkendes Lernen (gray0): Final=0.0, Time=0.0, Moves(0)=0.0, Pins(0)=0.0, Dist=0.0, Win Bonus=0.0
[2026-05-08 10:11:25] SCORE Gruppe 1 (yellow): Final=329.1, Time=97.1, Moves(11)=0.0, Pins(0)=0.0, Dist=232.0, Win Bonus=0.0
[2026-05-08 10:11:25] SCORE Erlend Og Linor (purple): Final=322.9, Time=98.9, Moves(10)=0.0, Pins(0)=0.0, Dist=224.0, Win Bonus=0.0
[2026-05-08 10:11:25] TURN TIMEOUT: Player with colour gray0 exceeded 2s at move 30. Turn skipped.
[2026-05-08 10:11:25] MOVE 31: Erlend Og Linor (purple) 70->50 [0.01ms]
[2026-05-08 10:11:25] SCORE AlphaZeroClue (red): Final=301.5, Time=83.5, Moves(9)=0.0, Pins(0)=0.0, Dist=218.0, Win Bonus=0.0
[2026-05-08 10:11:25] SCORE Gruppe 2 (blue): Final=0.0, Time=0.0, Moves(0)=0.0, Pins(0)=0.0, Dist=0.0, Win Bonus=0.0
[2026-05-08 10:11:25] SCORE Group7 (lawn green): Final=0.0, Time=0.0, Moves(0)=0.0, Pins(0)=0.0, Dist=0.0, Win Bonus=0.0
[2026-05-08 10:11:25] SCORE Tiefes Verstarkendes Lernen (gray0): Final=0.0, Time=0.0, Moves(0)=0.0, Pins(0)=0.0, Dist=0.0, Win Bonus=0.0
[2026-05-08 10:11:25] SCORE Gruppe 1 (yellow): Final=329.1, Time=97.1, Moves(11)=0.0, Pins(0)=0.0, Dist=232.0, Win Bonus=0.0
[2026-05-08 10:11:25] SCORE Erlend Og Linor (purple): Final=326.9, Time=98.9, Moves(11)=0.0, Pins(0)=0.0, Dist=228.0, Win Bonus=0.0
[2026-05-08 10:11:27] SCORE AlphaZeroClue (red): Final=301.5, Time=83.5, Moves(9)=0.0, Pins(0)=0.0, Dist=218.0, Win Bonus=0.0
[2026-05-08 10:11:27] SCORE Gruppe 2 (blue): Final=0.0, Time=0.0, Moves(0)=0.0, Pins(0)=0.0, Dist=0.0, Win Bonus=0.0
[2026-05-08 10:11:27] SCORE Group7 (lawn green): Final=0.0, Time=0.0, Moves(0)=0.0, Pins(0)=0.0, Dist=0.0, Win Bonus=0.0
[2026-05-08 10:11:27] SCORE Tiefes Verstarkendes Lernen (gray0): Final=0.0, Time=0.0, Moves(0)=0.0, Pins(0)=0.0, Dist=0.0, Win Bonus=0.0
[2026-05-08 10:11:27] SCORE Gruppe 1 (yellow): Final=329.1, Time=97.1, Moves(11)=0.0, Pins(0)=0.0, Dist=232.0, Win Bonus=0.0
[2026-05-08 10:11:27] SCORE Erlend Og Linor (purple): Final=326.9, Time=98.9, Moves(11)=0.0, Pins(0)=0.0, Dist=228.0, Win Bonus=0.0
[2026-05-08 10:11:27] TURN TIMEOUT: Player with colour red exceeded 2s at move 31. Turn skipped.
[2026-05-08 10:11:29] SCORE AlphaZeroClue (red): Final=301.5, Time=83.5, Moves(9)=0.0, Pins(0)=0.0, Dist=218.0, Win Bonus=0.0
[2026-05-08 10:11:29] SCORE Gruppe 2 (blue): Final=0.0, Time=0.0, Moves(0)=0.0, Pins(0)=0.0, Dist=0.0, Win Bonus=0.0
[2026-05-08 10:11:30] SCORE Group7 (lawn green): Final=0.0, Time=0.0, Moves(0)=0.0, Pins(0)=0.0, Dist=0.0, Win Bonus=0.0
[2026-05-08 10:11:30] SCORE Tiefes Verstarkendes Lernen (gray0): Final=0.0, Time=0.0, Moves(0)=0.0, Pins(0)=0.0, Dist=0.0, Win Bonus=0.0
[2026-05-08 10:11:30] SCORE Gruppe 1 (yellow): Final=329.1, Time=97.1, Moves(11)=0.0, Pins(0)=0.0, Dist=232.0, Win Bonus=0.0
[2026-05-08 10:11:30] SCORE Erlend Og Linor (purple): Final=326.9, Time=98.9, Moves(11)=0.0, Pins(0)=0.0, Dist=228.0, Win Bonus=0.0
[2026-05-08 10:11:30] TURN TIMEOUT: Player with colour lawn green exceeded 2s at move 31. Turn skipped.
[2026-05-08 10:11:30] MOVE 32: Gruppe 1 (yellow) 67->51 [0.00ms]
[2026-05-08 10:11:30] SCORE AlphaZeroClue (red): Final=301.5, Time=83.5, Moves(9)=0.0, Pins(0)=0.0, Dist=218.0, Win Bonus=0.0
[2026-05-08 10:11:30] SCORE Gruppe 2 (blue): Final=0.0, Time=0.0, Moves(0)=0.0, Pins(0)=0.0, Dist=0.0, Win Bonus=0.0
[2026-05-08 10:11:30] SCORE Group7 (lawn green): Final=0.0, Time=0.0, Moves(0)=0.0, Pins(0)=0.0, Dist=0.0, Win Bonus=0.0
[2026-05-08 10:11:30] SCORE Tiefes Verstarkendes Lernen (gray0): Final=0.0, Time=0.0, Moves(0)=0.0, Pins(0)=0.0, Dist=0.0, Win Bonus=0.0
[2026-05-08 10:11:30] SCORE Gruppe 1 (yellow): Final=332.9, Time=96.9, Moves(12)=0.0, Pins(0)=0.0, Dist=236.0, Win Bonus=0.0
[2026-05-08 10:11:30] SCORE Erlend Og Linor (purple): Final=326.9, Time=98.9, Moves(11)=0.0, Pins(0)=0.0, Dist=228.0, Win Bonus=0.0
[2026-05-08 10:11:32] SCORE AlphaZeroClue (red): Final=301.5, Time=83.5, Moves(9)=0.0, Pins(0)=0.0, Dist=218.0, Win Bonus=0.0
[2026-05-08 10:11:32] SCORE Gruppe 2 (blue): Final=0.0, Time=0.0, Moves(0)=0.0, Pins(0)=0.0, Dist=0.0, Win Bonus=0.0
[2026-05-08 10:11:32] SCORE Group7 (lawn green): Final=0.0, Time=0.0, Moves(0)=0.0, Pins(0)=0.0, Dist=0.0, Win Bonus=0.0
[2026-05-08 10:11:32] SCORE Tiefes Verstarkendes Lernen (gray0): Final=0.0, Time=0.0, Moves(0)=0.0, Pins(0)=0.0, Dist=0.0, Win Bonus=0.0
[2026-05-08 10:11:32] SCORE Gruppe 1 (yellow): Final=332.9, Time=96.9, Moves(12)=0.0, Pins(0)=0.0, Dist=236.0, Win Bonus=0.0
[2026-05-08 10:11:32] SCORE Erlend Og Linor (purple): Final=326.9, Time=98.9, Moves(11)=0.0, Pins(0)=0.0, Dist=228.0, Win Bonus=0.0
[2026-05-08 10:11:32] TURN TIMEOUT: Player with colour blue exceeded 2s at move 32. Turn skipped.
[2026-05-08 10:11:34] SCORE AlphaZeroClue (red): Final=301.5, Time=83.5, Moves(9)=0.0, Pins(0)=0.0, Dist=218.0, Win Bonus=0.0
[2026-05-08 10:11:34] SCORE Gruppe 2 (blue): Final=0.0, Time=0.0, Moves(0)=0.0, Pins(0)=0.0, Dist=0.0, Win Bonus=0.0
[2026-05-08 10:11:34] SCORE Group7 (lawn green): Final=0.0, Time=0.0, Moves(0)=0.0, Pins(0)=0.0, Dist=0.0, Win Bonus=0.0
[2026-05-08 10:11:34] SCORE Tiefes Verstarkendes Lernen (gray0): Final=0.0, Time=0.0, Moves(0)=0.0, Pins(0)=0.0, Dist=0.0, Win Bonus=0.0
[2026-05-08 10:11:34] SCORE Gruppe 1 (yellow): Final=332.9, Time=96.9, Moves(12)=0.0, Pins(0)=0.0, Dist=236.0, Win Bonus=0.0
[2026-05-08 10:11:34] SCORE Erlend Og Linor (purple): Final=326.9, Time=98.9, Moves(11)=0.0, Pins(0)=0.0, Dist=228.0, Win Bonus=0.0
[2026-05-08 10:11:34] TURN TIMEOUT: Player with colour gray0 exceeded 2s at move 32. Turn skipped.
[2026-05-08 10:11:34] MOVE 33: Erlend Og Linor (purple) 50->49 [0.00ms]
[2026-05-08 10:11:34] SCORE AlphaZeroClue (red): Final=301.5, Time=83.5, Moves(9)=0.0, Pins(0)=0.0, Dist=218.0, Win Bonus=0.0
[2026-05-08 10:11:34] SCORE Gruppe 2 (blue): Final=0.0, Time=0.0, Moves(0)=0.0, Pins(0)=0.0, Dist=0.0, Win Bonus=0.0
[2026-05-08 10:11:34] SCORE Group7 (lawn green): Final=0.0, Time=0.0, Moves(0)=0.0, Pins(0)=0.0, Dist=0.0, Win Bonus=0.0
[2026-05-08 10:11:34] SCORE Tiefes Verstarkendes Lernen (gray0): Final=0.0, Time=0.0, Moves(0)=0.0, Pins(0)=0.0, Dist=0.0, Win Bonus=0.0
[2026-05-08 10:11:34] SCORE Gruppe 1 (yellow): Final=332.9, Time=96.9, Moves(12)=0.0, Pins(0)=0.0, Dist=236.0, Win Bonus=0.0
[2026-05-08 10:11:34] SCORE Erlend Og Linor (purple): Final=328.8, Time=98.8, Moves(12)=0.0, Pins(0)=0.0, Dist=230.0, Win Bonus=0.0
[2026-05-08 10:11:36] SCORE AlphaZeroClue (red): Final=301.5, Time=83.5, Moves(9)=0.0, Pins(0)=0.0, Dist=218.0, Win Bonus=0.0
[2026-05-08 10:11:36] SCORE Gruppe 2 (blue): Final=0.0, Time=0.0, Moves(0)=0.0, Pins(0)=0.0, Dist=0.0, Win Bonus=0.0
[2026-05-08 10:11:36] SCORE Group7 (lawn green): Final=0.0, Time=0.0, Moves(0)=0.0, Pins(0)=0.0, Dist=0.0, Win Bonus=0.0
[2026-05-08 10:11:36] SCORE Tiefes Verstarkendes Lernen (gray0): Final=0.0, Time=0.0, Moves(0)=0.0, Pins(0)=0.0, Dist=0.0, Win Bonus=0.0
[2026-05-08 10:11:36] SCORE Gruppe 1 (yellow): Final=332.9, Time=96.9, Moves(12)=0.0, Pins(0)=0.0, Dist=236.0, Win Bonus=0.0
[2026-05-08 10:11:36] SCORE Erlend Og Linor (purple): Final=328.8, Time=98.8, Moves(12)=0.0, Pins(0)=0.0, Dist=230.0, Win Bonus=0.0
[2026-05-08 10:11:36] TURN TIMEOUT: Player with colour red exceeded 2s at move 33. Turn skipped.
[2026-05-08 10:11:38] SCORE AlphaZeroClue (red): Final=301.5, Time=83.5, Moves(9)=0.0, Pins(0)=0.0, Dist=218.0, Win Bonus=0.0
[2026-05-08 10:11:38] SCORE Gruppe 2 (blue): Final=0.0, Time=0.0, Moves(0)=0.0, Pins(0)=0.0, Dist=0.0, Win Bonus=0.0
[2026-05-08 10:11:38] SCORE Group7 (lawn green): Final=0.0, Time=0.0, Moves(0)=0.0, Pins(0)=0.0, Dist=0.0, Win Bonus=0.0
[2026-05-08 10:11:38] SCORE Tiefes Verstarkendes Lernen (gray0): Final=0.0, Time=0.0, Moves(0)=0.0, Pins(0)=0.0, Dist=0.0, Win Bonus=0.0
[2026-05-08 10:11:38] SCORE Gruppe 1 (yellow): Final=332.9, Time=96.9, Moves(12)=0.0, Pins(0)=0.0, Dist=236.0, Win Bonus=0.0
[2026-05-08 10:11:38] SCORE Erlend Og Linor (purple): Final=328.8, Time=98.8, Moves(12)=0.0, Pins(0)=0.0, Dist=230.0, Win Bonus=0.0
[2026-05-08 10:11:38] TURN TIMEOUT: Player with colour lawn green exceeded 2s at move 33. Turn skipped.
[2026-05-08 10:11:39] MOVE 34: Gruppe 1 (yellow) 48->97 [0.01ms]
[2026-05-08 10:11:39] SCORE AlphaZeroClue (red): Final=301.5, Time=83.5, Moves(9)=0.0, Pins(0)=0.0, Dist=218.0, Win Bonus=0.0
[2026-05-08 10:11:39] SCORE Gruppe 2 (blue): Final=0.0, Time=0.0, Moves(0)=0.0, Pins(0)=0.0, Dist=0.0, Win Bonus=0.0
[2026-05-08 10:11:39] SCORE Group7 (lawn green): Final=0.0, Time=0.0, Moves(0)=0.0, Pins(0)=0.0, Dist=0.0, Win Bonus=0.0
[2026-05-08 10:11:39] SCORE Tiefes Verstarkendes Lernen (gray0): Final=0.0, Time=0.0, Moves(0)=0.0, Pins(0)=0.0, Dist=0.0, Win Bonus=0.0
[2026-05-08 10:11:39] SCORE Gruppe 1 (yellow): Final=448.6, Time=96.6, Moves(13)=0.0, Pins(1)=100.0, Dist=252.0, Win Bonus=0.0
[2026-05-08 10:11:39] SCORE Erlend Og Linor (purple): Final=328.8, Time=98.8, Moves(12)=0.0, Pins(0)=0.0, Dist=230.0, Win Bonus=0.0
[2026-05-08 10:11:41] SCORE AlphaZeroClue (red): Final=301.5, Time=83.5, Moves(9)=0.0, Pins(0)=0.0, Dist=218.0, Win Bonus=0.0
[2026-05-08 10:11:41] SCORE Gruppe 2 (blue): Final=0.0, Time=0.0, Moves(0)=0.0, Pins(0)=0.0, Dist=0.0, Win Bonus=0.0
[2026-05-08 10:11:41] SCORE Group7 (lawn green): Final=0.0, Time=0.0, Moves(0)=0.0, Pins(0)=0.0, Dist=0.0, Win Bonus=0.0
[2026-05-08 10:11:41] SCORE Tiefes Verstarkendes Lernen (gray0): Final=0.0, Time=0.0, Moves(0)=0.0, Pins(0)=0.0, Dist=0.0, Win Bonus=0.0
[2026-05-08 10:11:41] SCORE Gruppe 1 (yellow): Final=448.6, Time=96.6, Moves(13)=0.0, Pins(1)=100.0, Dist=252.0, Win Bonus=0.0
[2026-05-08 10:11:41] SCORE Erlend Og Linor (purple): Final=328.8, Time=98.8, Moves(12)=0.0, Pins(0)=0.0, Dist=230.0, Win Bonus=0.0
[2026-05-08 10:11:41] TURN TIMEOUT: Player with colour blue exceeded 2s at move 34. Turn skipped.
[2026-05-08 10:11:43] SCORE AlphaZeroClue (red): Final=301.5, Time=83.5, Moves(9)=0.0, Pins(0)=0.0, Dist=218.0, Win Bonus=0.0
[2026-05-08 10:11:43] SCORE Gruppe 2 (blue): Final=0.0, Time=0.0, Moves(0)=0.0, Pins(0)=0.0, Dist=0.0, Win Bonus=0.0
[2026-05-08 10:11:43] SCORE Group7 (lawn green): Final=0.0, Time=0.0, Moves(0)=0.0, Pins(0)=0.0, Dist=0.0, Win Bonus=0.0
[2026-05-08 10:11:43] SCORE Tiefes Verstarkendes Lernen (gray0): Final=0.0, Time=0.0, Moves(0)=0.0, Pins(0)=0.0, Dist=0.0, Win Bonus=0.0
[2026-05-08 10:11:43] SCORE Gruppe 1 (yellow): Final=448.6, Time=96.6, Moves(13)=0.0, Pins(1)=100.0, Dist=252.0, Win Bonus=0.0
[2026-05-08 10:11:43] SCORE Erlend Og Linor (purple): Final=328.8, Time=98.8, Moves(12)=0.0, Pins(0)=0.0, Dist=230.0, Win Bonus=0.0
[2026-05-08 10:11:43] TURN TIMEOUT: Player with colour gray0 exceeded 2s at move 34. Turn skipped.
[2026-05-08 10:11:43] MOVE 35: Erlend Og Linor (purple) 82->38 [0.00ms]
[2026-05-08 10:11:43] SCORE AlphaZeroClue (red): Final=301.5, Time=83.5, Moves(9)=0.0, Pins(0)=0.0, Dist=218.0, Win Bonus=0.0
[2026-05-08 10:11:43] SCORE Gruppe 2 (blue): Final=0.0, Time=0.0, Moves(0)=0.0, Pins(0)=0.0, Dist=0.0, Win Bonus=0.0
[2026-05-08 10:11:43] SCORE Group7 (lawn green): Final=0.0, Time=0.0, Moves(0)=0.0, Pins(0)=0.0, Dist=0.0, Win Bonus=0.0
[2026-05-08 10:11:43] SCORE Tiefes Verstarkendes Lernen (gray0): Final=0.0, Time=0.0, Moves(0)=0.0, Pins(0)=0.0, Dist=0.0, Win Bonus=0.0
[2026-05-08 10:11:43] SCORE Gruppe 1 (yellow): Final=448.6, Time=96.6, Moves(13)=0.0, Pins(1)=100.0, Dist=252.0, Win Bonus=0.0
[2026-05-08 10:11:43] SCORE Erlend Og Linor (purple): Final=340.8, Time=98.8, Moves(13)=0.0, Pins(0)=0.0, Dist=242.0, Win Bonus=0.0
[2026-05-08 10:11:45] MOVE 36: AlphaZeroClue (red) 68->59 [0.01ms]
[2026-05-08 10:11:45] SCORE AlphaZeroClue (red): Final=301.6, Time=81.6, Moves(10)=0.0, Pins(0)=0.0, Dist=220.0, Win Bonus=0.0
[2026-05-08 10:11:45] SCORE Gruppe 2 (blue): Final=0.0, Time=0.0, Moves(0)=0.0, Pins(0)=0.0, Dist=0.0, Win Bonus=0.0
[2026-05-08 10:11:45] SCORE Group7 (lawn green): Final=0.0, Time=0.0, Moves(0)=0.0, Pins(0)=0.0, Dist=0.0, Win Bonus=0.0
[2026-05-08 10:11:45] SCORE Tiefes Verstarkendes Lernen (gray0): Final=0.0, Time=0.0, Moves(0)=0.0, Pins(0)=0.0, Dist=0.0, Win Bonus=0.0
[2026-05-08 10:11:45] SCORE Gruppe 1 (yellow): Final=448.6, Time=96.6, Moves(13)=0.0, Pins(1)=100.0, Dist=252.0, Win Bonus=0.0
[2026-05-08 10:11:45] SCORE Erlend Og Linor (purple): Final=340.8, Time=98.8, Moves(13)=0.0, Pins(0)=0.0, Dist=242.0, Win Bonus=0.0
[2026-05-08 10:11:47] SCORE AlphaZeroClue (red): Final=301.6, Time=81.6, Moves(10)=0.0, Pins(0)=0.0, Dist=220.0, Win Bonus=0.0
[2026-05-08 10:11:47] SCORE Gruppe 2 (blue): Final=0.0, Time=0.0, Moves(0)=0.0, Pins(0)=0.0, Dist=0.0, Win Bonus=0.0
[2026-05-08 10:11:47] SCORE Group7 (lawn green): Final=0.0, Time=0.0, Moves(0)=0.0, Pins(0)=0.0, Dist=0.0, Win Bonus=0.0
[2026-05-08 10:11:47] SCORE Tiefes Verstarkendes Lernen (gray0): Final=0.0, Time=0.0, Moves(0)=0.0, Pins(0)=0.0, Dist=0.0, Win Bonus=0.0
[2026-05-08 10:11:47] SCORE Gruppe 1 (yellow): Final=448.6, Time=96.6, Moves(13)=0.0, Pins(1)=100.0, Dist=252.0, Win Bonus=0.0
[2026-05-08 10:11:47] SCORE Erlend Og Linor (purple): Final=340.8, Time=98.8, Moves(13)=0.0, Pins(0)=0.0, Dist=242.0, Win Bonus=0.0
[2026-05-08 10:11:47] TURN TIMEOUT: Player with colour lawn green exceeded 2s at move 36. Turn skipped.
[2026-05-08 10:11:47] MOVE 37: Gruppe 1 (yellow) 66->74 [0.01ms]
[2026-05-08 10:11:47] SCORE AlphaZeroClue (red): Final=301.6, Time=81.6, Moves(10)=0.0, Pins(0)=0.0, Dist=220.0, Win Bonus=0.0
[2026-05-08 10:11:47] SCORE Gruppe 2 (blue): Final=0.0, Time=0.0, Moves(0)=0.0, Pins(0)=0.0, Dist=0.0, Win Bonus=0.0
[2026-05-08 10:11:47] SCORE Group7 (lawn green): Final=0.0, Time=0.0, Moves(0)=0.0, Pins(0)=0.0, Dist=0.0, Win Bonus=0.0
[2026-05-08 10:11:47] SCORE Tiefes Verstarkendes Lernen (gray0): Final=0.0, Time=0.0, Moves(0)=0.0, Pins(0)=0.0, Dist=0.0, Win Bonus=0.0
[2026-05-08 10:11:47] SCORE Gruppe 1 (yellow): Final=564.4, Time=96.4, Moves(14)=0.0, Pins(2)=200.0, Dist=268.0, Win Bonus=0.0
[2026-05-08 10:11:47] SCORE Erlend Og Linor (purple): Final=340.8, Time=98.8, Moves(13)=0.0, Pins(0)=0.0, Dist=242.0, Win Bonus=0.0
[2026-05-08 10:11:49] SCORE AlphaZeroClue (red): Final=301.6, Time=81.6, Moves(10)=0.0, Pins(0)=0.0, Dist=220.0, Win Bonus=0.0
[2026-05-08 10:11:49] SCORE Gruppe 2 (blue): Final=0.0, Time=0.0, Moves(0)=0.0, Pins(0)=0.0, Dist=0.0, Win Bonus=0.0
[2026-05-08 10:11:49] SCORE Group7 (lawn green): Final=0.0, Time=0.0, Moves(0)=0.0, Pins(0)=0.0, Dist=0.0, Win Bonus=0.0
[2026-05-08 10:11:49] SCORE Tiefes Verstarkendes Lernen (gray0): Final=0.0, Time=0.0, Moves(0)=0.0, Pins(0)=0.0, Dist=0.0, Win Bonus=0.0
[2026-05-08 10:11:49] SCORE Gruppe 1 (yellow): Final=564.4, Time=96.4, Moves(14)=0.0, Pins(2)=200.0, Dist=268.0, Win Bonus=0.0
[2026-05-08 10:11:49] SCORE Erlend Og Linor (purple): Final=340.8, Time=98.8, Moves(13)=0.0, Pins(0)=0.0, Dist=242.0, Win Bonus=0.0
[2026-05-08 10:11:49] TURN TIMEOUT: Player with colour blue exceeded 2s at move 37. Turn skipped.
[2026-05-08 10:11:51] SCORE AlphaZeroClue (red): Final=301.6, Time=81.6, Moves(10)=0.0, Pins(0)=0.0, Dist=220.0, Win Bonus=0.0
[2026-05-08 10:11:51] SCORE Gruppe 2 (blue): Final=0.0, Time=0.0, Moves(0)=0.0, Pins(0)=0.0, Dist=0.0, Win Bonus=0.0
[2026-05-08 10:11:51] SCORE Group7 (lawn green): Final=0.0, Time=0.0, Moves(0)=0.0, Pins(0)=0.0, Dist=0.0, Win Bonus=0.0
[2026-05-08 10:11:51] SCORE Tiefes Verstarkendes Lernen (gray0): Final=0.0, Time=0.0, Moves(0)=0.0, Pins(0)=0.0, Dist=0.0, Win Bonus=0.0
[2026-05-08 10:11:51] SCORE Gruppe 1 (yellow): Final=564.4, Time=96.4, Moves(14)=0.0, Pins(2)=200.0, Dist=268.0, Win Bonus=0.0
[2026-05-08 10:11:51] SCORE Erlend Og Linor (purple): Final=340.8, Time=98.8, Moves(13)=0.0, Pins(0)=0.0, Dist=242.0, Win Bonus=0.0
[2026-05-08 10:11:51] GAME TIME LIMIT REACHED.
[2026-05-08 10:11:51] SCORE AlphaZeroClue (red): Final=301.6, Time=81.6, Moves(10)=0.0, Pins(0)=0.0, Dist=220.0, Win Bonus=0.0
[2026-05-08 10:11:51] SCORE Gruppe 2 (blue): Final=0.0, Time=0.0, Moves(0)=0.0, Pins(0)=0.0, Dist=0.0, Win Bonus=0.0
[2026-05-08 10:11:51] SCORE Group7 (lawn green): Final=0.0, Time=0.0, Moves(0)=0.0, Pins(0)=0.0, Dist=0.0, Win Bonus=0.0
[2026-05-08 10:11:51] SCORE Tiefes Verstarkendes Lernen (gray0): Final=0.0, Time=0.0, Moves(0)=0.0, Pins(0)=0.0, Dist=0.0, Win Bonus=0.0
[2026-05-08 10:11:51] SCORE Gruppe 1 (yellow): Final=564.4, Time=96.4, Moves(14)=0.0, Pins(2)=200.0, Dist=268.0, Win Bonus=0.0
[2026-05-08 10:11:51] SCORE Erlend Og Linor (purple): Final=340.8, Time=98.8, Moves(13)=0.0, Pins(0)=0.0, Dist=242.0, Win Bonus=0.0
[2026-05-08 10:11:51] GAME TIME LIMIT REACHED.
[2026-05-08 10:11:52] SCORE AlphaZeroClue (red): Final=301.6, Time=81.6, Moves(10)=0.0, Pins(0)=0.0, Dist=220.0, Win Bonus=0.0
[2026-05-08 10:11:52] SCORE Gruppe 2 (blue): Final=0.0, Time=0.0, Moves(0)=0.0, Pins(0)=0.0, Dist=0.0, Win Bonus=0.0
[2026-05-08 10:11:52] SCORE Group7 (lawn green): Final=0.0, Time=0.0, Moves(0)=0.0, Pins(0)=0.0, Dist=0.0, Win Bonus=0.0
[2026-05-08 10:11:52] SCORE Tiefes Verstarkendes Lernen (gray0): Final=0.0, Time=0.0, Moves(0)=0.0, Pins(0)=0.0, Dist=0.0, Win Bonus=0.0
[2026-05-08 10:11:52] SCORE Gruppe 1 (yellow): Final=564.4, Time=96.4, Moves(14)=0.0, Pins(2)=200.0, Dist=268.0, Win Bonus=0.0
[2026-05-08 10:11:52] SCORE Erlend Og Linor (purple): Final=340.8, Time=98.8, Moves(13)=0.0, Pins(0)=0.0, Dist=242.0, Win Bonus=0.0
[2026-05-08 10:11:52] GAME TIME LIMIT REACHED.
[2026-05-08 10:12:29] SCORE AlphaZeroClue (red): Final=301.6, Time=81.6, Moves(10)=0.0, Pins(0)=0.0, Dist=220.0, Win Bonus=0.0
[2026-05-08 10:12:29] SCORE Gruppe 2 (blue): Final=0.0, Time=0.0, Moves(0)=0.0, Pins(0)=0.0, Dist=0.0, Win Bonus=0.0
[2026-05-08 10:12:29] SCORE Group7 (lawn green): Final=0.0, Time=0.0, Moves(0)=0.0, Pins(0)=0.0, Dist=0.0, Win Bonus=0.0
[2026-05-08 10:12:29] SCORE Tiefes Verstarkendes Lernen (gray0): Final=0.0, Time=0.0, Moves(0)=0.0, Pins(0)=0.0, Dist=0.0, Win Bonus=0.0
[2026-05-08 10:12:29] SCORE Gruppe 1 (yellow): Final=564.4, Time=96.4, Moves(14)=0.0, Pins(2)=200.0, Dist=268.0, Win Bonus=0.0
[2026-05-08 10:12:29] SCORE Erlend Og Linor (purple): Final=340.8, Time=98.8, Moves(13)=0.0, Pins(0)=0.0, Dist=242.0, Win Bonus=0.0
[2026-05-08 10:12:29] GAME TIME LIMIT REACHED.
[2026-05-08 10:12:29] PLAYER START: AlphaZeroClue (red)
[2026-05-08 10:12:29] PLAYER START: Gruppe 2 (blue)
[2026-05-08 10:12:29] PLAYER START: Group7 (lawn green)
[2026-05-08 10:12:29] PLAYER START: Tiefes Verstarkendes Lernen (gray0)
[2026-05-08 10:12:29] PLAYER START: Gruppe 1 (yellow)
[2026-05-08 10:12:29] PLAYER START: Erlend Og Linor (purple)
[2026-05-08 10:12:29] SCORE AlphaZeroClue (red): Final=301.6, Time=81.6, Moves(10)=0.0, Pins(0)=0.0, Dist=220.0, Win Bonus=0.0
[2026-05-08 10:12:29] SCORE Gruppe 2 (blue): Final=0.0, Time=0.0, Moves(0)=0.0, Pins(0)=0.0, Dist=0.0, Win Bonus=0.0
[2026-05-08 10:12:29] SCORE Group7 (lawn green): Final=0.0, Time=0.0, Moves(0)=0.0, Pins(0)=0.0, Dist=0.0, Win Bonus=0.0
[2026-05-08 10:12:29] SCORE Tiefes Verstarkendes Lernen (gray0): Final=0.0, Time=0.0, Moves(0)=0.0, Pins(0)=0.0, Dist=0.0, Win Bonus=0.0
[2026-05-08 10:12:29] SCORE Gruppe 1 (yellow): Final=564.4, Time=96.4, Moves(14)=0.0, Pins(2)=200.0, Dist=268.0, Win Bonus=0.0
[2026-05-08 10:12:29] SCORE Erlend Og Linor (purple): Final=340.8, Time=98.8, Moves(13)=0.0, Pins(0)=0.0, Dist=242.0, Win Bonus=0.0
[2026-05-08 10:12:29] GAME TIME LIMIT REACHED.
