[2026-05-08 09:48:09] GAME CREATED
[2026-05-08 09:48:16] PLAYER JOINED: S&S as yellow
[2026-05-08 09:48:17] PLAYER JOINED: AlphaZeroClue as purple
[2026-05-08 09:48:17] PLAYER START: S&S (yellow)
[2026-05-08 09:48:17] PLAYER START: AlphaZeroClue (purple)
[2026-05-08 09:48:17] GAME START — turn order ['yellow', 'purple']
[2026-05-08 09:48:18] MOVE 1: S&S (yellow) 46->47 [0.00ms]
[2026-05-08 09:48:18] SCORE S&S (yellow): Final=281.4, Time=99.4, Moves(1)=0.0, Pins(0)=0.0, Dist=182.0, Win Bonus=0.0
[2026-05-08 09:48:18] SCORE AlphaZeroClue (purple): Final=0.0, Time=0.0, Moves(0)=0.0, Pins(0)=0.0, Dist=0.0, Win Bonus=0.0
[2026-05-08 09:48:20] SCORE S&S (yellow): Final=281.4, Time=99.4, Moves(1)=0.0, Pins(0)=0.0, Dist=182.0, Win Bonus=0.0
[2026-05-08 09:48:20] SCORE AlphaZeroClue (purple): Final=0.0, Time=0.0, Moves(0)=0.0, Pins(0)=0.0, Dist=0.0, Win Bonus=0.0
[2026-05-08 09:48:20] TURN TIMEOUT: Player with colour purple exceeded 2s at move 1. Turn skipped.
[2026-05-08 09:48:20] MOVE 2: S&S (yellow) 23->48 [0.01ms]
[2026-05-08 09:48:20] SCORE S&S (yellow): Final=289.2, Time=99.2, Moves(2)=0.0, Pins(0)=0.0, Dist=190.0, Win Bonus=0.0
[2026-05-08 09:48:20] SCORE AlphaZeroClue (purple): Final=0.0, Time=0.0, Moves(0)=0.0, Pins(0)=0.0, Dist=0.0, Win Bonus=0.0
[2026-05-08 09:48:20] MOVE 3: AlphaZeroClue (purple) 108->106 [0.00ms]
[2026-05-08 09:48:20] SCORE S&S (yellow): Final=289.2, Time=99.2, Moves(2)=0.0, Pins(0)=0.0, Dist=190.0, Win Bonus=0.0
[2026-05-08 09:48:20] SCORE AlphaZeroClue (purple): Final=283.6, Time=99.6, Moves(1)=0.0, Pins(0)=0.0, Dist=184.0, Win Bonus=0.0
[2026-05-08 09:48:21] MOVE 4: S&S (yellow) 12->58 [0.00ms]
[2026-05-08 09:48:21] SCORE S&S (yellow): Final=296.9, Time=98.9, Moves(3)=0.0, Pins(0)=0.0, Dist=198.0, Win Bonus=0.0
[2026-05-08 09:48:21] SCORE AlphaZeroClue (purple): Final=283.6, Time=99.6, Moves(1)=0.0, Pins(0)=0.0, Dist=184.0, Win Bonus=0.0
[2026-05-08 09:48:23] SCORE S&S (yellow): Final=296.9, Time=98.9, Moves(3)=0.0, Pins(0)=0.0, Dist=198.0, Win Bonus=0.0
[2026-05-08 09:48:23] SCORE AlphaZeroClue (purple): Final=283.6, Time=99.6, Moves(1)=0.0, Pins(0)=0.0, Dist=184.0, Win Bonus=0.0
[2026-05-08 09:48:23] TURN TIMEOUT: Player with colour purple exceeded 2s at move 4. Turn skipped.
[2026-05-08 09:48:23] MOVE 5: S&S (yellow) 36->59 [0.00ms]
[2026-05-08 09:48:23] SCORE S&S (yellow): Final=304.6, Time=98.6, Moves(4)=0.0, Pins(0)=0.0, Dist=206.0, Win Bonus=0.0
[2026-05-08 09:48:23] SCORE AlphaZeroClue (purple): Final=283.6, Time=99.6, Moves(1)=0.0, Pins(0)=0.0, Dist=184.0, Win Bonus=0.0
[2026-05-08 09:48:25] SCORE S&S (yellow): Final=304.6, Time=98.6, Moves(4)=0.0, Pins(0)=0.0, Dist=206.0, Win Bonus=0.0
[2026-05-08 09:48:25] SCORE AlphaZeroClue (purple): Final=283.6, Time=99.6, Moves(1)=0.0, Pins(0)=0.0, Dist=184.0, Win Bonus=0.0
[2026-05-08 09:48:25] TURN TIMEOUT: Player with colour purple exceeded 2s at move 5. Turn skipped.
[2026-05-08 09:48:25] MOVE 6: S&S (yellow) 10->37 [0.00ms]
[2026-05-08 09:48:25] SCORE S&S (yellow): Final=312.4, Time=98.4, Moves(5)=0.0, Pins(0)=0.0, Dist=214.0, Win Bonus=0.0
[2026-05-08 09:48:25] SCORE AlphaZeroClue (purple): Final=283.6, Time=99.6, Moves(1)=0.0, Pins(0)=0.0, Dist=184.0, Win Bonus=0.0
[2026-05-08 09:48:28] SCORE S&S (yellow): Final=312.4, Time=98.4, Moves(5)=0.0, Pins(0)=0.0, Dist=214.0, Win Bonus=0.0
[2026-05-08 09:48:28] SCORE AlphaZeroClue (purple): Final=283.6, Time=99.6, Moves(1)=0.0, Pins(0)=0.0, Dist=184.0, Win Bonus=0.0
[2026-05-08 09:48:28] TURN TIMEOUT: Player with colour purple exceeded 2s at move 6. Turn skipped.
[2026-05-08 09:48:28] MOVE 7: S&S (yellow) 11->38 [0.00ms]
[2026-05-08 09:48:28] SCORE S&S (yellow): Final=320.1, Time=98.1, Moves(6)=0.0, Pins(0)=0.0, Dist=222.0, Win Bonus=0.0
[2026-05-08 09:48:28] SCORE AlphaZeroClue (purple): Final=283.6, Time=99.6, Moves(1)=0.0, Pins(0)=0.0, Dist=184.0, Win Bonus=0.0
[2026-05-08 09:48:30] SCORE S&S (yellow): Final=320.1, Time=98.1, Moves(6)=0.0, Pins(0)=0.0, Dist=222.0, Win Bonus=0.0
[2026-05-08 09:48:30] SCORE AlphaZeroClue (purple): Final=283.6, Time=99.6, Moves(1)=0.0, Pins(0)=0.0, Dist=184.0, Win Bonus=0.0
[2026-05-08 09:48:30] TURN TIMEOUT: Player with colour purple exceeded 2s at move 7. Turn skipped.
[2026-05-08 09:48:30] MOVE 8: S&S (yellow) 24->69 [0.00ms]
[2026-05-08 09:48:30] SCORE S&S (yellow): Final=331.8, Time=97.8, Moves(7)=0.0, Pins(0)=0.0, Dist=234.0, Win Bonus=0.0
[2026-05-08 09:48:30] SCORE AlphaZeroClue (purple): Final=283.6, Time=99.6, Moves(1)=0.0, Pins(0)=0.0, Dist=184.0, Win Bonus=0.0
[2026-05-08 09:48:32] SCORE S&S (yellow): Final=331.8, Time=97.8, Moves(7)=0.0, Pins(0)=0.0, Dist=234.0, Win Bonus=0.0
[2026-05-08 09:48:32] SCORE AlphaZeroClue (purple): Final=283.6, Time=99.6, Moves(1)=0.0, Pins(0)=0.0, Dist=184.0, Win Bonus=0.0
[2026-05-08 09:48:32] TURN TIMEOUT: Player with colour purple exceeded 2s at move 8. Turn skipped.
[2026-05-08 09:48:33] MOVE 9: S&S (yellow) 48->70 [0.00ms]
[2026-05-08 09:48:33] SCORE S&S (yellow): Final=339.5, Time=97.5, Moves(8)=0.0, Pins(0)=0.0, Dist=242.0, Win Bonus=0.0
[2026-05-08 09:48:33] SCORE AlphaZeroClue (purple): Final=283.6, Time=99.6, Moves(1)=0.0, Pins(0)=0.0, Dist=184.0, Win Bonus=0.0
[2026-05-08 09:48:35] SCORE S&S (yellow): Final=339.5, Time=97.5, Moves(8)=0.0, Pins(0)=0.0, Dist=242.0, Win Bonus=0.0
[2026-05-08 09:48:35] SCORE AlphaZeroClue (purple): Final=283.6, Time=99.6, Moves(1)=0.0, Pins(0)=0.0, Dist=184.0, Win Bonus=0.0
[2026-05-08 09:48:35] TURN TIMEOUT: Player with colour purple exceeded 2s at move 9. Turn skipped.
[2026-05-08 09:48:35] MOVE 10: S&S (yellow) 25->68 [0.00ms]
[2026-05-08 09:48:35] SCORE S&S (yellow): Final=347.2, Time=97.2, Moves(9)=0.0, Pins(0)=0.0, Dist=250.0, Win Bonus=0.0
[2026-05-08 09:48:35] SCORE AlphaZeroClue (purple): Final=283.6, Time=99.6, Moves(1)=0.0, Pins(0)=0.0, Dist=184.0, Win Bonus=0.0
[2026-05-08 09:48:35] MOVE 11: AlphaZeroClue (purple) 96->114 [0.00ms]
[2026-05-08 09:48:35] SCORE S&S (yellow): Final=347.2, Time=97.2, Moves(9)=0.0, Pins(0)=0.0, Dist=250.0, Win Bonus=0.0
[2026-05-08 09:48:35] SCORE AlphaZeroClue (purple): Final=287.5, Time=99.5, Moves(2)=0.0, Pins(0)=0.0, Dist=188.0, Win Bonus=0.0
[2026-05-08 09:48:36] MOVE 12: S&S (yellow) 58->81 [0.00ms]
[2026-05-08 09:48:36] SCORE S&S (yellow): Final=354.5, Time=96.5, Moves(10)=0.0, Pins(0)=0.0, Dist=258.0, Win Bonus=0.0
[2026-05-08 09:48:36] SCORE AlphaZeroClue (purple): Final=287.5, Time=99.5, Moves(2)=0.0, Pins(0)=0.0, Dist=188.0, Win Bonus=0.0
[2026-05-08 09:48:38] SCORE S&S (yellow): Final=354.5, Time=96.5, Moves(10)=0.0, Pins(0)=0.0, Dist=258.0, Win Bonus=0.0
[2026-05-08 09:48:38] SCORE AlphaZeroClue (purple): Final=287.5, Time=99.5, Moves(2)=0.0, Pins(0)=0.0, Dist=188.0, Win Bonus=0.0
[2026-05-08 09:48:38] TURN TIMEOUT: Player with colour purple exceeded 2s at move 12. Turn skipped.
[2026-05-08 09:48:38] MOVE 13: S&S (yellow) 47->49 [0.01ms]
[2026-05-08 09:48:38] SCORE S&S (yellow): Final=358.2, Time=96.2, Moves(11)=0.0, Pins(0)=0.0, Dist=262.0, Win Bonus=0.0
[2026-05-08 09:48:38] SCORE AlphaZeroClue (purple): Final=287.5, Time=99.5, Moves(2)=0.0, Pins(0)=0.0, Dist=188.0, Win Bonus=0.0
[2026-05-08 09:48:40] SCORE S&S (yellow): Final=358.2, Time=96.2, Moves(11)=0.0, Pins(0)=0.0, Dist=262.0, Win Bonus=0.0
[2026-05-08 09:48:40] SCORE AlphaZeroClue (purple): Final=287.5, Time=99.5, Moves(2)=0.0, Pins(0)=0.0, Dist=188.0, Win Bonus=0.0
[2026-05-08 09:48:40] TURN TIMEOUT: Player with colour purple exceeded 2s at move 13. Turn skipped.
[2026-05-08 09:48:41] MOVE 14: S&S (yellow) 37->60 [0.01ms]
[2026-05-08 09:48:41] SCORE S&S (yellow): Final=365.9, Time=95.9, Moves(12)=0.0, Pins(0)=0.0, Dist=270.0, Win Bonus=0.0
[2026-05-08 09:48:41] SCORE AlphaZeroClue (purple): Final=287.5, Time=99.5, Moves(2)=0.0, Pins(0)=0.0, Dist=188.0, Win Bonus=0.0
[2026-05-08 09:48:43] SCORE S&S (yellow): Final=365.9, Time=95.9, Moves(12)=0.0, Pins(0)=0.0, Dist=270.0, Win Bonus=0.0
[2026-05-08 09:48:43] SCORE AlphaZeroClue (purple): Final=287.5, Time=99.5, Moves(2)=0.0, Pins(0)=0.0, Dist=188.0, Win Bonus=0.0
[2026-05-08 09:48:43] TURN TIMEOUT: Player with colour purple exceeded 2s at move 14. Turn skipped.
[2026-05-08 09:48:43] MOVE 15: S&S (yellow) 59->82 [0.01ms]
[2026-05-08 09:48:43] SCORE S&S (yellow): Final=373.6, Time=95.6, Moves(13)=0.0, Pins(0)=0.0, Dist=278.0, Win Bonus=0.0
[2026-05-08 09:48:43] SCORE AlphaZeroClue (purple): Final=287.5, Time=99.5, Moves(2)=0.0, Pins(0)=0.0, Dist=188.0, Win Bonus=0.0
[2026-05-08 09:48:45] SCORE S&S (yellow): Final=373.6, Time=95.6, Moves(13)=0.0, Pins(0)=0.0, Dist=278.0, Win Bonus=0.0
[2026-05-08 09:48:45] SCORE AlphaZeroClue (purple): Final=287.5, Time=99.5, Moves(2)=0.0, Pins(0)=0.0, Dist=188.0, Win Bonus=0.0
[2026-05-08 09:48:45] TURN TIMEOUT: Player with colour purple exceeded 2s at move 15. Turn skipped.
[2026-05-08 09:48:46] MOVE 16: S&S (yellow) 81->108 [0.01ms]
[2026-05-08 09:48:46] SCORE S&S (yellow): Final=479.2, Time=95.2, Moves(14)=0.0, Pins(1)=100.0, Dist=284.0, Win Bonus=0.0
[2026-05-08 09:48:46] SCORE AlphaZeroClue (purple): Final=287.5, Time=99.5, Moves(2)=0.0, Pins(0)=0.0, Dist=188.0, Win Bonus=0.0
[2026-05-08 09:48:48] SCORE S&S (yellow): Final=479.2, Time=95.2, Moves(14)=0.0, Pins(1)=100.0, Dist=284.0, Win Bonus=0.0
[2026-05-08 09:48:48] SCORE AlphaZeroClue (purple): Final=287.5, Time=99.5, Moves(2)=0.0, Pins(0)=0.0, Dist=188.0, Win Bonus=0.0
[2026-05-08 09:48:48] TURN TIMEOUT: Player with colour purple exceeded 2s at move 16. Turn skipped.
[2026-05-08 09:48:48] MOVE 17: S&S (yellow) 60->83 [0.01ms]
[2026-05-08 09:48:48] SCORE S&S (yellow): Final=486.9, Time=94.9, Moves(15)=0.0, Pins(1)=100.0, Dist=292.0, Win Bonus=0.0
[2026-05-08 09:48:48] SCORE AlphaZeroClue (purple): Final=287.5, Time=99.5, Moves(2)=0.0, Pins(0)=0.0, Dist=188.0, Win Bonus=0.0
[2026-05-08 09:48:50] SCORE S&S (yellow): Final=486.9, Time=94.9, Moves(15)=0.0, Pins(1)=100.0, Dist=292.0, Win Bonus=0.0
[2026-05-08 09:48:50] SCORE AlphaZeroClue (purple): Final=287.5, Time=99.5, Moves(2)=0.0, Pins(0)=0.0, Dist=188.0, Win Bonus=0.0
[2026-05-08 09:48:50] TURN TIMEOUT: Player with colour purple exceeded 2s at move 17. Turn skipped.
[2026-05-08 09:48:51] MOVE 18: S&S (yellow) 69->96 [0.01ms]
[2026-05-08 09:48:51] SCORE S&S (yellow): Final=596.6, Time=94.6, Moves(16)=0.0, Pins(2)=200.0, Dist=302.0, Win Bonus=0.0
[2026-05-08 09:48:51] SCORE AlphaZeroClue (purple): Final=287.5, Time=99.5, Moves(2)=0.0, Pins(0)=0.0, Dist=188.0, Win Bonus=0.0
[2026-05-08 09:48:53] SCORE S&S (yellow): Final=596.6, Time=94.6, Moves(16)=0.0, Pins(2)=200.0, Dist=302.0, Win Bonus=0.0
[2026-05-08 09:48:53] SCORE AlphaZeroClue (purple): Final=287.5, Time=99.5, Moves(2)=0.0, Pins(0)=0.0, Dist=188.0, Win Bonus=0.0
[2026-05-08 09:48:53] TURN TIMEOUT: Player with colour purple exceeded 2s at move 18. Turn skipped.
[2026-05-08 09:48:53] MOVE 19: S&S (yellow) 68->69 [0.01ms]
[2026-05-08 09:48:53] SCORE S&S (yellow): Final=598.2, Time=94.2, Moves(17)=0.0, Pins(2)=200.0, Dist=304.0, Win Bonus=0.0
[2026-05-08 09:48:53] SCORE AlphaZeroClue (purple): Final=287.5, Time=99.5, Moves(2)=0.0, Pins(0)=0.0, Dist=188.0, Win Bonus=0.0
[2026-05-08 09:48:55] SCORE S&S (yellow): Final=598.2, Time=94.2, Moves(17)=0.0, Pins(2)=200.0, Dist=304.0, Win Bonus=0.0
[2026-05-08 09:48:55] SCORE AlphaZeroClue (purple): Final=287.5, Time=99.5, Moves(2)=0.0, Pins(0)=0.0, Dist=188.0, Win Bonus=0.0
[2026-05-08 09:48:55] TURN TIMEOUT: Player with colour purple exceeded 2s at move 19. Turn skipped.
[2026-05-08 09:48:56] MOVE 20: S&S (yellow) 38->80 [0.01ms]
[2026-05-08 09:48:56] SCORE S&S (yellow): Final=605.9, Time=93.9, Moves(18)=0.0, Pins(2)=200.0, Dist=312.0, Win Bonus=0.0
[2026-05-08 09:48:56] SCORE AlphaZeroClue (purple): Final=287.5, Time=99.5, Moves(2)=0.0, Pins(0)=0.0, Dist=188.0, Win Bonus=0.0
[2026-05-08 09:48:58] SCORE S&S (yellow): Final=605.9, Time=93.9, Moves(18)=0.0, Pins(2)=200.0, Dist=312.0, Win Bonus=0.0
[2026-05-08 09:48:58] SCORE AlphaZeroClue (purple): Final=287.5, Time=99.5, Moves(2)=0.0, Pins(0)=0.0, Dist=188.0, Win Bonus=0.0
[2026-05-08 09:48:58] TURN TIMEOUT: Player with colour purple exceeded 2s at move 20. Turn skipped.
[2026-05-08 09:48:58] MOVE 21: S&S (yellow) 49->59 [0.01ms]
[2026-05-08 09:48:58] SCORE S&S (yellow): Final=607.6, Time=93.6, Moves(19)=0.0, Pins(2)=200.0, Dist=314.0, Win Bonus=0.0
[2026-05-08 09:48:58] SCORE AlphaZeroClue (purple): Final=287.5, Time=99.5, Moves(2)=0.0, Pins(0)=0.0, Dist=188.0, Win Bonus=0.0
[2026-05-08 09:49:00] SCORE S&S (yellow): Final=607.6, Time=93.6, Moves(19)=0.0, Pins(2)=200.0, Dist=314.0, Win Bonus=0.0
[2026-05-08 09:49:00] SCORE AlphaZeroClue (purple): Final=287.5, Time=99.5, Moves(2)=0.0, Pins(0)=0.0, Dist=188.0, Win Bonus=0.0
[2026-05-08 09:49:00] TURN TIMEOUT: Player with colour purple exceeded 2s at move 21. Turn skipped.
[2026-05-08 09:49:00] MOVE 22: S&S (yellow) 35->46 [0.01ms]
[2026-05-08 09:49:00] SCORE S&S (yellow): Final=609.3, Time=93.3, Moves(20)=0.0, Pins(2)=200.0, Dist=316.0, Win Bonus=0.0
[2026-05-08 09:49:00] SCORE AlphaZeroClue (purple): Final=287.5, Time=99.5, Moves(2)=0.0, Pins(0)=0.0, Dist=188.0, Win Bonus=0.0
[2026-05-08 09:49:01] MOVE 23: AlphaZeroClue (purple) 84->73 [0.00ms]
[2026-05-08 09:49:01] SCORE S&S (yellow): Final=609.3, Time=93.3, Moves(20)=0.0, Pins(2)=200.0, Dist=316.0, Win Bonus=0.0
[2026-05-08 09:49:01] SCORE AlphaZeroClue (purple): Final=288.7, Time=98.7, Moves(3)=0.0, Pins(0)=0.0, Dist=190.0, Win Bonus=0.0
[2026-05-08 09:49:02] MOVE 24: S&S (yellow) 82->84 [0.01ms]
[2026-05-08 09:49:02] SCORE S&S (yellow): Final=712.8, Time=92.8, Moves(21)=0.0, Pins(3)=300.0, Dist=320.0, Win Bonus=0.0
[2026-05-08 09:49:02] SCORE AlphaZeroClue (purple): Final=288.7, Time=98.7, Moves(3)=0.0, Pins(0)=0.0, Dist=190.0, Win Bonus=0.0
[2026-05-08 09:49:04] SCORE S&S (yellow): Final=712.8, Time=92.8, Moves(21)=0.0, Pins(3)=300.0, Dist=320.0, Win Bonus=0.0
[2026-05-08 09:49:04] SCORE AlphaZeroClue (purple): Final=288.7, Time=98.7, Moves(3)=0.0, Pins(0)=0.0, Dist=190.0, Win Bonus=0.0
[2026-05-08 09:49:04] TURN TIMEOUT: Player with colour purple exceeded 2s at move 24. Turn skipped.
[2026-05-08 09:49:04] MOVE 25: S&S (yellow) 70->81 [0.01ms]
[2026-05-08 09:49:04] SCORE S&S (yellow): Final=714.5, Time=92.5, Moves(22)=0.0, Pins(3)=300.0, Dist=322.0, Win Bonus=0.0
[2026-05-08 09:49:04] SCORE AlphaZeroClue (purple): Final=288.7, Time=98.7, Moves(3)=0.0, Pins(0)=0.0, Dist=190.0, Win Bonus=0.0
[2026-05-08 09:49:06] SCORE S&S (yellow): Final=714.5, Time=92.5, Moves(22)=0.0, Pins(3)=300.0, Dist=322.0, Win Bonus=0.0
[2026-05-08 09:49:06] SCORE AlphaZeroClue (purple): Final=288.7, Time=98.7, Moves(3)=0.0, Pins(0)=0.0, Dist=190.0, Win Bonus=0.0
[2026-05-08 09:49:06] TURN TIMEOUT: Player with colour purple exceeded 2s at move 25. Turn skipped.
[2026-05-08 09:49:07] MOVE 26: S&S (yellow) 81->93 [0.01ms]
[2026-05-08 09:49:07] SCORE S&S (yellow): Final=716.2, Time=92.2, Moves(23)=0.0, Pins(3)=300.0, Dist=324.0, Win Bonus=0.0
[2026-05-08 09:49:07] SCORE AlphaZeroClue (purple): Final=288.7, Time=98.7, Moves(3)=0.0, Pins(0)=0.0, Dist=190.0, Win Bonus=0.0
[2026-05-08 09:49:09] SCORE S&S (yellow): Final=716.2, Time=92.2, Moves(23)=0.0, Pins(3)=300.0, Dist=324.0, Win Bonus=0.0
[2026-05-08 09:49:09] SCORE AlphaZeroClue (purple): Final=288.7, Time=98.7, Moves(3)=0.0, Pins(0)=0.0, Dist=190.0, Win Bonus=0.0
[2026-05-08 09:49:09] TURN TIMEOUT: Player with colour purple exceeded 2s at move 26. Turn skipped.
[2026-05-08 09:49:09] MOVE 27: S&S (yellow) 69->94 [0.00ms]
[2026-05-08 09:49:09] SCORE S&S (yellow): Final=724.0, Time=92.0, Moves(24)=0.0, Pins(3)=300.0, Dist=332.0, Win Bonus=0.0
[2026-05-08 09:49:09] SCORE AlphaZeroClue (purple): Final=288.7, Time=98.7, Moves(3)=0.0, Pins(0)=0.0, Dist=190.0, Win Bonus=0.0
[2026-05-08 09:49:11] SCORE S&S (yellow): Final=724.0, Time=92.0, Moves(24)=0.0, Pins(3)=300.0, Dist=332.0, Win Bonus=0.0
[2026-05-08 09:49:11] SCORE AlphaZeroClue (purple): Final=288.7, Time=98.7, Moves(3)=0.0, Pins(0)=0.0, Dist=190.0, Win Bonus=0.0
[2026-05-08 09:49:11] TURN TIMEOUT: Player with colour purple exceeded 2s at move 27. Turn skipped.
[2026-05-08 09:49:11] MOVE 28: S&S (yellow) 13->26 [0.01ms]
[2026-05-08 09:49:11] SCORE S&S (yellow): Final=725.8, Time=91.8, Moves(25)=0.0, Pins(3)=300.0, Dist=334.0, Win Bonus=0.0
[2026-05-08 09:49:11] SCORE AlphaZeroClue (purple): Final=288.7, Time=98.7, Moves(3)=0.0, Pins(0)=0.0, Dist=190.0, Win Bonus=0.0
[2026-05-08 09:49:11] MOVE 29: AlphaZeroClue (purple) 106->79 [0.01ms]
[2026-05-08 09:49:11] SCORE S&S (yellow): Final=725.8, Time=91.8, Moves(25)=0.0, Pins(3)=300.0, Dist=334.0, Win Bonus=0.0
[2026-05-08 09:49:11] SCORE AlphaZeroClue (purple): Final=296.7, Time=98.7, Moves(4)=0.0, Pins(0)=0.0, Dist=198.0, Win Bonus=0.0
[2026-05-08 09:49:12] MOVE 30: S&S (yellow) 26->38 [0.01ms]
[2026-05-08 09:49:12] SCORE S&S (yellow): Final=727.0, Time=91.0, Moves(26)=0.0, Pins(3)=300.0, Dist=336.0, Win Bonus=0.0
[2026-05-08 09:49:12] SCORE AlphaZeroClue (purple): Final=296.7, Time=98.7, Moves(4)=0.0, Pins(0)=0.0, Dist=198.0, Win Bonus=0.0
[2026-05-08 09:49:14] SCORE S&S (yellow): Final=727.0, Time=91.0, Moves(26)=0.0, Pins(3)=300.0, Dist=336.0, Win Bonus=0.0
[2026-05-08 09:49:14] SCORE AlphaZeroClue (purple): Final=296.7, Time=98.7, Moves(4)=0.0, Pins(0)=0.0, Dist=198.0, Win Bonus=0.0
[2026-05-08 09:49:14] TURN TIMEOUT: Player with colour purple exceeded 2s at move 30. Turn skipped.
[2026-05-08 09:49:14] MOVE 31: S&S (yellow) 80->91 [0.01ms]
[2026-05-08 09:49:14] SCORE S&S (yellow): Final=726.8, Time=90.8, Moves(27)=0.0, Pins(3)=300.0, Dist=336.0, Win Bonus=0.0
[2026-05-08 09:49:14] SCORE AlphaZeroClue (purple): Final=296.7, Time=98.7, Moves(4)=0.0, Pins(0)=0.0, Dist=198.0, Win Bonus=0.0
[2026-05-08 09:49:17] SCORE S&S (yellow): Final=726.8, Time=90.8, Moves(27)=0.0, Pins(3)=300.0, Dist=336.0, Win Bonus=0.0
[2026-05-08 09:49:17] SCORE AlphaZeroClue (purple): Final=296.7, Time=98.7, Moves(4)=0.0, Pins(0)=0.0, Dist=198.0, Win Bonus=0.0
[2026-05-08 09:49:17] TURN TIMEOUT: Player with colour purple exceeded 2s at move 31. Turn skipped.
[2026-05-08 09:49:17] MOVE 32: S&S (yellow) 91->104 [0.01ms]
[2026-05-08 09:49:17] SCORE S&S (yellow): Final=728.3, Time=90.3, Moves(28)=0.0, Pins(3)=300.0, Dist=338.0, Win Bonus=0.0
[2026-05-08 09:49:17] SCORE AlphaZeroClue (purple): Final=296.7, Time=98.7, Moves(4)=0.0, Pins(0)=0.0, Dist=198.0, Win Bonus=0.0
[2026-05-08 09:49:19] SCORE S&S (yellow): Final=728.3, Time=90.3, Moves(28)=0.0, Pins(3)=300.0, Dist=338.0, Win Bonus=0.0
[2026-05-08 09:49:19] SCORE AlphaZeroClue (purple): Final=296.7, Time=98.7, Moves(4)=0.0, Pins(0)=0.0, Dist=198.0, Win Bonus=0.0
[2026-05-08 09:49:19] TURN TIMEOUT: Player with colour purple exceeded 2s at move 32. Turn skipped.
[2026-05-08 09:49:20] MOVE 33: S&S (yellow) 94->106 [0.01ms]
[2026-05-08 09:49:20] SCORE S&S (yellow): Final=728.1, Time=90.1, Moves(29)=0.0, Pins(3)=300.0, Dist=338.0, Win Bonus=0.0
[2026-05-08 09:49:20] SCORE AlphaZeroClue (purple): Final=296.7, Time=98.7, Moves(4)=0.0, Pins(0)=0.0, Dist=198.0, Win Bonus=0.0
[2026-05-08 09:49:22] SCORE S&S (yellow): Final=728.1, Time=90.1, Moves(29)=0.0, Pins(3)=300.0, Dist=338.0, Win Bonus=0.0
[2026-05-08 09:49:22] SCORE AlphaZeroClue (purple): Final=296.7, Time=98.7, Moves(4)=0.0, Pins(0)=0.0, Dist=198.0, Win Bonus=0.0
[2026-05-08 09:49:22] TURN TIMEOUT: Player with colour purple exceeded 2s at move 33. Turn skipped.
[2026-05-08 09:49:22] MOVE 34: S&S (yellow) 38->49 [0.01ms]
[2026-05-08 09:49:22] SCORE S&S (yellow): Final=729.8, Time=89.8, Moves(30)=0.0, Pins(3)=300.0, Dist=340.0, Win Bonus=0.0
[2026-05-08 09:49:22] SCORE AlphaZeroClue (purple): Final=296.7, Time=98.7, Moves(4)=0.0, Pins(0)=0.0, Dist=198.0, Win Bonus=0.0
[2026-05-08 09:49:22] MOVE 35: AlphaZeroClue (purple) 73->92 [0.01ms]
[2026-05-08 09:49:22] SCORE S&S (yellow): Final=729.8, Time=89.8, Moves(30)=0.0, Pins(3)=300.0, Dist=340.0, Win Bonus=0.0
[2026-05-08 09:49:22] SCORE AlphaZeroClue (purple): Final=300.6, Time=98.6, Moves(5)=0.0, Pins(0)=0.0, Dist=202.0, Win Bonus=0.0
[2026-05-08 09:49:23] MOVE 36: S&S (yellow) 49->90 [0.00ms]
[2026-05-08 09:49:23] SCORE S&S (yellow): Final=733.1, Time=89.1, Moves(31)=0.0, Pins(3)=300.0, Dist=344.0, Win Bonus=0.0
[2026-05-08 09:49:23] SCORE AlphaZeroClue (purple): Final=300.6, Time=98.6, Moves(5)=0.0, Pins(0)=0.0, Dist=202.0, Win Bonus=0.0
[2026-05-08 09:49:25] SCORE S&S (yellow): Final=733.1, Time=89.1, Moves(31)=0.0, Pins(3)=300.0, Dist=344.0, Win Bonus=0.0
[2026-05-08 09:49:25] SCORE AlphaZeroClue (purple): Final=300.6, Time=98.6, Moves(5)=0.0, Pins(0)=0.0, Dist=202.0, Win Bonus=0.0
[2026-05-08 09:49:25] TURN TIMEOUT: Player with colour purple exceeded 2s at move 36. Turn skipped.
[2026-05-08 09:49:25] MOVE 37: S&S (yellow) 90->103 [0.01ms]
[2026-05-08 09:49:25] SCORE S&S (yellow): Final=734.8, Time=88.8, Moves(32)=0.0, Pins(3)=300.0, Dist=346.0, Win Bonus=0.0
[2026-05-08 09:49:25] SCORE AlphaZeroClue (purple): Final=300.6, Time=98.6, Moves(5)=0.0, Pins(0)=0.0, Dist=202.0, Win Bonus=0.0
[2026-05-08 09:49:28] SCORE S&S (yellow): Final=734.8, Time=88.8, Moves(32)=0.0, Pins(3)=300.0, Dist=346.0, Win Bonus=0.0
[2026-05-08 09:49:28] SCORE AlphaZeroClue (purple): Final=300.6, Time=98.6, Moves(5)=0.0, Pins(0)=0.0, Dist=202.0, Win Bonus=0.0
[2026-05-08 09:49:28] TURN TIMEOUT: Player with colour purple exceeded 2s at move 37. Turn skipped.
[2026-05-08 09:49:28] MOVE 38: S&S (yellow) 103->82 [0.01ms]
[2026-05-08 09:49:28] SCORE S&S (yellow): Final=738.5, Time=88.5, Moves(33)=0.0, Pins(3)=300.0, Dist=350.0, Win Bonus=0.0
[2026-05-08 09:49:28] SCORE AlphaZeroClue (purple): Final=300.6, Time=98.6, Moves(5)=0.0, Pins(0)=0.0, Dist=202.0, Win Bonus=0.0
[2026-05-08 09:49:30] SCORE S&S (yellow): Final=738.5, Time=88.5, Moves(33)=0.0, Pins(3)=300.0, Dist=350.0, Win Bonus=0.0
[2026-05-08 09:49:30] SCORE AlphaZeroClue (purple): Final=300.6, Time=98.6, Moves(5)=0.0, Pins(0)=0.0, Dist=202.0, Win Bonus=0.0
[2026-05-08 09:49:30] TURN TIMEOUT: Player with colour purple exceeded 2s at move 38. Turn skipped.
[2026-05-08 09:49:30] MOVE 39: S&S (yellow) 82->72 [0.01ms]
[2026-05-08 09:49:30] SCORE S&S (yellow): Final=738.3, Time=88.3, Moves(34)=0.0, Pins(3)=300.0, Dist=350.0, Win Bonus=0.0
[2026-05-08 09:49:30] SCORE AlphaZeroClue (purple): Final=300.6, Time=98.6, Moves(5)=0.0, Pins(0)=0.0, Dist=202.0, Win Bonus=0.0
[2026-05-08 09:49:30] MOVE 40: AlphaZeroClue (purple) 107->80 [0.01ms]
[2026-05-08 09:49:30] SCORE S&S (yellow): Final=738.3, Time=88.3, Moves(34)=0.0, Pins(3)=300.0, Dist=350.0, Win Bonus=0.0
[2026-05-08 09:49:30] SCORE AlphaZeroClue (purple): Final=308.6, Time=98.6, Moves(6)=0.0, Pins(0)=0.0, Dist=210.0, Win Bonus=0.0
[2026-05-08 09:49:31] MOVE 41: S&S (yellow) 59->69 [0.01ms]
[2026-05-08 09:49:31] SCORE S&S (yellow): Final=739.5, Time=87.5, Moves(35)=0.0, Pins(3)=300.0, Dist=352.0, Win Bonus=0.0
[2026-05-08 09:49:31] SCORE AlphaZeroClue (purple): Final=308.6, Time=98.6, Moves(6)=0.0, Pins(0)=0.0, Dist=210.0, Win Bonus=0.0
[2026-05-08 09:49:33] SCORE S&S (yellow): Final=739.5, Time=87.5, Moves(35)=0.0, Pins(3)=300.0, Dist=352.0, Win Bonus=0.0
[2026-05-08 09:49:33] SCORE AlphaZeroClue (purple): Final=308.6, Time=98.6, Moves(6)=0.0, Pins(0)=0.0, Dist=210.0, Win Bonus=0.0
[2026-05-08 09:49:33] TURN TIMEOUT: Player with colour purple exceeded 2s at move 41. Turn skipped.
[2026-05-08 09:49:34] MOVE 42: S&S (yellow) 69->90 [0.01ms]
[2026-05-08 09:49:34] SCORE S&S (yellow): Final=739.3, Time=87.2, Moves(36)=0.1, Pins(3)=300.0, Dist=352.0, Win Bonus=0.0
[2026-05-08 09:49:34] SCORE AlphaZeroClue (purple): Final=308.6, Time=98.6, Moves(6)=0.0, Pins(0)=0.0, Dist=210.0, Win Bonus=0.0
[2026-05-08 09:49:36] SCORE S&S (yellow): Final=739.3, Time=87.2, Moves(36)=0.1, Pins(3)=300.0, Dist=352.0, Win Bonus=0.0
[2026-05-08 09:49:36] SCORE AlphaZeroClue (purple): Final=308.6, Time=98.6, Moves(6)=0.0, Pins(0)=0.0, Dist=210.0, Win Bonus=0.0
[2026-05-08 09:49:36] TURN TIMEOUT: Player with colour purple exceeded 2s at move 42. Turn skipped.
[2026-05-08 09:49:36] MOVE 43: S&S (yellow) 90->91 [0.01ms]
[2026-05-08 09:49:36] SCORE S&S (yellow): Final=741.1, Time=86.9, Moves(37)=0.1, Pins(3)=300.0, Dist=354.0, Win Bonus=0.0
[2026-05-08 09:49:36] SCORE AlphaZeroClue (purple): Final=308.6, Time=98.6, Moves(6)=0.0, Pins(0)=0.0, Dist=210.0, Win Bonus=0.0
[2026-05-08 09:49:38] SCORE S&S (yellow): Final=741.1, Time=86.9, Moves(37)=0.1, Pins(3)=300.0, Dist=354.0, Win Bonus=0.0
[2026-05-08 09:49:38] SCORE AlphaZeroClue (purple): Final=308.6, Time=98.6, Moves(6)=0.0, Pins(0)=0.0, Dist=210.0, Win Bonus=0.0
[2026-05-08 09:49:38] TURN TIMEOUT: Player with colour purple exceeded 2s at move 43. Turn skipped.
[2026-05-08 09:49:38] MOVE 44: S&S (yellow) 91->113 [0.01ms]
[2026-05-08 09:49:38] SCORE S&S (yellow): Final=742.9, Time=86.7, Moves(38)=0.2, Pins(3)=300.0, Dist=356.0, Win Bonus=0.0
[2026-05-08 09:49:38] SCORE AlphaZeroClue (purple): Final=308.6, Time=98.6, Moves(6)=0.0, Pins(0)=0.0, Dist=210.0, Win Bonus=0.0
[2026-05-08 09:49:38] MOVE 45: AlphaZeroClue (purple) 109->63 [0.01ms]
[2026-05-08 09:49:38] SCORE S&S (yellow): Final=742.9, Time=86.7, Moves(38)=0.2, Pins(3)=300.0, Dist=356.0, Win Bonus=0.0
[2026-05-08 09:49:38] SCORE AlphaZeroClue (purple): Final=316.5, Time=98.5, Moves(7)=0.0, Pins(0)=0.0, Dist=218.0, Win Bonus=0.0
[2026-05-08 09:49:39] MOVE 46: S&S (yellow) 84->109 [0.01ms]
[2026-05-08 09:49:39] SCORE S&S (yellow): Final=742.2, Time=85.9, Moves(39)=0.3, Pins(3)=300.0, Dist=356.0, Win Bonus=0.0
[2026-05-08 09:49:39] SCORE AlphaZeroClue (purple): Final=316.5, Time=98.5, Moves(7)=0.0, Pins(0)=0.0, Dist=218.0, Win Bonus=0.0
[2026-05-08 09:49:41] SCORE S&S (yellow): Final=742.2, Time=85.9, Moves(39)=0.3, Pins(3)=300.0, Dist=356.0, Win Bonus=0.0
[2026-05-08 09:49:41] SCORE AlphaZeroClue (purple): Final=316.5, Time=98.5, Moves(7)=0.0, Pins(0)=0.0, Dist=218.0, Win Bonus=0.0
[2026-05-08 09:49:41] TURN TIMEOUT: Player with colour purple exceeded 2s at move 46. Turn skipped.
[2026-05-08 09:49:42] MOVE 47: S&S (yellow) 83->84 [0.01ms]
[2026-05-08 09:49:42] SCORE S&S (yellow): Final=843.9, Time=85.4, Moves(40)=0.5, Pins(4)=400.0, Dist=358.0, Win Bonus=0.0
[2026-05-08 09:49:42] SCORE AlphaZeroClue (purple): Final=316.5, Time=98.5, Moves(7)=0.0, Pins(0)=0.0, Dist=218.0, Win Bonus=0.0
[2026-05-08 09:49:44] SCORE S&S (yellow): Final=843.9, Time=85.4, Moves(40)=0.5, Pins(4)=400.0, Dist=358.0, Win Bonus=0.0
[2026-05-08 09:49:44] SCORE AlphaZeroClue (purple): Final=316.5, Time=98.5, Moves(7)=0.0, Pins(0)=0.0, Dist=218.0, Win Bonus=0.0
[2026-05-08 09:49:44] TURN TIMEOUT: Player with colour purple exceeded 2s at move 47. Turn skipped.
[2026-05-08 09:49:44] MOVE 48: S&S (yellow) 106->107 [0.01ms]
[2026-05-08 09:49:44] SCORE S&S (yellow): Final=945.7, Time=85.1, Moves(41)=0.6, Pins(5)=500.0, Dist=360.0, Win Bonus=0.0
[2026-05-08 09:49:44] SCORE AlphaZeroClue (purple): Final=316.5, Time=98.5, Moves(7)=0.0, Pins(0)=0.0, Dist=218.0, Win Bonus=0.0
[2026-05-08 09:49:46] SCORE S&S (yellow): Final=945.7, Time=85.1, Moves(41)=0.6, Pins(5)=500.0, Dist=360.0, Win Bonus=0.0
[2026-05-08 09:49:46] SCORE AlphaZeroClue (purple): Final=316.5, Time=98.5, Moves(7)=0.0, Pins(0)=0.0, Dist=218.0, Win Bonus=0.0
[2026-05-08 09:49:46] TURN TIMEOUT: Player with colour purple exceeded 2s at move 48. Turn skipped.
[2026-05-08 09:49:47] MOVE 49: S&S (yellow) 104->105 [0.01ms]
[2026-05-08 09:49:47] SCORE S&S (yellow): Final=947.6, Time=84.9, Moves(42)=0.8, Pins(5)=500.0, Dist=362.0, Win Bonus=0.0
[2026-05-08 09:49:47] SCORE AlphaZeroClue (purple): Final=316.5, Time=98.5, Moves(7)=0.0, Pins(0)=0.0, Dist=218.0, Win Bonus=0.0
[2026-05-08 09:49:49] SCORE S&S (yellow): Final=947.6, Time=84.9, Moves(42)=0.8, Pins(5)=500.0, Dist=362.0, Win Bonus=0.0
[2026-05-08 09:49:49] SCORE AlphaZeroClue (purple): Final=316.5, Time=98.5, Moves(7)=0.0, Pins(0)=0.0, Dist=218.0, Win Bonus=0.0
[2026-05-08 09:49:49] TURN TIMEOUT: Player with colour purple exceeded 2s at move 49. Turn skipped.
[2026-05-08 09:49:49] MOVE 50: S&S (yellow) 46->56 [0.01ms]
[2026-05-08 09:49:49] SCORE S&S (yellow): Final=949.5, Time=84.6, Moves(43)=0.9, Pins(5)=500.0, Dist=364.0, Win Bonus=0.0
[2026-05-08 09:49:49] SCORE AlphaZeroClue (purple): Final=316.5, Time=98.5, Moves(7)=0.0, Pins(0)=0.0, Dist=218.0, Win Bonus=0.0
[2026-05-08 09:49:49] MOVE 51: AlphaZeroClue (purple) 85->64 [0.01ms]
[2026-05-08 09:49:49] SCORE S&S (yellow): Final=949.5, Time=84.6, Moves(43)=0.9, Pins(5)=500.0, Dist=364.0, Win Bonus=0.0
[2026-05-08 09:49:49] SCORE AlphaZeroClue (purple): Final=320.5, Time=98.5, Moves(8)=0.0, Pins(0)=0.0, Dist=222.0, Win Bonus=0.0
[2026-05-08 09:49:50] MOVE 52: S&S (yellow) 105->82 [0.01ms]
[2026-05-08 09:49:50] SCORE S&S (yellow): Final=948.8, Time=83.9, Moves(44)=1.0, Pins(5)=500.0, Dist=364.0, Win Bonus=0.0
[2026-05-08 09:49:50] SCORE AlphaZeroClue (purple): Final=320.5, Time=98.5, Moves(8)=0.0, Pins(0)=0.0, Dist=222.0, Win Bonus=0.0
[2026-05-08 09:49:52] SCORE S&S (yellow): Final=948.8, Time=83.9, Moves(44)=1.0, Pins(5)=500.0, Dist=364.0, Win Bonus=0.0
[2026-05-08 09:49:52] SCORE AlphaZeroClue (purple): Final=320.5, Time=98.5, Moves(8)=0.0, Pins(0)=0.0, Dist=222.0, Win Bonus=0.0
[2026-05-08 09:49:52] TURN TIMEOUT: Player with colour purple exceeded 2s at move 52. Turn skipped.
[2026-05-08 09:49:52] MOVE 53: S&S (yellow) 113->105 [0.01ms]
[2026-05-08 09:49:52] SCORE S&S (yellow): Final=950.6, Time=83.6, Moves(45)=1.0, Pins(5)=500.0, Dist=366.0, Win Bonus=0.0
[2026-05-08 09:49:52] SCORE AlphaZeroClue (purple): Final=320.5, Time=98.5, Moves(8)=0.0, Pins(0)=0.0, Dist=222.0, Win Bonus=0.0
[2026-05-08 09:49:54] SCORE S&S (yellow): Final=950.6, Time=83.6, Moves(45)=1.0, Pins(5)=500.0, Dist=366.0, Win Bonus=0.0
[2026-05-08 09:49:54] SCORE AlphaZeroClue (purple): Final=320.5, Time=98.5, Moves(8)=0.0, Pins(0)=0.0, Dist=222.0, Win Bonus=0.0
[2026-05-08 09:49:54] TURN TIMEOUT: Player with colour purple exceeded 2s at move 53. Turn skipped.
[2026-05-08 09:49:55] MOVE 54: S&S (yellow) 56->57 [0.01ms]
[2026-05-08 09:49:55] SCORE S&S (yellow): Final=952.3, Time=83.3, Moves(46)=1.0, Pins(5)=500.0, Dist=368.0, Win Bonus=0.0
[2026-05-08 09:49:55] SCORE AlphaZeroClue (purple): Final=320.5, Time=98.5, Moves(8)=0.0, Pins(0)=0.0, Dist=222.0, Win Bonus=0.0
[2026-05-08 09:49:57] SCORE S&S (yellow): Final=952.3, Time=83.3, Moves(46)=1.0, Pins(5)=500.0, Dist=368.0, Win Bonus=0.0
[2026-05-08 09:49:57] SCORE AlphaZeroClue (purple): Final=320.5, Time=98.5, Moves(8)=0.0, Pins(0)=0.0, Dist=222.0, Win Bonus=0.0
[2026-05-08 09:49:57] TURN TIMEOUT: Player with colour purple exceeded 2s at move 54. Turn skipped.
[2026-05-08 09:49:57] MOVE 55: S&S (yellow) 57->58 [0.01ms]
[2026-05-08 09:49:57] SCORE S&S (yellow): Final=954.0, Time=83.1, Moves(47)=1.0, Pins(5)=500.0, Dist=370.0, Win Bonus=0.0
[2026-05-08 09:49:57] SCORE AlphaZeroClue (purple): Final=320.5, Time=98.5, Moves(8)=0.0, Pins(0)=0.0, Dist=222.0, Win Bonus=0.0
[2026-05-08 09:49:59] SCORE S&S (yellow): Final=954.0, Time=83.1, Moves(47)=1.0, Pins(5)=500.0, Dist=370.0, Win Bonus=0.0
[2026-05-08 09:49:59] SCORE AlphaZeroClue (purple): Final=320.5, Time=98.5, Moves(8)=0.0, Pins(0)=0.0, Dist=222.0, Win Bonus=0.0
[2026-05-08 09:49:59] TURN TIMEOUT: Player with colour purple exceeded 2s at move 55. Turn skipped.
[2026-05-08 09:49:59] MOVE 56: S&S (yellow) 58->49 [0.01ms]
[2026-05-08 09:49:59] SCORE S&S (yellow): Final=953.8, Time=82.8, Moves(48)=1.0, Pins(5)=500.0, Dist=370.0, Win Bonus=0.0
[2026-05-08 09:49:59] SCORE AlphaZeroClue (purple): Final=320.5, Time=98.5, Moves(8)=0.0, Pins(0)=0.0, Dist=222.0, Win Bonus=0.0
[2026-05-08 09:50:00] MOVE 57: AlphaZeroClue (purple) 110->83 [0.01ms]
[2026-05-08 09:50:00] SCORE S&S (yellow): Final=953.8, Time=82.8, Moves(48)=1.0, Pins(5)=500.0, Dist=370.0, Win Bonus=0.0
[2026-05-08 09:50:00] SCORE AlphaZeroClue (purple): Final=328.0, Time=98.0, Moves(9)=0.0, Pins(0)=0.0, Dist=230.0, Win Bonus=0.0
[2026-05-08 09:50:00] MOVE 58: S&S (yellow) 108->110 [0.01ms]
[2026-05-08 09:50:00] SCORE S&S (yellow): Final=953.5, Time=82.5, Moves(49)=1.0, Pins(5)=500.0, Dist=370.0, Win Bonus=0.0
[2026-05-08 09:50:00] SCORE AlphaZeroClue (purple): Final=328.0, Time=98.0, Moves(9)=0.0, Pins(0)=0.0, Dist=230.0, Win Bonus=0.0
[2026-05-08 09:50:02] SCORE S&S (yellow): Final=953.5, Time=82.5, Moves(49)=1.0, Pins(5)=500.0, Dist=370.0, Win Bonus=0.0
[2026-05-08 09:50:02] SCORE AlphaZeroClue (purple): Final=328.0, Time=98.0, Moves(9)=0.0, Pins(0)=0.0, Dist=230.0, Win Bonus=0.0
[2026-05-08 09:50:02] TURN TIMEOUT: Player with colour purple exceeded 2s at move 58. Turn skipped.
[2026-05-08 09:50:03] MOVE 59: S&S (yellow) 82->94 [0.01ms]
[2026-05-08 09:50:03] SCORE S&S (yellow): Final=955.2, Time=82.3, Moves(50)=1.0, Pins(5)=500.0, Dist=372.0, Win Bonus=0.0
[2026-05-08 09:50:03] SCORE AlphaZeroClue (purple): Final=328.0, Time=98.0, Moves(9)=0.0, Pins(0)=0.0, Dist=230.0, Win Bonus=0.0
[2026-05-08 09:50:03] MOVE 60: AlphaZeroClue (purple) 74->54 [0.01ms]
[2026-05-08 09:50:03] SCORE S&S (yellow): Final=955.2, Time=82.3, Moves(50)=1.0, Pins(5)=500.0, Dist=372.0, Win Bonus=0.0
[2026-05-08 09:50:03] SCORE AlphaZeroClue (purple): Final=331.2, Time=97.2, Moves(10)=0.0, Pins(0)=0.0, Dist=234.0, Win Bonus=0.0
[2026-05-08 09:50:04] MOVE 61: S&S (yellow) 49->59 [0.01ms]
[2026-05-08 09:50:04] SCORE S&S (yellow): Final=956.5, Time=81.6, Moves(51)=0.9, Pins(5)=500.0, Dist=374.0, Win Bonus=0.0
[2026-05-08 09:50:04] SCORE AlphaZeroClue (purple): Final=331.2, Time=97.2, Moves(10)=0.0, Pins(0)=0.0, Dist=234.0, Win Bonus=0.0
[2026-05-08 09:50:06] SCORE S&S (yellow): Final=956.5, Time=81.6, Moves(51)=0.9, Pins(5)=500.0, Dist=374.0, Win Bonus=0.0
[2026-05-08 09:50:06] SCORE AlphaZeroClue (purple): Final=331.2, Time=97.2, Moves(10)=0.0, Pins(0)=0.0, Dist=234.0, Win Bonus=0.0
[2026-05-08 09:50:06] TURN TIMEOUT: Player with colour purple exceeded 2s at move 61. Turn skipped.
[2026-05-08 09:50:07] MOVE 62: S&S (yellow) 107->108 [0.01ms]
[2026-05-08 09:50:07] SCORE S&S (yellow): Final=956.3, Time=81.3, Moves(52)=0.9, Pins(5)=500.0, Dist=374.0, Win Bonus=0.0
[2026-05-08 09:50:07] SCORE AlphaZeroClue (purple): Final=331.2, Time=97.2, Moves(10)=0.0, Pins(0)=0.0, Dist=234.0, Win Bonus=0.0
[2026-05-08 09:50:09] SCORE S&S (yellow): Final=956.3, Time=81.3, Moves(52)=0.9, Pins(5)=500.0, Dist=374.0, Win Bonus=0.0
[2026-05-08 09:50:09] SCORE AlphaZeroClue (purple): Final=331.2, Time=97.2, Moves(10)=0.0, Pins(0)=0.0, Dist=234.0, Win Bonus=0.0
[2026-05-08 09:50:09] TURN TIMEOUT: Player with colour purple exceeded 2s at move 62. Turn skipped.
[2026-05-08 09:50:09] MOVE 63: S&S (yellow) 105->107 [0.01ms]
[2026-05-08 09:50:09] SCORE S&S (yellow): Final=1060.0, Time=81.1, Moves(53)=0.9, Pins(6)=600.0, Dist=378.0, Win Bonus=0.0
[2026-05-08 09:50:09] SCORE AlphaZeroClue (purple): Final=331.2, Time=97.2, Moves(10)=0.0, Pins(0)=0.0, Dist=234.0, Win Bonus=0.0
[2026-05-08 09:50:11] SCORE S&S (yellow): Final=1060.0, Time=81.1, Moves(53)=0.9, Pins(6)=600.0, Dist=378.0, Win Bonus=0.0
[2026-05-08 09:50:11] SCORE AlphaZeroClue (purple): Final=331.2, Time=97.2, Moves(10)=0.0, Pins(0)=0.0, Dist=234.0, Win Bonus=0.0
[2026-05-08 09:50:11] TURN TIMEOUT: Player with colour purple exceeded 2s at move 63. Turn skipped.
[2026-05-08 09:50:12] MOVE 64: S&S (yellow) 59->69 [0.01ms]
[2026-05-08 09:50:12] SCORE S&S (yellow): Final=1061.7, Time=80.8, Moves(54)=0.9, Pins(6)=600.0, Dist=380.0, Win Bonus=0.0
[2026-05-08 09:50:12] SCORE AlphaZeroClue (purple): Final=331.2, Time=97.2, Moves(10)=0.0, Pins(0)=0.0, Dist=234.0, Win Bonus=0.0
[2026-05-08 09:50:12] MOVE 65: AlphaZeroClue (purple) 54->53 [0.00ms]
[2026-05-08 09:50:12] SCORE S&S (yellow): Final=1061.7, Time=80.8, Moves(54)=0.9, Pins(6)=600.0, Dist=380.0, Win Bonus=0.0
[2026-05-08 09:50:12] SCORE AlphaZeroClue (purple): Final=333.1, Time=97.1, Moves(11)=0.0, Pins(0)=0.0, Dist=236.0, Win Bonus=0.0
[2026-05-08 09:50:12] MOVE 66: S&S (yellow) 72->74 [0.01ms]
[2026-05-08 09:50:12] SCORE S&S (yellow): Final=1165.0, Time=80.1, Moves(55)=0.9, Pins(7)=700.0, Dist=384.0, Win Bonus=0.0
[2026-05-08 09:50:12] SCORE AlphaZeroClue (purple): Final=333.1, Time=97.1, Moves(11)=0.0, Pins(0)=0.0, Dist=236.0, Win Bonus=0.0
[2026-05-08 09:50:15] SCORE S&S (yellow): Final=1165.0, Time=80.1, Moves(55)=0.9, Pins(7)=700.0, Dist=384.0, Win Bonus=0.0
[2026-05-08 09:50:15] SCORE AlphaZeroClue (purple): Final=333.1, Time=97.1, Moves(11)=0.0, Pins(0)=0.0, Dist=236.0, Win Bonus=0.0
[2026-05-08 09:50:15] TURN TIMEOUT: Player with colour purple exceeded 2s at move 66. Turn skipped.
[2026-05-08 09:50:15] MOVE 67: S&S (yellow) 69->70 [0.01ms]
[2026-05-08 09:50:15] SCORE S&S (yellow): Final=1166.7, Time=79.9, Moves(56)=0.8, Pins(7)=700.0, Dist=386.0, Win Bonus=0.0
[2026-05-08 09:50:15] SCORE AlphaZeroClue (purple): Final=333.1, Time=97.1, Moves(11)=0.0, Pins(0)=0.0, Dist=236.0, Win Bonus=0.0
[2026-05-08 09:50:17] SCORE S&S (yellow): Final=1166.7, Time=79.9, Moves(56)=0.8, Pins(7)=700.0, Dist=386.0, Win Bonus=0.0
[2026-05-08 09:50:17] SCORE AlphaZeroClue (purple): Final=333.1, Time=97.1, Moves(11)=0.0, Pins(0)=0.0, Dist=236.0, Win Bonus=0.0
[2026-05-08 09:50:17] TURN TIMEOUT: Player with colour purple exceeded 2s at move 67. Turn skipped.
[2026-05-08 09:50:17] SCORE S&S (yellow): Final=1166.7, Time=79.9, Moves(56)=0.8, Pins(7)=700.0, Dist=386.0, Win Bonus=0.0
[2026-05-08 09:50:17] SCORE AlphaZeroClue (purple): Final=333.1, Time=97.1, Moves(11)=0.0, Pins(0)=0.0, Dist=236.0, Win Bonus=0.0
[2026-05-08 09:50:17] GAME TIME LIMIT REACHED.
[2026-05-08 09:50:17] SCORE S&S (yellow): Final=1166.7, Time=79.9, Moves(56)=0.8, Pins(7)=700.0, Dist=386.0, Win Bonus=0.0
[2026-05-08 09:50:17] SCORE AlphaZeroClue (purple): Final=333.1, Time=97.1, Moves(11)=0.0, Pins(0)=0.0, Dist=236.0, Win Bonus=0.0
[2026-05-08 09:50:17] GAME TIME LIMIT REACHED.
[2026-05-08 09:50:18] SCORE S&S (yellow): Final=1166.7, Time=79.9, Moves(56)=0.8, Pins(7)=700.0, Dist=386.0, Win Bonus=0.0
[2026-05-08 09:50:18] SCORE AlphaZeroClue (purple): Final=333.1, Time=97.1, Moves(11)=0.0, Pins(0)=0.0, Dist=236.0, Win Bonus=0.0
[2026-05-08 09:50:18] GAME TIME LIMIT REACHED.
[2026-05-08 09:50:18] SCORE S&S (yellow): Final=1166.7, Time=79.9, Moves(56)=0.8, Pins(7)=700.0, Dist=386.0, Win Bonus=0.0
[2026-05-08 09:50:18] SCORE AlphaZeroClue (purple): Final=333.1, Time=97.1, Moves(11)=0.0, Pins(0)=0.0, Dist=236.0, Win Bonus=0.0
[2026-05-08 09:50:18] GAME TIME LIMIT REACHED.
