[2026-04-13 14:10:23] GAME CREATED
[2026-04-13 14:10:23] PLAYER JOINED: Player1 as red
[2026-04-13 14:10:24] PLAYER JOINED: Player2 as blue
[2026-04-13 14:10:24] PLAYER START: Player2 (blue)
[2026-04-13 14:10:24] PLAYER START: Player1 (red)
[2026-04-13 14:10:24] GAME START — turn order ['red', 'blue']
[2026-04-13 14:10:24] MOVE 1: Player1 (red) 115->104 [0.04ms]
[2026-04-13 14:10:24] SCORE Player1 (red): Final=191.8, Time=99.8, Moves(1)=0.0, Pins(0)=0.0, Dist=92.0
[2026-04-13 14:10:24] SCORE Player2 (blue): Final=0.0, Time=0.0, Moves(0)=0.0, Pins(0)=0.0, Dist=0.0
[2026-04-13 14:10:24] MOVE 2: Player2 (blue) 6->14 [0.02ms]
[2026-04-13 14:10:24] SCORE Player1 (red): Final=191.8, Time=99.8, Moves(1)=0.0, Pins(0)=0.0, Dist=92.0
[2026-04-13 14:10:24] SCORE Player2 (blue): Final=190.8, Time=99.8, Moves(1)=0.0, Pins(0)=0.0, Dist=91.0
[2026-04-13 14:10:24] MOVE 3: Player1 (red) 104->102 [0.02ms]
[2026-04-13 14:10:24] SCORE Player1 (red): Final=191.6, Time=99.6, Moves(2)=0.0, Pins(0)=0.0, Dist=92.0
[2026-04-13 14:10:24] SCORE Player2 (blue): Final=190.8, Time=99.8, Moves(1)=0.0, Pins(0)=0.0, Dist=91.0
[2026-04-13 14:10:24] MOVE 4: Player2 (blue) 9->18 [0.02ms]
[2026-04-13 14:10:24] SCORE Player1 (red): Final=191.6, Time=99.6, Moves(2)=0.0, Pins(0)=0.0, Dist=92.0
[2026-04-13 14:10:24] SCORE Player2 (blue): Final=191.7, Time=99.7, Moves(2)=0.0, Pins(0)=0.0, Dist=92.0
[2026-04-13 14:10:25] MOVE 5: Player1 (red) 116->103 [0.02ms]
[2026-04-13 14:10:25] SCORE Player1 (red): Final=193.4, Time=99.4, Moves(3)=0.0, Pins(0)=0.0, Dist=94.0
[2026-04-13 14:10:25] SCORE Player2 (blue): Final=191.7, Time=99.7, Moves(2)=0.0, Pins(0)=0.0, Dist=92.0
[2026-04-13 14:10:25] MOVE 6: Player2 (blue) 1->6 [0.02ms]
[2026-04-13 14:10:25] SCORE Player1 (red): Final=193.4, Time=99.4, Moves(3)=0.0, Pins(0)=0.0, Dist=94.0
[2026-04-13 14:10:25] SCORE Player2 (blue): Final=193.4, Time=99.4, Moves(3)=0.0, Pins(0)=0.0, Dist=94.0
[2026-04-13 14:10:25] MOVE 7: Player1 (red) 120->104 [0.02ms]
[2026-04-13 14:10:25] SCORE Player1 (red): Final=197.2, Time=99.2, Moves(4)=0.0, Pins(0)=0.0, Dist=98.0
[2026-04-13 14:10:25] SCORE Player2 (blue): Final=193.4, Time=99.4, Moves(3)=0.0, Pins(0)=0.0, Dist=94.0
[2026-04-13 14:10:25] MOVE 8: Player2 (blue) 3->16 [0.02ms]
[2026-04-13 14:10:25] SCORE Player1 (red): Final=197.2, Time=99.2, Moves(4)=0.0, Pins(0)=0.0, Dist=98.0
[2026-04-13 14:10:25] SCORE Player2 (blue): Final=195.3, Time=99.3, Moves(4)=0.0, Pins(0)=0.0, Dist=96.0
[2026-04-13 14:10:25] MOVE 9: Player1 (red) 117->116 [0.03ms]
[2026-04-13 14:10:25] SCORE Player1 (red): Final=197.0, Time=99.0, Moves(5)=0.0, Pins(0)=0.0, Dist=98.0
[2026-04-13 14:10:25] SCORE Player2 (blue): Final=195.3, Time=99.3, Moves(4)=0.0, Pins(0)=0.0, Dist=96.0
[2026-04-13 14:10:26] MOVE 10: Player2 (blue) 4->3 [0.03ms]
[2026-04-13 14:10:26] SCORE Player1 (red): Final=197.0, Time=99.0, Moves(5)=0.0, Pins(0)=0.0, Dist=98.0
[2026-04-13 14:10:26] SCORE Player2 (blue): Final=195.0, Time=99.0, Moves(5)=0.0, Pins(0)=0.0, Dist=96.0
[2026-04-13 14:10:26] MOVE 11: Player1 (red) 111->115 [0.03ms]
[2026-04-13 14:10:26] SCORE Player1 (red): Final=195.8, Time=98.8, Moves(6)=0.0, Pins(0)=0.0, Dist=97.0
[2026-04-13 14:10:26] SCORE Player2 (blue): Final=195.0, Time=99.0, Moves(5)=0.0, Pins(0)=0.0, Dist=96.0
[2026-04-13 14:10:26] MOVE 12: Player2 (blue) 7->9 [0.03ms]
[2026-04-13 14:10:26] SCORE Player1 (red): Final=195.8, Time=98.8, Moves(6)=0.0, Pins(0)=0.0, Dist=97.0
[2026-04-13 14:10:26] SCORE Player2 (blue): Final=194.8, Time=98.8, Moves(6)=0.0, Pins(0)=0.0, Dist=96.0
[2026-04-13 14:10:26] MOVE 13: Player1 (red) 113->105 [0.02ms]
[2026-04-13 14:10:26] SCORE Player1 (red): Final=196.7, Time=98.7, Moves(7)=0.0, Pins(0)=0.0, Dist=98.0
[2026-04-13 14:10:26] SCORE Player2 (blue): Final=194.8, Time=98.8, Moves(6)=0.0, Pins(0)=0.0, Dist=96.0
[2026-04-13 14:10:26] MOVE 14: Player2 (blue) 8->7 [0.03ms]
[2026-04-13 14:10:26] SCORE Player1 (red): Final=196.7, Time=98.7, Moves(7)=0.0, Pins(0)=0.0, Dist=98.0
[2026-04-13 14:10:26] SCORE Player2 (blue): Final=194.6, Time=98.6, Moves(7)=0.0, Pins(0)=0.0, Dist=96.0
[2026-04-13 14:10:27] MOVE 15: Player1 (red) 115->106 [0.03ms]
[2026-04-13 14:10:27] SCORE Player1 (red): Final=198.5, Time=98.5, Moves(8)=0.0, Pins(0)=0.0, Dist=100.0
[2026-04-13 14:10:27] SCORE Player2 (blue): Final=194.6, Time=98.6, Moves(7)=0.0, Pins(0)=0.0, Dist=96.0
[2026-04-13 14:10:27] MOVE 16: Player2 (blue) 9->17 [0.03ms]
[2026-04-13 14:10:27] SCORE Player1 (red): Final=198.5, Time=98.5, Moves(8)=0.0, Pins(0)=0.0, Dist=100.0
[2026-04-13 14:10:27] SCORE Player2 (blue): Final=195.4, Time=98.4, Moves(8)=0.0, Pins(0)=0.0, Dist=97.0
[2026-04-13 14:10:27] MOVE 17: Player1 (red) 106->120 [0.03ms]
[2026-04-13 14:10:27] SCORE Player1 (red): Final=194.3, Time=98.3, Moves(9)=0.0, Pins(0)=0.0, Dist=96.0
[2026-04-13 14:10:27] SCORE Player2 (blue): Final=195.4, Time=98.4, Moves(8)=0.0, Pins(0)=0.0, Dist=97.0
[2026-04-13 14:10:27] MOVE 18: Player2 (blue) 17->9 [0.02ms]
[2026-04-13 14:10:27] SCORE Player1 (red): Final=194.3, Time=98.3, Moves(9)=0.0, Pins(0)=0.0, Dist=96.0
[2026-04-13 14:10:27] SCORE Player2 (blue): Final=194.2, Time=98.2, Moves(9)=0.0, Pins(0)=0.0, Dist=96.0
[2026-04-13 14:10:27] MOVE 19: Player1 (red) 102->89 [0.03ms]
[2026-04-13 14:10:27] SCORE Player1 (red): Final=195.1, Time=98.1, Moves(10)=0.0, Pins(0)=0.0, Dist=97.0
[2026-04-13 14:10:27] SCORE Player2 (blue): Final=194.2, Time=98.2, Moves(9)=0.0, Pins(0)=0.0, Dist=96.0
[2026-04-13 14:10:28] MOVE 20: Player2 (blue) 0->1 [0.03ms]
[2026-04-13 14:10:28] SCORE Player1 (red): Final=195.1, Time=98.1, Moves(10)=0.0, Pins(0)=0.0, Dist=97.0
[2026-04-13 14:10:28] SCORE Player2 (blue): Final=195.0, Time=98.0, Moves(10)=0.0, Pins(0)=0.0, Dist=97.0
[2026-04-13 14:10:28] MOVE 21: Player1 (red) 89->90 [0.18ms]
[2026-04-13 14:10:28] SCORE Player1 (red): Final=194.8, Time=97.8, Moves(11)=0.0, Pins(0)=0.0, Dist=97.0
[2026-04-13 14:10:28] SCORE Player2 (blue): Final=195.0, Time=98.0, Moves(10)=0.0, Pins(0)=0.0, Dist=97.0
[2026-04-13 14:10:28] MOVE 22: Player2 (blue) 16->17 [0.03ms]
[2026-04-13 14:10:28] SCORE Player1 (red): Final=194.8, Time=97.8, Moves(11)=0.0, Pins(0)=0.0, Dist=97.0
[2026-04-13 14:10:28] SCORE Player2 (blue): Final=194.8, Time=97.8, Moves(11)=0.0, Pins(0)=0.0, Dist=97.0
[2026-04-13 14:10:28] MOVE 23: Player1 (red) 90->89 [0.02ms]
[2026-04-13 14:10:28] SCORE Player1 (red): Final=194.7, Time=97.7, Moves(12)=0.0, Pins(0)=0.0, Dist=97.0
[2026-04-13 14:10:28] SCORE Player2 (blue): Final=194.8, Time=97.8, Moves(11)=0.0, Pins(0)=0.0, Dist=97.0
[2026-04-13 14:10:28] MOVE 24: Player2 (blue) 2->4 [0.03ms]
[2026-04-13 14:10:28] SCORE Player1 (red): Final=194.7, Time=97.7, Moves(12)=0.0, Pins(0)=0.0, Dist=97.0
[2026-04-13 14:10:28] SCORE Player2 (blue): Final=195.5, Time=97.5, Moves(12)=0.0, Pins(0)=0.0, Dist=98.0
[2026-04-13 14:10:29] MOVE 25: Player1 (red) 105->92 [0.03ms]
[2026-04-13 14:10:29] SCORE Player1 (red): Final=195.5, Time=97.5, Moves(13)=0.0, Pins(0)=0.0, Dist=98.0
[2026-04-13 14:10:29] SCORE Player2 (blue): Final=195.5, Time=97.5, Moves(12)=0.0, Pins(0)=0.0, Dist=98.0
[2026-04-13 14:10:29] MOVE 26: Player2 (blue) 6->26 [0.03ms]
[2026-04-13 14:10:29] SCORE Player1 (red): Final=195.5, Time=97.5, Moves(13)=0.0, Pins(0)=0.0, Dist=98.0
[2026-04-13 14:10:29] SCORE Player2 (blue): Final=197.3, Time=97.3, Moves(13)=0.0, Pins(0)=0.0, Dist=100.0
[2026-04-13 14:10:29] MOVE 27: Player1 (red) 104->77 [0.03ms]
[2026-04-13 14:10:29] SCORE Player1 (red): Final=197.4, Time=97.4, Moves(14)=0.0, Pins(0)=0.0, Dist=100.0
[2026-04-13 14:10:29] SCORE Player2 (blue): Final=197.3, Time=97.3, Moves(13)=0.0, Pins(0)=0.0, Dist=100.0
[2026-04-13 14:10:29] MOVE 28: Player2 (blue) 14->15 [0.03ms]
[2026-04-13 14:10:29] SCORE Player1 (red): Final=197.4, Time=97.4, Moves(14)=0.0, Pins(0)=0.0, Dist=100.0
[2026-04-13 14:10:29] SCORE Player2 (blue): Final=197.1, Time=97.1, Moves(14)=0.0, Pins(0)=0.0, Dist=100.0
[2026-04-13 14:10:29] MOVE 29: Player1 (red) 92->91 [0.02ms]
[2026-04-13 14:10:29] SCORE Player1 (red): Final=197.2, Time=97.2, Moves(15)=0.0, Pins(0)=0.0, Dist=100.0
[2026-04-13 14:10:29] SCORE Player2 (blue): Final=197.1, Time=97.1, Moves(14)=0.0, Pins(0)=0.0, Dist=100.0
[2026-04-13 14:10:30] MOVE 30: Player2 (blue) 9->2 [0.03ms]
[2026-04-13 14:10:30] SCORE Player1 (red): Final=197.2, Time=97.2, Moves(15)=0.0, Pins(0)=0.0, Dist=100.0
[2026-04-13 14:10:30] SCORE Player2 (blue): Final=194.9, Time=96.9, Moves(15)=0.0, Pins(0)=0.0, Dist=98.0
[2026-04-13 14:10:30] MOVE 31: Player1 (red) 114->117 [0.02ms]
[2026-04-13 14:10:30] SCORE Player1 (red): Final=196.0, Time=97.0, Moves(16)=0.0, Pins(0)=0.0, Dist=99.0
[2026-04-13 14:10:30] SCORE Player2 (blue): Final=194.9, Time=96.9, Moves(15)=0.0, Pins(0)=0.0, Dist=98.0
[2026-04-13 14:10:30] MOVE 32: Player2 (blue) 1->30 [0.02ms]
[2026-04-13 14:10:30] SCORE Player1 (red): Final=196.0, Time=97.0, Moves(16)=0.0, Pins(0)=0.0, Dist=99.0
[2026-04-13 14:10:30] SCORE Player2 (blue): Final=198.6, Time=96.6, Moves(16)=0.0, Pins(0)=0.0, Dist=102.0
[2026-04-13 14:10:30] MOVE 33: Player1 (red) 120->79 [0.02ms]
[2026-04-13 14:10:30] SCORE Player1 (red): Final=201.8, Time=96.8, Moves(17)=0.0, Pins(0)=0.0, Dist=105.0
[2026-04-13 14:10:30] SCORE Player2 (blue): Final=198.6, Time=96.6, Moves(16)=0.0, Pins(0)=0.0, Dist=102.0
[2026-04-13 14:10:31] MOVE 34: Player2 (blue) 30->1 [0.02ms]
[2026-04-13 14:10:31] SCORE Player1 (red): Final=201.8, Time=96.8, Moves(17)=0.0, Pins(0)=0.0, Dist=105.0
[2026-04-13 14:10:31] SCORE Player2 (blue): Final=194.4, Time=96.4, Moves(17)=0.0, Pins(0)=0.0, Dist=98.0
[2026-04-13 14:10:31] MOVE 35: Player1 (red) 89->102 [0.02ms]
[2026-04-13 14:10:31] SCORE Player1 (red): Final=200.6, Time=96.6, Moves(18)=0.0, Pins(0)=0.0, Dist=104.0
[2026-04-13 14:10:31] SCORE Player2 (blue): Final=194.4, Time=96.4, Moves(17)=0.0, Pins(0)=0.0, Dist=98.0
[2026-04-13 14:10:31] MOVE 36: Player2 (blue) 15->16 [0.02ms]
[2026-04-13 14:10:31] SCORE Player1 (red): Final=200.6, Time=96.6, Moves(18)=0.0, Pins(0)=0.0, Dist=104.0
[2026-04-13 14:10:31] SCORE Player2 (blue): Final=194.2, Time=96.2, Moves(18)=0.0, Pins(0)=0.0, Dist=98.0
[2026-04-13 14:10:31] MOVE 37: Player1 (red) 77->78 [0.02ms]
[2026-04-13 14:10:31] SCORE Player1 (red): Final=200.5, Time=96.5, Moves(19)=0.0, Pins(0)=0.0, Dist=104.0
[2026-04-13 14:10:31] SCORE Player2 (blue): Final=194.2, Time=96.2, Moves(18)=0.0, Pins(0)=0.0, Dist=98.0
[2026-04-13 14:10:31] MOVE 38: Player2 (blue) 1->6 [0.03ms]
[2026-04-13 14:10:31] SCORE Player1 (red): Final=200.5, Time=96.5, Moves(19)=0.0, Pins(0)=0.0, Dist=104.0
[2026-04-13 14:10:31] SCORE Player2 (blue): Final=196.0, Time=96.0, Moves(19)=0.0, Pins(0)=0.0, Dist=100.0
[2026-04-13 14:10:31] MOVE 39: Player1 (red) 103->101 [0.02ms]
[2026-04-13 14:10:31] SCORE Player1 (red): Final=200.3, Time=96.3, Moves(20)=0.0, Pins(0)=0.0, Dist=104.0
[2026-04-13 14:10:31] SCORE Player2 (blue): Final=196.0, Time=96.0, Moves(19)=0.0, Pins(0)=0.0, Dist=100.0
[2026-04-13 14:10:32] MOVE 40: Player2 (blue) 6->14 [0.02ms]
[2026-04-13 14:10:32] SCORE Player1 (red): Final=200.3, Time=96.3, Moves(20)=0.0, Pins(0)=0.0, Dist=104.0
[2026-04-13 14:10:32] SCORE Player2 (blue): Final=196.9, Time=95.9, Moves(20)=0.0, Pins(0)=0.0, Dist=101.0
[2026-04-13 14:10:32] MOVE 41: Player1 (red) 117->114 [0.02ms]
[2026-04-13 14:10:32] SCORE Player1 (red): Final=201.1, Time=96.1, Moves(21)=0.0, Pins(0)=0.0, Dist=105.0
[2026-04-13 14:10:32] SCORE Player2 (blue): Final=196.9, Time=95.9, Moves(20)=0.0, Pins(0)=0.0, Dist=101.0
[2026-04-13 14:10:32] MOVE 42: Player2 (blue) 2->0 [0.02ms]
[2026-04-13 14:10:32] SCORE Player1 (red): Final=201.1, Time=96.1, Moves(21)=0.0, Pins(0)=0.0, Dist=105.0
[2026-04-13 14:10:32] SCORE Player2 (blue): Final=195.6, Time=95.6, Moves(21)=0.0, Pins(0)=0.0, Dist=100.0
[2026-04-13 14:10:32] MOVE 43: Player1 (red) 101->80 [0.02ms]
[2026-04-13 14:10:32] SCORE Player1 (red): Final=203.0, Time=96.0, Moves(22)=0.0, Pins(0)=0.0, Dist=107.0
[2026-04-13 14:10:32] SCORE Player2 (blue): Final=195.6, Time=95.6, Moves(21)=0.0, Pins(0)=0.0, Dist=100.0
[2026-04-13 14:10:32] MOVE 44: Player2 (blue) 7->31 [0.02ms]
[2026-04-13 14:10:32] SCORE Player1 (red): Final=203.0, Time=96.0, Moves(22)=0.0, Pins(0)=0.0, Dist=107.0
[2026-04-13 14:10:32] SCORE Player2 (blue): Final=197.4, Time=95.4, Moves(22)=0.0, Pins(0)=0.0, Dist=102.0
[2026-04-13 14:10:33] MOVE 45: Player1 (red) 80->69 [0.02ms]
[2026-04-13 14:10:33] SCORE Player1 (red): Final=203.7, Time=95.7, Moves(23)=0.0, Pins(0)=0.0, Dist=108.0
[2026-04-13 14:10:33] SCORE Player2 (blue): Final=197.4, Time=95.4, Moves(22)=0.0, Pins(0)=0.0, Dist=102.0
[2026-04-13 14:10:33] MOVE 46: Player2 (blue) 17->9 [0.02ms]
[2026-04-13 14:10:33] SCORE Player1 (red): Final=203.7, Time=95.7, Moves(23)=0.0, Pins(0)=0.0, Dist=108.0
[2026-04-13 14:10:33] SCORE Player2 (blue): Final=196.2, Time=95.2, Moves(23)=0.0, Pins(0)=0.0, Dist=101.0
[2026-04-13 14:10:33] MOVE 47: Player1 (red) 79->80 [0.02ms]
[2026-04-13 14:10:33] SCORE Player1 (red): Final=203.6, Time=95.6, Moves(24)=0.0, Pins(0)=0.0, Dist=108.0
[2026-04-13 14:10:33] SCORE Player2 (blue): Final=196.2, Time=95.2, Moves(23)=0.0, Pins(0)=0.0, Dist=101.0
[2026-04-13 14:10:33] MOVE 48: Player2 (blue) 5->2 [0.02ms]
[2026-04-13 14:10:33] SCORE Player1 (red): Final=203.6, Time=95.6, Moves(24)=0.0, Pins(0)=0.0, Dist=108.0
[2026-04-13 14:10:33] SCORE Player2 (blue): Final=195.0, Time=95.0, Moves(24)=0.0, Pins(0)=0.0, Dist=100.0
[2026-04-13 14:10:33] MOVE 49: Player1 (red) 69->70 [0.02ms]
[2026-04-13 14:10:33] SCORE Player1 (red): Final=203.4, Time=95.4, Moves(25)=0.0, Pins(0)=0.0, Dist=108.0
[2026-04-13 14:10:33] SCORE Player2 (blue): Final=195.0, Time=95.0, Moves(24)=0.0, Pins(0)=0.0, Dist=100.0
[2026-04-13 14:10:34] MOVE 50: Player2 (blue) 14->13 [0.02ms]
[2026-04-13 14:10:34] SCORE Player1 (red): Final=203.4, Time=95.4, Moves(25)=0.0, Pins(0)=0.0, Dist=108.0
[2026-04-13 14:10:34] SCORE Player2 (blue): Final=194.8, Time=94.8, Moves(25)=0.0, Pins(0)=0.0, Dist=100.0
[2026-04-13 14:10:34] MOVE 51: Player1 (red) 114->105 [0.02ms]
[2026-04-13 14:10:34] SCORE Player1 (red): Final=204.3, Time=95.3, Moves(26)=0.0, Pins(0)=0.0, Dist=109.0
[2026-04-13 14:10:34] SCORE Player2 (blue): Final=194.8, Time=94.8, Moves(25)=0.0, Pins(0)=0.0, Dist=100.0
[2026-04-13 14:10:34] MOVE 52: Player2 (blue) 13->25 [0.02ms]
[2026-04-13 14:10:34] SCORE Player1 (red): Final=204.3, Time=95.3, Moves(26)=0.0, Pins(0)=0.0, Dist=109.0
[2026-04-13 14:10:34] SCORE Player2 (blue): Final=195.6, Time=94.6, Moves(26)=0.0, Pins(0)=0.0, Dist=101.0
[2026-04-13 14:10:34] MOVE 53: Player1 (red) 116->113 [0.05ms]
[2026-04-13 14:10:34] SCORE Player1 (red): Final=205.1, Time=95.1, Moves(27)=0.0, Pins(0)=0.0, Dist=110.0
[2026-04-13 14:10:34] SCORE Player2 (blue): Final=195.6, Time=94.6, Moves(26)=0.0, Pins(0)=0.0, Dist=101.0
[2026-04-13 14:10:34] MOVE 54: Player2 (blue) 9->8 [0.02ms]
[2026-04-13 14:10:34] SCORE Player1 (red): Final=205.1, Time=95.1, Moves(27)=0.0, Pins(0)=0.0, Dist=110.0
[2026-04-13 14:10:34] SCORE Player2 (blue): Final=195.4, Time=94.4, Moves(27)=0.0, Pins(0)=0.0, Dist=101.0
[2026-04-13 14:10:35] MOVE 55: Player1 (red) 91->104 [0.02ms]
[2026-04-13 14:10:35] SCORE Player1 (red): Final=203.9, Time=94.9, Moves(28)=0.0, Pins(0)=0.0, Dist=109.0
[2026-04-13 14:10:35] SCORE Player2 (blue): Final=195.4, Time=94.4, Moves(27)=0.0, Pins(0)=0.0, Dist=101.0
[2026-04-13 14:10:35] MOVE 56: Player2 (blue) 18->43 [0.02ms]
[2026-04-13 14:10:35] SCORE Player1 (red): Final=203.9, Time=94.9, Moves(28)=0.0, Pins(0)=0.0, Dist=109.0
[2026-04-13 14:10:35] SCORE Player2 (blue): Final=197.2, Time=94.2, Moves(28)=0.0, Pins(0)=0.0, Dist=103.0
[2026-04-13 14:10:35] MOVE 57: Player1 (red) 102->101 [0.02ms]
[2026-04-13 14:10:35] SCORE Player1 (red): Final=203.6, Time=94.6, Moves(29)=0.0, Pins(0)=0.0, Dist=109.0
[2026-04-13 14:10:35] SCORE Player2 (blue): Final=197.2, Time=94.2, Moves(28)=0.0, Pins(0)=0.0, Dist=103.0
[2026-04-13 14:10:35] MOVE 58: Player2 (blue) 3->5 [0.02ms]
[2026-04-13 14:10:35] SCORE Player1 (red): Final=203.6, Time=94.6, Moves(29)=0.0, Pins(0)=0.0, Dist=109.0
[2026-04-13 14:10:35] SCORE Player2 (blue): Final=197.0, Time=94.0, Moves(29)=0.0, Pins(0)=0.0, Dist=103.0
[2026-04-13 14:10:36] MOVE 59: Player1 (red) 101->89 [0.02ms]
[2026-04-13 14:10:36] SCORE Player1 (red): Final=204.4, Time=94.4, Moves(30)=0.0, Pins(0)=0.0, Dist=110.0
[2026-04-13 14:10:36] SCORE Player2 (blue): Final=197.0, Time=94.0, Moves(29)=0.0, Pins(0)=0.0, Dist=103.0
[2026-04-13 14:10:36] MOVE 60: Player2 (blue) 2->7 [0.02ms]
[2026-04-13 14:10:36] SCORE Player1 (red): Final=204.4, Time=94.4, Moves(30)=0.0, Pins(0)=0.0, Dist=110.0
[2026-04-13 14:10:36] SCORE Player2 (blue): Final=198.8, Time=93.8, Moves(30)=0.0, Pins(0)=0.0, Dist=105.0
[2026-04-13 14:10:36] MOVE 61: Player1 (red) 80->79 [0.02ms]
[2026-04-13 14:10:36] SCORE Player1 (red): Final=204.2, Time=94.2, Moves(31)=0.0, Pins(0)=0.0, Dist=110.0
[2026-04-13 14:10:36] SCORE Player2 (blue): Final=198.8, Time=93.8, Moves(30)=0.0, Pins(0)=0.0, Dist=105.0
[2026-04-13 14:10:36] MOVE 62: Player2 (blue) 25->12 [0.02ms]
[2026-04-13 14:10:36] SCORE Player1 (red): Final=204.2, Time=94.2, Moves(31)=0.0, Pins(0)=0.0, Dist=110.0
[2026-04-13 14:10:36] SCORE Player2 (blue): Final=197.6, Time=93.6, Moves(31)=0.0, Pins(0)=0.0, Dist=104.0
[2026-04-13 14:10:36] MOVE 63: Player1 (red) 105->103 [0.02ms]
[2026-04-13 14:10:36] SCORE Player1 (red): Final=203.9, Time=93.9, Moves(32)=0.0, Pins(0)=0.0, Dist=110.0
[2026-04-13 14:10:36] SCORE Player2 (blue): Final=197.6, Time=93.6, Moves(31)=0.0, Pins(0)=0.0, Dist=104.0
[2026-04-13 14:10:37] MOVE 64: Player2 (blue) 16->3 [0.02ms]
[2026-04-13 14:10:37] SCORE Player1 (red): Final=203.9, Time=93.9, Moves(32)=0.0, Pins(0)=0.0, Dist=110.0
[2026-04-13 14:10:37] SCORE Player2 (blue): Final=195.4, Time=93.4, Moves(32)=0.0, Pins(0)=0.0, Dist=102.0
[2026-04-13 14:10:37] MOVE 65: Player1 (red) 89->68 [0.02ms]
[2026-04-13 14:10:37] SCORE Player1 (red): Final=205.7, Time=93.7, Moves(33)=0.0, Pins(0)=0.0, Dist=112.0
[2026-04-13 14:10:37] SCORE Player2 (blue): Final=195.4, Time=93.4, Moves(32)=0.0, Pins(0)=0.0, Dist=102.0
[2026-04-13 14:10:37] MOVE 66: Player2 (blue) 4->2 [0.02ms]
[2026-04-13 14:10:37] SCORE Player1 (red): Final=205.7, Time=93.7, Moves(33)=0.0, Pins(0)=0.0, Dist=112.0
[2026-04-13 14:10:37] SCORE Player2 (blue): Final=194.2, Time=93.2, Moves(33)=0.0, Pins(0)=0.0, Dist=101.0
[2026-04-13 14:10:37] MOVE 67: Player1 (red) 103->116 [0.02ms]
[2026-04-13 14:10:37] SCORE Player1 (red): Final=203.6, Time=93.5, Moves(34)=0.0, Pins(0)=0.0, Dist=110.0
[2026-04-13 14:10:37] SCORE Player2 (blue): Final=194.2, Time=93.2, Moves(33)=0.0, Pins(0)=0.0, Dist=101.0
[2026-04-13 14:10:37] MOVE 68: Player2 (blue) 5->9 [0.02ms]
[2026-04-13 14:10:37] SCORE Player1 (red): Final=203.6, Time=93.5, Moves(34)=0.0, Pins(0)=0.0, Dist=110.0
[2026-04-13 14:10:37] SCORE Player2 (blue): Final=195.0, Time=93.0, Moves(34)=0.0, Pins(0)=0.0, Dist=102.0
[2026-04-13 14:10:37] MOVE 69: Player1 (red) 118->120 [0.02ms]
[2026-04-13 14:10:37] SCORE Player1 (red): Final=202.4, Time=93.4, Moves(35)=0.0, Pins(0)=0.0, Dist=109.0
[2026-04-13 14:10:37] SCORE Player2 (blue): Final=195.0, Time=93.0, Moves(34)=0.0, Pins(0)=0.0, Dist=102.0
[2026-04-13 14:10:38] MOVE 70: Player2 (blue) 7->15 [0.02ms]
[2026-04-13 14:10:38] SCORE Player1 (red): Final=202.4, Time=93.4, Moves(35)=0.0, Pins(0)=0.0, Dist=109.0
[2026-04-13 14:10:38] SCORE Player2 (blue): Final=195.8, Time=92.8, Moves(35)=0.0, Pins(0)=0.0, Dist=103.0
[2026-04-13 14:10:38] MOVE 71: Player1 (red) 79->90 [0.02ms]
[2026-04-13 14:10:38] SCORE Player1 (red): Final=201.3, Time=93.2, Moves(36)=0.1, Pins(0)=0.0, Dist=108.0
[2026-04-13 14:10:38] SCORE Player2 (blue): Final=195.8, Time=92.8, Moves(35)=0.0, Pins(0)=0.0, Dist=103.0
[2026-04-13 14:10:38] MOVE 72: Player2 (blue) 3->4 [0.02ms]
[2026-04-13 14:10:38] SCORE Player1 (red): Final=201.3, Time=93.2, Moves(36)=0.1, Pins(0)=0.0, Dist=108.0
[2026-04-13 14:10:38] SCORE Player2 (blue): Final=195.7, Time=92.6, Moves(36)=0.1, Pins(0)=0.0, Dist=103.0
[2026-04-13 14:10:38] MOVE 73: Player1 (red) 78->77 [0.02ms]
[2026-04-13 14:10:38] SCORE Player1 (red): Final=201.1, Time=93.0, Moves(37)=0.1, Pins(0)=0.0, Dist=108.0
[2026-04-13 14:10:38] SCORE Player2 (blue): Final=195.7, Time=92.6, Moves(36)=0.1, Pins(0)=0.0, Dist=103.0
[2026-04-13 14:10:38] MOVE 74: Player2 (blue) 15->14 [0.02ms]
[2026-04-13 14:10:38] SCORE Player1 (red): Final=201.1, Time=93.0, Moves(37)=0.1, Pins(0)=0.0, Dist=108.0
[2026-04-13 14:10:38] SCORE Player2 (blue): Final=195.5, Time=92.4, Moves(37)=0.1, Pins(0)=0.0, Dist=103.0
[2026-04-13 14:10:39] MOVE 75: Player1 (red) 113->114 [0.02ms]
[2026-04-13 14:10:39] SCORE Player1 (red): Final=201.1, Time=92.8, Moves(38)=0.2, Pins(0)=0.0, Dist=108.0
[2026-04-13 14:10:39] SCORE Player2 (blue): Final=195.5, Time=92.4, Moves(37)=0.1, Pins(0)=0.0, Dist=103.0
[2026-04-13 14:10:39] MOVE 76: Player2 (blue) 0->1 [0.02ms]
[2026-04-13 14:10:39] SCORE Player1 (red): Final=201.1, Time=92.8, Moves(38)=0.2, Pins(0)=0.0, Dist=108.0
[2026-04-13 14:10:39] SCORE Player2 (blue): Final=196.4, Time=92.2, Moves(38)=0.2, Pins(0)=0.0, Dist=104.0
[2026-04-13 14:10:39] MOVE 77: Player1 (red) 70->69 [0.02ms]
[2026-04-13 14:10:39] SCORE Player1 (red): Final=201.0, Time=92.7, Moves(39)=0.3, Pins(0)=0.0, Dist=108.0
[2026-04-13 14:10:39] SCORE Player2 (blue): Final=196.4, Time=92.2, Moves(38)=0.2, Pins(0)=0.0, Dist=104.0
[2026-04-13 14:10:39] MOVE 78: Player2 (blue) 12->13 [0.02ms]
[2026-04-13 14:10:39] SCORE Player1 (red): Final=201.0, Time=92.7, Moves(39)=0.3, Pins(0)=0.0, Dist=108.0
[2026-04-13 14:10:39] SCORE Player2 (blue): Final=196.4, Time=92.0, Moves(39)=0.3, Pins(0)=0.0, Dist=104.0
[2026-04-13 14:10:39] MOVE 79: Player1 (red) 116->76 [0.02ms]
[2026-04-13 14:10:39] SCORE Player1 (red): Final=205.0, Time=92.5, Moves(40)=0.5, Pins(0)=0.0, Dist=112.0
[2026-04-13 14:10:39] SCORE Player2 (blue): Final=196.4, Time=92.0, Moves(39)=0.3, Pins(0)=0.0, Dist=104.0
[2026-04-13 14:10:40] MOVE 80: Player2 (blue) 13->15 [0.02ms]
[2026-04-13 14:10:40] SCORE Player1 (red): Final=205.0, Time=92.5, Moves(40)=0.5, Pins(0)=0.0, Dist=112.0
[2026-04-13 14:10:40] SCORE Player2 (blue): Final=196.3, Time=91.8, Moves(40)=0.5, Pins(0)=0.0, Dist=104.0
[2026-04-13 14:10:40] MOVE 81: Player1 (red) 68->59 [0.02ms]
[2026-04-13 14:10:40] SCORE Player1 (red): Final=205.9, Time=92.3, Moves(41)=0.6, Pins(0)=0.0, Dist=113.0
[2026-04-13 14:10:40] SCORE Player2 (blue): Final=196.3, Time=91.8, Moves(40)=0.5, Pins(0)=0.0, Dist=104.0
[2026-04-13 14:10:40] MOVE 82: Player2 (blue) 26->37 [0.02ms]
[2026-04-13 14:10:40] SCORE Player1 (red): Final=205.9, Time=92.3, Moves(41)=0.6, Pins(0)=0.0, Dist=113.0
[2026-04-13 14:10:40] SCORE Player2 (blue): Final=197.3, Time=91.7, Moves(41)=0.6, Pins(0)=0.0, Dist=105.0
[2026-04-13 14:10:40] MOVE 83: Player1 (red) 114->113 [0.02ms]
[2026-04-13 14:10:40] SCORE Player1 (red): Final=205.9, Time=92.1, Moves(42)=0.8, Pins(0)=0.0, Dist=113.0
[2026-04-13 14:10:40] SCORE Player2 (blue): Final=197.3, Time=91.7, Moves(41)=0.6, Pins(0)=0.0, Dist=105.0
[2026-04-13 14:10:40] MOVE 84: Player2 (blue) 4->17 [0.02ms]
[2026-04-13 14:10:40] SCORE Player1 (red): Final=205.9, Time=92.1, Moves(42)=0.8, Pins(0)=0.0, Dist=113.0
[2026-04-13 14:10:40] SCORE Player2 (blue): Final=199.3, Time=91.6, Moves(42)=0.8, Pins(0)=0.0, Dist=107.0
[2026-04-13 14:10:40] MOVE 85: Player1 (red) 119->116 [0.02ms]
[2026-04-13 14:10:40] SCORE Player1 (red): Final=206.8, Time=91.9, Moves(43)=0.9, Pins(0)=0.0, Dist=114.0
[2026-04-13 14:10:40] SCORE Player2 (blue): Final=199.3, Time=91.6, Moves(42)=0.8, Pins(0)=0.0, Dist=107.0
[2026-04-13 14:10:41] MOVE 86: Player2 (blue) 17->4 [0.02ms]
[2026-04-13 14:10:41] SCORE Player1 (red): Final=206.8, Time=91.9, Moves(43)=0.9, Pins(0)=0.0, Dist=114.0
[2026-04-13 14:10:41] SCORE Player2 (blue): Final=197.2, Time=91.4, Moves(43)=0.9, Pins(0)=0.0, Dist=105.0
[2026-04-13 14:10:41] MOVE 87: Player1 (red) 120->119 [0.02ms]
[2026-04-13 14:10:41] SCORE Player1 (red): Final=207.7, Time=91.8, Moves(44)=1.0, Pins(0)=0.0, Dist=115.0
[2026-04-13 14:10:41] SCORE Player2 (blue): Final=197.2, Time=91.4, Moves(43)=0.9, Pins(0)=0.0, Dist=105.0
[2026-04-13 14:10:41] MOVE 88: Player2 (blue) 2->7 [0.02ms]
[2026-04-13 14:10:41] SCORE Player1 (red): Final=207.7, Time=91.8, Moves(44)=1.0, Pins(0)=0.0, Dist=115.0
[2026-04-13 14:10:41] SCORE Player2 (blue): Final=199.2, Time=91.2, Moves(44)=1.0, Pins(0)=0.0, Dist=107.0
[2026-04-13 14:10:41] MOVE 89: Player1 (red) 119->120 [0.02ms]
[2026-04-13 14:10:41] SCORE Player1 (red): Final=206.6, Time=91.6, Moves(45)=1.0, Pins(0)=0.0, Dist=114.0
[2026-04-13 14:10:41] SCORE Player2 (blue): Final=199.2, Time=91.2, Moves(44)=1.0, Pins(0)=0.0, Dist=107.0
[2026-04-13 14:10:41] MOVE 90: Player2 (blue) 37->36 [0.02ms]
[2026-04-13 14:10:41] SCORE Player1 (red): Final=206.6, Time=91.6, Moves(45)=1.0, Pins(0)=0.0, Dist=114.0
[2026-04-13 14:10:41] SCORE Player2 (blue): Final=199.0, Time=91.0, Moves(45)=1.0, Pins(0)=0.0, Dist=107.0
[2026-04-13 14:10:42] MOVE 91: Player1 (red) 116->105 [0.02ms]
[2026-04-13 14:10:42] SCORE Player1 (red): Final=208.4, Time=91.4, Moves(46)=1.0, Pins(0)=0.0, Dist=116.0
[2026-04-13 14:10:42] SCORE Player2 (blue): Final=199.0, Time=91.0, Moves(45)=1.0, Pins(0)=0.0, Dist=107.0
[2026-04-13 14:10:42] MOVE 92: Player2 (blue) 4->3 [0.03ms]
[2026-04-13 14:10:42] SCORE Player1 (red): Final=208.4, Time=91.4, Moves(46)=1.0, Pins(0)=0.0, Dist=116.0
[2026-04-13 14:10:42] SCORE Player2 (blue): Final=198.8, Time=90.8, Moves(46)=1.0, Pins(0)=0.0, Dist=107.0
[2026-04-13 14:10:42] MOVE 93: Player1 (red) 69->79 [0.02ms]
[2026-04-13 14:10:42] SCORE Player1 (red): Final=207.2, Time=91.2, Moves(47)=1.0, Pins(0)=0.0, Dist=115.0
[2026-04-13 14:10:42] SCORE Player2 (blue): Final=198.8, Time=90.8, Moves(46)=1.0, Pins(0)=0.0, Dist=107.0
[2026-04-13 14:10:42] MOVE 94: Player2 (blue) 43->54 [0.02ms]
[2026-04-13 14:10:42] SCORE Player1 (red): Final=207.2, Time=91.2, Moves(47)=1.0, Pins(0)=0.0, Dist=115.0
[2026-04-13 14:10:42] SCORE Player2 (blue): Final=199.6, Time=90.6, Moves(47)=1.0, Pins(0)=0.0, Dist=108.0
[2026-04-13 14:10:42] MOVE 95: Player1 (red) 90->78 [0.02ms]
[2026-04-13 14:10:42] SCORE Player1 (red): Final=208.0, Time=91.0, Moves(48)=1.0, Pins(0)=0.0, Dist=116.0
[2026-04-13 14:10:42] SCORE Player2 (blue): Final=199.6, Time=90.6, Moves(47)=1.0, Pins(0)=0.0, Dist=108.0
[2026-04-13 14:10:42] MOVE 96: Player2 (blue) 9->17 [0.02ms]
[2026-04-13 14:10:42] SCORE Player1 (red): Final=208.0, Time=91.0, Moves(48)=1.0, Pins(0)=0.0, Dist=116.0
[2026-04-13 14:10:42] SCORE Player2 (blue): Final=200.5, Time=90.5, Moves(48)=1.0, Pins(0)=0.0, Dist=109.0
