[2026-05-08 10:13:22] GAME CREATED
[2026-05-08 10:13:24] PLAYER JOINED: The bandits as red
[2026-05-08 10:13:48] PLAYER JOINED: Robert as blue
[2026-05-08 10:13:48] PLAYER START: The bandits (red)
[2026-05-08 10:13:48] PLAYER START: Robert (blue)
[2026-05-08 10:13:48] GAME START — turn order ['red', 'blue']
[2026-05-08 10:13:48] MOVE 1: The bandits (red) 115->104 [0.01ms]
[2026-05-08 10:13:48] SCORE The bandits (red): Final=283.9, Time=99.9, Moves(1)=0.0, Pins(0)=0.0, Dist=184.0, Win Bonus=0.0
[2026-05-08 10:13:48] SCORE Robert (blue): Final=0.0, Time=0.0, Moves(0)=0.0, Pins(0)=0.0, Dist=0.0, Win Bonus=0.0
[2026-05-08 10:13:50] PLAYER START: The bandits (red)
[2026-05-08 10:13:50] PLAYER START: Robert (blue)
[2026-05-08 10:13:50] MOVE 2: Robert (blue) 3->14 [0.01ms]
[2026-05-08 10:13:50] SCORE The bandits (red): Final=283.9, Time=99.9, Moves(1)=0.0, Pins(0)=0.0, Dist=184.0, Win Bonus=0.0
[2026-05-08 10:13:50] SCORE Robert (blue): Final=282.2, Time=98.2, Moves(1)=0.0, Pins(0)=0.0, Dist=184.0, Win Bonus=0.0
[2026-05-08 10:13:50] MOVE 3: The bandits (red) 120->102 [0.01ms]
[2026-05-08 10:13:50] SCORE The bandits (red): Final=291.8, Time=99.8, Moves(2)=0.0, Pins(0)=0.0, Dist=192.0, Win Bonus=0.0
[2026-05-08 10:13:50] SCORE Robert (blue): Final=282.2, Time=98.2, Moves(1)=0.0, Pins(0)=0.0, Dist=184.0, Win Bonus=0.0
[2026-05-08 10:13:51] MOVE 4: Robert (blue) 14->26 [0.01ms]
[2026-05-08 10:13:51] SCORE The bandits (red): Final=291.8, Time=99.8, Moves(2)=0.0, Pins(0)=0.0, Dist=192.0, Win Bonus=0.0
[2026-05-08 10:13:51] SCORE Robert (blue): Final=283.6, Time=97.6, Moves(2)=0.0, Pins(0)=0.0, Dist=186.0, Win Bonus=0.0
[2026-05-08 10:13:51] MOVE 5: The bandits (red) 116->103 [0.01ms]
[2026-05-08 10:13:51] SCORE The bandits (red): Final=295.7, Time=99.7, Moves(3)=0.0, Pins(0)=0.0, Dist=196.0, Win Bonus=0.0
[2026-05-08 10:13:51] SCORE Robert (blue): Final=283.6, Time=97.6, Moves(2)=0.0, Pins(0)=0.0, Dist=186.0, Win Bonus=0.0
[2026-05-08 10:13:52] MOVE 6: Robert (blue) 0->37 [0.01ms]
[2026-05-08 10:13:52] SCORE The bandits (red): Final=295.7, Time=99.7, Moves(3)=0.0, Pins(0)=0.0, Dist=196.0, Win Bonus=0.0
[2026-05-08 10:13:52] SCORE Robert (blue): Final=295.0, Time=97.0, Moves(3)=0.0, Pins(0)=0.0, Dist=198.0, Win Bonus=0.0
[2026-05-08 10:13:52] MOVE 7: The bandits (red) 117->106 [0.01ms]
[2026-05-08 10:13:52] SCORE The bandits (red): Final=299.7, Time=99.7, Moves(4)=0.0, Pins(0)=0.0, Dist=200.0, Win Bonus=0.0
[2026-05-08 10:13:52] SCORE Robert (blue): Final=295.0, Time=97.0, Moves(3)=0.0, Pins(0)=0.0, Dist=198.0, Win Bonus=0.0
[2026-05-08 10:13:52] MOVE 8: Robert (blue) 37->47 [0.01ms]
[2026-05-08 10:13:52] SCORE The bandits (red): Final=299.7, Time=99.7, Moves(4)=0.0, Pins(0)=0.0, Dist=200.0, Win Bonus=0.0
[2026-05-08 10:13:52] SCORE Robert (blue): Final=296.3, Time=96.3, Moves(4)=0.0, Pins(0)=0.0, Dist=200.0, Win Bonus=0.0
[2026-05-08 10:13:52] MOVE 9: The bandits (red) 113->91 [0.01ms]
[2026-05-08 10:13:52] SCORE The bandits (red): Final=303.6, Time=99.6, Moves(5)=0.0, Pins(0)=0.0, Dist=204.0, Win Bonus=0.0
[2026-05-08 10:13:52] SCORE Robert (blue): Final=296.3, Time=96.3, Moves(4)=0.0, Pins(0)=0.0, Dist=200.0, Win Bonus=0.0
[2026-05-08 10:13:53] MOVE 10: Robert (blue) 5->56 [0.01ms]
[2026-05-08 10:13:53] SCORE The bandits (red): Final=303.6, Time=99.6, Moves(5)=0.0, Pins(0)=0.0, Dist=204.0, Win Bonus=0.0
[2026-05-08 10:13:53] SCORE Robert (blue): Final=307.7, Time=95.7, Moves(5)=0.0, Pins(0)=0.0, Dist=212.0, Win Bonus=0.0
[2026-05-08 10:13:53] MOVE 11: The bandits (red) 111->89 [0.01ms]
[2026-05-08 10:13:53] SCORE The bandits (red): Final=307.5, Time=99.5, Moves(6)=0.0, Pins(0)=0.0, Dist=208.0, Win Bonus=0.0
[2026-05-08 10:13:53] SCORE Robert (blue): Final=307.7, Time=95.7, Moves(5)=0.0, Pins(0)=0.0, Dist=212.0, Win Bonus=0.0
[2026-05-08 10:13:54] MOVE 12: Robert (blue) 1->3 [0.01ms]
[2026-05-08 10:13:54] SCORE The bandits (red): Final=307.5, Time=99.5, Moves(6)=0.0, Pins(0)=0.0, Dist=208.0, Win Bonus=0.0
[2026-05-08 10:13:54] SCORE Robert (blue): Final=309.0, Time=95.0, Moves(6)=0.0, Pins(0)=0.0, Dist=214.0, Win Bonus=0.0
[2026-05-08 10:13:54] MOVE 13: The bandits (red) 112->90 [0.01ms]
[2026-05-08 10:13:54] SCORE The bandits (red): Final=311.4, Time=99.4, Moves(7)=0.0, Pins(0)=0.0, Dist=212.0, Win Bonus=0.0
[2026-05-08 10:13:54] SCORE Robert (blue): Final=309.0, Time=95.0, Moves(6)=0.0, Pins(0)=0.0, Dist=214.0, Win Bonus=0.0
[2026-05-08 10:13:55] MOVE 14: Robert (blue) 56->66 [0.00ms]
[2026-05-08 10:13:55] SCORE The bandits (red): Final=311.4, Time=99.4, Moves(7)=0.0, Pins(0)=0.0, Dist=212.0, Win Bonus=0.0
[2026-05-08 10:13:55] SCORE Robert (blue): Final=310.2, Time=94.2, Moves(7)=0.0, Pins(0)=0.0, Dist=216.0, Win Bonus=0.0
[2026-05-08 10:13:55] MOVE 15: The bandits (red) 118->116 [0.00ms]
[2026-05-08 10:13:55] SCORE The bandits (red): Final=313.3, Time=99.3, Moves(8)=0.0, Pins(0)=0.0, Dist=214.0, Win Bonus=0.0
[2026-05-08 10:13:55] SCORE Robert (blue): Final=310.2, Time=94.2, Moves(7)=0.0, Pins(0)=0.0, Dist=216.0, Win Bonus=0.0
[2026-05-08 10:13:56] MOVE 16: Robert (blue) 3->77 [0.00ms]
[2026-05-08 10:13:56] SCORE The bandits (red): Final=313.3, Time=99.3, Moves(8)=0.0, Pins(0)=0.0, Dist=214.0, Win Bonus=0.0
[2026-05-08 10:13:56] SCORE Robert (blue): Final=325.4, Time=93.4, Moves(8)=0.0, Pins(0)=0.0, Dist=232.0, Win Bonus=0.0
[2026-05-08 10:13:56] MOVE 17: The bandits (red) 119->92 [0.00ms]
[2026-05-08 10:13:56] SCORE The bandits (red): Final=321.3, Time=99.3, Moves(9)=0.0, Pins(0)=0.0, Dist=222.0, Win Bonus=0.0
[2026-05-08 10:13:56] SCORE Robert (blue): Final=325.4, Time=93.4, Moves(8)=0.0, Pins(0)=0.0, Dist=232.0, Win Bonus=0.0
[2026-05-08 10:13:56] MOVE 18: Robert (blue) 2->5 [0.01ms]
[2026-05-08 10:13:56] SCORE The bandits (red): Final=321.3, Time=99.3, Moves(9)=0.0, Pins(0)=0.0, Dist=222.0, Win Bonus=0.0
[2026-05-08 10:13:56] SCORE Robert (blue): Final=326.7, Time=92.7, Moves(9)=0.0, Pins(0)=0.0, Dist=234.0, Win Bonus=0.0
[2026-05-08 10:13:57] MOVE 19: The bandits (red) 114->94 [0.01ms]
[2026-05-08 10:13:57] SCORE The bandits (red): Final=325.1, Time=99.1, Moves(10)=0.0, Pins(0)=0.0, Dist=226.0, Win Bonus=0.0
[2026-05-08 10:13:57] SCORE Robert (blue): Final=326.7, Time=92.7, Moves(9)=0.0, Pins(0)=0.0, Dist=234.0, Win Bonus=0.0
[2026-05-08 10:13:57] MOVE 20: Robert (blue) 5->56 [0.01ms]
[2026-05-08 10:13:57] SCORE The bandits (red): Final=325.1, Time=99.1, Moves(10)=0.0, Pins(0)=0.0, Dist=226.0, Win Bonus=0.0
[2026-05-08 10:13:57] SCORE Robert (blue): Final=337.8, Time=91.8, Moves(10)=0.0, Pins(0)=0.0, Dist=246.0, Win Bonus=0.0
[2026-05-08 10:13:57] MOVE 21: The bandits (red) 90->67 [0.01ms]
[2026-05-08 10:13:57] SCORE The bandits (red): Final=329.1, Time=99.1, Moves(11)=0.0, Pins(0)=0.0, Dist=230.0, Win Bonus=0.0
[2026-05-08 10:13:57] SCORE Robert (blue): Final=337.8, Time=91.8, Moves(10)=0.0, Pins(0)=0.0, Dist=246.0, Win Bonus=0.0
[2026-05-08 10:13:58] MOVE 22: Robert (blue) 66->76 [0.01ms]
[2026-05-08 10:13:58] SCORE The bandits (red): Final=329.1, Time=99.1, Moves(11)=0.0, Pins(0)=0.0, Dist=230.0, Win Bonus=0.0
[2026-05-08 10:13:58] SCORE Robert (blue): Final=337.1, Time=91.1, Moves(11)=0.0, Pins(0)=0.0, Dist=246.0, Win Bonus=0.0
[2026-05-08 10:13:58] MOVE 23: The bandits (red) 116->112 [0.01ms]
[2026-05-08 10:13:58] SCORE The bandits (red): Final=331.0, Time=99.0, Moves(12)=0.0, Pins(0)=0.0, Dist=232.0, Win Bonus=0.0
[2026-05-08 10:13:58] SCORE Robert (blue): Final=337.1, Time=91.1, Moves(11)=0.0, Pins(0)=0.0, Dist=246.0, Win Bonus=0.0
[2026-05-08 10:13:59] MOVE 24: Robert (blue) 47->90 [0.01ms]
[2026-05-08 10:13:59] SCORE The bandits (red): Final=331.0, Time=99.0, Moves(12)=0.0, Pins(0)=0.0, Dist=232.0, Win Bonus=0.0
[2026-05-08 10:13:59] SCORE Robert (blue): Final=344.3, Time=90.3, Moves(12)=0.0, Pins(0)=0.0, Dist=254.0, Win Bonus=0.0
[2026-05-08 10:13:59] MOVE 25: The bandits (red) 103->57 [0.00ms]
[2026-05-08 10:13:59] SCORE The bandits (red): Final=338.9, Time=98.9, Moves(13)=0.0, Pins(0)=0.0, Dist=240.0, Win Bonus=0.0
[2026-05-08 10:13:59] SCORE Robert (blue): Final=344.3, Time=90.3, Moves(12)=0.0, Pins(0)=0.0, Dist=254.0, Win Bonus=0.0
[2026-05-08 10:14:00] MOVE 26: Robert (blue) 76->116 [0.01ms]
[2026-05-08 10:14:00] SCORE The bandits (red): Final=338.9, Time=98.9, Moves(13)=0.0, Pins(0)=0.0, Dist=240.0, Win Bonus=0.0
[2026-05-08 10:14:00] SCORE Robert (blue): Final=451.5, Time=89.5, Moves(13)=0.0, Pins(1)=100.0, Dist=262.0, Win Bonus=0.0
[2026-05-08 10:14:00] MOVE 27: The bandits (red) 112->103 [0.01ms]
[2026-05-08 10:14:00] SCORE The bandits (red): Final=340.8, Time=98.8, Moves(14)=0.0, Pins(0)=0.0, Dist=242.0, Win Bonus=0.0
[2026-05-08 10:14:00] SCORE Robert (blue): Final=451.5, Time=89.5, Moves(13)=0.0, Pins(1)=100.0, Dist=262.0, Win Bonus=0.0
[2026-05-08 10:14:01] MOVE 28: Robert (blue) 6->14 [0.01ms]
[2026-05-08 10:14:01] SCORE The bandits (red): Final=340.8, Time=98.8, Moves(14)=0.0, Pins(0)=0.0, Dist=242.0, Win Bonus=0.0
[2026-05-08 10:14:01] SCORE Robert (blue): Final=452.7, Time=88.7, Moves(14)=0.0, Pins(1)=100.0, Dist=264.0, Win Bonus=0.0
[2026-05-08 10:14:01] MOVE 29: The bandits (red) 57->48 [0.01ms]
[2026-05-08 10:14:01] SCORE The bandits (red): Final=342.7, Time=98.7, Moves(15)=0.0, Pins(0)=0.0, Dist=244.0, Win Bonus=0.0
[2026-05-08 10:14:01] SCORE Robert (blue): Final=452.7, Time=88.7, Moves(14)=0.0, Pins(1)=100.0, Dist=264.0, Win Bonus=0.0
[2026-05-08 10:14:02] MOVE 30: Robert (blue) 4->101 [0.01ms]
[2026-05-08 10:14:02] SCORE The bandits (red): Final=342.7, Time=98.7, Moves(15)=0.0, Pins(0)=0.0, Dist=244.0, Win Bonus=0.0
[2026-05-08 10:14:02] SCORE Robert (blue): Final=470.0, Time=88.0, Moves(15)=0.0, Pins(1)=100.0, Dist=282.0, Win Bonus=0.0
[2026-05-08 10:14:02] MOVE 31: The bandits (red) 103->38 [0.01ms]
[2026-05-08 10:14:02] SCORE The bandits (red): Final=354.6, Time=98.6, Moves(16)=0.0, Pins(0)=0.0, Dist=256.0, Win Bonus=0.0
[2026-05-08 10:14:02] SCORE Robert (blue): Final=470.0, Time=88.0, Moves(15)=0.0, Pins(1)=100.0, Dist=282.0, Win Bonus=0.0
[2026-05-08 10:14:03] MOVE 32: Robert (blue) 14->58 [0.01ms]
[2026-05-08 10:14:03] SCORE The bandits (red): Final=354.6, Time=98.6, Moves(16)=0.0, Pins(0)=0.0, Dist=256.0, Win Bonus=0.0
[2026-05-08 10:14:03] SCORE Robert (blue): Final=477.2, Time=87.2, Moves(16)=0.0, Pins(1)=100.0, Dist=290.0, Win Bonus=0.0
[2026-05-08 10:14:03] MOVE 33: The bandits (red) 102->79 [0.00ms]
[2026-05-08 10:14:03] SCORE The bandits (red): Final=358.6, Time=98.6, Moves(17)=0.0, Pins(0)=0.0, Dist=260.0, Win Bonus=0.0
[2026-05-08 10:14:03] SCORE Robert (blue): Final=477.2, Time=87.2, Moves(16)=0.0, Pins(1)=100.0, Dist=290.0, Win Bonus=0.0
[2026-05-08 10:14:03] MOVE 34: Robert (blue) 26->65 [0.01ms]
[2026-05-08 10:14:03] SCORE The bandits (red): Final=358.6, Time=98.6, Moves(17)=0.0, Pins(0)=0.0, Dist=260.0, Win Bonus=0.0
[2026-05-08 10:14:03] SCORE Robert (blue): Final=482.5, Time=86.5, Moves(17)=0.0, Pins(1)=100.0, Dist=296.0, Win Bonus=0.0
[2026-05-08 10:14:03] MOVE 35: The bandits (red) 38->27 [0.01ms]
[2026-05-08 10:14:03] SCORE The bandits (red): Final=360.4, Time=98.4, Moves(18)=0.0, Pins(0)=0.0, Dist=262.0, Win Bonus=0.0
[2026-05-08 10:14:04] SCORE Robert (blue): Final=482.5, Time=86.5, Moves(17)=0.0, Pins(1)=100.0, Dist=296.0, Win Bonus=0.0
[2026-05-08 10:14:04] MOVE 36: Robert (blue) 7->15 [0.00ms]
[2026-05-08 10:14:04] SCORE The bandits (red): Final=360.4, Time=98.4, Moves(18)=0.0, Pins(0)=0.0, Dist=262.0, Win Bonus=0.0
[2026-05-08 10:14:04] SCORE Robert (blue): Final=483.7, Time=85.7, Moves(18)=0.0, Pins(1)=100.0, Dist=298.0, Win Bonus=0.0
[2026-05-08 10:14:04] MOVE 37: The bandits (red) 104->81 [0.00ms]
[2026-05-08 10:14:04] SCORE The bandits (red): Final=364.3, Time=98.3, Moves(19)=0.0, Pins(0)=0.0, Dist=266.0, Win Bonus=0.0
[2026-05-08 10:14:04] SCORE Robert (blue): Final=483.7, Time=85.7, Moves(18)=0.0, Pins(1)=100.0, Dist=298.0, Win Bonus=0.0
[2026-05-08 10:14:05] MOVE 38: Robert (blue) 15->103 [0.00ms]
[2026-05-08 10:14:05] SCORE The bandits (red): Final=364.3, Time=98.3, Moves(19)=0.0, Pins(0)=0.0, Dist=266.0, Win Bonus=0.0
[2026-05-08 10:14:05] SCORE Robert (blue): Final=498.8, Time=84.8, Moves(19)=0.0, Pins(1)=100.0, Dist=314.0, Win Bonus=0.0
[2026-05-08 10:14:05] MOVE 39: The bandits (red) 91->70 [0.01ms]
[2026-05-08 10:14:05] SCORE The bandits (red): Final=368.2, Time=98.2, Moves(20)=0.0, Pins(0)=0.0, Dist=270.0, Win Bonus=0.0
[2026-05-08 10:14:05] SCORE Robert (blue): Final=498.8, Time=84.8, Moves(19)=0.0, Pins(1)=100.0, Dist=314.0, Win Bonus=0.0
[2026-05-08 10:14:06] MOVE 40: Robert (blue) 77->104 [0.01ms]
[2026-05-08 10:14:06] SCORE The bandits (red): Final=368.2, Time=98.2, Moves(20)=0.0, Pins(0)=0.0, Dist=270.0, Win Bonus=0.0
[2026-05-08 10:14:06] SCORE Robert (blue): Final=501.7, Time=83.7, Moves(20)=0.0, Pins(1)=100.0, Dist=318.0, Win Bonus=0.0
[2026-05-08 10:14:07] MOVE 41: The bandits (red) 89->68 [0.01ms]
[2026-05-08 10:14:07] SCORE The bandits (red): Final=372.1, Time=98.1, Moves(21)=0.0, Pins(0)=0.0, Dist=274.0, Win Bonus=0.0
[2026-05-08 10:14:07] SCORE Robert (blue): Final=501.7, Time=83.7, Moves(20)=0.0, Pins(1)=100.0, Dist=318.0, Win Bonus=0.0
[2026-05-08 10:14:08] MOVE 42: Robert (blue) 90->112 [0.01ms]
[2026-05-08 10:14:08] SCORE The bandits (red): Final=372.1, Time=98.1, Moves(21)=0.0, Pins(0)=0.0, Dist=274.0, Win Bonus=0.0
[2026-05-08 10:14:08] SCORE Robert (blue): Final=604.8, Time=82.8, Moves(21)=0.0, Pins(2)=200.0, Dist=322.0, Win Bonus=0.0
[2026-05-08 10:14:08] MOVE 43: The bandits (red) 92->69 [0.01ms]
[2026-05-08 10:14:08] SCORE The bandits (red): Final=376.1, Time=98.1, Moves(22)=0.0, Pins(0)=0.0, Dist=278.0, Win Bonus=0.0
[2026-05-08 10:14:08] SCORE Robert (blue): Final=604.8, Time=82.8, Moves(21)=0.0, Pins(2)=200.0, Dist=322.0, Win Bonus=0.0
[2026-05-08 10:14:08] MOVE 44: Robert (blue) 56->57 [0.01ms]
[2026-05-08 10:14:08] SCORE The bandits (red): Final=376.1, Time=98.1, Moves(22)=0.0, Pins(0)=0.0, Dist=278.0, Win Bonus=0.0
[2026-05-08 10:14:08] SCORE Robert (blue): Final=604.0, Time=82.0, Moves(22)=0.0, Pins(2)=200.0, Dist=322.0, Win Bonus=0.0
[2026-05-08 10:14:09] MOVE 45: The bandits (red) 106->83 [0.00ms]
[2026-05-08 10:14:09] SCORE The bandits (red): Final=379.9, Time=97.9, Moves(23)=0.0, Pins(0)=0.0, Dist=282.0, Win Bonus=0.0
[2026-05-08 10:14:09] SCORE Robert (blue): Final=604.0, Time=82.0, Moves(22)=0.0, Pins(2)=200.0, Dist=322.0, Win Bonus=0.0
[2026-05-08 10:14:09] MOVE 46: Robert (blue) 57->107 [0.01ms]
[2026-05-08 10:14:09] SCORE The bandits (red): Final=379.9, Time=97.9, Moves(23)=0.0, Pins(0)=0.0, Dist=282.0, Win Bonus=0.0
[2026-05-08 10:14:09] SCORE Robert (blue): Final=609.2, Time=81.2, Moves(23)=0.0, Pins(2)=200.0, Dist=328.0, Win Bonus=0.0
[2026-05-08 10:14:09] MOVE 47: The bandits (red) 79->60 [0.01ms]
[2026-05-08 10:14:09] SCORE The bandits (red): Final=383.8, Time=97.8, Moves(24)=0.0, Pins(0)=0.0, Dist=286.0, Win Bonus=0.0
[2026-05-08 10:14:09] SCORE Robert (blue): Final=609.2, Time=81.2, Moves(23)=0.0, Pins(2)=200.0, Dist=328.0, Win Bonus=0.0
[2026-05-08 10:14:10] MOVE 48: Robert (blue) 101->89 [0.01ms]
[2026-05-08 10:14:10] SCORE The bandits (red): Final=383.8, Time=97.8, Moves(24)=0.0, Pins(0)=0.0, Dist=286.0, Win Bonus=0.0
[2026-05-08 10:14:10] SCORE Robert (blue): Final=608.4, Time=80.4, Moves(24)=0.0, Pins(2)=200.0, Dist=328.0, Win Bonus=0.0
[2026-05-08 10:14:10] MOVE 49: The bandits (red) 83->72 [0.01ms]
[2026-05-08 10:14:10] SCORE The bandits (red): Final=385.7, Time=97.7, Moves(25)=0.0, Pins(0)=0.0, Dist=288.0, Win Bonus=0.0
[2026-05-08 10:14:10] SCORE Robert (blue): Final=608.4, Time=80.4, Moves(24)=0.0, Pins(2)=200.0, Dist=328.0, Win Bonus=0.0
[2026-05-08 10:14:11] MOVE 50: Robert (blue) 58->102 [0.01ms]
[2026-05-08 10:14:11] SCORE The bandits (red): Final=385.7, Time=97.7, Moves(25)=0.0, Pins(0)=0.0, Dist=288.0, Win Bonus=0.0
[2026-05-08 10:14:11] SCORE Robert (blue): Final=615.5, Time=79.5, Moves(25)=0.0, Pins(2)=200.0, Dist=336.0, Win Bonus=0.0
[2026-05-08 10:14:11] MOVE 51: The bandits (red) 68->58 [0.01ms]
[2026-05-08 10:14:11] SCORE The bandits (red): Final=387.7, Time=97.7, Moves(26)=0.0, Pins(0)=0.0, Dist=290.0, Win Bonus=0.0
[2026-05-08 10:14:11] SCORE Robert (blue): Final=615.5, Time=79.5, Moves(25)=0.0, Pins(2)=200.0, Dist=336.0, Win Bonus=0.0
[2026-05-08 10:14:12] MOVE 52: Robert (blue) 89->111 [0.01ms]
[2026-05-08 10:14:12] SCORE The bandits (red): Final=387.7, Time=97.7, Moves(26)=0.0, Pins(0)=0.0, Dist=290.0, Win Bonus=0.0
[2026-05-08 10:14:12] SCORE Robert (blue): Final=718.5, Time=78.5, Moves(26)=0.0, Pins(3)=300.0, Dist=340.0, Win Bonus=0.0
[2026-05-08 10:14:12] MOVE 53: The bandits (red) 67->49 [0.01ms]
[2026-05-08 10:14:12] SCORE The bandits (red): Final=391.5, Time=97.5, Moves(27)=0.0, Pins(0)=0.0, Dist=294.0, Win Bonus=0.0
[2026-05-08 10:14:12] SCORE Robert (blue): Final=718.5, Time=78.5, Moves(26)=0.0, Pins(3)=300.0, Dist=340.0, Win Bonus=0.0
[2026-05-08 10:14:13] MOVE 54: Robert (blue) 8->17 [0.01ms]
[2026-05-08 10:14:13] SCORE The bandits (red): Final=391.5, Time=97.5, Moves(27)=0.0, Pins(0)=0.0, Dist=294.0, Win Bonus=0.0
[2026-05-08 10:14:13] SCORE Robert (blue): Final=719.8, Time=77.8, Moves(27)=0.0, Pins(3)=300.0, Dist=342.0, Win Bonus=0.0
[2026-05-08 10:14:13] MOVE 55: The bandits (red) 58->39 [0.01ms]
[2026-05-08 10:14:13] SCORE The bandits (red): Final=395.4, Time=97.4, Moves(28)=0.0, Pins(0)=0.0, Dist=298.0, Win Bonus=0.0
[2026-05-08 10:14:13] SCORE Robert (blue): Final=719.8, Time=77.8, Moves(27)=0.0, Pins(3)=300.0, Dist=342.0, Win Bonus=0.0
[2026-05-08 10:14:14] MOVE 56: Robert (blue) 9->29 [0.01ms]
[2026-05-08 10:14:14] SCORE The bandits (red): Final=395.4, Time=97.4, Moves(28)=0.0, Pins(0)=0.0, Dist=298.0, Win Bonus=0.0
[2026-05-08 10:14:14] SCORE Robert (blue): Final=723.0, Time=77.0, Moves(28)=0.0, Pins(3)=300.0, Dist=346.0, Win Bonus=0.0
[2026-05-08 10:14:14] MOVE 57: The bandits (red) 48->38 [0.00ms]
[2026-05-08 10:14:14] SCORE The bandits (red): Final=397.3, Time=97.3, Moves(29)=0.0, Pins(0)=0.0, Dist=300.0, Win Bonus=0.0
[2026-05-08 10:14:14] SCORE Robert (blue): Final=723.0, Time=77.0, Moves(28)=0.0, Pins(3)=300.0, Dist=346.0, Win Bonus=0.0
[2026-05-08 10:14:15] MOVE 58: Robert (blue) 17->40 [0.01ms]
[2026-05-08 10:14:15] SCORE The bandits (red): Final=397.3, Time=97.3, Moves(29)=0.0, Pins(0)=0.0, Dist=300.0, Win Bonus=0.0
[2026-05-08 10:14:15] SCORE Robert (blue): Final=726.2, Time=76.2, Moves(29)=0.0, Pins(3)=300.0, Dist=350.0, Win Bonus=0.0
[2026-05-08 10:14:15] MOVE 59: The bandits (red) 69->28 [0.00ms]
[2026-05-08 10:14:15] SCORE The bandits (red): Final=405.3, Time=97.3, Moves(30)=0.0, Pins(0)=0.0, Dist=308.0, Win Bonus=0.0
[2026-05-08 10:14:15] SCORE Robert (blue): Final=726.2, Time=76.2, Moves(29)=0.0, Pins(3)=300.0, Dist=350.0, Win Bonus=0.0
[2026-05-08 10:14:16] MOVE 60: Robert (blue) 29->50 [0.00ms]
[2026-05-08 10:14:16] SCORE The bandits (red): Final=405.3, Time=97.3, Moves(30)=0.0, Pins(0)=0.0, Dist=308.0, Win Bonus=0.0
[2026-05-08 10:14:16] SCORE Robert (blue): Final=729.5, Time=75.5, Moves(30)=0.0, Pins(3)=300.0, Dist=354.0, Win Bonus=0.0
[2026-05-08 10:14:16] MOVE 61: The bandits (red) 28->15 [0.01ms]
[2026-05-08 10:14:16] SCORE The bandits (red): Final=407.2, Time=97.2, Moves(31)=0.0, Pins(0)=0.0, Dist=310.0, Win Bonus=0.0
[2026-05-08 10:14:16] SCORE Robert (blue): Final=729.5, Time=75.5, Moves(30)=0.0, Pins(3)=300.0, Dist=354.0, Win Bonus=0.0
[2026-05-08 10:14:16] MOVE 62: Robert (blue) 107->106 [0.01ms]
[2026-05-08 10:14:16] SCORE The bandits (red): Final=407.2, Time=97.2, Moves(31)=0.0, Pins(0)=0.0, Dist=310.0, Win Bonus=0.0
[2026-05-08 10:14:16] SCORE Robert (blue): Final=730.8, Time=74.8, Moves(31)=0.0, Pins(3)=300.0, Dist=356.0, Win Bonus=0.0
[2026-05-08 10:14:17] MOVE 63: The bandits (red) 15->7 [0.01ms]
[2026-05-08 10:14:17] SCORE The bandits (red): Final=509.1, Time=97.1, Moves(32)=0.0, Pins(1)=100.0, Dist=312.0, Win Bonus=0.0
[2026-05-08 10:14:17] SCORE Robert (blue): Final=730.8, Time=74.8, Moves(31)=0.0, Pins(3)=300.0, Dist=356.0, Win Bonus=0.0
[2026-05-08 10:14:17] MOVE 64: Robert (blue) 40->105 [0.00ms]
[2026-05-08 10:14:17] SCORE The bandits (red): Final=509.1, Time=97.1, Moves(32)=0.0, Pins(1)=100.0, Dist=312.0, Win Bonus=0.0
[2026-05-08 10:14:17] SCORE Robert (blue): Final=742.0, Time=74.0, Moves(32)=0.0, Pins(3)=300.0, Dist=368.0, Win Bonus=0.0
[2026-05-08 10:14:17] MOVE 65: The bandits (red) 38->4 [0.01ms]
[2026-05-08 10:14:17] SCORE The bandits (red): Final=615.0, Time=97.0, Moves(33)=0.0, Pins(2)=200.0, Dist=318.0, Win Bonus=0.0
[2026-05-08 10:14:17] SCORE Robert (blue): Final=742.0, Time=74.0, Moves(32)=0.0, Pins(3)=300.0, Dist=368.0, Win Bonus=0.0
[2026-05-08 10:14:18] MOVE 66: Robert (blue) 50->51 [0.01ms]
[2026-05-08 10:14:18] SCORE The bandits (red): Final=615.0, Time=97.0, Moves(33)=0.0, Pins(2)=200.0, Dist=318.0, Win Bonus=0.0
[2026-05-08 10:14:18] SCORE Robert (blue): Final=741.2, Time=73.2, Moves(33)=0.0, Pins(3)=300.0, Dist=368.0, Win Bonus=0.0
[2026-05-08 10:14:18] MOVE 67: The bandits (red) 94->71 [0.01ms]
[2026-05-08 10:14:18] SCORE The bandits (red): Final=619.0, Time=97.0, Moves(34)=0.0, Pins(2)=200.0, Dist=322.0, Win Bonus=0.0
[2026-05-08 10:14:18] SCORE Robert (blue): Final=741.2, Time=73.2, Moves(33)=0.0, Pins(3)=300.0, Dist=368.0, Win Bonus=0.0
[2026-05-08 10:14:19] MOVE 68: Robert (blue) 51->69 [0.01ms]
[2026-05-08 10:14:19] SCORE The bandits (red): Final=619.0, Time=97.0, Moves(34)=0.0, Pins(2)=200.0, Dist=322.0, Win Bonus=0.0
[2026-05-08 10:14:19] SCORE Robert (blue): Final=744.4, Time=72.4, Moves(34)=0.0, Pins(3)=300.0, Dist=372.0, Win Bonus=0.0
[2026-05-08 10:14:19] MOVE 69: The bandits (red) 4->2 [0.01ms]
[2026-05-08 10:14:19] SCORE The bandits (red): Final=618.9, Time=96.9, Moves(35)=0.0, Pins(2)=200.0, Dist=322.0, Win Bonus=0.0
[2026-05-08 10:14:19] SCORE Robert (blue): Final=744.4, Time=72.4, Moves(34)=0.0, Pins(3)=300.0, Dist=372.0, Win Bonus=0.0
[2026-05-08 10:14:20] MOVE 70: Robert (blue) 104->113 [0.00ms]
[2026-05-08 10:14:20] SCORE The bandits (red): Final=618.9, Time=96.9, Moves(35)=0.0, Pins(2)=200.0, Dist=322.0, Win Bonus=0.0
[2026-05-08 10:14:20] SCORE Robert (blue): Final=845.7, Time=71.6, Moves(35)=0.0, Pins(4)=400.0, Dist=374.0, Win Bonus=0.0
[2026-05-08 10:14:20] MOVE 71: The bandits (red) 81->62 [0.01ms]
[2026-05-08 10:14:20] SCORE The bandits (red): Final=622.9, Time=96.8, Moves(36)=0.1, Pins(2)=200.0, Dist=326.0, Win Bonus=0.0
[2026-05-08 10:14:20] SCORE Robert (blue): Final=845.7, Time=71.6, Moves(35)=0.0, Pins(4)=400.0, Dist=374.0, Win Bonus=0.0
[2026-05-08 10:14:21] MOVE 72: Robert (blue) 106->114 [0.01ms]
[2026-05-08 10:14:21] SCORE The bandits (red): Final=622.9, Time=96.8, Moves(36)=0.1, Pins(2)=200.0, Dist=326.0, Win Bonus=0.0
[2026-05-08 10:14:21] SCORE Robert (blue): Final=947.0, Time=70.9, Moves(36)=0.1, Pins(5)=500.0, Dist=376.0, Win Bonus=0.0
[2026-05-08 10:14:21] MOVE 73: The bandits (red) 72->52 [0.01ms]
[2026-05-08 10:14:21] SCORE The bandits (red): Final=626.9, Time=96.8, Moves(37)=0.1, Pins(2)=200.0, Dist=330.0, Win Bonus=0.0
[2026-05-08 10:14:21] SCORE Robert (blue): Final=947.0, Time=70.9, Moves(36)=0.1, Pins(5)=500.0, Dist=376.0, Win Bonus=0.0
[2026-05-08 10:14:22] MOVE 74: Robert (blue) 65->66 [0.01ms]
[2026-05-08 10:14:22] SCORE The bandits (red): Final=626.9, Time=96.8, Moves(37)=0.1, Pins(2)=200.0, Dist=330.0, Win Bonus=0.0
[2026-05-08 10:14:22] SCORE Robert (blue): Final=948.4, Time=70.2, Moves(37)=0.1, Pins(5)=500.0, Dist=378.0, Win Bonus=0.0
[2026-05-08 10:14:22] MOVE 75: The bandits (red) 71->51 [0.01ms]
[2026-05-08 10:14:22] SCORE The bandits (red): Final=630.9, Time=96.7, Moves(38)=0.2, Pins(2)=200.0, Dist=334.0, Win Bonus=0.0
[2026-05-08 10:14:22] SCORE Robert (blue): Final=948.4, Time=70.2, Moves(37)=0.1, Pins(5)=500.0, Dist=378.0, Win Bonus=0.0
[2026-05-08 10:14:22] MOVE 76: Robert (blue) 66->77 [0.01ms]
[2026-05-08 10:14:22] SCORE The bandits (red): Final=630.9, Time=96.7, Moves(38)=0.2, Pins(2)=200.0, Dist=334.0, Win Bonus=0.0
[2026-05-08 10:14:22] SCORE Robert (blue): Final=949.8, Time=69.6, Moves(38)=0.2, Pins(5)=500.0, Dist=380.0, Win Bonus=0.0
[2026-05-08 10:14:22] MOVE 77: The bandits (red) 62->41 [0.01ms]
[2026-05-08 10:14:22] SCORE The bandits (red): Final=634.9, Time=96.6, Moves(39)=0.3, Pins(2)=200.0, Dist=338.0, Win Bonus=0.0
[2026-05-08 10:14:22] SCORE Robert (blue): Final=949.8, Time=69.6, Moves(38)=0.2, Pins(5)=500.0, Dist=380.0, Win Bonus=0.0
[2026-05-08 10:14:23] MOVE 78: Robert (blue) 77->89 [0.00ms]
[2026-05-08 10:14:23] SCORE The bandits (red): Final=634.9, Time=96.6, Moves(39)=0.3, Pins(2)=200.0, Dist=338.0, Win Bonus=0.0
[2026-05-08 10:14:23] SCORE Robert (blue): Final=951.2, Time=68.9, Moves(39)=0.3, Pins(5)=500.0, Dist=382.0, Win Bonus=0.0
[2026-05-08 10:14:23] MOVE 79: The bandits (red) 27->15 [0.00ms]
[2026-05-08 10:14:23] SCORE The bandits (red): Final=637.0, Time=96.5, Moves(40)=0.5, Pins(2)=200.0, Dist=340.0, Win Bonus=0.0
[2026-05-08 10:14:23] SCORE Robert (blue): Final=951.2, Time=68.9, Moves(39)=0.3, Pins(5)=500.0, Dist=382.0, Win Bonus=0.0
[2026-05-08 10:14:24] MOVE 80: Robert (blue) 102->115 [0.01ms]
[2026-05-08 10:14:24] SCORE The bandits (red): Final=637.0, Time=96.5, Moves(40)=0.5, Pins(2)=200.0, Dist=340.0, Win Bonus=0.0
[2026-05-08 10:14:24] SCORE Robert (blue): Final=1052.7, Time=68.2, Moves(40)=0.5, Pins(6)=600.0, Dist=384.0, Win Bonus=0.0
[2026-05-08 10:14:24] MOVE 81: The bandits (red) 49->8 [0.01ms]
[2026-05-08 10:14:24] SCORE The bandits (red): Final=745.0, Time=96.4, Moves(41)=0.6, Pins(3)=300.0, Dist=348.0, Win Bonus=0.0
[2026-05-08 10:14:24] SCORE Robert (blue): Final=1052.7, Time=68.2, Moves(40)=0.5, Pins(6)=600.0, Dist=384.0, Win Bonus=0.0
[2026-05-08 10:14:24] MOVE 82: Robert (blue) 69->79 [0.01ms]
[2026-05-08 10:14:24] SCORE The bandits (red): Final=745.0, Time=96.4, Moves(41)=0.6, Pins(3)=300.0, Dist=348.0, Win Bonus=0.0
[2026-05-08 10:14:24] SCORE Robert (blue): Final=1054.2, Time=67.6, Moves(41)=0.6, Pins(6)=600.0, Dist=386.0, Win Bonus=0.0
[2026-05-08 10:14:25] MOVE 83: The bandits (red) 8->4 [0.01ms]
[2026-05-08 10:14:25] SCORE The bandits (red): Final=745.1, Time=96.4, Moves(42)=0.8, Pins(3)=300.0, Dist=348.0, Win Bonus=0.0
[2026-05-08 10:14:25] SCORE Robert (blue): Final=1054.2, Time=67.6, Moves(41)=0.6, Pins(6)=600.0, Dist=386.0, Win Bonus=0.0
[2026-05-08 10:14:25] MOVE 84: Robert (blue) 89->90 [0.02ms]
[2026-05-08 10:14:25] SCORE The bandits (red): Final=745.1, Time=96.4, Moves(42)=0.8, Pins(3)=300.0, Dist=348.0, Win Bonus=0.0
[2026-05-08 10:14:25] SCORE Robert (blue): Final=1053.7, Time=66.9, Moves(42)=0.8, Pins(6)=600.0, Dist=386.0, Win Bonus=0.0
[2026-05-08 10:14:25] MOVE 85: The bandits (red) 2->0 [0.01ms]
[2026-05-08 10:14:25] SCORE The bandits (red): Final=745.2, Time=96.3, Moves(43)=0.9, Pins(3)=300.0, Dist=348.0, Win Bonus=0.0
[2026-05-08 10:14:25] SCORE Robert (blue): Final=1053.7, Time=66.9, Moves(42)=0.8, Pins(6)=600.0, Dist=386.0, Win Bonus=0.0
[2026-05-08 10:14:26] MOVE 86: Robert (blue) 79->117 [0.01ms]
[2026-05-08 10:14:26] SCORE The bandits (red): Final=745.2, Time=96.3, Moves(43)=0.9, Pins(3)=300.0, Dist=348.0, Win Bonus=0.0
[2026-05-08 10:14:26] SCORE Robert (blue): Final=1159.2, Time=66.3, Moves(43)=0.9, Pins(7)=700.0, Dist=392.0, Win Bonus=0.0
[2026-05-08 10:14:26] MOVE 87: The bandits (red) 7->2 [0.01ms]
[2026-05-08 10:14:26] SCORE The bandits (red): Final=745.2, Time=96.2, Moves(44)=1.0, Pins(3)=300.0, Dist=348.0, Win Bonus=0.0
[2026-05-08 10:14:26] SCORE Robert (blue): Final=1159.2, Time=66.3, Moves(43)=0.9, Pins(7)=700.0, Dist=392.0, Win Bonus=0.0
[2026-05-08 10:14:27] MOVE 88: Robert (blue) 112->119 [0.01ms]
[2026-05-08 10:14:27] SCORE The bandits (red): Final=745.2, Time=96.2, Moves(44)=1.0, Pins(3)=300.0, Dist=348.0, Win Bonus=0.0
[2026-05-08 10:14:27] SCORE Robert (blue): Final=1158.7, Time=65.7, Moves(44)=1.0, Pins(7)=700.0, Dist=392.0, Win Bonus=0.0
[2026-05-08 10:14:27] MOVE 89: The bandits (red) 52->7 [0.01ms]
[2026-05-08 10:14:27] SCORE The bandits (red): Final=853.1, Time=96.1, Moves(45)=1.0, Pins(4)=400.0, Dist=356.0, Win Bonus=0.0
[2026-05-08 10:14:27] SCORE Robert (blue): Final=1158.7, Time=65.7, Moves(44)=1.0, Pins(7)=700.0, Dist=392.0, Win Bonus=0.0
[2026-05-08 10:14:27] MOVE 90: Robert (blue) 90->102 [0.00ms]
[2026-05-08 10:14:27] SCORE The bandits (red): Final=853.1, Time=96.1, Moves(45)=1.0, Pins(4)=400.0, Dist=356.0, Win Bonus=0.0
[2026-05-08 10:14:27] SCORE Robert (blue): Final=1160.1, Time=65.1, Moves(45)=1.0, Pins(7)=700.0, Dist=394.0, Win Bonus=0.0
[2026-05-08 10:14:27] MOVE 91: The bandits (red) 4->1 [0.01ms]
[2026-05-08 10:14:27] SCORE The bandits (red): Final=853.0, Time=96.0, Moves(46)=1.0, Pins(4)=400.0, Dist=356.0, Win Bonus=0.0
[2026-05-08 10:14:27] SCORE Robert (blue): Final=1160.1, Time=65.1, Moves(45)=1.0, Pins(7)=700.0, Dist=394.0, Win Bonus=0.0
[2026-05-08 10:14:28] MOVE 92: Robert (blue) 103->112 [0.01ms]
[2026-05-08 10:14:28] SCORE The bandits (red): Final=853.0, Time=96.0, Moves(46)=1.0, Pins(4)=400.0, Dist=356.0, Win Bonus=0.0
[2026-05-08 10:14:28] SCORE Robert (blue): Final=1261.6, Time=64.6, Moves(46)=1.0, Pins(8)=800.0, Dist=396.0, Win Bonus=0.0
[2026-05-08 10:14:28] MOVE 93: The bandits (red) 7->4 [0.01ms]
[2026-05-08 10:14:28] SCORE The bandits (red): Final=852.9, Time=95.9, Moves(47)=1.0, Pins(4)=400.0, Dist=356.0, Win Bonus=0.0
[2026-05-08 10:14:28] SCORE Robert (blue): Final=1261.6, Time=64.6, Moves(46)=1.0, Pins(8)=800.0, Dist=396.0, Win Bonus=0.0
[2026-05-08 10:14:29] MOVE 94: Robert (blue) 113->118 [0.01ms]
[2026-05-08 10:14:29] SCORE The bandits (red): Final=852.9, Time=95.9, Moves(47)=1.0, Pins(4)=400.0, Dist=356.0, Win Bonus=0.0
[2026-05-08 10:14:29] SCORE Robert (blue): Final=1260.9, Time=64.0, Moves(47)=1.0, Pins(8)=800.0, Dist=396.0, Win Bonus=0.0
[2026-05-08 10:14:29] MOVE 95: The bandits (red) 39->28 [0.00ms]
[2026-05-08 10:14:29] SCORE The bandits (red): Final=854.8, Time=95.8, Moves(48)=1.0, Pins(4)=400.0, Dist=358.0, Win Bonus=0.0
[2026-05-08 10:14:29] SCORE Robert (blue): Final=1260.9, Time=64.0, Moves(47)=1.0, Pins(8)=800.0, Dist=396.0, Win Bonus=0.0
[2026-05-08 10:14:30] MOVE 96: Robert (blue) 119->120 [0.01ms]
[2026-05-08 10:14:30] SCORE The bandits (red): Final=854.8, Time=95.8, Moves(48)=1.0, Pins(4)=400.0, Dist=358.0, Win Bonus=0.0
[2026-05-08 10:14:30] SCORE Robert (blue): Final=1260.0, Time=63.1, Moves(48)=1.0, Pins(8)=800.0, Dist=396.0, Win Bonus=0.0
[2026-05-08 10:14:30] MOVE 97: The bandits (red) 15->7 [0.01ms]
[2026-05-08 10:14:30] SCORE The bandits (red): Final=956.5, Time=95.5, Moves(49)=1.0, Pins(5)=500.0, Dist=360.0, Win Bonus=0.0
[2026-05-08 10:14:30] SCORE Robert (blue): Final=1260.0, Time=63.1, Moves(48)=1.0, Pins(8)=800.0, Dist=396.0, Win Bonus=0.0
[2026-05-08 10:14:30] MOVE 98: Robert (blue) 105->113 [0.01ms]
[2026-05-08 10:14:30] SCORE The bandits (red): Final=956.5, Time=95.5, Moves(49)=1.0, Pins(5)=500.0, Dist=360.0, Win Bonus=0.0
[2026-05-08 10:14:30] SCORE Robert (blue): Final=1361.7, Time=62.7, Moves(49)=1.0, Pins(9)=900.0, Dist=398.0, Win Bonus=0.0
[2026-05-08 10:14:30] MOVE 99: The bandits (red) 28->16 [0.01ms]
[2026-05-08 10:14:30] SCORE The bandits (red): Final=958.4, Time=95.5, Moves(50)=1.0, Pins(5)=500.0, Dist=362.0, Win Bonus=0.0
[2026-05-08 10:14:30] SCORE Robert (blue): Final=1361.7, Time=62.7, Moves(49)=1.0, Pins(9)=900.0, Dist=398.0, Win Bonus=0.0
[2026-05-08 10:14:31] MOVE 100: Robert (blue) 120->119 [0.02ms]
[2026-05-08 10:14:31] SCORE The bandits (red): Final=958.4, Time=95.5, Moves(50)=1.0, Pins(5)=500.0, Dist=362.0, Win Bonus=0.0
[2026-05-08 10:14:31] SCORE Robert (blue): Final=1361.0, Time=62.0, Moves(50)=1.0, Pins(9)=900.0, Dist=398.0, Win Bonus=0.0
[2026-05-08 10:14:31] MOVE 101: The bandits (red) 7->3 [0.01ms]
[2026-05-08 10:14:31] SCORE The bandits (red): Final=958.3, Time=95.3, Moves(51)=0.9, Pins(5)=500.0, Dist=362.0, Win Bonus=0.0
[2026-05-08 10:14:31] SCORE Robert (blue): Final=1361.0, Time=62.0, Moves(50)=1.0, Pins(9)=900.0, Dist=398.0, Win Bonus=0.0
[2026-05-08 10:14:32] MOVE 102: Robert (blue) 112->104 [0.00ms]
[2026-05-08 10:14:32] SCORE The bandits (red): Final=958.3, Time=95.3, Moves(51)=0.9, Pins(5)=500.0, Dist=362.0, Win Bonus=0.0
[2026-05-08 10:14:32] SCORE Robert (blue): Final=1257.9, Time=60.9, Moves(51)=0.9, Pins(8)=800.0, Dist=396.0, Win Bonus=0.0
[2026-05-08 10:14:32] MOVE 103: The bandits (red) 51->40 [0.00ms]
[2026-05-08 10:14:32] SCORE The bandits (red): Final=960.2, Time=95.3, Moves(52)=0.9, Pins(5)=500.0, Dist=364.0, Win Bonus=0.0
[2026-05-08 10:14:32] SCORE Robert (blue): Final=1257.9, Time=60.9, Moves(51)=0.9, Pins(8)=800.0, Dist=396.0, Win Bonus=0.0
[2026-05-08 10:14:33] MOVE 104: Robert (blue) 119->120 [0.00ms]
[2026-05-08 10:14:33] SCORE The bandits (red): Final=960.2, Time=95.3, Moves(52)=0.9, Pins(5)=500.0, Dist=364.0, Win Bonus=0.0
[2026-05-08 10:14:33] SCORE Robert (blue): Final=1257.3, Time=60.3, Moves(52)=0.9, Pins(8)=800.0, Dist=396.0, Win Bonus=0.0
[2026-05-08 10:14:33] MOVE 105: The bandits (red) 41->29 [0.01ms]
[2026-05-08 10:14:33] SCORE The bandits (red): Final=962.0, Time=95.1, Moves(53)=0.9, Pins(5)=500.0, Dist=366.0, Win Bonus=0.0
[2026-05-08 10:14:33] SCORE Robert (blue): Final=1257.3, Time=60.3, Moves(52)=0.9, Pins(8)=800.0, Dist=396.0, Win Bonus=0.0
[2026-05-08 10:14:34] MOVE 106: Robert (blue) 104->112 [0.01ms]
[2026-05-08 10:14:34] SCORE The bandits (red): Final=962.0, Time=95.1, Moves(53)=0.9, Pins(5)=500.0, Dist=366.0, Win Bonus=0.0
[2026-05-08 10:14:34] SCORE Robert (blue): Final=1358.7, Time=59.8, Moves(53)=0.9, Pins(9)=900.0, Dist=398.0, Win Bonus=0.0
[2026-05-08 10:14:34] MOVE 107: The bandits (red) 16->7 [0.01ms]
[2026-05-08 10:14:34] SCORE The bandits (red): Final=1063.8, Time=94.9, Moves(54)=0.9, Pins(6)=600.0, Dist=368.0, Win Bonus=0.0
[2026-05-08 10:14:34] SCORE Robert (blue): Final=1358.7, Time=59.8, Moves(53)=0.9, Pins(9)=900.0, Dist=398.0, Win Bonus=0.0
[2026-05-08 10:14:34] MOVE 108: Robert (blue) 117->106 [0.01ms]
[2026-05-08 10:14:34] SCORE The bandits (red): Final=1063.8, Time=94.9, Moves(54)=0.9, Pins(6)=600.0, Dist=368.0, Win Bonus=0.0
[2026-05-08 10:14:34] SCORE Robert (blue): Final=1256.2, Time=59.3, Moves(54)=0.9, Pins(8)=800.0, Dist=396.0, Win Bonus=0.0
[2026-05-08 10:14:35] MOVE 109: The bandits (red) 29->16 [0.01ms]
[2026-05-08 10:14:35] SCORE The bandits (red): Final=1065.7, Time=94.8, Moves(55)=0.9, Pins(6)=600.0, Dist=370.0, Win Bonus=0.0
[2026-05-08 10:14:35] SCORE Robert (blue): Final=1256.2, Time=59.3, Moves(54)=0.9, Pins(8)=800.0, Dist=396.0, Win Bonus=0.0
[2026-05-08 10:14:35] MOVE 110: Robert (blue) 120->119 [0.01ms]
[2026-05-08 10:14:35] SCORE The bandits (red): Final=1065.7, Time=94.8, Moves(55)=0.9, Pins(6)=600.0, Dist=370.0, Win Bonus=0.0
[2026-05-08 10:14:35] SCORE Robert (blue): Final=1255.5, Time=58.6, Moves(55)=0.9, Pins(8)=800.0, Dist=396.0, Win Bonus=0.0
[2026-05-08 10:14:35] MOVE 111: The bandits (red) 70->69 [0.01ms]
[2026-05-08 10:14:35] SCORE The bandits (red): Final=1065.5, Time=94.7, Moves(56)=0.8, Pins(6)=600.0, Dist=370.0, Win Bonus=0.0
[2026-05-08 10:14:35] SCORE Robert (blue): Final=1255.5, Time=58.6, Moves(55)=0.9, Pins(8)=800.0, Dist=396.0, Win Bonus=0.0
[2026-05-08 10:14:36] MOVE 112: Robert (blue) 106->117 [0.01ms]
[2026-05-08 10:14:36] SCORE The bandits (red): Final=1065.5, Time=94.7, Moves(56)=0.8, Pins(6)=600.0, Dist=370.0, Win Bonus=0.0
[2026-05-08 10:14:36] SCORE Robert (blue): Final=1356.8, Time=58.0, Moves(56)=0.8, Pins(9)=900.0, Dist=398.0, Win Bonus=0.0
[2026-05-08 10:14:36] MOVE 113: The bandits (red) 16->15 [0.01ms]
[2026-05-08 10:14:36] SCORE The bandits (red): Final=1065.4, Time=94.6, Moves(57)=0.8, Pins(6)=600.0, Dist=370.0, Win Bonus=0.0
[2026-05-08 10:14:36] SCORE Robert (blue): Final=1356.8, Time=58.0, Moves(56)=0.8, Pins(9)=900.0, Dist=398.0, Win Bonus=0.0
[2026-05-08 10:14:37] MOVE 114: Robert (blue) 115->120 [0.00ms]
[2026-05-08 10:14:37] SCORE The bandits (red): Final=1065.4, Time=94.6, Moves(57)=0.8, Pins(6)=600.0, Dist=370.0, Win Bonus=0.0
[2026-05-08 10:14:37] SCORE Robert (blue): Final=1356.2, Time=57.4, Moves(57)=0.8, Pins(9)=900.0, Dist=398.0, Win Bonus=0.0
[2026-05-08 10:14:37] MOVE 115: The bandits (red) 40->39 [0.01ms]
[2026-05-08 10:14:37] SCORE The bandits (red): Final=1065.3, Time=94.6, Moves(58)=0.8, Pins(6)=600.0, Dist=370.0, Win Bonus=0.0
[2026-05-08 10:14:37] SCORE Robert (blue): Final=1356.2, Time=57.4, Moves(57)=0.8, Pins(9)=900.0, Dist=398.0, Win Bonus=0.0
[2026-05-08 10:14:37] MOVE 116: Robert (blue) 102->104 [0.01ms]
[2026-05-08 10:14:37] SCORE The bandits (red): Final=1065.3, Time=94.6, Moves(58)=0.8, Pins(6)=600.0, Dist=370.0, Win Bonus=0.0
[2026-05-08 10:14:37] SCORE Robert (blue): Final=1355.5, Time=56.7, Moves(58)=0.8, Pins(9)=900.0, Dist=398.0, Win Bonus=0.0
[2026-05-08 10:14:37] MOVE 117: The bandits (red) 15->14 [0.01ms]
[2026-05-08 10:14:37] SCORE The bandits (red): Final=1065.2, Time=94.5, Moves(59)=0.7, Pins(6)=600.0, Dist=370.0, Win Bonus=0.0
[2026-05-08 10:14:37] SCORE Robert (blue): Final=1355.5, Time=56.7, Moves(58)=0.8, Pins(9)=900.0, Dist=398.0, Win Bonus=0.0
[2026-05-08 10:14:38] MOVE 118: Robert (blue) 104->115 [0.01ms]
[2026-05-08 10:14:38] SCORE The bandits (red): Final=1065.2, Time=94.5, Moves(59)=0.7, Pins(6)=600.0, Dist=370.0, Win Bonus=0.0
[2026-05-08 10:14:38] SCORE Robert (blue): Final=2456.9, Time=56.1, Moves(59)=0.7, Pins(10)=1000.0, Dist=400.0, Win Bonus=1000.0
