[2026-05-21 21:51:18] GAME CREATED
[2026-05-21 21:52:39] PLAYER JOINED: A as lawn green
[2026-05-21 22:09:39] PLAYER JOINED: B as gray0
[2026-05-21 22:09:39] PLAYER START: A (lawn green)
[2026-05-21 22:09:39] PLAYER START: B (gray0)
[2026-05-21 22:09:39] GAME START — turn order ['lawn green', 'gray0']
[2026-05-21 22:09:41] SCORE A (lawn green): Final=0.0, Time=0.0, Moves(0)=0.0, Pins(0)=0.0, Dist=0.0, Win Bonus=0.0
[2026-05-21 22:09:41] SCORE B (gray0): Final=0.0, Time=0.0, Moves(0)=0.0, Pins(0)=0.0, Dist=0.0, Win Bonus=0.0
[2026-05-21 22:09:41] ALL WRONG MOVES BY COLOUR: {'lawn green': ['1 (turn timeout)']}
[2026-05-21 22:09:41] TURN TIMEOUT: Player with colour lawn green exceeded 2s at move 1. Turn skipped.
[2026-05-21 22:09:43] SCORE A (lawn green): Final=0.0, Time=0.0, Moves(0)=0.0, Pins(0)=0.0, Dist=0.0, Win Bonus=0.0
[2026-05-21 22:09:43] SCORE B (gray0): Final=0.0, Time=0.0, Moves(0)=0.0, Pins(0)=0.0, Dist=0.0, Win Bonus=0.0
[2026-05-21 22:09:43] ALL WRONG MOVES BY COLOUR: {'lawn green': ['1 (turn timeout)'], 'gray0': ['2 (turn timeout)']}
[2026-05-21 22:09:43] TURN TIMEOUT: Player with colour gray0 exceeded 2s at move 2. Turn skipped.
[2026-05-21 22:09:43] PLAYER START: A (lawn green)
[2026-05-21 22:09:43] PLAYER START: B (gray0)
[2026-05-21 22:09:44] MOVE 3: A (lawn green) 45->64 [0.01ms]
[2026-05-21 22:09:44] SCORE A (lawn green): Final=283.0, Time=99.0, Moves(1)=0.0, Pins(0)=0.0, Dist=184.0, Win Bonus=0.0
[2026-05-21 22:09:44] SCORE B (gray0): Final=0.0, Time=0.0, Moves(0)=0.0, Pins(0)=0.0, Dist=0.0, Win Bonus=0.0
[2026-05-21 22:09:44] ALL WRONG MOVES BY COLOUR: {'lawn green': ['1 (turn timeout)'], 'gray0': ['2 (turn timeout)']}
[2026-05-21 22:09:45] MOVE 4: B (gray0) 100->102 [0.01ms]
[2026-05-21 22:09:45] SCORE A (lawn green): Final=283.0, Time=99.0, Moves(1)=0.0, Pins(0)=0.0, Dist=184.0, Win Bonus=0.0
[2026-05-21 22:09:45] SCORE B (gray0): Final=283.3, Time=99.3, Moves(1)=0.0, Pins(0)=0.0, Dist=184.0, Win Bonus=0.0
[2026-05-21 22:09:45] ALL WRONG MOVES BY COLOUR: {'lawn green': ['1 (turn timeout)'], 'gray0': ['2 (turn timeout)']}
[2026-05-21 22:09:47] SCORE A (lawn green): Final=283.0, Time=99.0, Moves(1)=0.0, Pins(0)=0.0, Dist=184.0, Win Bonus=0.0
[2026-05-21 22:09:47] SCORE B (gray0): Final=283.3, Time=99.3, Moves(1)=0.0, Pins(0)=0.0, Dist=184.0, Win Bonus=0.0
[2026-05-21 22:09:47] ALL WRONG MOVES BY COLOUR: {'lawn green': ['1 (turn timeout)', '5 (turn timeout)'], 'gray0': ['2 (turn timeout)']}
[2026-05-21 22:09:47] TURN TIMEOUT: Player with colour lawn green exceeded 2s at move 5. Turn skipped.
[2026-05-21 22:09:48] MOVE 6: B (gray0) 98->77 [0.00ms]
[2026-05-21 22:09:48] SCORE A (lawn green): Final=283.0, Time=99.0, Moves(1)=0.0, Pins(0)=0.0, Dist=184.0, Win Bonus=0.0
[2026-05-21 22:09:48] SCORE B (gray0): Final=290.9, Time=98.9, Moves(2)=0.0, Pins(0)=0.0, Dist=192.0, Win Bonus=0.0
[2026-05-21 22:09:48] ALL WRONG MOVES BY COLOUR: {'lawn green': ['1 (turn timeout)', '5 (turn timeout)'], 'gray0': ['2 (turn timeout)']}
[2026-05-21 22:09:49] MOVE 7: A (lawn green) 22->45 [0.00ms]
[2026-05-21 22:09:49] SCORE A (lawn green): Final=285.6, Time=97.6, Moves(2)=0.0, Pins(0)=0.0, Dist=188.0, Win Bonus=0.0
[2026-05-21 22:09:49] SCORE B (gray0): Final=290.9, Time=98.9, Moves(2)=0.0, Pins(0)=0.0, Dist=192.0, Win Bonus=0.0
[2026-05-21 22:09:49] ALL WRONG MOVES BY COLOUR: {'lawn green': ['1 (turn timeout)', '5 (turn timeout)'], 'gray0': ['2 (turn timeout)']}
[2026-05-21 22:09:50] MOVE 8: B (gray0) 101->89 [0.00ms]
[2026-05-21 22:09:50] SCORE A (lawn green): Final=285.6, Time=97.6, Moves(2)=0.0, Pins(0)=0.0, Dist=188.0, Win Bonus=0.0
[2026-05-21 22:09:50] SCORE B (gray0): Final=292.3, Time=98.3, Moves(3)=0.0, Pins(0)=0.0, Dist=194.0, Win Bonus=0.0
[2026-05-21 22:09:50] ALL WRONG MOVES BY COLOUR: {'lawn green': ['1 (turn timeout)', '5 (turn timeout)'], 'gray0': ['2 (turn timeout)']}
[2026-05-21 22:09:52] SCORE A (lawn green): Final=285.6, Time=97.6, Moves(2)=0.0, Pins(0)=0.0, Dist=188.0, Win Bonus=0.0
[2026-05-21 22:09:52] SCORE B (gray0): Final=292.3, Time=98.3, Moves(3)=0.0, Pins(0)=0.0, Dist=194.0, Win Bonus=0.0
[2026-05-21 22:09:52] ALL WRONG MOVES BY COLOUR: {'lawn green': ['1 (turn timeout)', '5 (turn timeout)', '9 (turn timeout)'], 'gray0': ['2 (turn timeout)']}
[2026-05-21 22:09:52] TURN TIMEOUT: Player with colour lawn green exceeded 2s at move 9. Turn skipped.
[2026-05-21 22:09:52] MOVE 10: B (gray0) 88->67 [0.00ms]
[2026-05-21 22:09:52] SCORE A (lawn green): Final=285.6, Time=97.6, Moves(2)=0.0, Pins(0)=0.0, Dist=188.0, Win Bonus=0.0
[2026-05-21 22:09:52] SCORE B (gray0): Final=295.9, Time=97.9, Moves(4)=0.0, Pins(0)=0.0, Dist=198.0, Win Bonus=0.0
[2026-05-21 22:09:52] ALL WRONG MOVES BY COLOUR: {'lawn green': ['1 (turn timeout)', '5 (turn timeout)', '9 (turn timeout)'], 'gray0': ['2 (turn timeout)']}
[2026-05-21 22:09:54] MOVE 11: A (lawn green) 19->18 [0.00ms]
[2026-05-21 22:09:54] SCORE A (lawn green): Final=286.2, Time=96.2, Moves(3)=0.0, Pins(0)=0.0, Dist=190.0, Win Bonus=0.0
[2026-05-21 22:09:54] SCORE B (gray0): Final=295.9, Time=97.9, Moves(4)=0.0, Pins(0)=0.0, Dist=198.0, Win Bonus=0.0
[2026-05-21 22:09:54] ALL WRONG MOVES BY COLOUR: {'lawn green': ['1 (turn timeout)', '5 (turn timeout)', '9 (turn timeout)'], 'gray0': ['2 (turn timeout)']}
[2026-05-21 22:09:54] MOVE 12: B (gray0) 87->68 [0.00ms]
[2026-05-21 22:09:54] SCORE A (lawn green): Final=286.2, Time=96.2, Moves(3)=0.0, Pins(0)=0.0, Dist=190.0, Win Bonus=0.0
[2026-05-21 22:09:54] SCORE B (gray0): Final=303.3, Time=97.3, Moves(5)=0.0, Pins(0)=0.0, Dist=206.0, Win Bonus=0.0
[2026-05-21 22:09:54] ALL WRONG MOVES BY COLOUR: {'lawn green': ['1 (turn timeout)', '5 (turn timeout)', '9 (turn timeout)'], 'gray0': ['2 (turn timeout)']}
[2026-05-21 22:09:56] MOVE 13: A (lawn green) 55->73 [0.00ms]
[2026-05-21 22:09:56] SCORE A (lawn green): Final=288.7, Time=94.7, Moves(4)=0.0, Pins(0)=0.0, Dist=194.0, Win Bonus=0.0
[2026-05-21 22:09:56] SCORE B (gray0): Final=303.3, Time=97.3, Moves(5)=0.0, Pins(0)=0.0, Dist=206.0, Win Bonus=0.0
[2026-05-21 22:09:56] ALL WRONG MOVES BY COLOUR: {'lawn green': ['1 (turn timeout)', '5 (turn timeout)', '9 (turn timeout)'], 'gray0': ['2 (turn timeout)']}
[2026-05-21 22:09:56] MOVE 14: B (gray0) 76->59 [0.00ms]
[2026-05-21 22:09:56] SCORE A (lawn green): Final=288.7, Time=94.7, Moves(4)=0.0, Pins(0)=0.0, Dist=194.0, Win Bonus=0.0
[2026-05-21 22:09:56] SCORE B (gray0): Final=310.7, Time=96.7, Moves(6)=0.0, Pins(0)=0.0, Dist=214.0, Win Bonus=0.0
[2026-05-21 22:09:56] ALL WRONG MOVES BY COLOUR: {'lawn green': ['1 (turn timeout)', '5 (turn timeout)', '9 (turn timeout)'], 'gray0': ['2 (turn timeout)']}
[2026-05-21 22:09:58] SCORE A (lawn green): Final=288.7, Time=94.7, Moves(4)=0.0, Pins(0)=0.0, Dist=194.0, Win Bonus=0.0
[2026-05-21 22:09:58] SCORE B (gray0): Final=310.7, Time=96.7, Moves(6)=0.0, Pins(0)=0.0, Dist=214.0, Win Bonus=0.0
[2026-05-21 22:09:58] ALL WRONG MOVES BY COLOUR: {'lawn green': ['1 (turn timeout)', '5 (turn timeout)', '9 (turn timeout)', '15 (turn timeout)'], 'gray0': ['2 (turn timeout)']}
[2026-05-21 22:09:58] TURN TIMEOUT: Player with colour lawn green exceeded 2s at move 15. Turn skipped.
[2026-05-21 22:09:59] MOVE 16: B (gray0) 77->60 [0.00ms]
[2026-05-21 22:09:59] SCORE A (lawn green): Final=288.7, Time=94.7, Moves(4)=0.0, Pins(0)=0.0, Dist=194.0, Win Bonus=0.0
[2026-05-21 22:09:59] SCORE B (gray0): Final=318.2, Time=96.2, Moves(7)=0.0, Pins(0)=0.0, Dist=222.0, Win Bonus=0.0
[2026-05-21 22:09:59] ALL WRONG MOVES BY COLOUR: {'lawn green': ['1 (turn timeout)', '5 (turn timeout)', '9 (turn timeout)', '15 (turn timeout)'], 'gray0': ['2 (turn timeout)']}
[2026-05-21 22:10:00] MOVE 17: A (lawn green) 20->22 [0.01ms]
[2026-05-21 22:10:00] SCORE A (lawn green): Final=283.3, Time=93.3, Moves(5)=0.0, Pins(0)=0.0, Dist=190.0, Win Bonus=0.0
[2026-05-21 22:10:00] SCORE B (gray0): Final=318.2, Time=96.2, Moves(7)=0.0, Pins(0)=0.0, Dist=222.0, Win Bonus=0.0
[2026-05-21 22:10:00] ALL WRONG MOVES BY COLOUR: {'lawn green': ['1 (turn timeout)', '5 (turn timeout)', '9 (turn timeout)', '15 (turn timeout)'], 'gray0': ['2 (turn timeout)']}
[2026-05-21 22:10:01] MOVE 18: B (gray0) 67->51 [0.00ms]
[2026-05-21 22:10:01] SCORE A (lawn green): Final=283.3, Time=93.3, Moves(5)=0.0, Pins(0)=0.0, Dist=190.0, Win Bonus=0.0
[2026-05-21 22:10:01] SCORE B (gray0): Final=325.6, Time=95.6, Moves(8)=0.0, Pins(0)=0.0, Dist=230.0, Win Bonus=0.0
[2026-05-21 22:10:01] ALL WRONG MOVES BY COLOUR: {'lawn green': ['1 (turn timeout)', '5 (turn timeout)', '9 (turn timeout)', '15 (turn timeout)'], 'gray0': ['2 (turn timeout)']}
[2026-05-21 22:10:02] MOVE 19: A (lawn green) 73->63 [0.00ms]
[2026-05-21 22:10:02] SCORE A (lawn green): Final=281.8, Time=91.8, Moves(6)=0.0, Pins(0)=0.0, Dist=190.0, Win Bonus=0.0
[2026-05-21 22:10:02] SCORE B (gray0): Final=325.6, Time=95.6, Moves(8)=0.0, Pins(0)=0.0, Dist=230.0, Win Bonus=0.0
[2026-05-21 22:10:02] ALL WRONG MOVES BY COLOUR: {'lawn green': ['1 (turn timeout)', '5 (turn timeout)', '9 (turn timeout)', '15 (turn timeout)'], 'gray0': ['2 (turn timeout)']}
[2026-05-21 22:10:03] MOVE 20: B (gray0) 68->52 [0.00ms]
[2026-05-21 22:10:03] SCORE A (lawn green): Final=281.8, Time=91.8, Moves(6)=0.0, Pins(0)=0.0, Dist=190.0, Win Bonus=0.0
[2026-05-21 22:10:03] SCORE B (gray0): Final=333.0, Time=95.0, Moves(9)=0.0, Pins(0)=0.0, Dist=238.0, Win Bonus=0.0
[2026-05-21 22:10:03] ALL WRONG MOVES BY COLOUR: {'lawn green': ['1 (turn timeout)', '5 (turn timeout)', '9 (turn timeout)', '15 (turn timeout)'], 'gray0': ['2 (turn timeout)']}
[2026-05-21 22:10:04] MOVE 21: A (lawn green) 33->72 [0.00ms]
[2026-05-21 22:10:04] SCORE A (lawn green): Final=288.4, Time=90.4, Moves(7)=0.0, Pins(0)=0.0, Dist=198.0, Win Bonus=0.0
[2026-05-21 22:10:04] SCORE B (gray0): Final=333.0, Time=95.0, Moves(9)=0.0, Pins(0)=0.0, Dist=238.0, Win Bonus=0.0
[2026-05-21 22:10:04] ALL WRONG MOVES BY COLOUR: {'lawn green': ['1 (turn timeout)', '5 (turn timeout)', '9 (turn timeout)', '15 (turn timeout)'], 'gray0': ['2 (turn timeout)']}
[2026-05-21 22:10:05] MOVE 22: B (gray0) 59->42 [0.01ms]
[2026-05-21 22:10:05] SCORE A (lawn green): Final=288.4, Time=90.4, Moves(7)=0.0, Pins(0)=0.0, Dist=198.0, Win Bonus=0.0
[2026-05-21 22:10:05] SCORE B (gray0): Final=340.5, Time=94.5, Moves(10)=0.0, Pins(0)=0.0, Dist=246.0, Win Bonus=0.0
[2026-05-21 22:10:05] ALL WRONG MOVES BY COLOUR: {'lawn green': ['1 (turn timeout)', '5 (turn timeout)', '9 (turn timeout)', '15 (turn timeout)'], 'gray0': ['2 (turn timeout)']}
[2026-05-21 22:10:07] SCORE A (lawn green): Final=288.4, Time=90.4, Moves(7)=0.0, Pins(0)=0.0, Dist=198.0, Win Bonus=0.0
[2026-05-21 22:10:07] SCORE B (gray0): Final=340.5, Time=94.5, Moves(10)=0.0, Pins(0)=0.0, Dist=246.0, Win Bonus=0.0
[2026-05-21 22:10:07] ALL WRONG MOVES BY COLOUR: {'lawn green': ['1 (turn timeout)', '5 (turn timeout)', '9 (turn timeout)', '15 (turn timeout)', '23 (turn timeout)'], 'gray0': ['2 (turn timeout)']}
[2026-05-21 22:10:07] TURN TIMEOUT: Player with colour lawn green exceeded 2s at move 23. Turn skipped.
[2026-05-21 22:10:07] MOVE 24: B (gray0) 60->43 [0.00ms]
[2026-05-21 22:10:07] SCORE A (lawn green): Final=288.4, Time=90.4, Moves(7)=0.0, Pins(0)=0.0, Dist=198.0, Win Bonus=0.0
[2026-05-21 22:10:07] SCORE B (gray0): Final=348.1, Time=94.1, Moves(11)=0.0, Pins(0)=0.0, Dist=254.0, Win Bonus=0.0
[2026-05-21 22:10:07] ALL WRONG MOVES BY COLOUR: {'lawn green': ['1 (turn timeout)', '5 (turn timeout)', '9 (turn timeout)', '15 (turn timeout)', '23 (turn timeout)'], 'gray0': ['2 (turn timeout)']}
[2026-05-21 22:10:09] SCORE A (lawn green): Final=288.4, Time=90.4, Moves(7)=0.0, Pins(0)=0.0, Dist=198.0, Win Bonus=0.0
[2026-05-21 22:10:09] SCORE B (gray0): Final=348.1, Time=94.1, Moves(11)=0.0, Pins(0)=0.0, Dist=254.0, Win Bonus=0.0
[2026-05-21 22:10:09] ALL WRONG MOVES BY COLOUR: {'lawn green': ['1 (turn timeout)', '5 (turn timeout)', '9 (turn timeout)', '15 (turn timeout)', '23 (turn timeout)', '25 (illegal move)', '26 (turn timeout)'], 'gray0': ['2 (turn timeout)']}
[2026-05-21 22:10:09] TURN TIMEOUT: Player with colour lawn green exceeded 2s at move 26. Turn skipped.
[2026-05-21 22:10:10] MOVE 27: B (gray0) 51->55 [0.00ms]
[2026-05-21 22:10:10] SCORE A (lawn green): Final=288.4, Time=90.4, Moves(7)=0.0, Pins(0)=0.0, Dist=198.0, Win Bonus=0.0
[2026-05-21 22:10:10] SCORE B (gray0): Final=455.6, Time=93.6, Moves(12)=0.0, Pins(1)=100.0, Dist=262.0, Win Bonus=0.0
[2026-05-21 22:10:10] ALL WRONG MOVES BY COLOUR: {'lawn green': ['1 (turn timeout)', '5 (turn timeout)', '9 (turn timeout)', '15 (turn timeout)', '23 (turn timeout)', '25 (illegal move)', '26 (turn timeout)'], 'gray0': ['2 (turn timeout)']}
[2026-05-21 22:10:11] MOVE 28: A (lawn green) 21->20 [0.00ms]
[2026-05-21 22:10:11] SCORE A (lawn green): Final=288.9, Time=88.9, Moves(8)=0.0, Pins(0)=0.0, Dist=200.0, Win Bonus=0.0
[2026-05-21 22:10:11] SCORE B (gray0): Final=455.6, Time=93.6, Moves(12)=0.0, Pins(1)=100.0, Dist=262.0, Win Bonus=0.0
[2026-05-21 22:10:11] ALL WRONG MOVES BY COLOUR: {'lawn green': ['1 (turn timeout)', '5 (turn timeout)', '9 (turn timeout)', '15 (turn timeout)', '23 (turn timeout)', '25 (illegal move)', '26 (turn timeout)'], 'gray0': ['2 (turn timeout)']}
[2026-05-21 22:10:12] MOVE 29: B (gray0) 52->33 [0.00ms]
[2026-05-21 22:10:12] SCORE A (lawn green): Final=288.9, Time=88.9, Moves(8)=0.0, Pins(0)=0.0, Dist=200.0, Win Bonus=0.0
[2026-05-21 22:10:12] SCORE B (gray0): Final=561.1, Time=93.1, Moves(13)=0.0, Pins(2)=200.0, Dist=268.0, Win Bonus=0.0
[2026-05-21 22:10:12] ALL WRONG MOVES BY COLOUR: {'lawn green': ['1 (turn timeout)', '5 (turn timeout)', '9 (turn timeout)', '15 (turn timeout)', '23 (turn timeout)', '25 (illegal move)', '26 (turn timeout)'], 'gray0': ['2 (turn timeout)']}
[2026-05-21 22:10:14] SCORE A (lawn green): Final=288.9, Time=88.9, Moves(8)=0.0, Pins(0)=0.0, Dist=200.0, Win Bonus=0.0
[2026-05-21 22:10:14] SCORE B (gray0): Final=561.1, Time=93.1, Moves(13)=0.0, Pins(2)=200.0, Dist=268.0, Win Bonus=0.0
[2026-05-21 22:10:14] ALL WRONG MOVES BY COLOUR: {'lawn green': ['1 (turn timeout)', '5 (turn timeout)', '9 (turn timeout)', '15 (turn timeout)', '23 (turn timeout)', '25 (illegal move)', '26 (turn timeout)', '30 (turn timeout)'], 'gray0': ['2 (turn timeout)']}
[2026-05-21 22:10:14] TURN TIMEOUT: Player with colour lawn green exceeded 2s at move 30. Turn skipped.
[2026-05-21 22:10:14] MOVE 31: B (gray0) 75->56 [0.00ms]
[2026-05-21 22:10:14] SCORE A (lawn green): Final=288.9, Time=88.9, Moves(8)=0.0, Pins(0)=0.0, Dist=200.0, Win Bonus=0.0
[2026-05-21 22:10:14] SCORE B (gray0): Final=564.7, Time=92.7, Moves(14)=0.0, Pins(2)=200.0, Dist=272.0, Win Bonus=0.0
[2026-05-21 22:10:14] ALL WRONG MOVES BY COLOUR: {'lawn green': ['1 (turn timeout)', '5 (turn timeout)', '9 (turn timeout)', '15 (turn timeout)', '23 (turn timeout)', '25 (illegal move)', '26 (turn timeout)', '30 (turn timeout)'], 'gray0': ['2 (turn timeout)']}
[2026-05-21 22:10:15] MOVE 32: A (lawn green) 63->73 [0.00ms]
[2026-05-21 22:10:15] SCORE A (lawn green): Final=287.8, Time=87.8, Moves(9)=0.0, Pins(0)=0.0, Dist=200.0, Win Bonus=0.0
[2026-05-21 22:10:15] SCORE B (gray0): Final=564.7, Time=92.7, Moves(14)=0.0, Pins(2)=200.0, Dist=272.0, Win Bonus=0.0
[2026-05-21 22:10:15] ALL WRONG MOVES BY COLOUR: {'lawn green': ['1 (turn timeout)', '5 (turn timeout)', '9 (turn timeout)', '15 (turn timeout)', '23 (turn timeout)', '25 (illegal move)', '26 (turn timeout)', '30 (turn timeout)'], 'gray0': ['2 (turn timeout)']}
[2026-05-21 22:10:16] MOVE 33: B (gray0) 65->47 [0.00ms]
[2026-05-21 22:10:16] SCORE A (lawn green): Final=287.8, Time=87.8, Moves(9)=0.0, Pins(0)=0.0, Dist=200.0, Win Bonus=0.0
[2026-05-21 22:10:16] SCORE B (gray0): Final=568.0, Time=92.0, Moves(15)=0.0, Pins(2)=200.0, Dist=276.0, Win Bonus=0.0
[2026-05-21 22:10:16] ALL WRONG MOVES BY COLOUR: {'lawn green': ['1 (turn timeout)', '5 (turn timeout)', '9 (turn timeout)', '15 (turn timeout)', '23 (turn timeout)', '25 (illegal move)', '26 (turn timeout)', '30 (turn timeout)'], 'gray0': ['2 (turn timeout)']}
[2026-05-21 22:10:18] SCORE A (lawn green): Final=287.8, Time=87.8, Moves(9)=0.0, Pins(0)=0.0, Dist=200.0, Win Bonus=0.0
[2026-05-21 22:10:18] SCORE B (gray0): Final=568.0, Time=92.0, Moves(15)=0.0, Pins(2)=200.0, Dist=276.0, Win Bonus=0.0
[2026-05-21 22:10:18] ALL WRONG MOVES BY COLOUR: {'lawn green': ['1 (turn timeout)', '5 (turn timeout)', '9 (turn timeout)', '15 (turn timeout)', '23 (turn timeout)', '25 (illegal move)', '26 (turn timeout)', '30 (turn timeout)', '34 (turn timeout)'], 'gray0': ['2 (turn timeout)']}
[2026-05-21 22:10:18] TURN TIMEOUT: Player with colour lawn green exceeded 2s at move 34. Turn skipped.
[2026-05-21 22:10:19] MOVE 35: B (gray0) 56->37 [0.00ms]
[2026-05-21 22:10:19] SCORE A (lawn green): Final=287.8, Time=87.8, Moves(9)=0.0, Pins(0)=0.0, Dist=200.0, Win Bonus=0.0
[2026-05-21 22:10:19] SCORE B (gray0): Final=571.6, Time=91.6, Moves(16)=0.0, Pins(2)=200.0, Dist=280.0, Win Bonus=0.0
[2026-05-21 22:10:19] ALL WRONG MOVES BY COLOUR: {'lawn green': ['1 (turn timeout)', '5 (turn timeout)', '9 (turn timeout)', '15 (turn timeout)', '23 (turn timeout)', '25 (illegal move)', '26 (turn timeout)', '30 (turn timeout)', '34 (turn timeout)'], 'gray0': ['2 (turn timeout)']}
[2026-05-21 22:10:21] SCORE A (lawn green): Final=287.8, Time=87.8, Moves(9)=0.0, Pins(0)=0.0, Dist=200.0, Win Bonus=0.0
[2026-05-21 22:10:21] SCORE B (gray0): Final=571.6, Time=91.6, Moves(16)=0.0, Pins(2)=200.0, Dist=280.0, Win Bonus=0.0
[2026-05-21 22:10:21] ALL WRONG MOVES BY COLOUR: {'lawn green': ['1 (turn timeout)', '5 (turn timeout)', '9 (turn timeout)', '15 (turn timeout)', '23 (turn timeout)', '25 (illegal move)', '26 (turn timeout)', '30 (turn timeout)', '34 (turn timeout)', '36 (turn timeout)'], 'gray0': ['2 (turn timeout)']}
[2026-05-21 22:10:21] TURN TIMEOUT: Player with colour lawn green exceeded 2s at move 36. Turn skipped.
[2026-05-21 22:10:21] MOVE 37: B (gray0) 47->26 [0.00ms]
[2026-05-21 22:10:21] SCORE A (lawn green): Final=287.8, Time=87.8, Moves(9)=0.0, Pins(0)=0.0, Dist=200.0, Win Bonus=0.0
[2026-05-21 22:10:21] SCORE B (gray0): Final=575.2, Time=91.2, Moves(17)=0.0, Pins(2)=200.0, Dist=284.0, Win Bonus=0.0
[2026-05-21 22:10:21] ALL WRONG MOVES BY COLOUR: {'lawn green': ['1 (turn timeout)', '5 (turn timeout)', '9 (turn timeout)', '15 (turn timeout)', '23 (turn timeout)', '25 (illegal move)', '26 (turn timeout)', '30 (turn timeout)', '34 (turn timeout)', '36 (turn timeout)'], 'gray0': ['2 (turn timeout)']}
[2026-05-21 22:10:23] SCORE A (lawn green): Final=287.8, Time=87.8, Moves(9)=0.0, Pins(0)=0.0, Dist=200.0, Win Bonus=0.0
[2026-05-21 22:10:23] SCORE B (gray0): Final=575.2, Time=91.2, Moves(17)=0.0, Pins(2)=200.0, Dist=284.0, Win Bonus=0.0
[2026-05-21 22:10:23] ALL WRONG MOVES BY COLOUR: {'lawn green': ['1 (turn timeout)', '5 (turn timeout)', '9 (turn timeout)', '15 (turn timeout)', '23 (turn timeout)', '25 (illegal move)', '26 (turn timeout)', '30 (turn timeout)', '34 (turn timeout)', '36 (turn timeout)', '38 (turn timeout)'], 'gray0': ['2 (turn timeout)']}
[2026-05-21 22:10:23] TURN TIMEOUT: Player with colour lawn green exceeded 2s at move 38. Turn skipped.
[2026-05-21 22:10:24] MOVE 39: B (gray0) 37->14 [0.00ms]
[2026-05-21 22:10:24] SCORE A (lawn green): Final=287.8, Time=87.8, Moves(9)=0.0, Pins(0)=0.0, Dist=200.0, Win Bonus=0.0
[2026-05-21 22:10:24] SCORE B (gray0): Final=578.8, Time=90.8, Moves(18)=0.0, Pins(2)=200.0, Dist=288.0, Win Bonus=0.0
[2026-05-21 22:10:24] ALL WRONG MOVES BY COLOUR: {'lawn green': ['1 (turn timeout)', '5 (turn timeout)', '9 (turn timeout)', '15 (turn timeout)', '23 (turn timeout)', '25 (illegal move)', '26 (turn timeout)', '30 (turn timeout)', '34 (turn timeout)', '36 (turn timeout)', '38 (turn timeout)'], 'gray0': ['2 (turn timeout)']}
[2026-05-21 22:10:26] SCORE A (lawn green): Final=287.8, Time=87.8, Moves(9)=0.0, Pins(0)=0.0, Dist=200.0, Win Bonus=0.0
[2026-05-21 22:10:26] SCORE B (gray0): Final=578.8, Time=90.8, Moves(18)=0.0, Pins(2)=200.0, Dist=288.0, Win Bonus=0.0
[2026-05-21 22:10:26] ALL WRONG MOVES BY COLOUR: {'lawn green': ['1 (turn timeout)', '5 (turn timeout)', '9 (turn timeout)', '15 (turn timeout)', '23 (turn timeout)', '25 (illegal move)', '26 (turn timeout)', '30 (turn timeout)', '34 (turn timeout)', '36 (turn timeout)', '38 (turn timeout)', '40 (turn timeout)'], 'gray0': ['2 (turn timeout)']}
[2026-05-21 22:10:26] TURN TIMEOUT: Player with colour lawn green exceeded 2s at move 40. Turn skipped.
[2026-05-21 22:10:26] MOVE 41: B (gray0) 99->87 [0.00ms]
[2026-05-21 22:10:26] SCORE A (lawn green): Final=287.8, Time=87.8, Moves(9)=0.0, Pins(0)=0.0, Dist=200.0, Win Bonus=0.0
[2026-05-21 22:10:26] SCORE B (gray0): Final=580.4, Time=90.4, Moves(19)=0.0, Pins(2)=200.0, Dist=290.0, Win Bonus=0.0
[2026-05-21 22:10:26] ALL WRONG MOVES BY COLOUR: {'lawn green': ['1 (turn timeout)', '5 (turn timeout)', '9 (turn timeout)', '15 (turn timeout)', '23 (turn timeout)', '25 (illegal move)', '26 (turn timeout)', '30 (turn timeout)', '34 (turn timeout)', '36 (turn timeout)', '38 (turn timeout)', '40 (turn timeout)'], 'gray0': ['2 (turn timeout)']}
[2026-05-21 22:10:28] MOVE 42: A (lawn green) 20->19 [0.00ms]
[2026-05-21 22:10:28] SCORE A (lawn green): Final=288.3, Time=86.3, Moves(10)=0.0, Pins(0)=0.0, Dist=202.0, Win Bonus=0.0
[2026-05-21 22:10:28] SCORE B (gray0): Final=580.4, Time=90.4, Moves(19)=0.0, Pins(2)=200.0, Dist=290.0, Win Bonus=0.0
[2026-05-21 22:10:28] ALL WRONG MOVES BY COLOUR: {'lawn green': ['1 (turn timeout)', '5 (turn timeout)', '9 (turn timeout)', '15 (turn timeout)', '23 (turn timeout)', '25 (illegal move)', '26 (turn timeout)', '30 (turn timeout)', '34 (turn timeout)', '36 (turn timeout)', '38 (turn timeout)', '40 (turn timeout)'], 'gray0': ['2 (turn timeout)']}
[2026-05-21 22:10:28] MOVE 43: B (gray0) 86->90 [0.00ms]
[2026-05-21 22:10:28] SCORE A (lawn green): Final=288.3, Time=86.3, Moves(10)=0.0, Pins(0)=0.0, Dist=202.0, Win Bonus=0.0
[2026-05-21 22:10:28] SCORE B (gray0): Final=587.9, Time=89.9, Moves(20)=0.0, Pins(2)=200.0, Dist=298.0, Win Bonus=0.0
[2026-05-21 22:10:28] ALL WRONG MOVES BY COLOUR: {'lawn green': ['1 (turn timeout)', '5 (turn timeout)', '9 (turn timeout)', '15 (turn timeout)', '23 (turn timeout)', '25 (illegal move)', '26 (turn timeout)', '30 (turn timeout)', '34 (turn timeout)', '36 (turn timeout)', '38 (turn timeout)', '40 (turn timeout)'], 'gray0': ['2 (turn timeout)']}
[2026-05-21 22:10:29] MOVE 44: A (lawn green) 45->20 [0.00ms]
[2026-05-21 22:10:29] SCORE A (lawn green): Final=287.3, Time=85.3, Moves(11)=0.0, Pins(0)=0.0, Dist=202.0, Win Bonus=0.0
[2026-05-21 22:10:29] SCORE B (gray0): Final=587.9, Time=89.9, Moves(20)=0.0, Pins(2)=200.0, Dist=298.0, Win Bonus=0.0
[2026-05-21 22:10:29] ALL WRONG MOVES BY COLOUR: {'lawn green': ['1 (turn timeout)', '5 (turn timeout)', '9 (turn timeout)', '15 (turn timeout)', '23 (turn timeout)', '25 (illegal move)', '26 (turn timeout)', '30 (turn timeout)', '34 (turn timeout)', '36 (turn timeout)', '38 (turn timeout)', '40 (turn timeout)'], 'gray0': ['2 (turn timeout)']}
[2026-05-21 22:10:30] MOVE 45: B (gray0) 102->79 [0.00ms]
[2026-05-21 22:10:30] SCORE A (lawn green): Final=287.3, Time=85.3, Moves(11)=0.0, Pins(0)=0.0, Dist=202.0, Win Bonus=0.0
[2026-05-21 22:10:30] SCORE B (gray0): Final=591.5, Time=89.5, Moves(21)=0.0, Pins(2)=200.0, Dist=302.0, Win Bonus=0.0
[2026-05-21 22:10:30] ALL WRONG MOVES BY COLOUR: {'lawn green': ['1 (turn timeout)', '5 (turn timeout)', '9 (turn timeout)', '15 (turn timeout)', '23 (turn timeout)', '25 (illegal move)', '26 (turn timeout)', '30 (turn timeout)', '34 (turn timeout)', '36 (turn timeout)', '38 (turn timeout)', '40 (turn timeout)'], 'gray0': ['2 (turn timeout)']}
[2026-05-21 22:10:31] MOVE 46: A (lawn green) 72->74 [0.00ms]
[2026-05-21 22:10:31] SCORE A (lawn green): Final=282.1, Time=84.1, Moves(12)=0.0, Pins(0)=0.0, Dist=198.0, Win Bonus=0.0
[2026-05-21 22:10:31] SCORE B (gray0): Final=591.5, Time=89.5, Moves(21)=0.0, Pins(2)=200.0, Dist=302.0, Win Bonus=0.0
[2026-05-21 22:10:31] ALL WRONG MOVES BY COLOUR: {'lawn green': ['1 (turn timeout)', '5 (turn timeout)', '9 (turn timeout)', '15 (turn timeout)', '23 (turn timeout)', '25 (illegal move)', '26 (turn timeout)', '30 (turn timeout)', '34 (turn timeout)', '36 (turn timeout)', '38 (turn timeout)', '40 (turn timeout)'], 'gray0': ['2 (turn timeout)']}
[2026-05-21 22:10:31] MOVE 47: B (gray0) 90->69 [0.00ms]
[2026-05-21 22:10:31] SCORE A (lawn green): Final=282.1, Time=84.1, Moves(12)=0.0, Pins(0)=0.0, Dist=198.0, Win Bonus=0.0
[2026-05-21 22:10:31] SCORE B (gray0): Final=594.9, Time=88.9, Moves(22)=0.0, Pins(2)=200.0, Dist=306.0, Win Bonus=0.0
[2026-05-21 22:10:31] ALL WRONG MOVES BY COLOUR: {'lawn green': ['1 (turn timeout)', '5 (turn timeout)', '9 (turn timeout)', '15 (turn timeout)', '23 (turn timeout)', '25 (illegal move)', '26 (turn timeout)', '30 (turn timeout)', '34 (turn timeout)', '36 (turn timeout)', '38 (turn timeout)', '40 (turn timeout)'], 'gray0': ['2 (turn timeout)']}
[2026-05-21 22:10:33] SCORE A (lawn green): Final=282.1, Time=84.1, Moves(12)=0.0, Pins(0)=0.0, Dist=198.0, Win Bonus=0.0
[2026-05-21 22:10:33] SCORE B (gray0): Final=594.9, Time=88.9, Moves(22)=0.0, Pins(2)=200.0, Dist=306.0, Win Bonus=0.0
[2026-05-21 22:10:33] ALL WRONG MOVES BY COLOUR: {'lawn green': ['1 (turn timeout)', '5 (turn timeout)', '9 (turn timeout)', '15 (turn timeout)', '23 (turn timeout)', '25 (illegal move)', '26 (turn timeout)', '30 (turn timeout)', '34 (turn timeout)', '36 (turn timeout)', '38 (turn timeout)', '40 (turn timeout)', '48 (turn timeout)'], 'gray0': ['2 (turn timeout)']}
[2026-05-21 22:10:33] TURN TIMEOUT: Player with colour lawn green exceeded 2s at move 48. Turn skipped.
[2026-05-21 22:10:34] MOVE 49: B (gray0) 87->88 [0.00ms]
[2026-05-21 22:10:34] SCORE A (lawn green): Final=282.1, Time=84.1, Moves(12)=0.0, Pins(0)=0.0, Dist=198.0, Win Bonus=0.0
[2026-05-21 22:10:34] SCORE B (gray0): Final=596.4, Time=88.4, Moves(23)=0.0, Pins(2)=200.0, Dist=308.0, Win Bonus=0.0
[2026-05-21 22:10:34] ALL WRONG MOVES BY COLOUR: {'lawn green': ['1 (turn timeout)', '5 (turn timeout)', '9 (turn timeout)', '15 (turn timeout)', '23 (turn timeout)', '25 (illegal move)', '26 (turn timeout)', '30 (turn timeout)', '34 (turn timeout)', '36 (turn timeout)', '38 (turn timeout)', '40 (turn timeout)', '48 (turn timeout)'], 'gray0': ['2 (turn timeout)']}
[2026-05-21 22:10:35] MOVE 50: A (lawn green) 22->21 [0.00ms]
[2026-05-21 22:10:35] SCORE A (lawn green): Final=282.7, Time=82.7, Moves(13)=0.0, Pins(0)=0.0, Dist=200.0, Win Bonus=0.0
[2026-05-21 22:10:35] SCORE B (gray0): Final=596.4, Time=88.4, Moves(23)=0.0, Pins(2)=200.0, Dist=308.0, Win Bonus=0.0
[2026-05-21 22:10:35] ALL WRONG MOVES BY COLOUR: {'lawn green': ['1 (turn timeout)', '5 (turn timeout)', '9 (turn timeout)', '15 (turn timeout)', '23 (turn timeout)', '25 (illegal move)', '26 (turn timeout)', '30 (turn timeout)', '34 (turn timeout)', '36 (turn timeout)', '38 (turn timeout)', '40 (turn timeout)', '48 (turn timeout)'], 'gray0': ['2 (turn timeout)']}
[2026-05-21 22:10:36] MOVE 51: B (gray0) 79->60 [0.00ms]
[2026-05-21 22:10:36] SCORE A (lawn green): Final=282.7, Time=82.7, Moves(13)=0.0, Pins(0)=0.0, Dist=200.0, Win Bonus=0.0
[2026-05-21 22:10:36] SCORE B (gray0): Final=599.9, Time=87.9, Moves(24)=0.0, Pins(2)=200.0, Dist=312.0, Win Bonus=0.0
[2026-05-21 22:10:36] ALL WRONG MOVES BY COLOUR: {'lawn green': ['1 (turn timeout)', '5 (turn timeout)', '9 (turn timeout)', '15 (turn timeout)', '23 (turn timeout)', '25 (illegal move)', '26 (turn timeout)', '30 (turn timeout)', '34 (turn timeout)', '36 (turn timeout)', '38 (turn timeout)', '40 (turn timeout)', '48 (turn timeout)'], 'gray0': ['2 (turn timeout)']}
[2026-05-21 22:10:37] MOVE 52: A (lawn green) 34->22 [0.00ms]
[2026-05-21 22:10:37] SCORE A (lawn green): Final=279.2, Time=81.2, Moves(14)=0.0, Pins(0)=0.0, Dist=198.0, Win Bonus=0.0
[2026-05-21 22:10:37] SCORE B (gray0): Final=599.9, Time=87.9, Moves(24)=0.0, Pins(2)=200.0, Dist=312.0, Win Bonus=0.0
[2026-05-21 22:10:37] ALL WRONG MOVES BY COLOUR: {'lawn green': ['1 (turn timeout)', '5 (turn timeout)', '9 (turn timeout)', '15 (turn timeout)', '23 (turn timeout)', '25 (illegal move)', '26 (turn timeout)', '30 (turn timeout)', '34 (turn timeout)', '36 (turn timeout)', '38 (turn timeout)', '40 (turn timeout)', '48 (turn timeout)'], 'gray0': ['2 (turn timeout)']}
[2026-05-21 22:10:38] MOVE 53: B (gray0) 69->51 [0.00ms]
[2026-05-21 22:10:38] SCORE A (lawn green): Final=279.2, Time=81.2, Moves(14)=0.0, Pins(0)=0.0, Dist=198.0, Win Bonus=0.0
[2026-05-21 22:10:38] SCORE B (gray0): Final=603.3, Time=87.3, Moves(25)=0.0, Pins(2)=200.0, Dist=316.0, Win Bonus=0.0
[2026-05-21 22:10:38] ALL WRONG MOVES BY COLOUR: {'lawn green': ['1 (turn timeout)', '5 (turn timeout)', '9 (turn timeout)', '15 (turn timeout)', '23 (turn timeout)', '25 (illegal move)', '26 (turn timeout)', '30 (turn timeout)', '34 (turn timeout)', '36 (turn timeout)', '38 (turn timeout)', '40 (turn timeout)', '48 (turn timeout)'], 'gray0': ['2 (turn timeout)']}
[2026-05-21 22:10:39] MOVE 54: A (lawn green) 64->45 [0.00ms]
[2026-05-21 22:10:39] SCORE A (lawn green): Final=273.8, Time=79.8, Moves(15)=0.0, Pins(0)=0.0, Dist=194.0, Win Bonus=0.0
[2026-05-21 22:10:39] SCORE B (gray0): Final=603.3, Time=87.3, Moves(25)=0.0, Pins(2)=200.0, Dist=316.0, Win Bonus=0.0
[2026-05-21 22:10:39] ALL WRONG MOVES BY COLOUR: {'lawn green': ['1 (turn timeout)', '5 (turn timeout)', '9 (turn timeout)', '15 (turn timeout)', '23 (turn timeout)', '25 (illegal move)', '26 (turn timeout)', '30 (turn timeout)', '34 (turn timeout)', '36 (turn timeout)', '38 (turn timeout)', '40 (turn timeout)', '48 (turn timeout)'], 'gray0': ['2 (turn timeout)']}
[2026-05-21 22:10:40] MOVE 55: B (gray0) 60->41 [0.00ms]
[2026-05-21 22:10:40] SCORE A (lawn green): Final=273.8, Time=79.8, Moves(15)=0.0, Pins(0)=0.0, Dist=194.0, Win Bonus=0.0
[2026-05-21 22:10:40] SCORE B (gray0): Final=606.8, Time=86.8, Moves(26)=0.0, Pins(2)=200.0, Dist=320.0, Win Bonus=0.0
[2026-05-21 22:10:40] ALL WRONG MOVES BY COLOUR: {'lawn green': ['1 (turn timeout)', '5 (turn timeout)', '9 (turn timeout)', '15 (turn timeout)', '23 (turn timeout)', '25 (illegal move)', '26 (turn timeout)', '30 (turn timeout)', '34 (turn timeout)', '36 (turn timeout)', '38 (turn timeout)', '40 (turn timeout)', '48 (turn timeout)'], 'gray0': ['2 (turn timeout)']}
[2026-05-21 22:10:42] SCORE A (lawn green): Final=273.8, Time=79.8, Moves(15)=0.0, Pins(0)=0.0, Dist=194.0, Win Bonus=0.0
[2026-05-21 22:10:42] SCORE B (gray0): Final=606.8, Time=86.8, Moves(26)=0.0, Pins(2)=200.0, Dist=320.0, Win Bonus=0.0
[2026-05-21 22:10:42] ALL WRONG MOVES BY COLOUR: {'lawn green': ['1 (turn timeout)', '5 (turn timeout)', '9 (turn timeout)', '15 (turn timeout)', '23 (turn timeout)', '25 (illegal move)', '26 (turn timeout)', '30 (turn timeout)', '34 (turn timeout)', '36 (turn timeout)', '38 (turn timeout)', '40 (turn timeout)', '48 (turn timeout)', '56 (turn timeout)'], 'gray0': ['2 (turn timeout)']}
[2026-05-21 22:10:42] TURN TIMEOUT: Player with colour lawn green exceeded 2s at move 56. Turn skipped.
[2026-05-21 22:10:42] MOVE 57: B (gray0) 42->31 [0.00ms]
[2026-05-21 22:10:42] SCORE A (lawn green): Final=273.8, Time=79.8, Moves(15)=0.0, Pins(0)=0.0, Dist=194.0, Win Bonus=0.0
[2026-05-21 22:10:42] SCORE B (gray0): Final=608.4, Time=86.4, Moves(27)=0.0, Pins(2)=200.0, Dist=322.0, Win Bonus=0.0
[2026-05-21 22:10:42] ALL WRONG MOVES BY COLOUR: {'lawn green': ['1 (turn timeout)', '5 (turn timeout)', '9 (turn timeout)', '15 (turn timeout)', '23 (turn timeout)', '25 (illegal move)', '26 (turn timeout)', '30 (turn timeout)', '34 (turn timeout)', '36 (turn timeout)', '38 (turn timeout)', '40 (turn timeout)', '48 (turn timeout)', '56 (turn timeout)'], 'gray0': ['2 (turn timeout)']}
[2026-05-21 22:10:43] MOVE 58: A (lawn green) 22->34 [0.00ms]
[2026-05-21 22:10:43] SCORE A (lawn green): Final=274.7, Time=78.7, Moves(16)=0.0, Pins(0)=0.0, Dist=196.0, Win Bonus=0.0
[2026-05-21 22:10:43] SCORE B (gray0): Final=608.4, Time=86.4, Moves(27)=0.0, Pins(2)=200.0, Dist=322.0, Win Bonus=0.0
[2026-05-21 22:10:43] ALL WRONG MOVES BY COLOUR: {'lawn green': ['1 (turn timeout)', '5 (turn timeout)', '9 (turn timeout)', '15 (turn timeout)', '23 (turn timeout)', '25 (illegal move)', '26 (turn timeout)', '30 (turn timeout)', '34 (turn timeout)', '36 (turn timeout)', '38 (turn timeout)', '40 (turn timeout)', '48 (turn timeout)', '56 (turn timeout)'], 'gray0': ['2 (turn timeout)']}
[2026-05-21 22:10:44] MOVE 59: B (gray0) 88->90 [0.00ms]
[2026-05-21 22:10:44] SCORE A (lawn green): Final=274.7, Time=78.7, Moves(16)=0.0, Pins(0)=0.0, Dist=196.0, Win Bonus=0.0
[2026-05-21 22:10:44] SCORE B (gray0): Final=611.7, Time=85.7, Moves(28)=0.0, Pins(2)=200.0, Dist=326.0, Win Bonus=0.0
[2026-05-21 22:10:44] ALL WRONG MOVES BY COLOUR: {'lawn green': ['1 (turn timeout)', '5 (turn timeout)', '9 (turn timeout)', '15 (turn timeout)', '23 (turn timeout)', '25 (illegal move)', '26 (turn timeout)', '30 (turn timeout)', '34 (turn timeout)', '36 (turn timeout)', '38 (turn timeout)', '40 (turn timeout)', '48 (turn timeout)', '56 (turn timeout)'], 'gray0': ['2 (turn timeout)']}
[2026-05-21 22:10:46] SCORE A (lawn green): Final=274.7, Time=78.7, Moves(16)=0.0, Pins(0)=0.0, Dist=196.0, Win Bonus=0.0
[2026-05-21 22:10:46] SCORE B (gray0): Final=611.7, Time=85.7, Moves(28)=0.0, Pins(2)=200.0, Dist=326.0, Win Bonus=0.0
[2026-05-21 22:10:46] ALL WRONG MOVES BY COLOUR: {'lawn green': ['1 (turn timeout)', '5 (turn timeout)', '9 (turn timeout)', '15 (turn timeout)', '23 (turn timeout)', '25 (illegal move)', '26 (turn timeout)', '30 (turn timeout)', '34 (turn timeout)', '36 (turn timeout)', '38 (turn timeout)', '40 (turn timeout)', '48 (turn timeout)', '56 (turn timeout)', '60 (turn timeout)'], 'gray0': ['2 (turn timeout)']}
[2026-05-21 22:10:46] TURN TIMEOUT: Player with colour lawn green exceeded 2s at move 60. Turn skipped.
[2026-05-21 22:10:47] MOVE 61: B (gray0) 51->30 [0.00ms]
[2026-05-21 22:10:47] SCORE A (lawn green): Final=274.7, Time=78.7, Moves(16)=0.0, Pins(0)=0.0, Dist=196.0, Win Bonus=0.0
[2026-05-21 22:10:47] SCORE B (gray0): Final=615.2, Time=85.2, Moves(29)=0.0, Pins(2)=200.0, Dist=330.0, Win Bonus=0.0
[2026-05-21 22:10:47] ALL WRONG MOVES BY COLOUR: {'lawn green': ['1 (turn timeout)', '5 (turn timeout)', '9 (turn timeout)', '15 (turn timeout)', '23 (turn timeout)', '25 (illegal move)', '26 (turn timeout)', '30 (turn timeout)', '34 (turn timeout)', '36 (turn timeout)', '38 (turn timeout)', '40 (turn timeout)', '48 (turn timeout)', '56 (turn timeout)', '60 (turn timeout)'], 'gray0': ['2 (turn timeout)']}
[2026-05-21 22:10:49] SCORE A (lawn green): Final=274.7, Time=78.7, Moves(16)=0.0, Pins(0)=0.0, Dist=196.0, Win Bonus=0.0
[2026-05-21 22:10:49] SCORE B (gray0): Final=615.2, Time=85.2, Moves(29)=0.0, Pins(2)=200.0, Dist=330.0, Win Bonus=0.0
[2026-05-21 22:10:49] ALL WRONG MOVES BY COLOUR: {'lawn green': ['1 (turn timeout)', '5 (turn timeout)', '9 (turn timeout)', '15 (turn timeout)', '23 (turn timeout)', '25 (illegal move)', '26 (turn timeout)', '30 (turn timeout)', '34 (turn timeout)', '36 (turn timeout)', '38 (turn timeout)', '40 (turn timeout)', '48 (turn timeout)', '56 (turn timeout)', '60 (turn timeout)', '62 (turn timeout)'], 'gray0': ['2 (turn timeout)']}
[2026-05-21 22:10:49] TURN TIMEOUT: Player with colour lawn green exceeded 2s at move 62. Turn skipped.
[2026-05-21 22:10:49] MOVE 63: B (gray0) 89->91 [0.00ms]
[2026-05-21 22:10:49] SCORE A (lawn green): Final=274.7, Time=78.7, Moves(16)=0.0, Pins(0)=0.0, Dist=196.0, Win Bonus=0.0
[2026-05-21 22:10:49] SCORE B (gray0): Final=618.8, Time=84.7, Moves(30)=0.1, Pins(2)=200.0, Dist=334.0, Win Bonus=0.0
[2026-05-21 22:10:49] ALL WRONG MOVES BY COLOUR: {'lawn green': ['1 (turn timeout)', '5 (turn timeout)', '9 (turn timeout)', '15 (turn timeout)', '23 (turn timeout)', '25 (illegal move)', '26 (turn timeout)', '30 (turn timeout)', '34 (turn timeout)', '36 (turn timeout)', '38 (turn timeout)', '40 (turn timeout)', '48 (turn timeout)', '56 (turn timeout)', '60 (turn timeout)', '62 (turn timeout)'], 'gray0': ['2 (turn timeout)']}
[2026-05-21 22:10:50] MOVE 64: A (lawn green) 18->17 [0.00ms]
[2026-05-21 22:10:50] SCORE A (lawn green): Final=275.4, Time=77.4, Moves(17)=0.0, Pins(0)=0.0, Dist=198.0, Win Bonus=0.0
[2026-05-21 22:10:51] SCORE B (gray0): Final=618.8, Time=84.7, Moves(30)=0.1, Pins(2)=200.0, Dist=334.0, Win Bonus=0.0
[2026-05-21 22:10:51] ALL WRONG MOVES BY COLOUR: {'lawn green': ['1 (turn timeout)', '5 (turn timeout)', '9 (turn timeout)', '15 (turn timeout)', '23 (turn timeout)', '25 (illegal move)', '26 (turn timeout)', '30 (turn timeout)', '34 (turn timeout)', '36 (turn timeout)', '38 (turn timeout)', '40 (turn timeout)', '48 (turn timeout)', '56 (turn timeout)', '60 (turn timeout)', '62 (turn timeout)'], 'gray0': ['2 (turn timeout)']}
[2026-05-21 22:10:51] MOVE 65: B (gray0) 41->18 [0.00ms]
[2026-05-21 22:10:51] SCORE A (lawn green): Final=275.4, Time=77.4, Moves(17)=0.0, Pins(0)=0.0, Dist=198.0, Win Bonus=0.0
[2026-05-21 22:10:51] SCORE B (gray0): Final=622.5, Time=84.2, Moves(31)=0.2, Pins(2)=200.0, Dist=338.0, Win Bonus=0.0
[2026-05-21 22:10:51] ALL WRONG MOVES BY COLOUR: {'lawn green': ['1 (turn timeout)', '5 (turn timeout)', '9 (turn timeout)', '15 (turn timeout)', '23 (turn timeout)', '25 (illegal move)', '26 (turn timeout)', '30 (turn timeout)', '34 (turn timeout)', '36 (turn timeout)', '38 (turn timeout)', '40 (turn timeout)', '48 (turn timeout)', '56 (turn timeout)', '60 (turn timeout)', '62 (turn timeout)'], 'gray0': ['2 (turn timeout)']}
[2026-05-21 22:10:52] MOVE 66: A (lawn green) 45->64 [0.00ms]
[2026-05-21 22:10:52] SCORE A (lawn green): Final=278.3, Time=76.3, Moves(18)=0.0, Pins(0)=0.0, Dist=202.0, Win Bonus=0.0
[2026-05-21 22:10:52] SCORE B (gray0): Final=622.5, Time=84.2, Moves(31)=0.2, Pins(2)=200.0, Dist=338.0, Win Bonus=0.0
[2026-05-21 22:10:52] ALL WRONG MOVES BY COLOUR: {'lawn green': ['1 (turn timeout)', '5 (turn timeout)', '9 (turn timeout)', '15 (turn timeout)', '23 (turn timeout)', '25 (illegal move)', '26 (turn timeout)', '30 (turn timeout)', '34 (turn timeout)', '36 (turn timeout)', '38 (turn timeout)', '40 (turn timeout)', '48 (turn timeout)', '56 (turn timeout)', '60 (turn timeout)', '62 (turn timeout)'], 'gray0': ['2 (turn timeout)']}
[2026-05-21 22:10:53] MOVE 67: B (gray0) 90->92 [0.00ms]
[2026-05-21 22:10:53] SCORE A (lawn green): Final=278.3, Time=76.3, Moves(18)=0.0, Pins(0)=0.0, Dist=202.0, Win Bonus=0.0
[2026-05-21 22:10:53] SCORE B (gray0): Final=626.1, Time=83.6, Moves(32)=0.5, Pins(2)=200.0, Dist=342.0, Win Bonus=0.0
[2026-05-21 22:10:53] ALL WRONG MOVES BY COLOUR: {'lawn green': ['1 (turn timeout)', '5 (turn timeout)', '9 (turn timeout)', '15 (turn timeout)', '23 (turn timeout)', '25 (illegal move)', '26 (turn timeout)', '30 (turn timeout)', '34 (turn timeout)', '36 (turn timeout)', '38 (turn timeout)', '40 (turn timeout)', '48 (turn timeout)', '56 (turn timeout)', '60 (turn timeout)', '62 (turn timeout)'], 'gray0': ['2 (turn timeout)']}
[2026-05-21 22:10:54] MOVE 68: A (lawn green) 73->63 [0.00ms]
[2026-05-21 22:10:54] SCORE A (lawn green): Final=276.9, Time=74.9, Moves(19)=0.0, Pins(0)=0.0, Dist=202.0, Win Bonus=0.0
[2026-05-21 22:10:54] SCORE B (gray0): Final=626.1, Time=83.6, Moves(32)=0.5, Pins(2)=200.0, Dist=342.0, Win Bonus=0.0
[2026-05-21 22:10:54] ALL WRONG MOVES BY COLOUR: {'lawn green': ['1 (turn timeout)', '5 (turn timeout)', '9 (turn timeout)', '15 (turn timeout)', '23 (turn timeout)', '25 (illegal move)', '26 (turn timeout)', '30 (turn timeout)', '34 (turn timeout)', '36 (turn timeout)', '38 (turn timeout)', '40 (turn timeout)', '48 (turn timeout)', '56 (turn timeout)', '60 (turn timeout)', '62 (turn timeout)'], 'gray0': ['2 (turn timeout)']}
[2026-05-21 22:10:55] MOVE 69: B (gray0) 91->93 [0.00ms]
[2026-05-21 22:10:55] SCORE A (lawn green): Final=276.9, Time=74.9, Moves(19)=0.0, Pins(0)=0.0, Dist=202.0, Win Bonus=0.0
[2026-05-21 22:10:55] SCORE B (gray0): Final=630.2, Time=83.1, Moves(33)=1.1, Pins(2)=200.0, Dist=346.0, Win Bonus=0.0
[2026-05-21 22:10:55] ALL WRONG MOVES BY COLOUR: {'lawn green': ['1 (turn timeout)', '5 (turn timeout)', '9 (turn timeout)', '15 (turn timeout)', '23 (turn timeout)', '25 (illegal move)', '26 (turn timeout)', '30 (turn timeout)', '34 (turn timeout)', '36 (turn timeout)', '38 (turn timeout)', '40 (turn timeout)', '48 (turn timeout)', '56 (turn timeout)', '60 (turn timeout)', '62 (turn timeout)'], 'gray0': ['2 (turn timeout)']}
[2026-05-21 22:10:56] MOVE 70: A (lawn green) 21->22 [0.00ms]
[2026-05-21 22:10:56] SCORE A (lawn green): Final=273.4, Time=73.4, Moves(20)=0.0, Pins(0)=0.0, Dist=200.0, Win Bonus=0.0
[2026-05-21 22:10:56] SCORE B (gray0): Final=630.2, Time=83.1, Moves(33)=1.1, Pins(2)=200.0, Dist=346.0, Win Bonus=0.0
[2026-05-21 22:10:56] ALL WRONG MOVES BY COLOUR: {'lawn green': ['1 (turn timeout)', '5 (turn timeout)', '9 (turn timeout)', '15 (turn timeout)', '23 (turn timeout)', '25 (illegal move)', '26 (turn timeout)', '30 (turn timeout)', '34 (turn timeout)', '36 (turn timeout)', '38 (turn timeout)', '40 (turn timeout)', '48 (turn timeout)', '56 (turn timeout)', '60 (turn timeout)', '62 (turn timeout)'], 'gray0': ['2 (turn timeout)']}
[2026-05-21 22:10:57] MOVE 71: B (gray0) 92->94 [0.00ms]
[2026-05-21 22:10:57] SCORE A (lawn green): Final=273.4, Time=73.4, Moves(20)=0.0, Pins(0)=0.0, Dist=200.0, Win Bonus=0.0
[2026-05-21 22:10:57] SCORE B (gray0): Final=634.9, Time=82.6, Moves(34)=2.3, Pins(2)=200.0, Dist=350.0, Win Bonus=0.0
[2026-05-21 22:10:57] ALL WRONG MOVES BY COLOUR: {'lawn green': ['1 (turn timeout)', '5 (turn timeout)', '9 (turn timeout)', '15 (turn timeout)', '23 (turn timeout)', '25 (illegal move)', '26 (turn timeout)', '30 (turn timeout)', '34 (turn timeout)', '36 (turn timeout)', '38 (turn timeout)', '40 (turn timeout)', '48 (turn timeout)', '56 (turn timeout)', '60 (turn timeout)', '62 (turn timeout)'], 'gray0': ['2 (turn timeout)']}
[2026-05-21 22:10:59] SCORE A (lawn green): Final=273.4, Time=73.4, Moves(20)=0.0, Pins(0)=0.0, Dist=200.0, Win Bonus=0.0
[2026-05-21 22:10:59] SCORE B (gray0): Final=634.9, Time=82.6, Moves(34)=2.3, Pins(2)=200.0, Dist=350.0, Win Bonus=0.0
[2026-05-21 22:10:59] ALL WRONG MOVES BY COLOUR: {'lawn green': ['1 (turn timeout)', '5 (turn timeout)', '9 (turn timeout)', '15 (turn timeout)', '23 (turn timeout)', '25 (illegal move)', '26 (turn timeout)', '30 (turn timeout)', '34 (turn timeout)', '36 (turn timeout)', '38 (turn timeout)', '40 (turn timeout)', '48 (turn timeout)', '56 (turn timeout)', '60 (turn timeout)', '62 (turn timeout)', '72 (turn timeout)'], 'gray0': ['2 (turn timeout)']}
[2026-05-21 22:10:59] TURN TIMEOUT: Player with colour lawn green exceeded 2s at move 72. Turn skipped.
[2026-05-21 22:10:59] MOVE 73: B (gray0) 26->27 [0.00ms]
[2026-05-21 22:10:59] SCORE A (lawn green): Final=273.4, Time=73.4, Moves(20)=0.0, Pins(0)=0.0, Dist=200.0, Win Bonus=0.0
[2026-05-21 22:10:59] SCORE B (gray0): Final=638.6, Time=82.2, Moves(35)=4.4, Pins(2)=200.0, Dist=352.0, Win Bonus=0.0
[2026-05-21 22:10:59] ALL WRONG MOVES BY COLOUR: {'lawn green': ['1 (turn timeout)', '5 (turn timeout)', '9 (turn timeout)', '15 (turn timeout)', '23 (turn timeout)', '25 (illegal move)', '26 (turn timeout)', '30 (turn timeout)', '34 (turn timeout)', '36 (turn timeout)', '38 (turn timeout)', '40 (turn timeout)', '48 (turn timeout)', '56 (turn timeout)', '60 (turn timeout)', '62 (turn timeout)', '72 (turn timeout)'], 'gray0': ['2 (turn timeout)']}
[2026-05-21 22:11:00] MOVE 74: A (lawn green) 32->53 [0.00ms]
[2026-05-21 22:11:00] SCORE A (lawn green): Final=276.3, Time=72.3, Moves(21)=0.0, Pins(0)=0.0, Dist=204.0, Win Bonus=0.0
[2026-05-21 22:11:00] SCORE B (gray0): Final=638.6, Time=82.2, Moves(35)=4.4, Pins(2)=200.0, Dist=352.0, Win Bonus=0.0
[2026-05-21 22:11:00] ALL WRONG MOVES BY COLOUR: {'lawn green': ['1 (turn timeout)', '5 (turn timeout)', '9 (turn timeout)', '15 (turn timeout)', '23 (turn timeout)', '25 (illegal move)', '26 (turn timeout)', '30 (turn timeout)', '34 (turn timeout)', '36 (turn timeout)', '38 (turn timeout)', '40 (turn timeout)', '48 (turn timeout)', '56 (turn timeout)', '60 (turn timeout)', '62 (turn timeout)', '72 (turn timeout)'], 'gray0': ['2 (turn timeout)']}
[2026-05-21 22:11:01] MOVE 75: B (gray0) 31->32 [0.00ms]
[2026-05-21 22:11:01] SCORE A (lawn green): Final=276.3, Time=72.3, Moves(21)=0.0, Pins(0)=0.0, Dist=204.0, Win Bonus=0.0
[2026-05-21 22:11:01] SCORE B (gray0): Final=743.4, Time=81.5, Moves(36)=8.0, Pins(3)=300.0, Dist=354.0, Win Bonus=0.0
[2026-05-21 22:11:01] ALL WRONG MOVES BY COLOUR: {'lawn green': ['1 (turn timeout)', '5 (turn timeout)', '9 (turn timeout)', '15 (turn timeout)', '23 (turn timeout)', '25 (illegal move)', '26 (turn timeout)', '30 (turn timeout)', '34 (turn timeout)', '36 (turn timeout)', '38 (turn timeout)', '40 (turn timeout)', '48 (turn timeout)', '56 (turn timeout)', '60 (turn timeout)', '62 (turn timeout)', '72 (turn timeout)'], 'gray0': ['2 (turn timeout)']}
[2026-05-21 22:11:02] MOVE 76: A (lawn green) 34->21 [0.00ms]
[2026-05-21 22:11:02] SCORE A (lawn green): Final=275.0, Time=71.0, Moves(22)=0.0, Pins(0)=0.0, Dist=204.0, Win Bonus=0.0
[2026-05-21 22:11:02] SCORE B (gray0): Final=743.4, Time=81.5, Moves(36)=8.0, Pins(3)=300.0, Dist=354.0, Win Bonus=0.0
[2026-05-21 22:11:02] ALL WRONG MOVES BY COLOUR: {'lawn green': ['1 (turn timeout)', '5 (turn timeout)', '9 (turn timeout)', '15 (turn timeout)', '23 (turn timeout)', '25 (illegal move)', '26 (turn timeout)', '30 (turn timeout)', '34 (turn timeout)', '36 (turn timeout)', '38 (turn timeout)', '40 (turn timeout)', '48 (turn timeout)', '56 (turn timeout)', '60 (turn timeout)', '62 (turn timeout)', '72 (turn timeout)'], 'gray0': ['2 (turn timeout)']}
[2026-05-21 22:11:03] MOVE 77: B (gray0) 43->45 [0.00ms]
[2026-05-21 22:11:03] SCORE A (lawn green): Final=275.0, Time=71.0, Moves(22)=0.0, Pins(0)=0.0, Dist=204.0, Win Bonus=0.0
[2026-05-21 22:11:03] SCORE B (gray0): Final=850.4, Time=80.8, Moves(37)=13.5, Pins(4)=400.0, Dist=356.0, Win Bonus=0.0
[2026-05-21 22:11:03] ALL WRONG MOVES BY COLOUR: {'lawn green': ['1 (turn timeout)', '5 (turn timeout)', '9 (turn timeout)', '15 (turn timeout)', '23 (turn timeout)', '25 (illegal move)', '26 (turn timeout)', '30 (turn timeout)', '34 (turn timeout)', '36 (turn timeout)', '38 (turn timeout)', '40 (turn timeout)', '48 (turn timeout)', '56 (turn timeout)', '60 (turn timeout)', '62 (turn timeout)', '72 (turn timeout)'], 'gray0': ['2 (turn timeout)']}
[2026-05-21 22:11:05] SCORE A (lawn green): Final=275.0, Time=71.0, Moves(22)=0.0, Pins(0)=0.0, Dist=204.0, Win Bonus=0.0
[2026-05-21 22:11:05] SCORE B (gray0): Final=850.4, Time=80.8, Moves(37)=13.5, Pins(4)=400.0, Dist=356.0, Win Bonus=0.0
[2026-05-21 22:11:05] ALL WRONG MOVES BY COLOUR: {'lawn green': ['1 (turn timeout)', '5 (turn timeout)', '9 (turn timeout)', '15 (turn timeout)', '23 (turn timeout)', '25 (illegal move)', '26 (turn timeout)', '30 (turn timeout)', '34 (turn timeout)', '36 (turn timeout)', '38 (turn timeout)', '40 (turn timeout)', '48 (turn timeout)', '56 (turn timeout)', '60 (turn timeout)', '62 (turn timeout)', '72 (turn timeout)', '78 (turn timeout)'], 'gray0': ['2 (turn timeout)']}
[2026-05-21 22:11:05] TURN TIMEOUT: Player with colour lawn green exceeded 2s at move 78. Turn skipped.
[2026-05-21 22:11:05] MOVE 79: B (gray0) 30->31 [0.00ms]
[2026-05-21 22:11:05] SCORE A (lawn green): Final=275.0, Time=71.0, Moves(22)=0.0, Pins(0)=0.0, Dist=204.0, Win Bonus=0.0
[2026-05-21 22:11:05] SCORE B (gray0): Final=860.0, Time=80.4, Moves(38)=21.6, Pins(4)=400.0, Dist=358.0, Win Bonus=0.0
[2026-05-21 22:11:05] ALL WRONG MOVES BY COLOUR: {'lawn green': ['1 (turn timeout)', '5 (turn timeout)', '9 (turn timeout)', '15 (turn timeout)', '23 (turn timeout)', '25 (illegal move)', '26 (turn timeout)', '30 (turn timeout)', '34 (turn timeout)', '36 (turn timeout)', '38 (turn timeout)', '40 (turn timeout)', '48 (turn timeout)', '56 (turn timeout)', '60 (turn timeout)', '62 (turn timeout)', '72 (turn timeout)', '78 (turn timeout)'], 'gray0': ['2 (turn timeout)']}
[2026-05-21 22:11:08] SCORE A (lawn green): Final=275.0, Time=71.0, Moves(22)=0.0, Pins(0)=0.0, Dist=204.0, Win Bonus=0.0
[2026-05-21 22:11:08] SCORE B (gray0): Final=860.0, Time=80.4, Moves(38)=21.6, Pins(4)=400.0, Dist=358.0, Win Bonus=0.0
[2026-05-21 22:11:08] ALL WRONG MOVES BY COLOUR: {'lawn green': ['1 (turn timeout)', '5 (turn timeout)', '9 (turn timeout)', '15 (turn timeout)', '23 (turn timeout)', '25 (illegal move)', '26 (turn timeout)', '30 (turn timeout)', '34 (turn timeout)', '36 (turn timeout)', '38 (turn timeout)', '40 (turn timeout)', '48 (turn timeout)', '56 (turn timeout)', '60 (turn timeout)', '62 (turn timeout)', '72 (turn timeout)', '78 (turn timeout)', '80 (turn timeout)'], 'gray0': ['2 (turn timeout)']}
[2026-05-21 22:11:08] TURN TIMEOUT: Player with colour lawn green exceeded 2s at move 80. Turn skipped.
[2026-05-21 22:11:08] MOVE 81: B (gray0) 94->83 [0.00ms]
[2026-05-21 22:11:08] SCORE A (lawn green): Final=275.0, Time=71.0, Moves(22)=0.0, Pins(0)=0.0, Dist=204.0, Win Bonus=0.0
[2026-05-21 22:11:08] SCORE B (gray0): Final=872.4, Time=79.9, Moves(39)=32.5, Pins(4)=400.0, Dist=360.0, Win Bonus=0.0
[2026-05-21 22:11:08] ALL WRONG MOVES BY COLOUR: {'lawn green': ['1 (turn timeout)', '5 (turn timeout)', '9 (turn timeout)', '15 (turn timeout)', '23 (turn timeout)', '25 (illegal move)', '26 (turn timeout)', '30 (turn timeout)', '34 (turn timeout)', '36 (turn timeout)', '38 (turn timeout)', '40 (turn timeout)', '48 (turn timeout)', '56 (turn timeout)', '60 (turn timeout)', '62 (turn timeout)', '72 (turn timeout)', '78 (turn timeout)', '80 (turn timeout)'], 'gray0': ['2 (turn timeout)']}
[2026-05-21 22:11:09] MOVE 82: A (lawn green) 17->16 [0.00ms]
[2026-05-21 22:11:09] SCORE A (lawn green): Final=275.7, Time=69.7, Moves(23)=0.0, Pins(0)=0.0, Dist=206.0, Win Bonus=0.0
[2026-05-21 22:11:09] SCORE B (gray0): Final=872.4, Time=79.9, Moves(39)=32.5, Pins(4)=400.0, Dist=360.0, Win Bonus=0.0
[2026-05-21 22:11:09] ALL WRONG MOVES BY COLOUR: {'lawn green': ['1 (turn timeout)', '5 (turn timeout)', '9 (turn timeout)', '15 (turn timeout)', '23 (turn timeout)', '25 (illegal move)', '26 (turn timeout)', '30 (turn timeout)', '34 (turn timeout)', '36 (turn timeout)', '38 (turn timeout)', '40 (turn timeout)', '48 (turn timeout)', '56 (turn timeout)', '60 (turn timeout)', '62 (turn timeout)', '72 (turn timeout)', '78 (turn timeout)', '80 (turn timeout)'], 'gray0': ['2 (turn timeout)']}
[2026-05-21 22:11:10] MOVE 83: B (gray0) 93->94 [0.00ms]
[2026-05-21 22:11:10] SCORE A (lawn green): Final=275.7, Time=69.7, Moves(23)=0.0, Pins(0)=0.0, Dist=206.0, Win Bonus=0.0
[2026-05-21 22:11:10] SCORE B (gray0): Final=887.0, Time=79.2, Moves(40)=45.8, Pins(4)=400.0, Dist=362.0, Win Bonus=0.0
[2026-05-21 22:11:10] ALL WRONG MOVES BY COLOUR: {'lawn green': ['1 (turn timeout)', '5 (turn timeout)', '9 (turn timeout)', '15 (turn timeout)', '23 (turn timeout)', '25 (illegal move)', '26 (turn timeout)', '30 (turn timeout)', '34 (turn timeout)', '36 (turn timeout)', '38 (turn timeout)', '40 (turn timeout)', '48 (turn timeout)', '56 (turn timeout)', '60 (turn timeout)', '62 (turn timeout)', '72 (turn timeout)', '78 (turn timeout)', '80 (turn timeout)'], 'gray0': ['2 (turn timeout)']}
[2026-05-21 22:11:12] SCORE A (lawn green): Final=275.7, Time=69.7, Moves(23)=0.0, Pins(0)=0.0, Dist=206.0, Win Bonus=0.0
[2026-05-21 22:11:12] SCORE B (gray0): Final=887.0, Time=79.2, Moves(40)=45.8, Pins(4)=400.0, Dist=362.0, Win Bonus=0.0
[2026-05-21 22:11:12] ALL WRONG MOVES BY COLOUR: {'lawn green': ['1 (turn timeout)', '5 (turn timeout)', '9 (turn timeout)', '15 (turn timeout)', '23 (turn timeout)', '25 (illegal move)', '26 (turn timeout)', '30 (turn timeout)', '34 (turn timeout)', '36 (turn timeout)', '38 (turn timeout)', '40 (turn timeout)', '48 (turn timeout)', '56 (turn timeout)', '60 (turn timeout)', '62 (turn timeout)', '72 (turn timeout)', '78 (turn timeout)', '80 (turn timeout)', '84 (turn timeout)'], 'gray0': ['2 (turn timeout)']}
[2026-05-21 22:11:12] TURN TIMEOUT: Player with colour lawn green exceeded 2s at move 84. Turn skipped.
[2026-05-21 22:11:13] MOVE 85: B (gray0) 94->73 [0.00ms]
[2026-05-21 22:11:13] SCORE A (lawn green): Final=275.7, Time=69.7, Moves(23)=0.0, Pins(0)=0.0, Dist=206.0, Win Bonus=0.0
[2026-05-21 22:11:13] SCORE B (gray0): Final=905.5, Time=78.8, Moves(41)=60.7, Pins(4)=400.0, Dist=366.0, Win Bonus=0.0
[2026-05-21 22:11:13] ALL WRONG MOVES BY COLOUR: {'lawn green': ['1 (turn timeout)', '5 (turn timeout)', '9 (turn timeout)', '15 (turn timeout)', '23 (turn timeout)', '25 (illegal move)', '26 (turn timeout)', '30 (turn timeout)', '34 (turn timeout)', '36 (turn timeout)', '38 (turn timeout)', '40 (turn timeout)', '48 (turn timeout)', '56 (turn timeout)', '60 (turn timeout)', '62 (turn timeout)', '72 (turn timeout)', '78 (turn timeout)', '80 (turn timeout)', '84 (turn timeout)'], 'gray0': ['2 (turn timeout)']}
[2026-05-21 22:11:14] MOVE 86: A (lawn green) 22->34 [0.00ms]
[2026-05-21 22:11:14] SCORE A (lawn green): Final=276.3, Time=68.3, Moves(24)=0.0, Pins(0)=0.0, Dist=208.0, Win Bonus=0.0
[2026-05-21 22:11:14] SCORE B (gray0): Final=905.5, Time=78.8, Moves(41)=60.7, Pins(4)=400.0, Dist=366.0, Win Bonus=0.0
[2026-05-21 22:11:14] ALL WRONG MOVES BY COLOUR: {'lawn green': ['1 (turn timeout)', '5 (turn timeout)', '9 (turn timeout)', '15 (turn timeout)', '23 (turn timeout)', '25 (illegal move)', '26 (turn timeout)', '30 (turn timeout)', '34 (turn timeout)', '36 (turn timeout)', '38 (turn timeout)', '40 (turn timeout)', '48 (turn timeout)', '56 (turn timeout)', '60 (turn timeout)', '62 (turn timeout)', '72 (turn timeout)', '78 (turn timeout)', '80 (turn timeout)', '84 (turn timeout)'], 'gray0': ['2 (turn timeout)']}
[2026-05-21 22:11:15] MOVE 87: B (gray0) 14->15 [0.00ms]
[2026-05-21 22:11:15] SCORE A (lawn green): Final=276.3, Time=68.3, Moves(24)=0.0, Pins(0)=0.0, Dist=208.0, Win Bonus=0.0
[2026-05-21 22:11:15] SCORE B (gray0): Final=921.7, Time=78.2, Moves(42)=75.5, Pins(4)=400.0, Dist=368.0, Win Bonus=0.0
[2026-05-21 22:11:15] ALL WRONG MOVES BY COLOUR: {'lawn green': ['1 (turn timeout)', '5 (turn timeout)', '9 (turn timeout)', '15 (turn timeout)', '23 (turn timeout)', '25 (illegal move)', '26 (turn timeout)', '30 (turn timeout)', '34 (turn timeout)', '36 (turn timeout)', '38 (turn timeout)', '40 (turn timeout)', '48 (turn timeout)', '56 (turn timeout)', '60 (turn timeout)', '62 (turn timeout)', '72 (turn timeout)', '78 (turn timeout)', '80 (turn timeout)', '84 (turn timeout)'], 'gray0': ['2 (turn timeout)']}
[2026-05-21 22:11:16] MOVE 88: A (lawn green) 53->52 [0.00ms]
[2026-05-21 22:11:16] SCORE A (lawn green): Final=276.9, Time=66.9, Moves(25)=0.0, Pins(0)=0.0, Dist=210.0, Win Bonus=0.0
[2026-05-21 22:11:16] SCORE B (gray0): Final=921.7, Time=78.2, Moves(42)=75.5, Pins(4)=400.0, Dist=368.0, Win Bonus=0.0
[2026-05-21 22:11:16] ALL WRONG MOVES BY COLOUR: {'lawn green': ['1 (turn timeout)', '5 (turn timeout)', '9 (turn timeout)', '15 (turn timeout)', '23 (turn timeout)', '25 (illegal move)', '26 (turn timeout)', '30 (turn timeout)', '34 (turn timeout)', '36 (turn timeout)', '38 (turn timeout)', '40 (turn timeout)', '48 (turn timeout)', '56 (turn timeout)', '60 (turn timeout)', '62 (turn timeout)', '72 (turn timeout)', '78 (turn timeout)', '80 (turn timeout)', '84 (turn timeout)'], 'gray0': ['2 (turn timeout)']}
[2026-05-21 22:11:17] MOVE 89: B (gray0) 27->29 [0.00ms]
[2026-05-21 22:11:17] SCORE A (lawn green): Final=276.9, Time=66.9, Moves(25)=0.0, Pins(0)=0.0, Dist=210.0, Win Bonus=0.0
[2026-05-21 22:11:17] SCORE B (gray0): Final=937.9, Time=77.7, Moves(43)=88.2, Pins(4)=400.0, Dist=372.0, Win Bonus=0.0
[2026-05-21 22:11:17] ALL WRONG MOVES BY COLOUR: {'lawn green': ['1 (turn timeout)', '5 (turn timeout)', '9 (turn timeout)', '15 (turn timeout)', '23 (turn timeout)', '25 (illegal move)', '26 (turn timeout)', '30 (turn timeout)', '34 (turn timeout)', '36 (turn timeout)', '38 (turn timeout)', '40 (turn timeout)', '48 (turn timeout)', '56 (turn timeout)', '60 (turn timeout)', '62 (turn timeout)', '72 (turn timeout)', '78 (turn timeout)', '80 (turn timeout)', '84 (turn timeout)'], 'gray0': ['2 (turn timeout)']}
[2026-05-21 22:11:19] SCORE A (lawn green): Final=276.9, Time=66.9, Moves(25)=0.0, Pins(0)=0.0, Dist=210.0, Win Bonus=0.0
[2026-05-21 22:11:19] SCORE B (gray0): Final=937.9, Time=77.7, Moves(43)=88.2, Pins(4)=400.0, Dist=372.0, Win Bonus=0.0
[2026-05-21 22:11:19] ALL WRONG MOVES BY COLOUR: {'lawn green': ['1 (turn timeout)', '5 (turn timeout)', '9 (turn timeout)', '15 (turn timeout)', '23 (turn timeout)', '25 (illegal move)', '26 (turn timeout)', '30 (turn timeout)', '34 (turn timeout)', '36 (turn timeout)', '38 (turn timeout)', '40 (turn timeout)', '48 (turn timeout)', '56 (turn timeout)', '60 (turn timeout)', '62 (turn timeout)', '72 (turn timeout)', '78 (turn timeout)', '80 (turn timeout)', '84 (turn timeout)', '90 (turn timeout)'], 'gray0': ['2 (turn timeout)']}
[2026-05-21 22:11:19] TURN TIMEOUT: Player with colour lawn green exceeded 2s at move 90. Turn skipped.
[2026-05-21 22:11:19] MOVE 91: B (gray0) 15->17 [0.00ms]
[2026-05-21 22:11:19] SCORE A (lawn green): Final=276.9, Time=66.9, Moves(25)=0.0, Pins(0)=0.0, Dist=210.0, Win Bonus=0.0
[2026-05-21 22:11:19] SCORE B (gray0): Final=950.2, Time=77.3, Moves(44)=96.9, Pins(4)=400.0, Dist=376.0, Win Bonus=0.0
[2026-05-21 22:11:19] ALL WRONG MOVES BY COLOUR: {'lawn green': ['1 (turn timeout)', '5 (turn timeout)', '9 (turn timeout)', '15 (turn timeout)', '23 (turn timeout)', '25 (illegal move)', '26 (turn timeout)', '30 (turn timeout)', '34 (turn timeout)', '36 (turn timeout)', '38 (turn timeout)', '40 (turn timeout)', '48 (turn timeout)', '56 (turn timeout)', '60 (turn timeout)', '62 (turn timeout)', '72 (turn timeout)', '78 (turn timeout)', '80 (turn timeout)', '84 (turn timeout)', '90 (turn timeout)'], 'gray0': ['2 (turn timeout)']}
[2026-05-21 22:11:21] SCORE A (lawn green): Final=276.9, Time=66.9, Moves(25)=0.0, Pins(0)=0.0, Dist=210.0, Win Bonus=0.0
[2026-05-21 22:11:21] SCORE B (gray0): Final=950.2, Time=77.3, Moves(44)=96.9, Pins(4)=400.0, Dist=376.0, Win Bonus=0.0
[2026-05-21 22:11:21] ALL WRONG MOVES BY COLOUR: {'lawn green': ['1 (turn timeout)', '5 (turn timeout)', '9 (turn timeout)', '15 (turn timeout)', '23 (turn timeout)', '25 (illegal move)', '26 (turn timeout)', '30 (turn timeout)', '34 (turn timeout)', '36 (turn timeout)', '38 (turn timeout)', '40 (turn timeout)', '48 (turn timeout)', '56 (turn timeout)', '60 (turn timeout)', '62 (turn timeout)', '72 (turn timeout)', '78 (turn timeout)', '80 (turn timeout)', '84 (turn timeout)', '90 (turn timeout)', '92 (turn timeout)'], 'gray0': ['2 (turn timeout)']}
[2026-05-21 22:11:21] TURN TIMEOUT: Player with colour lawn green exceeded 2s at move 92. Turn skipped.
[2026-05-21 22:11:22] MOVE 93: B (gray0) 29->30 [0.00ms]
[2026-05-21 22:11:22] SCORE A (lawn green): Final=276.9, Time=66.9, Moves(25)=0.0, Pins(0)=0.0, Dist=210.0, Win Bonus=0.0
[2026-05-21 22:11:22] SCORE B (gray0): Final=954.9, Time=76.9, Moves(45)=100.0, Pins(4)=400.0, Dist=378.0, Win Bonus=0.0
[2026-05-21 22:11:22] ALL WRONG MOVES BY COLOUR: {'lawn green': ['1 (turn timeout)', '5 (turn timeout)', '9 (turn timeout)', '15 (turn timeout)', '23 (turn timeout)', '25 (illegal move)', '26 (turn timeout)', '30 (turn timeout)', '34 (turn timeout)', '36 (turn timeout)', '38 (turn timeout)', '40 (turn timeout)', '48 (turn timeout)', '56 (turn timeout)', '60 (turn timeout)', '62 (turn timeout)', '72 (turn timeout)', '78 (turn timeout)', '80 (turn timeout)', '84 (turn timeout)', '90 (turn timeout)', '92 (turn timeout)'], 'gray0': ['2 (turn timeout)']}
[2026-05-21 22:11:22] MOVE 94: A (lawn green) 16->8 [0.00ms]
[2026-05-21 22:11:22] SCORE A (lawn green): Final=274.9, Time=66.9, Moves(26)=0.0, Pins(0)=0.0, Dist=208.0, Win Bonus=0.0
[2026-05-21 22:11:22] SCORE B (gray0): Final=954.9, Time=76.9, Moves(45)=100.0, Pins(4)=400.0, Dist=378.0, Win Bonus=0.0
[2026-05-21 22:11:22] ALL WRONG MOVES BY COLOUR: {'lawn green': ['1 (turn timeout)', '5 (turn timeout)', '9 (turn timeout)', '15 (turn timeout)', '23 (turn timeout)', '25 (illegal move)', '26 (turn timeout)', '30 (turn timeout)', '34 (turn timeout)', '36 (turn timeout)', '38 (turn timeout)', '40 (turn timeout)', '48 (turn timeout)', '56 (turn timeout)', '60 (turn timeout)', '62 (turn timeout)', '72 (turn timeout)', '78 (turn timeout)', '80 (turn timeout)', '84 (turn timeout)', '90 (turn timeout)', '92 (turn timeout)'], 'gray0': ['2 (turn timeout)']}
[2026-05-21 22:11:22] MOVE 95: B (gray0) 83->72 [0.00ms]
[2026-05-21 22:11:22] SCORE A (lawn green): Final=274.9, Time=66.9, Moves(26)=0.0, Pins(0)=0.0, Dist=208.0, Win Bonus=0.0
[2026-05-21 22:11:22] SCORE B (gray0): Final=954.1, Time=76.2, Moves(46)=99.8, Pins(4)=400.0, Dist=378.0, Win Bonus=0.0
[2026-05-21 22:11:22] ALL WRONG MOVES BY COLOUR: {'lawn green': ['1 (turn timeout)', '5 (turn timeout)', '9 (turn timeout)', '15 (turn timeout)', '23 (turn timeout)', '25 (illegal move)', '26 (turn timeout)', '30 (turn timeout)', '34 (turn timeout)', '36 (turn timeout)', '38 (turn timeout)', '40 (turn timeout)', '48 (turn timeout)', '56 (turn timeout)', '60 (turn timeout)', '62 (turn timeout)', '72 (turn timeout)', '78 (turn timeout)', '80 (turn timeout)', '84 (turn timeout)', '90 (turn timeout)', '92 (turn timeout)'], 'gray0': ['2 (turn timeout)']}
[2026-05-21 22:11:24] MOVE 96: A (lawn green) 34->22 [0.00ms]
[2026-05-21 22:11:24] SCORE A (lawn green): Final=271.4, Time=65.4, Moves(27)=0.0, Pins(0)=0.0, Dist=206.0, Win Bonus=0.0
[2026-05-21 22:11:24] SCORE B (gray0): Final=954.1, Time=76.2, Moves(46)=99.8, Pins(4)=400.0, Dist=378.0, Win Bonus=0.0
[2026-05-21 22:11:24] ALL WRONG MOVES BY COLOUR: {'lawn green': ['1 (turn timeout)', '5 (turn timeout)', '9 (turn timeout)', '15 (turn timeout)', '23 (turn timeout)', '25 (illegal move)', '26 (turn timeout)', '30 (turn timeout)', '34 (turn timeout)', '36 (turn timeout)', '38 (turn timeout)', '40 (turn timeout)', '48 (turn timeout)', '56 (turn timeout)', '60 (turn timeout)', '62 (turn timeout)', '72 (turn timeout)', '78 (turn timeout)', '80 (turn timeout)', '84 (turn timeout)', '90 (turn timeout)', '92 (turn timeout)'], 'gray0': ['2 (turn timeout)']}
[2026-05-21 22:11:24] MOVE 97: B (gray0) 72->54 [0.00ms]
[2026-05-21 22:11:24] SCORE A (lawn green): Final=271.4, Time=65.4, Moves(27)=0.0, Pins(0)=0.0, Dist=206.0, Win Bonus=0.0
[2026-05-21 22:11:24] SCORE B (gray0): Final=957.1, Time=75.7, Moves(47)=99.4, Pins(4)=400.0, Dist=382.0, Win Bonus=0.0
[2026-05-21 22:11:24] ALL WRONG MOVES BY COLOUR: {'lawn green': ['1 (turn timeout)', '5 (turn timeout)', '9 (turn timeout)', '15 (turn timeout)', '23 (turn timeout)', '25 (illegal move)', '26 (turn timeout)', '30 (turn timeout)', '34 (turn timeout)', '36 (turn timeout)', '38 (turn timeout)', '40 (turn timeout)', '48 (turn timeout)', '56 (turn timeout)', '60 (turn timeout)', '62 (turn timeout)', '72 (turn timeout)', '78 (turn timeout)', '80 (turn timeout)', '84 (turn timeout)', '90 (turn timeout)', '92 (turn timeout)'], 'gray0': ['2 (turn timeout)']}
[2026-05-21 22:11:26] MOVE 98: A (lawn green) 20->43 [0.00ms]
[2026-05-21 22:11:26] SCORE A (lawn green): Final=274.0, Time=64.0, Moves(28)=0.0, Pins(0)=0.0, Dist=210.0, Win Bonus=0.0
[2026-05-21 22:11:26] SCORE B (gray0): Final=957.1, Time=75.7, Moves(47)=99.4, Pins(4)=400.0, Dist=382.0, Win Bonus=0.0
[2026-05-21 22:11:26] ALL WRONG MOVES BY COLOUR: {'lawn green': ['1 (turn timeout)', '5 (turn timeout)', '9 (turn timeout)', '15 (turn timeout)', '23 (turn timeout)', '25 (illegal move)', '26 (turn timeout)', '30 (turn timeout)', '34 (turn timeout)', '36 (turn timeout)', '38 (turn timeout)', '40 (turn timeout)', '48 (turn timeout)', '56 (turn timeout)', '60 (turn timeout)', '62 (turn timeout)', '72 (turn timeout)', '78 (turn timeout)', '80 (turn timeout)', '84 (turn timeout)', '90 (turn timeout)', '92 (turn timeout)'], 'gray0': ['2 (turn timeout)']}
[2026-05-21 22:11:26] MOVE 99: B (gray0) 18->20 [0.00ms]
[2026-05-21 22:11:26] SCORE A (lawn green): Final=274.0, Time=64.0, Moves(28)=0.0, Pins(0)=0.0, Dist=210.0, Win Bonus=0.0
[2026-05-21 22:11:26] SCORE B (gray0): Final=1057.8, Time=75.2, Moves(48)=98.6, Pins(5)=500.0, Dist=384.0, Win Bonus=0.0
[2026-05-21 22:11:26] ALL WRONG MOVES BY COLOUR: {'lawn green': ['1 (turn timeout)', '5 (turn timeout)', '9 (turn timeout)', '15 (turn timeout)', '23 (turn timeout)', '25 (illegal move)', '26 (turn timeout)', '30 (turn timeout)', '34 (turn timeout)', '36 (turn timeout)', '38 (turn timeout)', '40 (turn timeout)', '48 (turn timeout)', '56 (turn timeout)', '60 (turn timeout)', '62 (turn timeout)', '72 (turn timeout)', '78 (turn timeout)', '80 (turn timeout)', '84 (turn timeout)', '90 (turn timeout)', '92 (turn timeout)'], 'gray0': ['2 (turn timeout)']}
[2026-05-21 22:11:27] MOVE 100: A (lawn green) 74->84 [0.00ms]
[2026-05-21 22:11:27] SCORE A (lawn green): Final=275.0, Time=63.0, Moves(29)=0.0, Pins(0)=0.0, Dist=212.0, Win Bonus=0.0
[2026-05-21 22:11:27] SCORE B (gray0): Final=1057.8, Time=75.2, Moves(48)=98.6, Pins(5)=500.0, Dist=384.0, Win Bonus=0.0
[2026-05-21 22:11:27] ALL WRONG MOVES BY COLOUR: {'lawn green': ['1 (turn timeout)', '5 (turn timeout)', '9 (turn timeout)', '15 (turn timeout)', '23 (turn timeout)', '25 (illegal move)', '26 (turn timeout)', '30 (turn timeout)', '34 (turn timeout)', '36 (turn timeout)', '38 (turn timeout)', '40 (turn timeout)', '48 (turn timeout)', '56 (turn timeout)', '60 (turn timeout)', '62 (turn timeout)', '72 (turn timeout)', '78 (turn timeout)', '80 (turn timeout)', '84 (turn timeout)', '90 (turn timeout)', '92 (turn timeout)'], 'gray0': ['2 (turn timeout)']}
[2026-05-21 22:11:28] MOVE 101: B (gray0) 17->18 [0.00ms]
[2026-05-21 22:11:28] SCORE A (lawn green): Final=275.0, Time=63.0, Moves(29)=0.0, Pins(0)=0.0, Dist=212.0, Win Bonus=0.0
[2026-05-21 22:11:28] SCORE B (gray0): Final=1058.3, Time=74.7, Moves(49)=97.6, Pins(5)=500.0, Dist=386.0, Win Bonus=0.0
[2026-05-21 22:11:28] ALL WRONG MOVES BY COLOUR: {'lawn green': ['1 (turn timeout)', '5 (turn timeout)', '9 (turn timeout)', '15 (turn timeout)', '23 (turn timeout)', '25 (illegal move)', '26 (turn timeout)', '30 (turn timeout)', '34 (turn timeout)', '36 (turn timeout)', '38 (turn timeout)', '40 (turn timeout)', '48 (turn timeout)', '56 (turn timeout)', '60 (turn timeout)', '62 (turn timeout)', '72 (turn timeout)', '78 (turn timeout)', '80 (turn timeout)', '84 (turn timeout)', '90 (turn timeout)', '92 (turn timeout)'], 'gray0': ['2 (turn timeout)']}
[2026-05-21 22:11:29] MOVE 102: A (lawn green) 19->17 [0.00ms]
[2026-05-21 22:11:29] SCORE A (lawn green): Final=277.9, Time=61.9, Moves(30)=0.1, Pins(0)=0.0, Dist=216.0, Win Bonus=0.0
[2026-05-21 22:11:29] SCORE B (gray0): Final=1058.3, Time=74.7, Moves(49)=97.6, Pins(5)=500.0, Dist=386.0, Win Bonus=0.0
[2026-05-21 22:11:29] ALL WRONG MOVES BY COLOUR: {'lawn green': ['1 (turn timeout)', '5 (turn timeout)', '9 (turn timeout)', '15 (turn timeout)', '23 (turn timeout)', '25 (illegal move)', '26 (turn timeout)', '30 (turn timeout)', '34 (turn timeout)', '36 (turn timeout)', '38 (turn timeout)', '40 (turn timeout)', '48 (turn timeout)', '56 (turn timeout)', '60 (turn timeout)', '62 (turn timeout)', '72 (turn timeout)', '78 (turn timeout)', '80 (turn timeout)', '84 (turn timeout)', '90 (turn timeout)', '92 (turn timeout)'], 'gray0': ['2 (turn timeout)']}
[2026-05-21 22:11:29] MOVE 103: B (gray0) 18->19 [0.00ms]
[2026-05-21 22:11:29] SCORE A (lawn green): Final=277.9, Time=61.9, Moves(30)=0.1, Pins(0)=0.0, Dist=216.0, Win Bonus=0.0
[2026-05-21 22:11:29] SCORE B (gray0): Final=1158.3, Time=74.1, Moves(50)=96.2, Pins(6)=600.0, Dist=388.0, Win Bonus=0.0
[2026-05-21 22:11:29] ALL WRONG MOVES BY COLOUR: {'lawn green': ['1 (turn timeout)', '5 (turn timeout)', '9 (turn timeout)', '15 (turn timeout)', '23 (turn timeout)', '25 (illegal move)', '26 (turn timeout)', '30 (turn timeout)', '34 (turn timeout)', '36 (turn timeout)', '38 (turn timeout)', '40 (turn timeout)', '48 (turn timeout)', '56 (turn timeout)', '60 (turn timeout)', '62 (turn timeout)', '72 (turn timeout)', '78 (turn timeout)', '80 (turn timeout)', '84 (turn timeout)', '90 (turn timeout)', '92 (turn timeout)'], 'gray0': ['2 (turn timeout)']}
[2026-05-21 22:11:31] MOVE 104: A (lawn green) 84->83 [0.00ms]
[2026-05-21 22:11:31] SCORE A (lawn green): Final=278.6, Time=60.4, Moves(31)=0.2, Pins(0)=0.0, Dist=218.0, Win Bonus=0.0
[2026-05-21 22:11:31] SCORE B (gray0): Final=1158.3, Time=74.1, Moves(50)=96.2, Pins(6)=600.0, Dist=388.0, Win Bonus=0.0
[2026-05-21 22:11:31] ALL WRONG MOVES BY COLOUR: {'lawn green': ['1 (turn timeout)', '5 (turn timeout)', '9 (turn timeout)', '15 (turn timeout)', '23 (turn timeout)', '25 (illegal move)', '26 (turn timeout)', '30 (turn timeout)', '34 (turn timeout)', '36 (turn timeout)', '38 (turn timeout)', '40 (turn timeout)', '48 (turn timeout)', '56 (turn timeout)', '60 (turn timeout)', '62 (turn timeout)', '72 (turn timeout)', '78 (turn timeout)', '80 (turn timeout)', '84 (turn timeout)', '90 (turn timeout)', '92 (turn timeout)'], 'gray0': ['2 (turn timeout)']}
[2026-05-21 22:11:31] MOVE 105: B (gray0) 30->18 [0.00ms]
[2026-05-21 22:11:31] SCORE A (lawn green): Final=278.6, Time=60.4, Moves(31)=0.2, Pins(0)=0.0, Dist=218.0, Win Bonus=0.0
[2026-05-21 22:11:31] SCORE B (gray0): Final=1158.2, Time=73.6, Moves(51)=94.6, Pins(6)=600.0, Dist=390.0, Win Bonus=0.0
[2026-05-21 22:11:31] ALL WRONG MOVES BY COLOUR: {'lawn green': ['1 (turn timeout)', '5 (turn timeout)', '9 (turn timeout)', '15 (turn timeout)', '23 (turn timeout)', '25 (illegal move)', '26 (turn timeout)', '30 (turn timeout)', '34 (turn timeout)', '36 (turn timeout)', '38 (turn timeout)', '40 (turn timeout)', '48 (turn timeout)', '56 (turn timeout)', '60 (turn timeout)', '62 (turn timeout)', '72 (turn timeout)', '78 (turn timeout)', '80 (turn timeout)', '84 (turn timeout)', '90 (turn timeout)', '92 (turn timeout)'], 'gray0': ['2 (turn timeout)']}
[2026-05-21 22:11:33] MOVE 106: A (lawn green) 52->42 [0.00ms]
[2026-05-21 22:11:33] SCORE A (lawn green): Final=275.4, Time=58.9, Moves(32)=0.5, Pins(0)=0.0, Dist=216.0, Win Bonus=0.0
[2026-05-21 22:11:33] SCORE B (gray0): Final=1158.2, Time=73.6, Moves(51)=94.6, Pins(6)=600.0, Dist=390.0, Win Bonus=0.0
[2026-05-21 22:11:33] ALL WRONG MOVES BY COLOUR: {'lawn green': ['1 (turn timeout)', '5 (turn timeout)', '9 (turn timeout)', '15 (turn timeout)', '23 (turn timeout)', '25 (illegal move)', '26 (turn timeout)', '30 (turn timeout)', '34 (turn timeout)', '36 (turn timeout)', '38 (turn timeout)', '40 (turn timeout)', '48 (turn timeout)', '56 (turn timeout)', '60 (turn timeout)', '62 (turn timeout)', '72 (turn timeout)', '78 (turn timeout)', '80 (turn timeout)', '84 (turn timeout)', '90 (turn timeout)', '92 (turn timeout)'], 'gray0': ['2 (turn timeout)']}
[2026-05-21 22:11:33] MOVE 107: B (gray0) 33->34 [0.00ms]
[2026-05-21 22:11:33] SCORE A (lawn green): Final=275.4, Time=58.9, Moves(32)=0.5, Pins(0)=0.0, Dist=216.0, Win Bonus=0.0
[2026-05-21 22:11:33] SCORE B (gray0): Final=1155.9, Time=73.2, Moves(52)=92.7, Pins(6)=600.0, Dist=390.0, Win Bonus=0.0
[2026-05-21 22:11:33] ALL WRONG MOVES BY COLOUR: {'lawn green': ['1 (turn timeout)', '5 (turn timeout)', '9 (turn timeout)', '15 (turn timeout)', '23 (turn timeout)', '25 (illegal move)', '26 (turn timeout)', '30 (turn timeout)', '34 (turn timeout)', '36 (turn timeout)', '38 (turn timeout)', '40 (turn timeout)', '48 (turn timeout)', '56 (turn timeout)', '60 (turn timeout)', '62 (turn timeout)', '72 (turn timeout)', '78 (turn timeout)', '80 (turn timeout)', '84 (turn timeout)', '90 (turn timeout)', '92 (turn timeout)'], 'gray0': ['2 (turn timeout)']}
[2026-05-21 22:11:35] SCORE A (lawn green): Final=275.4, Time=58.9, Moves(32)=0.5, Pins(0)=0.0, Dist=216.0, Win Bonus=0.0
[2026-05-21 22:11:35] SCORE B (gray0): Final=1155.9, Time=73.2, Moves(52)=92.7, Pins(6)=600.0, Dist=390.0, Win Bonus=0.0
[2026-05-21 22:11:35] ALL WRONG MOVES BY COLOUR: {'lawn green': ['1 (turn timeout)', '5 (turn timeout)', '9 (turn timeout)', '15 (turn timeout)', '23 (turn timeout)', '25 (illegal move)', '26 (turn timeout)', '30 (turn timeout)', '34 (turn timeout)', '36 (turn timeout)', '38 (turn timeout)', '40 (turn timeout)', '48 (turn timeout)', '56 (turn timeout)', '60 (turn timeout)', '62 (turn timeout)', '72 (turn timeout)', '78 (turn timeout)', '80 (turn timeout)', '84 (turn timeout)', '90 (turn timeout)', '92 (turn timeout)', '108 (turn timeout)'], 'gray0': ['2 (turn timeout)']}
[2026-05-21 22:11:35] TURN TIMEOUT: Player with colour lawn green exceeded 2s at move 108. Turn skipped.
[2026-05-21 22:11:36] MOVE 109: B (gray0) 31->33 [0.00ms]
[2026-05-21 22:11:36] SCORE A (lawn green): Final=275.4, Time=58.9, Moves(32)=0.5, Pins(0)=0.0, Dist=216.0, Win Bonus=0.0
[2026-05-21 22:11:36] SCORE B (gray0): Final=1255.4, Time=72.8, Moves(53)=90.6, Pins(7)=700.0, Dist=392.0, Win Bonus=0.0
[2026-05-21 22:11:36] ALL WRONG MOVES BY COLOUR: {'lawn green': ['1 (turn timeout)', '5 (turn timeout)', '9 (turn timeout)', '15 (turn timeout)', '23 (turn timeout)', '25 (illegal move)', '26 (turn timeout)', '30 (turn timeout)', '34 (turn timeout)', '36 (turn timeout)', '38 (turn timeout)', '40 (turn timeout)', '48 (turn timeout)', '56 (turn timeout)', '60 (turn timeout)', '62 (turn timeout)', '72 (turn timeout)', '78 (turn timeout)', '80 (turn timeout)', '84 (turn timeout)', '90 (turn timeout)', '92 (turn timeout)', '108 (turn timeout)'], 'gray0': ['2 (turn timeout)']}
[2026-05-21 22:11:38] SCORE A (lawn green): Final=275.4, Time=58.9, Moves(32)=0.5, Pins(0)=0.0, Dist=216.0, Win Bonus=0.0
[2026-05-21 22:11:38] SCORE B (gray0): Final=1255.4, Time=72.8, Moves(53)=90.6, Pins(7)=700.0, Dist=392.0, Win Bonus=0.0
[2026-05-21 22:11:38] ALL WRONG MOVES BY COLOUR: {'lawn green': ['1 (turn timeout)', '5 (turn timeout)', '9 (turn timeout)', '15 (turn timeout)', '23 (turn timeout)', '25 (illegal move)', '26 (turn timeout)', '30 (turn timeout)', '34 (turn timeout)', '36 (turn timeout)', '38 (turn timeout)', '40 (turn timeout)', '48 (turn timeout)', '56 (turn timeout)', '60 (turn timeout)', '62 (turn timeout)', '72 (turn timeout)', '78 (turn timeout)', '80 (turn timeout)', '84 (turn timeout)', '90 (turn timeout)', '92 (turn timeout)', '108 (turn timeout)', '110 (turn timeout)'], 'gray0': ['2 (turn timeout)']}
[2026-05-21 22:11:38] TURN TIMEOUT: Player with colour lawn green exceeded 2s at move 110. Turn skipped.
[2026-05-21 22:11:38] MOVE 111: B (gray0) 73->30 [0.00ms]
[2026-05-21 22:11:38] SCORE A (lawn green): Final=275.4, Time=58.9, Moves(32)=0.5, Pins(0)=0.0, Dist=216.0, Win Bonus=0.0
[2026-05-21 22:11:38] SCORE B (gray0): Final=1252.7, Time=72.4, Moves(54)=88.2, Pins(7)=700.0, Dist=392.0, Win Bonus=0.0
[2026-05-21 22:11:38] ALL WRONG MOVES BY COLOUR: {'lawn green': ['1 (turn timeout)', '5 (turn timeout)', '9 (turn timeout)', '15 (turn timeout)', '23 (turn timeout)', '25 (illegal move)', '26 (turn timeout)', '30 (turn timeout)', '34 (turn timeout)', '36 (turn timeout)', '38 (turn timeout)', '40 (turn timeout)', '48 (turn timeout)', '56 (turn timeout)', '60 (turn timeout)', '62 (turn timeout)', '72 (turn timeout)', '78 (turn timeout)', '80 (turn timeout)', '84 (turn timeout)', '90 (turn timeout)', '92 (turn timeout)', '108 (turn timeout)', '110 (turn timeout)'], 'gray0': ['2 (turn timeout)']}
[2026-05-21 22:11:39] SCORE A (lawn green): Final=275.4, Time=58.9, Moves(32)=0.5, Pins(0)=0.0, Dist=216.0, Win Bonus=0.0
[2026-05-21 22:11:39] SCORE B (gray0): Final=1252.7, Time=72.4, Moves(54)=88.2, Pins(7)=700.0, Dist=392.0, Win Bonus=0.0
[2026-05-21 22:11:39] ALL WRONG MOVES BY COLOUR: {'lawn green': ['1 (turn timeout)', '5 (turn timeout)', '9 (turn timeout)', '15 (turn timeout)', '23 (turn timeout)', '25 (illegal move)', '26 (turn timeout)', '30 (turn timeout)', '34 (turn timeout)', '36 (turn timeout)', '38 (turn timeout)', '40 (turn timeout)', '48 (turn timeout)', '56 (turn timeout)', '60 (turn timeout)', '62 (turn timeout)', '72 (turn timeout)', '78 (turn timeout)', '80 (turn timeout)', '84 (turn timeout)', '90 (turn timeout)', '92 (turn timeout)', '108 (turn timeout)', '110 (turn timeout)'], 'gray0': ['2 (turn timeout)']}
[2026-05-21 22:11:39] GAME TIME LIMIT REACHED.
[2026-05-21 22:11:41] SCORE A (lawn green): Final=275.4, Time=58.9, Moves(32)=0.5, Pins(0)=0.0, Dist=216.0, Win Bonus=0.0
[2026-05-21 22:11:41] SCORE B (gray0): Final=1252.7, Time=72.4, Moves(54)=88.2, Pins(7)=700.0, Dist=392.0, Win Bonus=0.0
[2026-05-21 22:11:41] ALL WRONG MOVES BY COLOUR: {'lawn green': ['1 (turn timeout)', '5 (turn timeout)', '9 (turn timeout)', '15 (turn timeout)', '23 (turn timeout)', '25 (illegal move)', '26 (turn timeout)', '30 (turn timeout)', '34 (turn timeout)', '36 (turn timeout)', '38 (turn timeout)', '40 (turn timeout)', '48 (turn timeout)', '56 (turn timeout)', '60 (turn timeout)', '62 (turn timeout)', '72 (turn timeout)', '78 (turn timeout)', '80 (turn timeout)', '84 (turn timeout)', '90 (turn timeout)', '92 (turn timeout)', '108 (turn timeout)', '110 (turn timeout)'], 'gray0': ['2 (turn timeout)']}
[2026-05-21 22:11:41] GAME TIME LIMIT REACHED.
[2026-05-21 22:11:41] SCORE A (lawn green): Final=275.4, Time=58.9, Moves(32)=0.5, Pins(0)=0.0, Dist=216.0, Win Bonus=0.0
[2026-05-21 22:11:41] SCORE B (gray0): Final=1252.7, Time=72.4, Moves(54)=88.2, Pins(7)=700.0, Dist=392.0, Win Bonus=0.0
[2026-05-21 22:11:41] ALL WRONG MOVES BY COLOUR: {'lawn green': ['1 (turn timeout)', '5 (turn timeout)', '9 (turn timeout)', '15 (turn timeout)', '23 (turn timeout)', '25 (illegal move)', '26 (turn timeout)', '30 (turn timeout)', '34 (turn timeout)', '36 (turn timeout)', '38 (turn timeout)', '40 (turn timeout)', '48 (turn timeout)', '56 (turn timeout)', '60 (turn timeout)', '62 (turn timeout)', '72 (turn timeout)', '78 (turn timeout)', '80 (turn timeout)', '84 (turn timeout)', '90 (turn timeout)', '92 (turn timeout)', '108 (turn timeout)', '110 (turn timeout)'], 'gray0': ['2 (turn timeout)']}
[2026-05-21 22:11:41] GAME TIME LIMIT REACHED.
